IQ-TREE multicore version 2.0.3 for Linux 64-bit built Dec 20 2020
Developed by Bui Quang Minh, Nguyen Lam Tung, Olga Chernomor,
Heiko Schmidt, Dominik Schrempf, Michael Woodhams.

Host:    cpu-node-50.ifb.local (AVX2, FMA3, 251 GB RAM)
Command: /shared/ifbstor1/software/miniconda/envs/iqtree-2.0.3/bin/iqtree -s euk5_homs5.Separase_peptidase.linsi.cut.gappyout.fa -m LG+C20 -B 1000 -T AUTO -pre euk5_homs5.Separase_peptidase.linsi.cut.gappyout.iqtree
Seed:    101017 (Using SPRNG - Scalable Parallel Random Number Generator)
Time:    Tue Feb 21 07:40:07 2023
Kernel:  AVX+FMA - auto-detect threads (4 CPU cores detected)

Reading alignment file euk5_homs5.Separase_peptidase.linsi.cut.gappyout.fa ... Fasta format detected
Alignment most likely contains protein sequences
Alignment has 253 sequences with 101 columns, 101 distinct patterns
101 parsimony-informative, 0 singleton sites, 0 constant sites
                        Gap/Ambiguity  Composition  p-value
   1  ACACAS007907/1471-1921    1.98%    failed      3.28%
   2  ACAPLA005360/1981-2423    0.00%    passed     67.60%
   3  ACAPLA012576/2348-2921    0.00%    passed      6.16%
   4  ACASPE025902/1-166        0.00%    passed     83.99%
   5  AGABIS003949/1-150        4.95%    passed     64.45%
   6  AGABIS003952/1-161        0.00%    passed     62.32%
   7  AGABIS007087/1181-1697    0.00%    passed     77.42%
   8  ALLMAC006897/1364-1913    2.97%    passed     70.52%
   9  ALLMAC012738/1354-1874    0.99%    passed     58.72%
  10  ANAIGN006942/1-208        1.98%    passed     13.18%
  11  ANAIGN007095/631-1465     8.91%    failed      0.00%
  12  ANAIGN008175/1-198       97.03%    failed      0.67%
  13  ANAIGN011473/1-204        0.00%    passed     77.18%
  14  ANCTWI001292/28-323       0.00%    passed     94.68%
  15  ANCTWI026616/10-113      86.14%    passed     30.64%
  16  ANDGOD007192/530-1073     0.00%    passed      7.98%
  17  APISPI052237/568-1035     3.96%    passed     95.87%
  18  ARATHA016269/1607-2167    0.00%    passed     74.60%
  19  ARATHA033238/1-70        75.25%    passed     86.21%
  20  ARCINT028844/1352-1538   95.05%    passed     34.28%
  21  AURLIM003618/1-196       30.69%    passed     49.72%
  22  AURLIM014802/1344-1905    0.00%    passed     97.64%
  23  BAFFRI002001/7-333        0.00%    passed     85.65%
  24  BAFFRI015301/6-334        0.00%    passed     85.65%
  25  BAFFRI055449/104-576      0.00%    passed     51.23%
  26  BARSPE000396/12-432       7.92%    failed      0.01%
  27  BARSPE010637/557-1020     0.00%    passed     16.89%
  28  BASMER000108/1515-1636   95.05%    passed     60.62%
  29  BIGNAT001757/2436-2883    0.00%    passed     45.21%
  30  BIGNAT013632/29-231      40.59%    passed     61.08%
  31  BODSAL009361/1074-1511   56.44%    passed     82.91%
  32  BODSAL009362/140-812      1.98%    passed     48.77%
  33  BOMMOR011366/105-621      8.91%    passed      8.76%
  34  BRABEL012218/464-977      2.97%    passed     10.95%
  35  BRABEL012407/149-670      0.00%    passed     22.04%
  36  BRABEL023148/1833-2269    0.00%    passed     99.84%
  37  CAEELE024168/709-1139     0.00%    passed     78.47%
  38  CAEELE027802/719-1134     9.90%    passed     67.04%
  39  CAPOWC009538/564-918      0.00%    passed     52.78%
  40  CARMEM001408/317-889      0.00%    passed     87.68%
  41  CAULEN002670/749-1304     4.95%    passed     94.81%
  42  CHABRA002430/2123-2954    0.00%    passed     99.87%
  43  CHABRA016647/3358-3920    0.00%    passed     60.94%
  44  CHABRA029214/36-406      37.62%    failed      0.00%
  45  CHABRA033623/42-397      60.40%    failed      1.07%
  46  CHASUB000242/623-1054     0.00%    passed     87.69%
  47  CHASUB022398/761-1202     0.00%    passed     87.69%
  48  CHLATM007283/42-470       0.00%    passed     91.37%
  49  CHLREI000816/1700-2378    0.00%    passed     23.43%
  50  CHLREI011425/2243-2773    0.99%    passed      7.06%
  51  CHLVAR005231/1453-2172    0.00%    passed     36.83%
  52  CHOSPE016172/119-371     73.27%    failed      3.12%
  53  CHRPER007252/2307-2960    0.99%    passed     14.04%
  54  CHRPER012425/1406-1834    0.00%    passed     35.42%
  55  CIOINT004203/38-566       0.00%    passed     60.82%
  56  CIOINT007191/2-214        0.00%    passed     96.74%
  57  CLAOKA000719/2101-2629    0.00%    passed      5.34%
  58  CLAOKA012531/1740-2455    0.00%    passed     59.85%
  59  COCSUB007857/1195-2024    0.99%    passed     79.10%
  60  COEREV001372/1-343        0.00%    passed     94.46%
  61  COLSPE018741/636-1114     0.99%    passed     94.26%
  62  COLSPE020271/6-494        0.00%    passed     14.34%
  63  COLVIE004980/1-181       32.67%    passed     19.95%
  64  COLVIE007166/110-492      4.95%    failed      0.08%
  65  COLVIE015390/16-327       0.00%    passed     12.98%
  66  COLVIE021003/1-309       60.40%    passed     32.14%
  67  CRAGIG039427/1862-2294    0.00%    passed     84.08%
  68  CRAGIG054671/2375-2930    0.00%    passed     35.03%
  69  CREFRA004109/1865-2444    0.00%    passed     43.68%
  70  CRYCOH017170/1-338       37.62%    passed     29.23%
  71  CRYCOH040233/381-1042     6.93%    passed     42.82%
  72  CRYMUR000573/2112-2821    0.00%    failed      1.45%
  73  CRYNEO001313/1689-2190    0.00%    passed     77.16%
  74  CYAMER004612/1734-2318    0.99%    failed      0.58%
  75  CYCPAN012189/1-157       44.55%    passed     43.29%
  76  CYCPAN012190/13-211      16.83%    passed     22.84%
  77  CYCPAN012191/1745-2285   44.55%    passed     77.17%
  78  DANRER011162/1764-2182    0.00%    passed     94.24%
  79  DAPMAG010288/113-612      0.00%    passed     72.93%
  80  DIAGRA002611/1-274       49.50%    passed     90.46%
  81  DIAGRA002879/1-72        59.41%    passed     11.90%
  82  DIAGRA021730/3-384        0.00%    passed     13.85%
  83  DIALUT000243/2424-3021    0.00%    passed     79.62%
  84  DIALUT008170/1802-2461    0.00%    passed     26.72%
  85  DICDIS001690/1755-2440    0.00%    passed     62.10%
  86  DIPROT029704/1960-2437    0.00%    passed     69.94%
  87  DIPROT033299/1456-1918    0.00%    passed     48.87%
  88  DROMEL016540/134-630      0.00%    passed     86.22%
  89  DYSBRE008070/60-672       0.00%    passed     80.31%
  90  ELPMAR012044/1163-1699    0.00%    passed     42.88%
  91  ENCINT000238/467-774      7.92%    passed     13.46%
  92  ENTHIS004651/1004-1434    0.99%    failed      0.15%
  93  ENTSUL003426/1-155       29.70%    passed     25.26%
  94  ENTSUL003427/1-149       29.70%    passed     14.97%
  95  ENTSUL003428/9-206       13.86%    passed     28.37%
  96  ENTSUL003663/777-1231     0.00%    passed     93.98%
  97  ENTSUL010698/2352-2753    0.00%    passed     42.60%
  98  ENTSUL019237/1-171       15.84%    passed     46.99%
  99  ENTSUL044417/1-142       22.77%    passed     22.20%
 100  EUGLON029627/44-521       0.00%    passed     98.15%
 101  FABTRO003999/1624-2064    0.00%    passed     29.21%
 102  GALSUL001950/1248-1731    0.00%    passed     94.29%
 103  GEFOKE006461/1752-2241    0.00%    passed     33.85%
 104  GEFOKE016179/49-504       0.99%    passed     92.88%
 105  GEMCRY002529/1-194       16.83%    passed     19.92%
 106  GEMCRY019046/66-524       0.00%    passed     35.32%
 107  GEMCRY031570/36-595       5.94%    passed     10.72%
 108  GEMCRY044829/1-224        0.00%    passed     38.46%
 109  GEPOCE032744/4-198        3.96%    passed     28.76%
 110  GEPOCE050974/1-158        0.00%    passed     76.79%
 111  GIAINT002394/987-1616    14.85%    passed     84.30%
 112  GLOWIT012580/1105-1631    0.00%    passed     93.75%
 113  GLOWIT020232/825-1336     0.00%    passed     87.80%
 114  GONPAC013550/1-153        3.96%    passed     39.99%
 115  GONPRO011397/7-482        0.00%    passed     98.37%
 116  GRACHO009944/1347-1749    0.00%    passed     98.43%
 117  GUITHE001474/2016-2477    0.00%    passed     46.26%
 118  GUITHE011999/1426-1809    0.00%    passed     28.12%
 119  HALSEO008948/766-1166     0.00%    passed     89.91%
 120  HALSEO014401/3087-3712    0.00%    passed      6.51%
 121  HEMKUK006396/6-148       27.72%    passed     70.70%
 122  HEMPHA036519/838-1379     0.00%    passed     53.31%
 123  HOMSAP050755/1696-2120    0.00%    passed     76.87%
 124  HOMSAP106715/2157-2716    3.96%    failed      2.88%
 125  HOMSAP106718/2157-2645    0.99%    passed     20.60%
 126  HONFER011328/3144-3673    0.00%    passed     92.74%
 127  HYPCAT008588/1652-2062   91.09%    passed     54.71%
 128  HYPCAT011091/1946-2412    0.00%    passed     69.18%
 129  IXOSCA010040/1586-2026    0.00%    passed     55.63%
 130  KLENIT000928/2581-3142    0.99%    passed      8.69%
 131  KLENIT003534/1585-2209    0.00%    passed     98.87%
 132  LAPGUS005699/178-550      0.00%    failed      0.29%
 133  LAPGUS016223/1-107       27.72%    passed     84.67%
 134  LAPGUS027402/15-206      30.69%    failed      0.00%
 135  LEIMAJ002775/662-1270     4.95%    passed     88.87%
 136  LEPVOR004238/385-794      0.00%    passed     50.63%
 137  LEUCOM007773/1-314        0.00%    failed      0.69%
 138  LEUCOM034680/1098-1554    0.00%    passed     84.71%
 139  LEUCOM074458/1-314        0.00%    failed      0.69%
 140  MANSPH005691/1321-1838    0.00%    passed     86.21%
 141  MARPOL008173/1757-2434    0.00%    passed     87.41%
 142  MASBAL000724/1-197        0.99%    passed     46.36%
 143  MASBAL008287/150-587     34.65%    passed     64.71%
 144  MASBAL009220/1482-1842    0.00%    passed     91.12%
 145  MASSPE000062/2246-2689    0.00%    failed      2.54%
 146  MASSPE007125/460-852      0.00%    failed      2.43%
 147  MATSPE008347/1-356        0.00%    passed     75.37%
 148  MATSPE014170/11-193      79.21%    passed     48.26%
 149  MICSPE003305/1996-2404    0.00%    passed     48.97%
 150  MNELEI000194/342-827      2.97%    passed     49.84%
 151  MNELEI000321/2062-2557    0.99%    failed      1.79%
 152  MONBRE001490/900-2115     0.00%    passed     68.77%
 153  MONEXI004169/1526-2052    0.00%    passed     67.72%
 154  MONNEG003508/2-618        0.00%    failed      1.11%
 155  MONNEG004475/375-973      0.00%    failed      0.17%
 156  MORVER005071/1223-1966    0.00%    passed     99.37%
 157  NAEFOW011604/818-1327     0.00%    passed     83.30%
 158  NANOCE013695/1822-2549    0.00%    passed     95.91%
 159  NANOCE032607/1-304        0.00%    passed     95.91%
 160  NANOCE045814/416-806      0.00%    passed     95.91%
 161  NEMVEC006303/1606-2085    0.00%    passed     95.90%
 162  NEMVEC011461/1-124       27.72%    passed     92.36%
 163  NEMVEC011466/651-979     16.83%    passed     83.38%
 164  NEMVEC011467/83-578       0.99%    passed     81.52%
 165  NEMVEC011468/129-605      0.99%    passed     83.60%
 166  NEMVEC012828/757-1250     0.99%    passed     85.94%
 167  NEMVEC012838/482-977      0.99%    passed     85.27%
 168  NEMVEC013927/731-1641     0.99%    passed     86.04%
 169  NEODAM007482/969-1385     1.98%    passed     18.63%
 170  NEOSPE002530/4-434        0.00%    passed     37.60%
 171  NEPPYR020487/2-280        0.00%    passed     66.37%
 172  NEUCRA011486/1610-2184    0.00%    passed     68.28%
 173  NUTLON020031/1-112       65.35%    passed     90.79%
 174  OSTTAU006948/1230-1701    0.00%    passed     66.16%
 175  PALBIL002466/318-801      0.00%    passed     42.89%
 176  PALBIL008378/11-443      24.75%    failed      0.11%
 177  PAPANK024656/923-1417     0.99%    passed     20.78%
 178  PARATL016252/1-363        0.99%    passed     25.35%
 179  PARPYR008343/2646-3169   18.81%    passed     70.48%
 180  PARTET033831/929-1394     7.92%    failed      4.74%
 181  PARTRI009122/1113-1464    0.00%    passed     88.13%
 182  PAUCHR005726/12-568       0.00%    passed     91.79%
 183  PERMAR020016/1-331        0.00%    passed     19.31%
 184  PERSPE000819/881-1409     0.99%    passed     42.72%
 185  PERSWS004589/2098-2548   15.84%    failed      1.12%
 186  PERSWS005122/286-699     15.84%    failed      1.12%
 187  PHAKIR004982/920-1412     0.00%    passed     99.99%
 188  PHATRI003260/1621-2046    0.00%    passed     72.53%
 189  PHYINF016538/317-791      0.00%    passed     82.71%
 190  PHYPAT026574/1746-2421    0.00%    passed     93.49%
 191  PHYPOL005454/98-553       0.00%    passed      6.15%
 192  PHYPOL021376/53-170      94.06%    passed     73.57%
 193  PICSPE061636/1-207        0.99%    passed     60.65%
 194  PICSPE106986/1-106       43.56%    passed     83.76%
 195  PLABRA005486/1090-1489    0.00%    passed     82.02%
 196  PLAFAL001866/3880-5800    0.99%    failed      0.92%
 197  PLAFUN005559/1923-2246   18.81%    passed     16.59%
 198  PLAFUN014100/11-273      14.85%    passed     21.49%
 199  PLAFUN016673/1491-2001    0.00%    passed     34.61%
 200  PLATAR003570/1899-2407    0.00%    passed     66.10%
 201  PLATAR019223/231-672      4.95%    passed     60.22%
 202  POLPAL012294/1491-2042    0.00%    passed     30.74%
 203  PORPUR006007/1555-1964    0.00%    passed     45.63%
 204  PRIPAC015913/679-1109     0.00%    passed     31.68%
 205  PRYPAR015476/1976-2438    0.00%    passed     23.18%
 206  PRYPAR050150/1-200        3.96%    passed     28.34%
 207  PYGBIF008489/1-123       40.59%    passed     82.97%
 208  PYGBIF009049/6-124       86.14%    passed     92.06%
 209  RAMVAR009797/1151-1599    0.00%    passed     17.62%
 210  RAPHET013301/14-255      39.60%    passed     29.57%
 211  RHIIRR021661/1537-2018    0.00%    passed     79.63%
 212  RHOMAR006030/1863-2492    0.00%    passed     86.33%
 213  RHOMAR008054/2160-2632    0.00%    passed     91.68%
 214  RHYHUM009862/226-822      0.00%    passed     91.96%
 215  ROZALL000100/5-51        89.11%    passed     54.78%
 216  RUSMAR000718/1244-1590    0.00%    passed     44.00%
 217  SACCER004443/1156-1629    0.00%    failed      3.04%
 218  SALKVE016450/492-921      0.00%    passed     96.77%
 219  SAPDIC012457/1154-1569    0.00%    passed     92.55%
 220  SCHMAN009053/884-1313     0.00%    passed      8.09%
 221  SCHPOM000744/1363-1827    0.00%    passed     82.13%
 222  SORBIC027266/1629-2172    0.00%    passed     70.96%
 223  SORBIC030837/1644-2196    0.00%    passed     26.34%
 224  SPIPUN007904/1632-2108    0.00%    passed     90.30%
 225  SPISAL006351/583-1043    20.79%    passed     17.42%
 226  STECOE004381/1340-1765    0.00%    passed     36.71%
 227  STECOE017403/1818-2191    8.91%    failed      0.44%
 228  STEHIS014703/1-276        3.96%    failed      0.01%
 229  STEHIS021394/2132-2569    0.99%    failed      0.10%
 230  STRRAT005666/760-1200     5.94%    failed      2.54%
 231  STYINC000870/1628-2215    0.00%    passed     76.79%
 232  STYINC008475/121-627      0.99%    passed     17.97%
 233  SYMSPE019445/1355-2015    0.00%    passed     13.81%
 234  SYMSPE059689/8-335        0.99%    passed     38.90%
 235  SYNPLU001477/6-357        0.00%    passed     99.19%
 236  TELSPE038816/9-442        0.00%    passed     56.90%
 237  TELSPE069676/1-449        1.98%    passed     17.94%
 238  TELSPE069677/1-304       46.53%    passed     11.30%
 239  TELSUB052687/59-496       0.00%    passed      6.43%
 240  TELSUB052688/568-1005     0.00%    passed      6.43%
 241  TETTHE004691/2179-2672    0.99%    failed      1.58%
 242  TETTHE011080/14-401       2.97%    failed      1.52%
 243  THETRA002956/1026-1406    0.00%    passed     58.88%
 244  TOXGON001001/4954-6988    0.99%    passed     93.31%
 245  TRESPE003345/154-556     25.74%    passed      5.56%
 246  TRIADH010866/1082-1573    0.00%    passed     26.83%
 247  TRIVAG047383/549-931      0.00%    passed     91.73%
 248  TRYBRU000797/539-1152     0.99%    passed     50.48%
 249  UMBRAM002859/1585-2081    0.00%    passed     55.50%
 250  USTMAY001050/1892-2493    0.00%    passed     97.18%
 251  VAVCUL000565/278-621     18.81%    passed     17.42%
 252  VERVER010360/83-637      40.59%    passed     60.88%
 253  VITBRA006445/1834-2486    0.00%    passed     56.57%
WARNING: 16 sequences contain more than 50% gaps/ambiguity
****  TOTAL                     9.76%  33 sequences failed composition chi2 test (p-value<5%; df=19)
NOTE: BAFFRI015301/6-334 is identical to BAFFRI002001/7-333 but kept for subsequent analysis
NOTE: CHASUB022398/761-1202 is identical to CHASUB000242/623-1054 but kept for subsequent analysis
NOTE: LEUCOM074458/1-314 is identical to LEUCOM007773/1-314 but kept for subsequent analysis
NOTE: NANOCE032607/1-304 is identical to NANOCE013695/1822-2549 but kept for subsequent analysis
NOTE: PERSWS005122/286-699 is identical to PERSWS004589/2098-2548 but kept for subsequent analysis
NOTE: TELSUB052688/568-1005 is identical to TELSUB052687/59-496 but kept for subsequent analysis
NOTE: 1 identical sequences (see below) will be ignored for subsequent analysis
NOTE: NANOCE045814/416-806 (identical to NANOCE013695/1822-2549) is ignored but added at the end
Alignment was printed to euk5_homs5.Separase_peptidase.linsi.cut.gappyout.iqtree.uniqueseq.phy

For your convenience alignment with unique sequences printed to euk5_homs5.Separase_peptidase.linsi.cut.gappyout.iqtree.uniqueseq.phy
Creating fast initial parsimony tree by random order stepwise addition...
0.366 seconds, parsimony score: 8772 (based on 101 sites)
Generating 1000 samples for ultrafast bootstrap (seed: 101017)...
Model LG+C20 is alias for LG+POISSON+G+FMIX{C20pi1:1:0.0559910600,C20pi2:1:0.0514824870,C20pi3:1:0.0812922124,C20pi4:1:0.0721976867,C20pi5:1:0.0556718858,C20pi6:1:0.0331003080,C20pi7:1:0.0589501763,C20pi8:1:0.0263756889,C20pi9:1:0.0307584220,C20pi10:1:0.0376701125,C20pi11:1:0.0303058290,C20pi12:1:0.0808775576,C20pi13:1:0.0263349134,C20pi14:1:0.0579101455,C20pi15:1:0.0371248064,C20pi16:1:0.0586867766,C20pi17:1:0.0561479138,C20pi18:1:0.0349810886,C20pi19:1:0.0544937394,C20pi20:1:0.0596471901}

NOTE: 386 MB RAM (0 GB) is required!
Measuring multi-threading efficiency up to 4 CPU cores
2 trees examined
Threads: 1 / Time: 7.007 sec / Speedup: 1.000 / Efficiency: 100% / LogL: -45460
Threads: 2 / Time: 3.862 sec / Speedup: 1.814 / Efficiency: 91% / LogL: -45460
Threads: 3 / Time: 4.336 sec / Speedup: 1.616 / Efficiency: 54% / LogL: -45460
BEST NUMBER OF THREADS: 2

Estimate model parameters (epsilon = 0.100)
1. Initial log-likelihood: -39279.533
2. Current log-likelihood: -38376.936
3. Current log-likelihood: -38348.579
4. Current log-likelihood: -38344.154
5. Current log-likelihood: -38343.762
Optimal log-likelihood: -38343.689
Mixture weights: 0.056 0.051 0.081 0.072 0.056 0.033 0.059 0.026 0.031 0.038 0.030 0.081 0.026 0.058 0.037 0.059 0.056 0.035 0.054 0.060
Gamma shape alpha: 1.137
Parameters optimization took 5 rounds (36.547 sec)
Computing ML distances based on estimated model parameters... 20.683 sec
WARNING: Some pairwise ML distances are too long (saturated)
Computing BIONJ tree...
0.052 seconds
Log-likelihood of BIONJ tree: -38281.841
--------------------------------------------------------------------
|             INITIALIZING CANDIDATE TREE SET                      |
--------------------------------------------------------------------
Generating 98 parsimony trees... 11.253 second
Computing log-likelihood of 98 initial trees ... 173.576 seconds
Current best score: -38272.192

Do NNI search on 20 best initial trees
Estimate model parameters (epsilon = 0.100)
BETTER TREE FOUND at iteration 1: -37863.174
Estimate model parameters (epsilon = 0.100)
BETTER TREE FOUND at iteration 2: -37797.167
Estimate model parameters (epsilon = 0.100)
BETTER TREE FOUND at iteration 6: -37776.265
Estimate model parameters (epsilon = 0.100)
BETTER TREE FOUND at iteration 9: -37731.966
Iteration 10 / LogL: -37860.311 / Time: 0h:27m:11s
Iteration 20 / LogL: -37788.654 / Time: 0h:49m:0s
Finish initializing candidate tree set (20)
Current best tree score: -37731.966 / CPU time: 2845.394
Number of iterations: 20
--------------------------------------------------------------------
|               OPTIMIZING CANDIDATE TREE SET                      |
--------------------------------------------------------------------
Estimate model parameters (epsilon = 0.100)
BETTER TREE FOUND at iteration 23: -37721.836
Estimate model parameters (epsilon = 0.100)
BETTER TREE FOUND at iteration 25: -37697.056
Estimate model parameters (epsilon = 0.100)
BETTER TREE FOUND at iteration 29: -37687.952
Iteration 30 / LogL: -37705.699 / Time: 1h:4m:6s (3h:38m:49s left)
Estimate model parameters (epsilon = 0.100)
BETTER TREE FOUND at iteration 32: -37685.607
Estimate model parameters (epsilon = 0.100)
BETTER TREE FOUND at iteration 35: -37680.784
Iteration 40 / LogL: -37690.431 / Time: 1h:18m:2s (3h:10m:5s left)
Estimate model parameters (epsilon = 0.100)
BETTER TREE FOUND at iteration 41: -37673.862
Estimate model parameters (epsilon = 0.100)
BETTER TREE FOUND at iteration 42: -37671.277
Estimate model parameters (epsilon = 0.100)
BETTER TREE FOUND at iteration 46: -37670.526
Estimate model parameters (epsilon = 0.100)
BETTER TREE FOUND at iteration 47: -37669.594
Estimate model parameters (epsilon = 0.100)
BETTER TREE FOUND at iteration 48: -37657.790
Estimate model parameters (epsilon = 0.100)
BETTER TREE FOUND at iteration 50: -37656.843
Iteration 50 / LogL: -37656.843 / Time: 1h:35m:19s (3h:14m:31s left)
Log-likelihood cutoff on original alignment: -37896.221
Estimate model parameters (epsilon = 0.100)
BETTER TREE FOUND at iteration 52: -37641.182
Estimate model parameters (epsilon = 0.100)
BETTER TREE FOUND at iteration 56: -37623.811
Iteration 60 / LogL: -37645.441 / Time: 1h:49m:22s (2h:57m:57s left)
Estimate model parameters (epsilon = 0.100)
BETTER TREE FOUND at iteration 65: -37619.570
Estimate model parameters (epsilon = 0.100)
BETTER TREE FOUND at iteration 66: -37619.341
Iteration 70 / LogL: -37626.665 / Time: 2h:2m:5s (2h:49m:51s left)
Estimate model parameters (epsilon = 0.100)
BETTER TREE FOUND at iteration 77: -37615.643
Estimate model parameters (epsilon = 0.100)
BETTER TREE FOUND at iteration 78: -37609.530
Iteration 80 / LogL: -37661.906 / Time: 2h:16m:41s (2h:49m:33s left)
Estimate model parameters (epsilon = 0.100)
BETTER TREE FOUND at iteration 82: -37599.771
Estimate model parameters (epsilon = 0.100)
BETTER TREE FOUND at iteration 88: -37597.567
Estimate model parameters (epsilon = 0.100)
BETTER TREE FOUND at iteration 89: -37595.982
Iteration 90 / LogL: -37605.147 / Time: 2h:30m:37s (2h:47m:31s left)
Iteration 100 / LogL: -37619.209 / Time: 2h:42m:24s (2h:25m:59s left)
Log-likelihood cutoff on original alignment: -37880.751
NOTE: Bootstrap correlation coefficient of split occurrence frequencies: 0.789
NOTE: UFBoot does not converge, continue at least 100 more iterations
Estimate model parameters (epsilon = 0.100)
BETTER TREE FOUND at iteration 103: -37591.978
Iteration 110 / LogL: -37604.526 / Time: 2h:56m:2s (2h:30m:11s left)
Iteration 120 / LogL: -37594.549 / Time: 3h:9m:11s (2h:11m:57s left)
Estimate model parameters (epsilon = 0.100)
BETTER TREE FOUND at iteration 122: -37591.070
Estimate model parameters (epsilon = 0.100)
BETTER TREE FOUND at iteration 128: -37583.387
Iteration 130 / LogL: -37607.657 / Time: 3h:22m:58s (2h:34m:11s left)
Estimate model parameters (epsilon = 0.100)
BETTER TREE FOUND at iteration 131: -37578.966
Iteration 140 / LogL: -37588.554 / Time: 3h:36m:34s (2h:21m:46s left)
Estimate model parameters (epsilon = 0.100)
BETTER TREE FOUND at iteration 144: -37574.182
Iteration 150 / LogL: -37578.894 / Time: 3h:49m:13s (2h:24m:36s left)
Log-likelihood cutoff on original alignment: -37880.751
Iteration 160 / LogL: -37576.329 / Time: 4h:1m:2s (2h:7m:20s left)
Estimate model parameters (epsilon = 0.100)
BETTER TREE FOUND at iteration 164: -37568.882
Iteration 170 / LogL: -37569.012 / Time: 4h:13m:35s (2h:21m:2s left)
Iteration 180 / LogL: -37569.497 / Time: 4h:24m:58s (2h:4m:20s left)
Estimate model parameters (epsilon = 0.100)
BETTER TREE FOUND at iteration 183: -37567.327
Iteration 190 / LogL: -37581.752 / Time: 4h:36m:16s (2h:15m:56s left)
Estimate model parameters (epsilon = 0.100)
BETTER TREE FOUND at iteration 198: -37563.131
Estimate model parameters (epsilon = 0.100)
BETTER TREE FOUND at iteration 199: -37562.091
Iteration 200 / LogL: -37564.831 / Time: 4h:49m:7s (2h:23m:50s left)
Log-likelihood cutoff on original alignment: -37798.635
NOTE: Bootstrap correlation coefficient of split occurrence frequencies: 0.815
NOTE: UFBoot does not converge, continue at least 100 more iterations
Iteration 210 / LogL: -37568.772 / Time: 5h:1m:14s (2h:9m:43s left)
Iteration 220 / LogL: -37562.441 / Time: 5h:13m:24s (1h:54m:29s left)
Estimate model parameters (epsilon = 0.100)
BETTER TREE FOUND at iteration 222: -37561.338
Estimate model parameters (epsilon = 0.100)
BETTER TREE FOUND at iteration 227: -37560.159
Estimate model parameters (epsilon = 0.100)
BETTER TREE FOUND at iteration 230: -37559.553
Iteration 230 / LogL: -37559.553 / Time: 5h:25m:35s (2h:22m:10s left)
Estimate model parameters (epsilon = 0.100)
BETTER TREE FOUND at iteration 238: -37559.176
Iteration 240 / LogL: -37567.493 / Time: 5h:37m:58s (2h:18m:34s left)
Estimate model parameters (epsilon = 0.100)
BETTER TREE FOUND at iteration 250: -37553.135
Iteration 250 / LogL: -37553.135 / Time: 5h:50m:33s (2h:20m:47s left)
Log-likelihood cutoff on original alignment: -37798.635
Estimate model parameters (epsilon = 0.100)
BETTER TREE FOUND at iteration 253: -37552.560
Iteration 260 / LogL: -37556.426 / Time: 6h:2m:35s (2h:10m:11s left)
Iteration 270 / LogL: -37558.590 / Time: 6h:14m:15s (1h:55m:28s left)
Estimate model parameters (epsilon = 0.100)
BETTER TREE FOUND at iteration 280: -37551.650
Iteration 280 / LogL: -37551.650 / Time: 6h:26m:58s (2h:18m:41s left)
Iteration 290 / LogL: -37559.388 / Time: 6h:39m:6s (2h:4m:17s left)
Iteration 300 / LogL: -37576.581 / Time: 6h:51m:7s (1h:49m:59s left)
Log-likelihood cutoff on original alignment: -37798.635
NOTE: Bootstrap correlation coefficient of split occurrence frequencies: 0.882
NOTE: UFBoot does not converge, continue at least 100 more iterations
Iteration 310 / LogL: -37558.936 / Time: 7h:2m:40s (2h:3m:6s left)
Iteration 320 / LogL: -37555.991 / Time: 7h:14m:12s (1h:48m:53s left)
Iteration 330 / LogL: -37557.703 / Time: 7h:25m:32s (1h:34m:47s left)
Iteration 340 / LogL: -37570.076 / Time: 7h:37m:23s (1h:20m:57s left)
Iteration 350 / LogL: -37552.592 / Time: 7h:49m:12s (1h:7m:13s left)
Log-likelihood cutoff on original alignment: -37798.635
Iteration 360 / LogL: -37553.318 / Time: 8h:0m:52s (0h:53m:34s left)
Estimate model parameters (epsilon = 0.100)
BETTER TREE FOUND at iteration 365: -37547.128
Iteration 370 / LogL: -37549.846 / Time: 8h:13m:9s (2h:6m:57s left)
Iteration 380 / LogL: -37550.394 / Time: 8h:25m:33s (1h:53m:22s left)
Iteration 390 / LogL: -37548.464 / Time: 8h:38m:10s (1h:39m:54s left)
Iteration 400 / LogL: -37549.609 / Time: 8h:50m:21s (1h:26m:23s left)
Log-likelihood cutoff on original alignment: -37798.635
NOTE: Bootstrap correlation coefficient of split occurrence frequencies: 0.897
NOTE: UFBoot does not converge, continue at least 100 more iterations
Iteration 410 / LogL: -37565.218 / Time: 9h:1m:41s (1h:59m:11s left)
Estimate model parameters (epsilon = 0.100)
BETTER TREE FOUND at iteration 416: -37546.986
Estimate model parameters (epsilon = 0.100)
BETTER TREE FOUND at iteration 419: -37543.936
Iteration 420 / LogL: -37591.313 / Time: 9h:14m:0s (2h:10m:53s left)
Iteration 430 / LogL: -37565.562 / Time: 9h:25m:52s (1h:57m:23s left)
Iteration 440 / LogL: -37569.373 / Time: 9h:38m:4s (1h:44m:1s left)
Iteration 450 / LogL: -37547.294 / Time: 9h:49m:59s (1h:30m:39s left)
Log-likelihood cutoff on original alignment: -37798.635
Iteration 460 / LogL: -37547.781 / Time: 10h:2m:37s (1h:17m:27s left)
Estimate model parameters (epsilon = 0.100)
BETTER TREE FOUND at iteration 462: -37542.784
Iteration 470 / LogL: -37549.524 / Time: 10h:15m:5s (2h:0m:39s left)
Estimate model parameters (epsilon = 0.100)
BETTER TREE FOUND at iteration 477: -37542.222
Iteration 480 / LogL: -37543.737 / Time: 10h:26m:32s (2h:6m:52s left)
Iteration 490 / LogL: -37547.121 / Time: 10h:38m:34s (1h:53m:36s left)
Iteration 500 / LogL: -37550.896 / Time: 10h:50m:48s (1h:40m:25s left)
Log-likelihood cutoff on original alignment: -37798.635
NOTE: Bootstrap correlation coefficient of split occurrence frequencies: 0.914
NOTE: UFBoot does not converge, continue at least 100 more iterations
Estimate model parameters (epsilon = 0.100)
BETTER TREE FOUND at iteration 509: -37541.864
Iteration 510 / LogL: -37573.548 / Time: 11h:2m:40s (2h:8m:53s left)
Iteration 520 / LogL: -37545.115 / Time: 11h:13m:48s (1h:55m:32s left)
Iteration 530 / LogL: -37552.418 / Time: 11h:26m:24s (1h:42m:30s left)
Iteration 540 / LogL: -37560.019 / Time: 11h:38m:25s (1h:29m:24s left)
Iteration 550 / LogL: -37556.203 / Time: 11h:53m:56s (1h:16m:43s left)
Log-likelihood cutoff on original alignment: -37798.635
Iteration 560 / LogL: -37548.857 / Time: 12h:6m:15s (1h:3m:39s left)
Iteration 570 / LogL: -37558.333 / Time: 12h:18m:39s (0h:50m:37s left)
Iteration 580 / LogL: -37543.180 / Time: 12h:30m:28s (0h:37m:35s left)
Iteration 590 / LogL: -37548.623 / Time: 12h:42m:22s (0h:24m:35s left)
Iteration 600 / LogL: -37545.178 / Time: 12h:55m:11s (0h:11m:38s left)
Log-likelihood cutoff on original alignment: -37798.635
NOTE: Bootstrap correlation coefficient of split occurrence frequencies: 0.938
NOTE: UFBoot does not converge, continue at least 100 more iterations
Iteration 610 / LogL: -37555.742 / Time: 13h:6m:57s (1h:56m:17s left)
Iteration 620 / LogL: -37547.588 / Time: 13h:19m:15s (1h:43m:17s left)
Iteration 630 / LogL: -37555.824 / Time: 13h:31m:50s (1h:30m:20s left)
Iteration 640 / LogL: -37549.602 / Time: 13h:43m:49s (1h:17m:21s left)
Iteration 650 / LogL: -37552.547 / Time: 13h:56m:9s (1h:4m:25s left)
Log-likelihood cutoff on original alignment: -37798.635
Iteration 660 / LogL: -37558.140 / Time: 14h:8m:47s (0h:51m:31s left)
Iteration 670 / LogL: -37547.845 / Time: 14h:21m:5s (0h:38m:36s left)
Iteration 680 / LogL: -37559.536 / Time: 14h:33m:31s (0h:25m:43s left)
Iteration 690 / LogL: -37553.535 / Time: 14h:45m:59s (0h:12m:51s left)
Iteration 700 / LogL: -37551.482 / Time: 14h:57m:30s (0h:0m:0s left)
Log-likelihood cutoff on original alignment: -37798.635
NOTE: Bootstrap correlation coefficient of split occurrence frequencies: 0.950
NOTE: UFBoot does not converge, continue at least 100 more iterations
Estimate model parameters (epsilon = 0.100)
BETTER TREE FOUND at iteration 704: -37541.492
Iteration 710 / LogL: -37548.423 / Time: 15h:9m:51s (2h:0m:37s left)
Iteration 720 / LogL: -37548.706 / Time: 15h:21m:56s (1h:47m:42s left)
Iteration 730 / LogL: -37561.904 / Time: 15h:34m:36s (1h:34m:52s left)
Iteration 740 / LogL: -37546.222 / Time: 15h:46m:53s (1h:22m:0s left)
Iteration 750 / LogL: -37541.689 / Time: 15h:58m:14s (1h:9m:5s left)
Log-likelihood cutoff on original alignment: -37798.635
Iteration 760 / LogL: -37556.132 / Time: 16h:10m:36s (0h:56m:16s left)
Iteration 770 / LogL: -37542.363 / Time: 16h:23m:17s (0h:43m:28s left)
Estimate model parameters (epsilon = 0.100)
BETTER TREE FOUND at iteration 776: -37541.007
Iteration 780 / LogL: -37554.295 / Time: 16h:35m:59s (2h:2m:44s left)
Iteration 790 / LogL: -37546.220 / Time: 16h:48m:7s (1h:49m:53s left)
Iteration 800 / LogL: -37570.608 / Time: 17h:1m:40s (1h:37m:10s left)
Log-likelihood cutoff on original alignment: -37798.635
NOTE: Bootstrap correlation coefficient of split occurrence frequencies: 0.980
NOTE: UFBoot does not converge, continue at least 100 more iterations
Iteration 810 / LogL: -37545.646 / Time: 17h:13m:25s (1h:54m:57s left)
Iteration 820 / LogL: -37547.112 / Time: 17h:25m:18s (1h:42m:6s left)
Iteration 830 / LogL: -37553.102 / Time: 17h:37m:18s (1h:29m:16s left)
Iteration 840 / LogL: -37577.124 / Time: 17h:48m:34s (1h:16m:25s left)
Iteration 850 / LogL: -37544.869 / Time: 18h:0m:55s (1h:3m:39s left)
Log-likelihood cutoff on original alignment: -37798.635
Iteration 860 / LogL: -37557.454 / Time: 18h:12m:57s (0h:50m:53s left)
Iteration 870 / LogL: -37552.473 / Time: 18h:24m:31s (0h:38m:7s left)
Iteration 880 / LogL: -37559.937 / Time: 18h:37m:16s (0h:25m:25s left)
Iteration 890 / LogL: -37546.316 / Time: 18h:49m:23s (0h:12m:42s left)
Iteration 900 / LogL: -37548.751 / Time: 19h:1m:56s (0h:0m:0s left)
Log-likelihood cutoff on original alignment: -37798.635
NOTE: Bootstrap correlation coefficient of split occurrence frequencies: 0.988
NOTE: UFBoot does not converge, continue at least 100 more iterations
Iteration 910 / LogL: -37542.748 / Time: 19h:14m:43s (1h:54m:19s left)
Iteration 920 / LogL: -37548.541 / Time: 19h:27m:0s (1h:41m:35s left)
Estimate model parameters (epsilon = 0.100)
BETTER TREE FOUND at iteration 925: -37539.575
Iteration 930 / LogL: -37552.343 / Time: 19h:39m:38s (2h:0m:37s left)
Iteration 940 / LogL: -37551.558 / Time: 19h:52m:16s (1h:47m:55s left)
Iteration 950 / LogL: -37547.407 / Time: 20h:4m:35s (1h:35m:11s left)
Log-likelihood cutoff on original alignment: -37798.635
Iteration 960 / LogL: -37544.438 / Time: 20h:17m:15s (1h:22m:30s left)
Iteration 970 / LogL: -37549.273 / Time: 20h:28m:45s (1h:9m:44s left)
Estimate model parameters (epsilon = 0.100)
BETTER TREE FOUND at iteration 973: -37537.933
Iteration 980 / LogL: -37545.726 / Time: 20h:41m:21s (1h:57m:55s left)
Iteration 990 / LogL: -37562.916 / Time: 20h:55m:59s (1h:45m:24s left)
Iteration 1000 / LogL: -37556.740 / Time: 21h:10m:16s (1h:32m:49s left)
Log-likelihood cutoff on original alignment: -37798.635
NOTE: Bootstrap correlation coefficient of split occurrence frequencies: 0.991
TREE SEARCH COMPLETED AFTER 1001 ITERATIONS / Time: 21h:11m:38s

--------------------------------------------------------------------
|                    FINALIZING TREE SEARCH                        |
--------------------------------------------------------------------
Performs final model parameters optimization
Estimate model parameters (epsilon = 0.010)
1. Initial log-likelihood: -37537.933
Optimal log-likelihood: -37537.932
Mixture weights: 0.056 0.051 0.081 0.072 0.056 0.033 0.059 0.026 0.031 0.038 0.030 0.081 0.026 0.058 0.037 0.059 0.056 0.035 0.054 0.060
Gamma shape alpha: 1.390
Parameters optimization took 1 rounds (5.473 sec)
BEST SCORE FOUND : -37537.932
Creating bootstrap support values...
Split supports printed to NEXUS file euk5_homs5.Separase_peptidase.linsi.cut.gappyout.iqtree.splits.nex
Total tree length: 197.045

Total number of iterations: 1001
CPU time used for tree search: 151782.610 sec (42h:9m:42s)
Wall-clock time used for tree search: 76202.549 sec (21h:10m:2s)
Total CPU time used: 151982.051 sec (42h:13m:2s)
Total wall-clock time used: 76305.098 sec (21h:11m:45s)

Computing bootstrap consensus tree...
Reading input file euk5_homs5.Separase_peptidase.linsi.cut.gappyout.iqtree.splits.nex...
252 taxa and 4226 splits.
Consensus tree written to euk5_homs5.Separase_peptidase.linsi.cut.gappyout.iqtree.contree
Reading input trees file euk5_homs5.Separase_peptidase.linsi.cut.gappyout.iqtree.contree
Log-likelihood of consensus tree: -37540.880

Analysis results written to: 
  IQ-TREE report:                euk5_homs5.Separase_peptidase.linsi.cut.gappyout.iqtree.iqtree
  Maximum-likelihood tree:       euk5_homs5.Separase_peptidase.linsi.cut.gappyout.iqtree.treefile
  Likelihood distances:          euk5_homs5.Separase_peptidase.linsi.cut.gappyout.iqtree.mldist

Ultrafast bootstrap approximation results written to:
  Split support values:          euk5_homs5.Separase_peptidase.linsi.cut.gappyout.iqtree.splits.nex
  Consensus tree:                euk5_homs5.Separase_peptidase.linsi.cut.gappyout.iqtree.contree
  Screen log file:               euk5_homs5.Separase_peptidase.linsi.cut.gappyout.iqtree.log

Date and Time: Wed Feb 22 04:52:30 2023
