IQ-TREE multicore version 2.0.3 for Linux 64-bit built Dec 20 2020
Developed by Bui Quang Minh, Nguyen Lam Tung, Olga Chernomor,
Heiko Schmidt, Dominik Schrempf, Michael Woodhams.

Host:    cpu-node-47.ifb.local (AVX2, FMA3, 251 GB RAM)
Command: /shared/ifbstor1/software/miniconda/envs/iqtree-2.0.3/bin/iqtree -s euk5_homs3.DYAD.linsi.bmge.fa -m LG+C20 -B 1000 -T AUTO -pre euk5_homs3.DYAD.linsi.bmge.iqtree
Seed:    736212 (Using SPRNG - Scalable Parallel Random Number Generator)
Time:    Fri Feb 24 13:14:49 2023
Kernel:  AVX+FMA - auto-detect threads (4 CPU cores detected)

Reading alignment file euk5_homs3.DYAD.linsi.bmge.fa ... Fasta format detected
Alignment most likely contains protein sequences
Alignment has 37 sequences with 555 columns, 555 distinct patterns
505 parsimony-informative, 43 singleton sites, 7 constant sites
              Gap/Ambiguity  Composition  p-value
   1  CYCPAN024269   34.59%    failed      0.86%
   2  SORBIC005420   41.98%    passed     17.42%
   3  ARATHA044036   48.11%    passed     12.34%
   4  PHYPAT007435   28.83%    failed      0.17%
   5  PHYPAT005611   29.19%    failed      0.09%
   6  PHYPAT021110   36.40%    passed     10.12%
   7  ARATHA001217   55.68%    failed      0.96%
   8  CHABRA022884    7.75%    failed      0.05%
   9  SORBIC002535   42.16%    failed      0.00%
  10  KLENIT009927   17.66%    failed      0.00%
  11  COCSUB005532   49.01%    failed      0.00%
  12  CHLVAR005074   50.45%    failed      0.00%
  13  CHABRA006326    6.31%    passed     57.14%
  14  CHLATM005645    8.65%    passed      8.12%
  15  MARPOL007969   10.45%    passed     68.91%
  16  PRACOL003035   11.35%    failed      0.00%
  17  LEPVOR033366   80.90%    passed     70.90%
  18  NEPPYR010602   72.25%    passed     33.80%
  19  SORBIC015825   13.15%    failed      0.75%
  20  ARATHA024628   13.69%    failed      1.64%
  21  NEPPYR000765   40.36%    passed     11.61%
  22  CHABRA000173   27.03%    passed     71.61%
  23  PHYPAT040107    9.37%    passed     58.47%
  24  PHYPAT027963    8.65%    passed     69.19%
  25  ARATHA025692   16.04%    failed      0.25%
  26  CYCPAN014230    8.83%    passed     72.82%
  27  SORBIC005181   14.23%    failed      0.19%
  28  CYCPAN010436   10.63%    passed     21.77%
  29  MARPOL009215   10.09%    passed     79.32%
  30  CYCPAN020474   10.09%    failed      1.49%
  31  ARATHA036079   14.59%    passed      7.48%
  32  OSTTAU001557    6.49%    passed     99.71%
  33  MICSPE002073   30.63%    passed     64.95%
  34  KLENIT004846    9.91%    passed     67.62%
  35  KLENIT010469    8.11%    passed     97.78%
  36  KLENIT006664   50.99%    failed      0.03%
  37  ARATHA039908   11.71%    passed      8.75%
WARNING: 5 sequences contain more than 50% gaps/ambiguity
****  TOTAL          25.58%  16 sequences failed composition chi2 test (p-value<5%; df=19)

Create initial parsimony tree by phylogenetic likelihood library (PLL)... 0.013 seconds
Generating 1000 samples for ultrafast bootstrap (seed: 736212)...
Model LG+C20 is alias for LG+POISSON+G+FMIX{C20pi1:1:0.0559910600,C20pi2:1:0.0514824870,C20pi3:1:0.0812922124,C20pi4:1:0.0721976867,C20pi5:1:0.0556718858,C20pi6:1:0.0331003080,C20pi7:1:0.0589501763,C20pi8:1:0.0263756889,C20pi9:1:0.0307584220,C20pi10:1:0.0376701125,C20pi11:1:0.0303058290,C20pi12:1:0.0808775576,C20pi13:1:0.0263349134,C20pi14:1:0.0579101455,C20pi15:1:0.0371248064,C20pi16:1:0.0586867766,C20pi17:1:0.0561479138,C20pi18:1:0.0349810886,C20pi19:1:0.0544937394,C20pi20:1:0.0596471901}

NOTE: 265 MB RAM (0 GB) is required!
Measuring multi-threading efficiency up to 4 CPU cores
2 trees examined
Threads: 1 / Time: 5.908 sec / Speedup: 1.000 / Efficiency: 100% / LogL: -28813
Threads: 2 / Time: 3.202 sec / Speedup: 1.845 / Efficiency: 92% / LogL: -28813
Threads: 3 / Time: 2.377 sec / Speedup: 2.486 / Efficiency: 83% / LogL: -28813
Threads: 4 / Time: 1.852 sec / Speedup: 3.190 / Efficiency: 80% / LogL: -28813
BEST NUMBER OF THREADS: 4

Estimate model parameters (epsilon = 0.100)
1. Initial log-likelihood: -28234.856
2. Current log-likelihood: -27085.932
3. Current log-likelihood: -27024.690
4. Current log-likelihood: -27022.874
Optimal log-likelihood: -27022.766
Mixture weights: 0.056 0.051 0.081 0.072 0.056 0.033 0.059 0.026 0.031 0.038 0.030 0.081 0.026 0.058 0.037 0.059 0.056 0.035 0.054 0.060
Gamma shape alpha: 0.808
Parameters optimization took 4 rounds (21.391 sec)
Computing ML distances based on estimated model parameters... 0.810 sec
WARNING: Some pairwise ML distances are too long (saturated)
Computing BIONJ tree...
0.003 seconds
Log-likelihood of BIONJ tree: -26997.477
--------------------------------------------------------------------
|             INITIALIZING CANDIDATE TREE SET                      |
--------------------------------------------------------------------
Generating 98 parsimony trees... 1.583 second
Computing log-likelihood of 98 initial trees ... 88.254 seconds
Current best score: -26997.477

Do NNI search on 20 best initial trees
Estimate model parameters (epsilon = 0.100)
BETTER TREE FOUND at iteration 1: -26967.209
Estimate model parameters (epsilon = 0.100)
BETTER TREE FOUND at iteration 2: -26951.261
Estimate model parameters (epsilon = 0.100)
BETTER TREE FOUND at iteration 3: -26940.814
Estimate model parameters (epsilon = 0.100)
BETTER TREE FOUND at iteration 7: -26939.762
Estimate model parameters (epsilon = 0.100)
BETTER TREE FOUND at iteration 8: -26939.305
Iteration 10 / LogL: -26948.553 / Time: 0h:7m:28s
Iteration 20 / LogL: -26940.965 / Time: 0h:12m:25s
Finish initializing candidate tree set (19)
Current best tree score: -26939.305 / CPU time: 702.502
Number of iterations: 20
--------------------------------------------------------------------
|               OPTIMIZING CANDIDATE TREE SET                      |
--------------------------------------------------------------------
Estimate model parameters (epsilon = 0.100)
BETTER TREE FOUND at iteration 22: -26937.086
BETTER TREE FOUND at iteration 27: -26937.085
UPDATE BEST LOG-LIKELIHOOD: -26937.085
Iteration 30 / LogL: -26939.183 / Time: 0h:16m:40s (0h:55m:44s left)
Iteration 40 / LogL: -26938.502 / Time: 0h:21m:28s (0h:47m:55s left)
Estimate model parameters (epsilon = 0.100)
BETTER TREE FOUND at iteration 41: -26936.896
BETTER TREE FOUND at iteration 45: -26936.895
Estimate model parameters (epsilon = 0.100)
BETTER TREE FOUND at iteration 49: -26936.839
Iteration 50 / LogL: -26938.155 / Time: 0h:26m:17s (0h:53m:6s left)
Log-likelihood cutoff on original alignment: -26995.164
Iteration 60 / LogL: -26939.428 / Time: 0h:30m:39s (0h:46m:14s left)
Iteration 70 / LogL: -26937.109 / Time: 0h:34m:45s (0h:39m:48s left)
UPDATE BEST LOG-LIKELIHOOD: -26936.839
Iteration 80 / LogL: -26939.691 / Time: 0h:38m:54s (0h:33m:59s left)
Iteration 90 / LogL: -26936.907 / Time: 0h:43m:37s (0h:28m:54s left)
Iteration 100 / LogL: -26937.692 / Time: 0h:48m:36s (0h:24m:3s left)
Log-likelihood cutoff on original alignment: -26995.164
NOTE: Bootstrap correlation coefficient of split occurrence frequencies: 0.996
Iteration 110 / LogL: -26937.693 / Time: 0h:53m:18s (0h:44m:0s left)
Iteration 120 / LogL: -26936.905 / Time: 0h:57m:32s (0h:38m:41s left)
Iteration 130 / LogL: -26937.109 / Time: 1h:1m:48s (0h:33m:32s left)
Iteration 140 / LogL: -26936.906 / Time: 1h:6m:26s (0h:28m:40s left)
Iteration 150 / LogL: -26937.716 / Time: 1h:11m:18s (0h:23m:55s left)
Log-likelihood cutoff on original alignment: -26995.164
TREE SEARCH COMPLETED AFTER 150 ITERATIONS / Time: 1h:11m:18s

--------------------------------------------------------------------
|                    FINALIZING TREE SEARCH                        |
--------------------------------------------------------------------
Performs final model parameters optimization
Estimate model parameters (epsilon = 0.010)
1. Initial log-likelihood: -26936.839
Optimal log-likelihood: -26936.839
Mixture weights: 0.056 0.051 0.081 0.072 0.056 0.033 0.059 0.026 0.031 0.038 0.030 0.081 0.026 0.058 0.037 0.059 0.056 0.035 0.054 0.060
Gamma shape alpha: 0.856
Parameters optimization took 1 rounds (2.672 sec)
BEST SCORE FOUND : -26936.839
Creating bootstrap support values...
Split supports printed to NEXUS file euk5_homs3.DYAD.linsi.bmge.iqtree.splits.nex
Total tree length: 66.895

Total number of iterations: 150
CPU time used for tree search: 15847.802 sec (4h:24m:7s)
Wall-clock time used for tree search: 4234.901 sec (1h:10m:34s)
Total CPU time used: 15991.007 sec (4h:26m:31s)
Total wall-clock time used: 4281.160 sec (1h:11m:21s)

Computing bootstrap consensus tree...
Reading input file euk5_homs3.DYAD.linsi.bmge.iqtree.splits.nex...
37 taxa and 336 splits.
Consensus tree written to euk5_homs3.DYAD.linsi.bmge.iqtree.contree
Reading input trees file euk5_homs3.DYAD.linsi.bmge.iqtree.contree
Log-likelihood of consensus tree: -26936.839

Analysis results written to: 
  IQ-TREE report:                euk5_homs3.DYAD.linsi.bmge.iqtree.iqtree
  Maximum-likelihood tree:       euk5_homs3.DYAD.linsi.bmge.iqtree.treefile
  Likelihood distances:          euk5_homs3.DYAD.linsi.bmge.iqtree.mldist

Ultrafast bootstrap approximation results written to:
  Split support values:          euk5_homs3.DYAD.linsi.bmge.iqtree.splits.nex
  Consensus tree:                euk5_homs3.DYAD.linsi.bmge.iqtree.contree
  Screen log file:               euk5_homs3.DYAD.linsi.bmge.iqtree.log

Date and Time: Fri Feb 24 14:26:18 2023
