IQ-TREE multicore version 2.0.3 for Linux 64-bit built Apr 26 2020
Developed by Bui Quang Minh, Nguyen Lam Tung, Olga Chernomor,
Heiko Schmidt, Dominik Schrempf, Michael Woodhams.

Host:    jolien-Precision-5820-Tower (AVX512, FMA3, 31 GB RAM)
Command: iqtree -s euk5_homs2.DYAD.linsi.bmge.fa -T 2 -B 1000 -pre euk5_homs2.DYAD.linsi.bmge.iqtree
Seed:    79434 (Using SPRNG - Scalable Parallel Random Number Generator)
Time:    Tue Aug 23 17:44:19 2022
Kernel:  AVX+FMA - 2 threads (16 CPU cores detected)

Reading alignment file euk5_homs2.DYAD.linsi.bmge.fa ... Fasta format detected
Alignment most likely contains protein sequences
Alignment has 32 sequences with 571 columns, 571 distinct patterns
513 parsimony-informative, 52 singleton sites, 6 constant sites
              Gap/Ambiguity  Composition  p-value
   1  CYCPAN024269   24.34%    failed      0.00%
   2  SORBIC005420   37.48%    failed      1.03%
   3  ARATHA044036   34.50%    failed      0.03%
   4  ARATHA001217   52.71%    failed      0.14%
   5  CHABRA022884    9.46%    failed      1.80%
   6  SORBIC002535   39.23%    failed      0.09%
   7  KLENIT009927   10.16%    failed      0.01%
   8  COCSUB005532   36.78%    failed      0.00%
   9  CHLVAR005074   45.01%    failed      0.00%
  10  CHABRA006326    3.15%    passed     29.49%
  11  CHLATM005645    9.81%    failed      2.87%
  12  MARPOL007969   11.73%    passed     47.47%
  13  PRACOL003035   15.06%    failed      0.15%
  14  LEPVOR033366   80.74%    passed     85.42%
  15  NEPPYR010602   70.40%    failed      4.20%
  16  SORBIC015825   17.86%    failed      1.35%
  17  ARATHA024628   12.78%    failed      1.40%
  18  NEPPYR000765   42.73%    failed      3.56%
  19  CHABRA000173   28.90%    passed     61.06%
  20  ARATHA025692   12.96%    failed      0.09%
  21  CYCPAN014230    9.98%    passed     65.65%
  22  SORBIC005181   17.34%    failed      2.41%
  23  CYCPAN010436   12.26%    passed     42.72%
  24  MARPOL009215   12.08%    passed     27.82%
  25  CYCPAN020474   11.56%    passed      8.96%
  26  ARATHA036079   17.86%    failed      0.50%
  27  OSTTAU001557    4.03%    passed     98.06%
  28  MICSPE002073   29.25%    passed     21.06%
  29  KLENIT004846   11.38%    passed     25.39%
  30  KLENIT010469    5.25%    passed     80.25%
  31  KLENIT006664   52.36%    failed      4.41%
  32  ARATHA039908   12.96%    passed      8.69%
WARNING: 4 sequences contain more than 50% gaps/ambiguity
****  TOTAL          24.75%  19 sequences failed composition chi2 test (p-value<5%; df=19)


Create initial parsimony tree by phylogenetic likelihood library (PLL)... 0.008 seconds
Perform fast likelihood tree search using LG+I+G model...
Estimate model parameters (epsilon = 5.000)
Perform nearest neighbor interchange...
Estimate model parameters (epsilon = 1.000)
1. Initial log-likelihood: -25510.530
Optimal log-likelihood: -25510.410
Proportion of invariable sites: 0.004
Gamma shape alpha: 1.645
Parameters optimization took 1 rounds (0.091 sec)
Time for fast ML tree search: 1.207 seconds

NOTE: ModelFinder requires 31 MB RAM!
ModelFinder will test up to 546 protein models (sample size: 571) ...
 No. Model         -LnL         df  AIC          AICc         BIC
  1  LG            26111.645    61  52345.290    52360.151    52610.481
  2  LG+I          26084.638    62  52293.276    52308.653    52562.814
  3  LG+G4         25512.744    62  51149.488    51164.866    51419.026
  4  LG+I+G4       25510.400    63  51146.799    51162.705    51420.685
  5  LG+R2         25602.614    63  51331.227    51347.133    51605.113
  6  LG+R3         25510.382    65  51150.763    51167.753    51433.344
  7  LG+R4         25500.797    67  51135.594    51153.709    51426.869
  8  LG+R5         25492.457    69  51122.913    51142.194    51422.883
  9  LG+R6         25492.567    71  51127.134    51147.623    51435.799
 16  LG+F+G4       25416.581    81  50995.162    51022.328    51347.300
 17  LG+F+I+G4     25414.837    82  50993.674    51021.567    51350.160
 20  LG+F+R4       25398.736    86  50969.471    51000.388    51343.347
 21  LG+F+R5       25396.772    88  50969.545    51002.042    51352.115
 29  WAG+G4        25531.320    62  51186.640    51202.018    51456.178
 30  WAG+I+G4      25528.536    63  51183.071    51198.977    51456.957
 33  WAG+R4        25504.901    67  51143.802    51161.917    51435.077
 34  WAG+R5        25503.511    69  51145.023    51164.304    51444.993
 42  WAG+F+G4      25451.958    81  51065.916    51093.081    51418.054
 43  WAG+F+I+G4    25449.234    82  51062.468    51090.361    51418.954
 46  WAG+F+R4      25424.548    86  51021.096    51052.014    51394.972
 47  WAG+F+R5      25424.060    88  51024.119    51056.617    51406.689
 55  JTT+G4        25629.612    62  51383.225    51398.603    51652.763
 56  JTT+I+G4      25627.074    63  51380.149    51396.054    51654.034
 59  JTT+R4        25604.988    67  51343.975    51362.091    51635.250
 60  JTT+R5        25601.683    69  51341.367    51360.648    51641.337
 68  JTT+F+G4      25605.217    81  51372.433    51399.599    51724.572
 69  JTT+F+I+G4    25602.820    82  51369.640    51397.533    51726.126
 72  JTT+F+R4      25577.619    86  51327.239    51358.156    51701.114
 73  JTT+F+R5      25574.830    88  51325.660    51358.158    51708.230
 81  JTTDCMut+G4   25631.072    62  51386.143    51401.521    51655.682
 82  JTTDCMut+I+G4 25628.451    63  51382.901    51398.807    51656.787
 85  JTTDCMut+R4   25606.507    67  51347.014    51365.129    51638.289
 86  JTTDCMut+R5   25602.731    69  51343.462    51362.743    51643.432
 94  JTTDCMut+F+G4 25602.028    81  51366.056    51393.221    51718.194
 95  JTTDCMut+F+I+G4 25599.592    82  51363.184    51391.078    51719.670
 98  JTTDCMut+F+R4 25574.180    86  51320.360    51351.277    51694.235
 99  JTTDCMut+F+R5 25573.150    88  51322.300    51354.798    51704.871
107  DCMut+G4      25761.439    62  51646.879    51662.257    51916.417
108  DCMut+I+G4    25760.100    63  51646.200    51662.105    51920.085
111  DCMut+R4      25734.667    67  51603.333    51621.449    51894.609
112  DCMut+R5      25729.744    69  51597.489    51616.770    51897.459
120  DCMut+F+G4    25633.774    81  51429.548    51456.713    51781.686
121  DCMut+F+I+G4  25632.913    82  51429.827    51457.720    51786.313
124  DCMut+F+R4    25607.798    86  51387.597    51418.514    51761.472
125  DCMut+F+R5    25604.196    88  51384.393    51416.891    51766.963
133  VT+G4         25583.287    62  51290.573    51305.951    51560.112
134  VT+I+G4       25580.423    63  51286.847    51302.752    51560.732
137  VT+R4         25558.885    67  51251.771    51269.886    51543.046
138  VT+R5         25556.927    69  51251.853    51271.135    51551.823
146  VT+F+G4       25505.565    81  51173.130    51200.296    51525.269
147  VT+F+I+G4     25502.881    82  51169.762    51197.656    51526.248
150  VT+F+R4       25479.618    86  51131.237    51162.154    51505.112
151  VT+F+R5       25479.110    88  51134.219    51166.717    51516.789
159  PMB+G4        25682.382    62  51488.763    51504.141    51758.301
160  PMB+I+G4      25678.382    63  51482.764    51498.669    51756.650
163  PMB+R4        25654.812    67  51443.623    51461.739    51734.898
164  PMB+R5        25652.727    69  51443.453    51462.734    51743.423
172  PMB+F+G4      25586.862    81  51335.724    51362.890    51687.863
173  PMB+F+I+G4    25583.380    82  51330.760    51358.653    51687.245
176  PMB+F+R4      25557.782    86  51287.565    51318.482    51661.440
177  PMB+F+R5      25557.036    88  51290.073    51322.571    51672.643
185  Blosum62+G4   25709.885    62  51543.770    51559.148    51813.308
186  Blosum62+I+G4 25706.185    63  51538.370    51554.276    51812.256
189  Blosum62+R4   25684.513    67  51503.027    51521.142    51794.302
190  Blosum62+R5   25682.339    69  51502.677    51521.959    51802.647
198  Blosum62+F+G4 25566.019    81  51294.038    51321.203    51646.176
199  Blosum62+F+I+G4 25563.020    82  51290.039    51317.933    51646.525
202  Blosum62+F+R4 25539.361    86  51250.721    51281.639    51624.597
203  Blosum62+F+R5 25538.472    88  51252.944    51285.442    51635.514
211  Dayhoff+G4    25760.569    62  51645.137    51660.515    51914.675
212  Dayhoff+I+G4  25759.244    63  51644.488    51660.394    51918.374
215  Dayhoff+R4    25733.858    67  51601.716    51619.831    51892.991
216  Dayhoff+R5    25728.835    69  51595.671    51614.952    51895.641
224  Dayhoff+F+G4  25633.208    81  51428.416    51455.581    51780.554
225  Dayhoff+F+I+G4 25632.364    82  51428.727    51456.621    51785.213
228  Dayhoff+F+R4  25607.261    86  51386.522    51417.439    51760.397
229  Dayhoff+F+R5  25603.595    88  51383.189    51415.687    51765.759
237  mtREV+G4      27274.114    62  54672.228    54687.606    54941.766
238  mtREV+I+G4    27272.575    63  54671.150    54687.056    54945.036
241  mtREV+R4      27247.151    67  54628.302    54646.417    54919.577
242  mtREV+R5      27246.487    69  54630.974    54650.256    54930.944
250  mtREV+F+G4    25786.708    81  51735.416    51762.581    52087.554
251  mtREV+F+I+G4  25786.240    82  51736.479    51764.373    52092.965
254  mtREV+F+R4    25767.783    86  51707.567    51738.484    52081.442
255  mtREV+F+R5    25765.585    88  51707.169    51739.667    52089.739
263  mtART+G4      27671.888    62  55467.776    55483.154    55737.314
264  mtART+I+G4    27669.282    63  55464.563    55480.469    55738.449
267  mtART+R4      27640.782    67  55415.563    55433.678    55706.838
268  mtART+R5      27632.101    69  55402.202    55421.483    55702.171
276  mtART+F+G4    26096.306    81  52354.613    52381.778    52706.751
277  mtART+F+I+G4  26096.339    82  52356.678    52384.572    52713.164
280  mtART+F+R4    26069.908    86  52311.816    52342.733    52685.692
281  mtART+F+R5    26061.153    88  52298.307    52330.805    52680.877
289  mtZOA+G4      26935.902    62  53995.805    54011.183    54265.343
290  mtZOA+I+G4    26934.757    63  53995.513    54011.419    54269.399
293  mtZOA+R4      26918.423    67  53970.845    53988.961    54262.120
294  mtZOA+R5      26910.525    69  53959.050    53978.332    54259.020
302  mtZOA+F+G4    25857.690    81  51877.381    51904.546    52229.519
303  mtZOA+F+I+G4  25857.747    82  51879.493    51907.387    52235.979
306  mtZOA+F+R4    25845.780    86  51863.561    51894.478    52237.436
307  mtZOA+F+R5    25835.553    88  51847.106    51879.604    52229.676
315  mtMet+G4      27426.906    62  54977.813    54993.191    55247.351
316  mtMet+I+G4    27425.744    63  54977.487    54993.392    55251.373
319  mtMet+R4      27403.855    67  54941.710    54959.825    55232.985
320  mtMet+R5      27401.005    69  54940.011    54959.292    55239.980
328  mtMet+F+G4    25892.106    81  51946.212    51973.378    52298.350
329  mtMet+F+I+G4  25892.176    82  51948.353    51976.246    52304.839
332  mtMet+F+R4    25878.523    86  51929.047    51959.964    52302.922
333  mtMet+F+R5    25872.317    88  51920.634    51953.132    52303.204
341  mtVer+G4      27546.156    62  55216.313    55231.691    55485.851
342  mtVer+I+G4    27545.909    63  55217.817    55233.723    55491.703
345  mtVer+R4      27526.504    67  55187.008    55205.124    55478.283
346  mtVer+R5      27517.281    69  55172.562    55191.843    55472.532
354  mtVer+F+G4    26193.459    81  52548.917    52576.083    52901.056
355  mtVer+F+I+G4  26193.478    82  52550.956    52578.850    52907.442
358  mtVer+F+R4    26184.676    86  52541.353    52572.270    52915.228
359  mtVer+F+R5    26171.151    88  52518.302    52550.800    52900.872
367  mtInv+G4      27626.435    62  55376.871    55392.248    55646.409
368  mtInv+I+G4    27624.555    63  55375.109    55391.014    55648.995
371  mtInv+R4      27608.071    67  55350.141    55368.256    55641.416
372  mtInv+R5      27603.920    69  55345.840    55365.122    55645.810
380  mtInv+F+G4    25751.419    81  51664.837    51692.003    52016.976
381  mtInv+F+I+G4  25751.459    82  51666.917    51694.811    52023.403
384  mtInv+F+R4    25743.624    86  51659.247    51690.164    52033.123
385  mtInv+F+R5    25734.875    88  51645.750    51678.247    52028.320
393  mtMAM+G4      27786.961    62  55697.922    55713.300    55967.460
394  mtMAM+I+G4    27785.696    63  55697.393    55713.298    55971.278
397  mtMAM+R4      27768.790    67  55671.581    55689.696    55962.856
398  mtMAM+R5      27747.279    69  55632.559    55651.840    55932.529
406  mtMAM+F+G4    26244.223    81  52650.446    52677.611    53002.584
407  mtMAM+F+I+G4  26244.067    82  52652.134    52680.027    53008.619
410  mtMAM+F+R4    26224.958    86  52621.917    52652.834    52995.792
411  mtMAM+F+R5    26210.818    88  52597.636    52630.134    52980.207
419  HIVb+G4       26186.592    62  52497.183    52512.561    52766.722
420  HIVb+I+G4     26182.810    63  52491.619    52507.525    52765.505
423  HIVb+R4       26145.298    67  52424.596    52442.711    52715.871
424  HIVb+R5       26139.756    69  52417.512    52436.793    52717.481
432  HIVb+F+G4     26029.866    81  52221.732    52248.897    52573.870
433  HIVb+F+I+G4   26026.625    82  52217.250    52245.143    52573.736
436  HIVb+F+R4     25987.007    86  52146.014    52176.931    52519.889
437  HIVb+F+R5     25981.119    88  52138.239    52170.737    52520.809
445  HIVw+G4       27438.222    62  55000.444    55015.822    55269.982
446  HIVw+I+G4     27433.667    63  54993.335    55009.240    55267.220
449  HIVw+R4       27396.853    67  54927.707    54945.822    55218.982
450  HIVw+R5       27371.433    69  54880.866    54900.148    55180.836
458  HIVw+F+G4     26729.771    81  53621.541    53648.707    53973.680
459  HIVw+F+I+G4   26725.995    82  53615.990    53643.884    53972.476
462  HIVw+F+R4     26690.944    86  53553.889    53584.806    53927.764
463  HIVw+F+R5     26670.623    88  53517.246    53549.744    53899.816
471  FLU+G4        26278.698    62  52681.395    52696.773    52950.933
472  FLU+I+G4      26274.662    63  52675.323    52691.229    52949.209
475  FLU+R4        26239.832    67  52613.664    52631.779    52904.939
476  FLU+R5        26229.828    69  52597.656    52616.937    52897.625
484  FLU+F+G4      25921.143    81  52004.286    52031.451    52356.424
485  FLU+F+I+G4    25917.145    82  51998.291    52026.184    52354.777
488  FLU+F+R4      25881.136    86  51934.272    51965.189    52308.147
489  FLU+F+R5      25872.659    88  51921.318    51953.816    52303.888
497  rtREV+G4      25748.718    62  51621.436    51636.814    51890.974
498  rtREV+I+G4    25746.474    63  51618.947    51634.852    51892.833
501  rtREV+R4      25733.441    67  51600.883    51618.998    51892.158
502  rtREV+R5      25731.219    69  51600.438    51619.719    51900.407
510  rtREV+F+G4    25484.914    81  51131.828    51158.994    51483.967
511  rtREV+F+I+G4  25483.683    82  51131.366    51159.260    51487.852
514  rtREV+F+R4    25470.783    86  51113.566    51144.484    51487.442
515  rtREV+F+R5    25467.991    88  51111.983    51144.481    51494.553
523  cpREV+G4      25754.115    62  51632.230    51647.608    51901.768
524  cpREV+I+G4    25751.775    63  51629.550    51645.455    51903.435
527  cpREV+R4      25732.709    67  51599.418    51617.533    51890.693
528  cpREV+R5      25728.848    69  51595.696    51614.977    51895.666
536  cpREV+F+G4    25560.552    81  51283.105    51310.271    51635.243
537  cpREV+F+I+G4  25558.782    82  51281.564    51309.458    51638.050
540  cpREV+F+R4    25536.568    86  51245.136    51276.053    51619.011
541  cpREV+F+R5    25534.538    88  51245.077    51277.575    51627.647
Akaike Information Criterion:           LG+F+R4
Corrected Akaike Information Criterion: LG+F+R4
Bayesian Information Criterion:         LG+F+R4
Best-fit model: LG+F+R4 chosen according to BIC

All model information printed to euk5_homs2.DYAD.linsi.bmge.iqtree.model.gz
CPU time for ModelFinder: 457.360 seconds (0h:7m:37s)
Wall-clock time for ModelFinder: 228.886 seconds (0h:3m:48s)
Generating 1000 samples for ultrafast bootstrap (seed: 79434)...

NOTE: 13 MB RAM (0 GB) is required!
Estimate model parameters (epsilon = 0.100)
1. Initial log-likelihood: -25398.736
Optimal log-likelihood: -25398.697
Site proportion and rates:  (0.054,0.087) (0.236,0.357) (0.442,0.853) (0.268,1.993)
Parameters optimization took 1 rounds (0.250 sec)
Computing ML distances based on estimated model parameters... 0.097 sec
Computing BIONJ tree...
0.000 seconds
Log-likelihood of BIONJ tree: -25447.194
--------------------------------------------------------------------
|             INITIALIZING CANDIDATE TREE SET                      |
--------------------------------------------------------------------
Generating 98 parsimony trees... 0.731 second
Computing log-likelihood of 98 initial trees ... 2.708 seconds
Current best score: -25398.697

Do NNI search on 20 best initial trees
Estimate model parameters (epsilon = 0.100)
BETTER TREE FOUND at iteration 1: -25397.711
Estimate model parameters (epsilon = 0.100)
BETTER TREE FOUND at iteration 3: -25397.000
Estimate model parameters (epsilon = 0.100)
BETTER TREE FOUND at iteration 5: -25395.748
Estimate model parameters (epsilon = 0.100)
BETTER TREE FOUND at iteration 9: -25395.126
Iteration 10 / LogL: -25397.148 / Time: 0h:0m:11s
Estimate model parameters (epsilon = 0.100)
BETTER TREE FOUND at iteration 17: -25391.307
Iteration 20 / LogL: -25408.661 / Time: 0h:0m:19s
Finish initializing candidate tree set (15)
Current best tree score: -25391.307 / CPU time: 18.483
Number of iterations: 20
--------------------------------------------------------------------
|               OPTIMIZING CANDIDATE TREE SET                      |
--------------------------------------------------------------------
Estimate model parameters (epsilon = 0.100)
BETTER TREE FOUND at iteration 21: -25389.904
Iteration 30 / LogL: -25389.998 / Time: 0h:0m:25s (0h:1m:19s left)
Iteration 40 / LogL: -25391.395 / Time: 0h:0m:30s (0h:1m:4s left)
Iteration 50 / LogL: -25390.234 / Time: 0h:0m:36s (0h:0m:52s left)
Log-likelihood cutoff on original alignment: -25424.229
Iteration 60 / LogL: -25391.367 / Time: 0h:0m:41s (0h:0m:42s left)
Iteration 70 / LogL: -25390.665 / Time: 0h:0m:46s (0h:0m:34s left)
Iteration 80 / LogL: -25390.049 / Time: 0h:0m:52s (0h:0m:27s left)
Iteration 90 / LogL: -25391.312 / Time: 0h:0m:57s (0h:0m:20s left)
Iteration 100 / LogL: -25390.772 / Time: 0h:1m:3s (0h:0m:13s left)
Log-likelihood cutoff on original alignment: -25425.564
NOTE: Bootstrap correlation coefficient of split occurrence frequencies: 0.998
Iteration 110 / LogL: -25390.090 / Time: 0h:1m:8s (0h:0m:56s left)
Iteration 120 / LogL: -25390.159 / Time: 0h:1m:13s (0h:0m:49s left)
TREE SEARCH COMPLETED AFTER 122 ITERATIONS / Time: 0h:1m:14s

--------------------------------------------------------------------
|                    FINALIZING TREE SEARCH                        |
--------------------------------------------------------------------
Performs final model parameters optimization
Estimate model parameters (epsilon = 0.010)
1. Initial log-likelihood: -25389.904
Optimal log-likelihood: -25389.899
Site proportion and rates:  (0.050,0.081) (0.231,0.346) (0.446,0.857) (0.273,1.958)
Parameters optimization took 1 rounds (0.192 sec)
BEST SCORE FOUND : -25389.899
Creating bootstrap support values...
Split supports printed to NEXUS file euk5_homs2.DYAD.linsi.bmge.iqtree.splits.nex
Total tree length: 30.106

Total number of iterations: 122
CPU time used for tree search: 147.487 sec (0h:2m:27s)
Wall-clock time used for tree search: 74.335 sec (0h:1m:14s)
Total CPU time used: 148.990 sec (0h:2m:28s)
Total wall-clock time used: 75.107 sec (0h:1m:15s)

Computing bootstrap consensus tree...
Reading input file euk5_homs2.DYAD.linsi.bmge.iqtree.splits.nex...
32 taxa and 260 splits.
Consensus tree written to euk5_homs2.DYAD.linsi.bmge.iqtree.contree
Reading input trees file euk5_homs2.DYAD.linsi.bmge.iqtree.contree
Log-likelihood of consensus tree: -25389.897

Analysis results written to: 
  IQ-TREE report:                euk5_homs2.DYAD.linsi.bmge.iqtree.iqtree
  Maximum-likelihood tree:       euk5_homs2.DYAD.linsi.bmge.iqtree.treefile
  Likelihood distances:          euk5_homs2.DYAD.linsi.bmge.iqtree.mldist

Ultrafast bootstrap approximation results written to:
  Split support values:          euk5_homs2.DYAD.linsi.bmge.iqtree.splits.nex
  Consensus tree:                euk5_homs2.DYAD.linsi.bmge.iqtree.contree
  Screen log file:               euk5_homs2.DYAD.linsi.bmge.iqtree.log

Date and Time: Tue Aug 23 17:49:23 2022
