IQ-TREE multicore version 2.0.3 for Linux 64-bit built Apr 26 2020
Developed by Bui Quang Minh, Nguyen Lam Tung, Olga Chernomor,
Heiko Schmidt, Dominik Schrempf, Michael Woodhams.

Host:    Amoeba-mt1 (AVX, 251 GB RAM)
Command: /mnt/compute/jolien/anaconda3/bin/iqtree -s euk5_homs4.CAPD2.linsi.fa -m LG+C10 -alrt 1000 -T 4 -pre euk5_homs4.CAPD2.linsi.iqtree
Seed:    709078 (Using SPRNG - Scalable Parallel Random Number Generator)
Time:    Fri Jun 17 14:11:08 2022
Kernel:  AVX - 4 threads (4 CPU cores detected)

Reading alignment file euk5_homs4.CAPD2.linsi.fa ... Fasta format detected
Alignment most likely contains protein sequences
WARNING: 2 sites contain only gaps or ambiguous characters.
Alignment has 371 sequences with 9368 columns, 7807 distinct patterns
3745 parsimony-informative, 2980 singleton sites, 2643 constant sites
              Gap/Ambiguity  Composition  p-value
   1  NEMVEC023925   85.41%    failed      0.00%
   2  SALKVE017294   85.77%    failed      0.00%
   3  BRABEL029502   84.07%    failed      0.00%
   4  PHYPOL000844   85.81%    failed      0.00%
   5  CRAGIG062650   84.21%    failed      0.00%
   6  GLOWIT012859   83.46%    failed      0.00%
   7  KLENIT003076   80.49%    failed      0.00%
   8  CAPOWC007972   82.72%    failed      0.00%
   9  LEUCOM016754   83.59%    failed      0.00%
  10  RHIIRR020166   86.50%    failed      0.00%
  11  PICSPE013331   84.46%    failed      0.00%
  12  CYCPAN003888   82.34%    failed      0.00%
  13  SYNPLU002888   85.00%    failed      0.00%
  14  CYAPAR009186   83.79%    failed      0.00%
  15  MORVER003650   84.24%    failed      0.00%
  16  CHRPER006861   84.91%    failed      0.00%
  17  SPIPUN002681   86.02%    failed      0.00%
  18  PLAFUN002057   87.29%    failed      0.00%
  19  CRYNEO000008   84.97%    failed      0.00%
  20  MARPOL007622   84.56%    failed      0.00%
  21  DIAGRA034970   86.59%    failed      0.00%
  22  HOMSAP051815   85.04%    failed      0.00%
  23  BASMER009451   86.77%    failed      0.00%
  24  ARATHA005544   84.90%    failed      0.00%
  25  PLAMIC003191   85.89%    failed      0.00%
  26  BASMER013765   86.81%    failed      0.00%
  27  MATSPE023233   84.32%    failed      0.00%
  28  ACAPLA032274   86.98%    failed      0.00%
  29  MONBRE002273   85.51%    failed      0.00%
  30  GONPRO010978   85.33%    failed      0.00%
  31  MNELEI010092   85.91%    failed      0.00%
  32  DANRER021694   85.01%    failed      0.00%
  33  SECSPE007350   86.58%    failed      0.00%
  34  CHLATM002805   85.58%    failed      0.00%
  35  MASBAL012887   83.66%    failed      0.00%
  36  DAPMAG014143   84.49%    failed      0.00%
  37  SORBIC015700   86.38%    failed      0.00%
  38  USTMAY003116   84.94%    failed      0.00%
  39  CHLVAR005156   82.96%    failed      0.00%
  40  ARCINT008908   85.39%    failed      0.00%
  41  CHABRA007882   82.10%    failed      0.00%
  42  UMBRAM007003   86.85%    failed      0.00%
  43  PHAKIR006659   85.88%    failed      0.00%
  44  TRIADH001065   86.71%    failed      0.00%
  45  SPISPE005972   84.38%    failed      0.00%
  46  SAPDIC013387   86.66%    failed      0.00%
  47  NEOSPE006263   88.33%    failed      0.00%
  48  PAUCHR000368   84.16%    failed      0.00%
  49  RHOMAR013909   85.48%    failed      0.00%
  50  IXOSCA030355   84.62%    failed      0.00%
  51  GUITHE009023   87.83%    failed      0.00%
  52  AGABIS005906   85.74%    failed      0.00%
  53  DIPROT020081   85.47%    failed      0.00%
  54  MALJAK019638   85.50%    failed      0.00%
  55  DICDIS005406   85.02%    failed      0.00%
  56  HALSEO000945   84.15%    failed      0.00%
  57  GEMCRY037598   86.76%    failed      0.00%
  58  PARTRI009686   86.24%    failed      0.00%
  59  COCSUB005746   82.51%    failed      0.00%
  60  RIGRAM021906   85.96%    failed      0.00%
  61  MICSPE002247   83.63%    failed      0.00%
  62  NEUCRA003016   86.67%    failed      0.00%
  63  OSTTAU000592   86.29%    failed      0.00%
  64  ELPMAR013318   81.54%    failed      0.00%
  65  CREFRA003004   85.94%    failed      0.00%
  66  PLABRA001429   86.20%    failed      0.00%
  67  PRACOL003080   86.44%    failed      0.00%
  68  CLAOKA005553   83.43%    failed      0.00%
  69  ACACAS003729   85.81%    failed      0.00%
  70  COEREV001438   87.61%    failed      0.00%
  71  PHYINF002784   85.90%    failed      0.00%
  72  GEFOKE014172   87.89%    failed      0.00%
  73  NEODAM007483   87.76%    failed      0.00%
  74  CIOINT002998   86.84%    failed      0.00%
  75  THETRA010560   86.84%    failed      0.00%
  76  NAEFOW010541   84.44%    failed      0.00%
  77  HONFER002907   85.31%    failed      0.00%
  78  SCHMAN005603   85.50%    failed      0.00%
  79  PHATRI008782   86.33%    failed      0.00%
  80  OXYTRI011589   83.20%    failed      0.00%
  81  STEHIS015499   83.20%    failed      0.00%
  82  GEPOCE029391   86.83%    failed      0.00%
  83  AURLIM014413   85.43%    failed      0.00%
  84  TETTHE008698   85.10%    failed      0.00%
  85  GRACHO002236   86.90%    failed      0.00%
  86  OXYTRI005859   83.35%    failed      0.00%
  87  STEHIS012634   83.35%    failed      0.00%
  88  DROMEL011608   85.27%    failed      0.00%
  89  MASSPE006691   84.98%    failed      0.00%
  90  RAMBRE002445   84.96%    failed      0.00%
  91  JAKBAH007879   85.51%    failed      0.00%
  92  PSEPER004116   83.96%    failed      0.00%
  93  SCHPOM001613   87.64%    failed      0.00%
  94  ANDGOD001862   85.13%    failed      0.00%
  95  PORPUR005792   85.42%    failed      0.00%
  96  GALSUL004476   86.67%    failed      0.00%
  97  SACCER005416   87.45%    failed      0.00%
  98  TETTHE012223   84.23%    failed      0.00%
  99  APISPI055575   85.30%    failed      0.00%
 100  ALLMAC014015   86.22%    failed      0.00%
 101  BIGNAT015897   86.76%    failed      0.00%
 102  VERVER002410   91.79%    failed      0.00%
 103  RUSMAR000805   86.67%    failed      0.00%
 104  BODSAL007349   84.17%    failed      0.00%
 105  RUSMAR000440   87.89%    failed      0.00%
 106  CAULEN005529   86.39%    failed      0.00%
 107  LEIMAJ001955   86.59%    failed      0.00%
 108  DIALUT005180   83.56%    failed      0.00%
 109  MALCAL010696   91.13%    failed      0.00%
 110  COLSPE010776   90.12%    failed      0.00%
 111  HEMPHA011039   84.17%    failed      0.00%
 112  POLPAL009275   87.47%    failed      0.00%
 113  TRYBRU003348   86.57%    failed      0.00%
 114  PAPANK026024   87.66%    failed      0.03%
 115  PARTET016291   87.23%    failed      0.00%
 116  PARTET025453   87.28%    failed      0.00%
 117  RHYHUM012679   84.18%    failed      0.00%
 118  SYMSPE037904   83.84%    failed      0.00%
 119  CYAMER003210   82.29%    failed      0.00%
 120  ENTHIS005518   88.57%    failed      0.00%
 121  PERSWS008599   85.75%    failed      0.00%
 122  STECOE023191   88.57%    failed      0.00%
 123  CRYCOH016151   84.01%    failed      0.00%
 124  BAFFRI038007   90.35%    failed      0.00%
 125  CHLREI012093   82.53%    failed      0.00%
 126  PERSPE004160   82.64%    failed      0.00%
 127  PARTET022561   87.33%    failed      0.00%
 128  CYAPAR009182   91.82%    failed      0.00%
 129  PYGBIF006345   92.57%    failed      0.00%
 130  PARTET016392   88.10%    failed      0.00%
 131  PARTET025427   88.10%    failed      0.00%
 132  PRIPAC027071   82.69%    failed      0.00%
 133  NEPPYR024282   91.86%    failed      0.00%
 134  NUTLON011892   94.05%    failed      0.00%
 135  COLSPE016774   87.71%    failed      0.00%
 136  GEMCRY031379   92.92%    failed      0.00%
 137  MALJAK007597   91.01%    failed      0.00%
 138  STECOE010689   90.26%    failed      0.00%
 139  LEPVOR024984   92.91%    failed      0.01%
 140  BOMMOR007170   89.83%    failed      0.00%
 141  NEPPYR004757   95.60%    failed      0.00%
 142  THEPAR001334   81.58%    failed      0.00%
 143  HEMKUK001723   93.85%    failed      0.00%
 144  RAMVAR001019   84.83%    failed      0.00%
 145  MALJAK007621   95.36%    failed      0.00%
 146  PARATL001936   95.85%    failed      0.00%
 147  MONEXI006984   73.68%    failed      0.00%
 148  NUCSPE075764   95.64%    failed      0.00%
 149  ROZALL003096   92.14%    failed      0.00%
 150  ROZALL004397   94.53%    failed      0.00%
 151  HYPCAT011692   97.09%    failed      3.18%
 152  HEMSPE007423   87.88%    failed      0.00%
 153  PYGBIF005883   93.52%    failed      0.35%
 154  LENLIM004436   89.73%    failed      0.00%
 155  BAFFRI004885   94.53%    failed      0.00%
 156  STRRAT005594   85.64%    failed      0.00%
 157  NUCSPE091597   93.32%    failed      0.00%
 158  PARATL004605   93.32%    failed      0.00%
 159  MADERY016753   96.17%    failed      0.00%
 160  COLSPE013136   94.31%    failed      0.00%
 161  EUGLON013240   95.25%    failed      0.01%
 162  PARTET034124   88.04%    failed      0.00%
 163  GONPAC031729   97.15%    failed      0.00%
 164  TOXGON002945   73.68%    failed      0.00%
 165  PLAFAL004883   79.13%    failed      0.00%
 166  AURLIM007635   94.75%    failed      0.04%
 167  ALLMAC015185   94.73%    failed      0.00%
 168  GONPAC003579   97.10%    failed      0.00%
 169  HYPCAT011690   94.84%    failed      0.00%
 170  ANAIGN005772   94.12%    failed      0.00%
 171  PSEPER006773   94.94%    failed      0.00%
 172  BOMMOR004512   94.88%    failed      3.34%
 173  ENTSUL043218   95.14%    failed      0.18%
 174  CRYMUR003328   83.34%    failed      0.00%
 175  ENCINT000517   90.16%    failed      0.00%
 176  COLVIE010729   94.69%    failed      0.04%
 177  BARSPE013999   88.68%    failed      0.00%
 178  GEFOKE005796   86.88%    failed      0.00%
 179  VAVCUL000064   90.55%    failed      0.00%
 180  VERVER011175   96.11%    failed      0.23%
 181  MICMAR171505   98.31%    passed     23.97%
 182  LAPGUS014349   98.36%    passed     45.03%
 183  RIGRAM021905   95.90%    failed      0.10%
 184  TELSUB005376   97.24%    failed      0.58%
 185  MONNEG004404   93.03%    failed      0.00%
 186  CARMEM001697   90.22%    failed      0.00%
 187  TELSUB031886   98.11%    passed     51.06%
 188  EUGLON031130   97.02%    failed      0.19%
 189  NUTLON005478   96.13%    failed      0.01%
 190  LEPVOR024983   97.57%    passed     10.93%
 191  MANPLA014971   98.86%    passed     45.43%
 192  TELSUB019768   96.52%    failed      0.05%
 193  ACASPE024148   97.13%    failed      0.30%
 194  ACAPLA011386   96.82%    failed      0.00%
 195  ENTSUL016420   96.23%    failed      0.00%
 196  CHASUB008470   98.15%    failed      2.20%
 197  LEUCOM020195   97.00%    failed      3.95%
 198  MANPLA028856   97.66%    failed      0.00%
 199  RAPHET012906   98.87%    failed      2.22%
 200  COLVIE041668   98.90%    passed     79.78%
 201  NUTLON002055   97.44%    failed      0.00%
 202  NUTLON000426   98.36%    passed     21.54%
 203  MALCAL010697   98.09%    passed     36.33%
 204  CIOINT003035   97.53%    failed      2.63%
 205  ALLMAC015631   97.48%    failed      1.81%
 206  ANAIGN014211   97.79%    failed      0.00%
 207  TELSUB014423   98.42%    failed      0.33%
 208  ENTSUL012113   96.64%    failed      0.00%
 209  ANCTWI018265   98.93%    passed      5.54%
 210  ACASPE022265   98.05%    failed      0.24%
 211  ANAIGN014212   97.96%    failed      0.00%
 212  COLVIE026522   95.89%    failed      0.26%
 213  MANPLA019276   98.76%    passed     37.02%
 214  LAPGUS014359   96.18%    failed      0.00%
 215  LAPGUS037169   98.24%    passed     21.20%
 216  CHASUB022136   98.36%    failed      0.03%
 217  BRABEL034543   83.64%    failed      0.00%
 218  COLVIE024313   96.81%    failed      0.19%
 219  MANPLA012611   97.80%    failed      0.09%
 220  SALKVE019232   84.66%    failed      0.00%
 221  PALBIL001942   85.53%    failed      0.00%
 222  EUGLON014845   98.46%    failed      0.16%
 223  MADERY028419   99.11%    failed      3.85%
 224  ARATHA032801   85.97%    failed      0.00%
 225  PLAFUN012662   84.15%    failed      0.00%
 226  ACAPLA026850   82.27%    failed      0.00%
 227  KLENIT008696   80.51%    failed      0.00%
 228  GUITHE022207   90.44%    failed      0.00%
 229  RAPHET012905   97.45%    failed      0.00%
 230  TRIADH004442   87.69%    failed      0.00%
 231  CRAGIG035179   82.55%    failed      0.00%
 232  PHYPOL000676   85.99%    failed      0.00%
 233  GEFOKE005476   86.01%    failed      0.00%
 234  SAPDIC001953   85.26%    failed      0.00%
 235  ANAIGN017975   98.64%    failed      0.00%
 236  THETRA002546   85.12%    failed      0.00%
 237  ACASPE019404   98.32%    failed      0.06%
 238  MICMAR178971   99.04%    passed     59.40%
 239  NANOCE112051   82.63%    failed      0.00%
 240  MALJAK005694   90.71%    failed      0.00%
 241  CAPOWC002238   82.92%    failed      0.00%
 242  VERVER000851   91.86%    failed      0.00%
 243  MALCAL009605   88.82%    failed      0.00%
 244  DANRER020979   84.85%    failed      0.00%
 245  NANOCE017757   80.68%    failed      0.00%
 246  BAFFRI027614   90.26%    failed      0.00%
 247  HALSEO008286   85.64%    failed      0.00%
 248  MANPLA007634   98.90%    failed      3.99%
 249  CYCPAN009967   80.79%    failed      0.00%
 250  POLPAL002788   78.70%    failed      0.00%
 251  NANOCE039708   81.75%    failed      0.00%
 252  MATSPE019106   84.27%    failed      0.00%
 253  DICDIS009092   80.88%    failed      0.00%
 254  TELSUB018589   88.76%    failed      0.00%
 255  PSEPER006593   98.94%    failed      3.21%
 256  HOMSAP052152   84.01%    failed      0.00%
 257  RIGRAM024991   84.91%    failed      0.00%
 258  GEPOCE025902   89.36%    failed      0.00%
 259  DIAGRA035348   83.49%    failed      0.00%
 260  NEMVEC017135   93.32%    failed      0.01%
 261  HYPCAT004495   89.94%    failed      0.00%
 262  HONFER001123   84.28%    failed      0.00%
 263  HEMKUK007360   86.70%    failed      0.00%
 264  MADERY027823   99.06%    failed      2.77%
 265  IXOSCA011725   83.00%    failed      0.00%
 266  MONNEG003528   95.73%    failed      0.00%
 267  NUTLON020110   97.67%    passed     28.89%
 268  RHOMAR002342   82.78%    failed      0.00%
 269  SORBIC000901   86.29%    failed      0.00%
 270  MALJAK013008   93.79%    failed      0.00%
 271  AURLIM014186   84.31%    failed      0.00%
 272  SPISPE001834   83.05%    failed      0.00%
 273  LEUCOM037490   98.43%    failed      0.05%
 274  ARCINT015592   87.43%    failed      0.00%
 275  COLSPE010841   82.18%    failed      0.00%
 276  NEPPYR019607   94.41%    failed      0.00%
 277  LEUCOM028490   83.68%    failed      0.00%
 278  PHYINF001707   84.13%    failed      0.00%
 279  PLATAR000727   98.69%    failed      0.00%
 280  CYAPAR007824   84.04%    failed      0.00%
 281  CHRPER002539   84.15%    failed      0.00%
 282  PLAMIC004336   84.38%    failed      0.00%
 283  CYAMER001422   82.71%    failed      0.00%
 284  CHLREI005747   80.75%    failed      0.00%
 285  MNELEI009118   81.65%    failed      0.00%
 286  CLAOKA012149   80.68%    failed      0.00%
 287  NEODAM005679   87.70%    failed      0.00%
 288  NUCSPE076798   94.37%    failed      0.00%
 289  PARATL002132   94.37%    failed      0.00%
 290  GIAINT004364   87.28%    failed      0.00%
 291  TRIVAG013402   87.97%    failed      0.00%
 292  HEMSPE001698   86.28%    failed      0.00%
 293  DIPROT028184   85.28%    failed      0.00%
 294  DIPROT028187   85.94%    failed      0.00%
 295  PICSPE027917   88.94%    failed      0.00%
 296  MICMAR178958   99.10%    passed     53.16%
 297  PRYPAR004449   98.76%    failed      2.80%
 298  PRYPAR006007   98.23%    failed      0.02%
 299  PICSPE028142   88.36%    failed      0.00%
 300  NUCSPE091604   99.00%    failed      3.07%
 301  MARPOL010461   81.98%    failed      0.00%
 302  CHABRA022259   79.90%    failed      0.00%
 303  TELSUB011281   97.58%    passed     12.02%
 304  EUGLON039591   98.85%    passed     12.34%
 305  MANPLA015915   98.11%    failed      0.00%
 306  PRACOL004083   84.84%    failed      0.00%
 307  NUCSPE075762   98.78%    failed      2.03%
 308  PARATL001935   98.78%    failed      2.03%
 309  GRACHO000699   87.41%    failed      0.00%
 310  PAPANK026023   97.64%    failed      0.00%
 311  RHYHUM019885   88.11%    failed      0.00%
 312  CRYCOH054585   85.01%    failed      0.00%
 313  MASBAL009083   83.27%    failed      0.00%
 314  NAEFOW009146   86.53%    failed      0.00%
 315  PRIPAC002481   78.06%    failed      0.00%
 316  SECSPE006851   80.19%    failed      0.00%
 317  PAUCHR004519   93.56%    failed      0.00%
 318  COCSUB006965   86.12%    failed      0.00%
 319  TRIVAG056503   87.93%    failed      0.00%
 320  EUGLON013558   98.31%    failed      1.42%
 321  TELSUB018588   93.76%    failed      0.17%
 322  PHAKIR015329   93.87%    failed      0.00%
 323  MANPLA026289   98.03%    passed      6.14%
 324  TRIVAG004982   88.70%    failed      0.00%
 325  HEMPHA042820   85.28%    failed      0.00%
 326  PHATRI006028   83.30%    failed      0.00%
 327  LEUCOM044885   96.96%    failed      0.00%
 328  STRRAT004438   85.01%    failed      0.00%
 329  PERMAR003833   86.23%    failed      0.00%
 330  ACASPE024166   98.88%    failed      0.13%
 331  MICMAR181031   98.82%    failed      0.21%
 332  NUCSPE091613   98.69%    failed      0.05%
 333  PARATL004607   98.69%    failed      0.05%
 334  DYSBRE009222   95.27%    failed      0.00%
 335  PERSWS000137   88.61%    failed      0.00%
 336  BIGNAT010017   84.64%    failed      0.00%
 337  ANAIGN006277   87.92%    failed      0.00%
 338  CARMEM007970   88.40%    failed      0.00%
 339  EUGLON000987   89.73%    failed      0.00%
 340  LAPGUS004185   98.21%    failed      0.00%
 341  JAKBAH001134   84.61%    failed      0.00%
 342  ANAIGN015779   97.91%    failed      0.00%
 343  ENTSUL055267   98.61%    passed     36.36%
 344  STRRAT003522   85.00%    failed      0.00%
 345  HALSPE003779   98.99%    failed      0.20%
 346  PORPUR002260   85.34%    failed      0.00%
 347  HEMPHA025704   86.42%    failed      0.00%
 348  MADERY015364   97.43%    failed      0.03%
 349  HEMSPE001208   85.23%    failed      0.00%
 350  LAPGUS037472   98.92%    failed      0.00%
 351  PICSPE026446   92.73%    failed      0.00%
 352  MICMAR050604   99.09%    passed     34.71%
 353  CIOINT006859   87.38%    failed      0.00%
 354  ENTSUL042449   95.50%    failed      0.01%
 355  KLENIT010647   91.34%    failed      0.00%
 356  COLVIE031026   98.58%    passed      7.21%
 357  DIALUT010350   85.87%    failed      0.00%
 358  CHOSPE037995   97.96%    failed      0.00%
 359  CHLVAR009452   82.93%    failed      0.00%
 360  RIGRAM012453   85.83%    failed      0.00%
 361  VITBRA005486   79.33%    failed      0.00%
 362  RAMVAR020834   86.15%    failed      0.00%
 363  DROMEL015712   86.48%    failed      0.00%
 364  PALBIL020600   99.36%    failed      0.69%
 365  THETRA001824   79.47%    failed      0.00%
 366  LEPVOR038572   96.05%    failed      0.00%
 367  LEPVOR038571   95.58%    failed      0.06%
 368  GRACHO010061   82.38%    failed      0.00%
 369  PLATAR005507   95.13%    failed      0.00%
 370  CHABRA016139   82.39%    failed      0.00%
 371  MANPLA012863   91.35%    failed      0.00%
WARNING: 371 sequences contain more than 50% gaps/ambiguity
****  TOTAL          89.14%  351 sequences failed composition chi2 test (p-value<5%; df=19)
NOTE: STEHIS015499 is identical to OXYTRI011589 but kept for subsequent analysis
NOTE: STEHIS012634 is identical to OXYTRI005859 but kept for subsequent analysis
NOTE: PARATL004605 is identical to NUCSPE091597 but kept for subsequent analysis
NOTE: PARATL002132 is identical to NUCSPE076798 but kept for subsequent analysis
NOTE: PARATL001935 is identical to NUCSPE075762 but kept for subsequent analysis
NOTE: PARATL004607 is identical to NUCSPE091613 but kept for subsequent analysis

Create initial parsimony tree by phylogenetic likelihood library (PLL)... 3.765 seconds
Model LG+C10 is alias for LG+POISSON+G+FMIX{C10pi1:1:0.1191344178,C10pi2:1:0.0874372456,C10pi3:1:0.1037105070,C10pi4:1:0.0922584809,C10pi5:1:0.1070492801,C10pi6:1:0.1329945166,C10pi7:1:0.0538028458,C10pi8:1:0.0691986212,C10pi9:1:0.1319937434,C10pi10:1:0.1024203429}

NOTE: 17947 MB RAM (17 GB) is required!
Estimate model parameters (epsilon = 0.100)
1. Initial log-likelihood: -1006240.799
2. Current log-likelihood: -790753.016
3. Current log-likelihood: -788295.274
4. Current log-likelihood: -788223.714
5. Current log-likelihood: -788208.028
6. Current log-likelihood: -788203.580
7. Current log-likelihood: -788202.012
8. Current log-likelihood: -788201.375
9. Current log-likelihood: -788201.180
Optimal log-likelihood: -788201.108
Mixture weights: 0.119 0.087 0.104 0.092 0.107 0.133 0.054 0.069 0.132 0.102
Gamma shape alpha: 1.530
Parameters optimization took 9 rounds (3919.754 sec)
Computing ML distances based on estimated model parameters... 67.493 sec
WARNING: Some pairwise ML distances are too long (saturated)
Computing BIONJ tree...
0.129 seconds
Log-likelihood of BIONJ tree: -797287.042
--------------------------------------------------------------------
|             INITIALIZING CANDIDATE TREE SET                      |
--------------------------------------------------------------------
Generating 98 parsimony trees... 453.646 second
Computing log-likelihood of 98 initial trees ... 10538.045 seconds
Current best score: -788201.108

Do NNI search on 20 best initial trees
Estimate model parameters (epsilon = 0.100)
BETTER TREE FOUND at iteration 1: -786815.162
Estimate model parameters (epsilon = 0.100)
BETTER TREE FOUND at iteration 3: -786324.318
Iteration 10 / LogL: -786621.919 / Time: 25h:12m:17s
Iteration 20 / LogL: -786642.110 / Time: 42h:26m:53s
Finish initializing candidate tree set (20)
Current best tree score: -786324.318 / CPU time: 141732.930
Number of iterations: 20
--------------------------------------------------------------------
|               OPTIMIZING CANDIDATE TREE SET                      |
--------------------------------------------------------------------
Estimate model parameters (epsilon = 0.100)
BETTER TREE FOUND at iteration 21: -786238.214
Estimate model parameters (epsilon = 0.100)
BETTER TREE FOUND at iteration 23: -786174.222
Iteration 30 / LogL: -786206.551 / Time: 53h:33m:10s (171h:44m:5s left)
Estimate model parameters (epsilon = 0.100)
BETTER TREE FOUND at iteration 35: -786150.194
Estimate model parameters (epsilon = 0.100)
BETTER TREE FOUND at iteration 37: -786086.106
Iteration 40 / LogL: -786099.603 / Time: 64h:28m:32s (160h:21m:36s left)
Estimate model parameters (epsilon = 0.100)
BETTER TREE FOUND at iteration 41: -786009.982
NOTE: 3.054 seconds to dump checkpoint file, increase to 62.000
Estimate model parameters (epsilon = 0.100)
BETTER TREE FOUND at iteration 49: -786008.501
Estimate model parameters (epsilon = 0.100)
BETTER TREE FOUND at iteration 50: -785993.829
Iteration 50 / LogL: -785993.829 / Time: 75h:2m:6s (153h:7m:49s left)
Estimate model parameters (epsilon = 0.100)
BETTER TREE FOUND at iteration 54: -785993.500
Estimate model parameters (epsilon = 0.100)
BETTER TREE FOUND at iteration 58: -785990.360
Estimate model parameters (epsilon = 0.100)
BETTER TREE FOUND at iteration 60: -785983.005
Iteration 60 / LogL: -785983.005 / Time: 85h:50m:32s (145h:29m:37s left)
Estimate model parameters (epsilon = 0.100)
BETTER TREE FOUND at iteration 62: -785977.553
Estimate model parameters (epsilon = 0.100)
BETTER TREE FOUND at iteration 63: -785970.990
Estimate model parameters (epsilon = 0.100)
BETTER TREE FOUND at iteration 65: -785965.595
Estimate model parameters (epsilon = 0.100)
BETTER TREE FOUND at iteration 66: -785960.370
Iteration 70 / LogL: -785993.485 / Time: 97h:26m:54s (135h:34m:43s left)
Estimate model parameters (epsilon = 0.100)
BETTER TREE FOUND at iteration 71: -785958.534
Estimate model parameters (epsilon = 0.100)
BETTER TREE FOUND at iteration 74: -785926.091
Iteration 80 / LogL: -786029.969 / Time: 108h:26m:36s (129h:1m:57s left)
Iteration 90 / LogL: -785952.310 / Time: 118h:10m:43s (111h:32m:18s left)
Iteration 100 / LogL: -785950.050 / Time: 128h:13m:37s (95h:50m:44s left)
Estimate model parameters (epsilon = 0.100)
BETTER TREE FOUND at iteration 104: -785923.120
Estimate model parameters (epsilon = 0.100)
BETTER TREE FOUND at iteration 107: -785920.302
Iteration 110 / LogL: -785950.013 / Time: 141h:22m:1s (125h:48m:9s left)
Estimate model parameters (epsilon = 0.100)
BETTER TREE FOUND at iteration 112: -785917.819
Iteration 120 / LogL: -785940.211 / Time: 154h:41m:57s (119h:35m:54s left)
NOTE: 3.218 seconds to dump checkpoint file, increase to 65.000
Iteration 130 / LogL: -785953.976 / Time: 168h:36m:57s (107h:10m:53s left)
Iteration 140 / LogL: -785922.435 / Time: 179h:59m:47s (93h:14m:5s left)
Iteration 150 / LogL: -785938.305 / Time: 192h:37m:58s (80h:9m:19s left)
Iteration 160 / LogL: -785937.933 / Time: 204h:28m:19s (66h:52m:15s left)
Iteration 170 / LogL: -785944.859 / Time: 216h:0m:26s (53h:40m:55s left)
Iteration 180 / LogL: -785970.758 / Time: 229h:12m:6s (40h:58m:27s left)
Estimate model parameters (epsilon = 0.100)
BETTER TREE FOUND at iteration 182: -785912.939
Iteration 190 / LogL: -785920.120 / Time: 242h:2m:15s (117h:48m:59s left)
Estimate model parameters (epsilon = 0.100)
BETTER TREE FOUND at iteration 191: -785905.909
Estimate model parameters (epsilon = 0.100)
BETTER TREE FOUND at iteration 193: -785891.028
Iteration 200 / LogL: -785918.541 / Time: 256h:5m:37s (119h:40m:53s left)
Estimate model parameters (epsilon = 0.100)
BETTER TREE FOUND at iteration 203: -785886.775
Iteration 210 / LogL: -785905.536 / Time: 268h:2m:5s (119h:16m:6s left)
Iteration 220 / LogL: -785914.843 / Time: 280h:17m:53s (106h:13m:52s left)
Estimate model parameters (epsilon = 0.100)
BETTER TREE FOUND at iteration 226: -785883.378
Estimate model parameters (epsilon = 0.100)
BETTER TREE FOUND at iteration 229: -785883.277
Iteration 230 / LogL: -785897.712 / Time: 290h:59m:23s (125h:47m:55s left)
Estimate model parameters (epsilon = 0.100)
BETTER TREE FOUND at iteration 234: -785872.463
Estimate model parameters (epsilon = 0.100)
BETTER TREE FOUND at iteration 238: -785870.298
Estimate model parameters (epsilon = 0.100)
BETTER TREE FOUND at iteration 240: -785862.049
Iteration 240 / LogL: -785862.049 / Time: 304h:15m:42s (127h:18m:20s left)
Iteration 250 / LogL: -785878.496 / Time: 316h:49m:5s (114h:30m:43s left)
Iteration 260 / LogL: -785917.153 / Time: 328h:5m:45s (101h:20m:31s left)
Iteration 270 / LogL: -785876.877 / Time: 337h:37m:45s (87h:51m:31s left)
Estimate model parameters (epsilon = 0.100)
BETTER TREE FOUND at iteration 280: -785853.978
Iteration 280 / LogL: -785853.978 / Time: 349h:41m:35s (125h:20m:15s left)
Estimate model parameters (epsilon = 0.100)
BETTER TREE FOUND at iteration 284: -785845.658
Iteration 290 / LogL: -785872.058 / Time: 360h:41m:5s (117h:18m:56s left)
Iteration 300 / LogL: -785876.079 / Time: 370h:29m:54s (104h:5m:10s left)
Iteration 310 / LogL: -785871.184 / Time: 380h:52m:30s (91h:12m:45s left)
Iteration 320 / LogL: -785872.596 / Time: 392h:9m:31s (78h:40m:38s left)
Estimate model parameters (epsilon = 0.100)
BETTER TREE FOUND at iteration 323: -785844.086
Estimate model parameters (epsilon = 0.100)
BETTER TREE FOUND at iteration 325: -785841.227
Iteration 330 / LogL: -785842.641 / Time: 401h:47m:4s (116h:0m:59s left)

******************************************************
CHECKPOINT: Resuming analysis from euk5_homs4.CAPD2.linsi.iqtree.ckp.gz

IQ-TREE multicore version 2.0.3 for Linux 64-bit built Apr 26 2020
Developed by Bui Quang Minh, Nguyen Lam Tung, Olga Chernomor,
Heiko Schmidt, Dominik Schrempf, Michael Woodhams.

Host:    Amoeba-mt2 (AVX, 251 GB RAM)
Command: /mnt/compute/jolien/anaconda3/bin/iqtree -s euk5_homs4.CAPD2.linsi.fa -m LG+C10 -alrt 1000 -T 4 -pre euk5_homs4.CAPD2.linsi.iqtree
Seed:    864050 (Using SPRNG - Scalable Parallel Random Number Generator)
Time:    Mon Jul  4 14:09:44 2022
Kernel:  AVX - 4 threads (2 CPU cores detected)
ERROR: You have specified more threads than CPU cores available

******************************************************
CHECKPOINT: Resuming analysis from euk5_homs4.CAPD2.linsi.iqtree.ckp.gz

IQ-TREE multicore version 2.0.3 for Linux 64-bit built Apr 26 2020
Developed by Bui Quang Minh, Nguyen Lam Tung, Olga Chernomor,
Heiko Schmidt, Dominik Schrempf, Michael Woodhams.

Host:    Amoeba-mt2 (AVX, 251 GB RAM)
Command: /mnt/compute/jolien/anaconda3/bin/iqtree -s euk5_homs4.CAPD2.linsi.fa -m LG+C10 -alrt 1000 -T 4 -pre euk5_homs4.CAPD2.linsi.iqtree
Seed:    346333 (Using SPRNG - Scalable Parallel Random Number Generator)
Time:    Mon Jul  4 14:59:52 2022
Kernel:  AVX - 4 threads (4 CPU cores detected)

Reading alignment file euk5_homs4.CAPD2.linsi.fa ... Fasta format detected
Alignment most likely contains protein sequences
WARNING: 2 sites contain only gaps or ambiguous characters.
Alignment has 371 sequences with 9368 columns, 7807 distinct patterns
3745 parsimony-informative, 2980 singleton sites, 2643 constant sites
              Gap/Ambiguity  Composition  p-value
   1  NEMVEC023925   85.41%    failed      0.00%
   2  SALKVE017294   85.77%    failed      0.00%
   3  BRABEL029502   84.07%    failed      0.00%
   4  PHYPOL000844   85.81%    failed      0.00%
   5  CRAGIG062650   84.21%    failed      0.00%
   6  GLOWIT012859   83.46%    failed      0.00%
   7  KLENIT003076   80.49%    failed      0.00%
   8  CAPOWC007972   82.72%    failed      0.00%
   9  LEUCOM016754   83.59%    failed      0.00%
  10  RHIIRR020166   86.50%    failed      0.00%
  11  PICSPE013331   84.46%    failed      0.00%
  12  CYCPAN003888   82.34%    failed      0.00%
  13  SYNPLU002888   85.00%    failed      0.00%
  14  CYAPAR009186   83.79%    failed      0.00%
  15  MORVER003650   84.24%    failed      0.00%
  16  CHRPER006861   84.91%    failed      0.00%
  17  SPIPUN002681   86.02%    failed      0.00%
  18  PLAFUN002057   87.29%    failed      0.00%
  19  CRYNEO000008   84.97%    failed      0.00%
  20  MARPOL007622   84.56%    failed      0.00%
  21  DIAGRA034970   86.59%    failed      0.00%
  22  HOMSAP051815   85.04%    failed      0.00%
  23  BASMER009451   86.77%    failed      0.00%
  24  ARATHA005544   84.90%    failed      0.00%
  25  PLAMIC003191   85.89%    failed      0.00%
  26  BASMER013765   86.81%    failed      0.00%
  27  MATSPE023233   84.32%    failed      0.00%
  28  ACAPLA032274   86.98%    failed      0.00%
  29  MONBRE002273   85.51%    failed      0.00%
  30  GONPRO010978   85.33%    failed      0.00%
  31  MNELEI010092   85.91%    failed      0.00%
  32  DANRER021694   85.01%    failed      0.00%
  33  SECSPE007350   86.58%    failed      0.00%
  34  CHLATM002805   85.58%    failed      0.00%
  35  MASBAL012887   83.66%    failed      0.00%
  36  DAPMAG014143   84.49%    failed      0.00%
  37  SORBIC015700   86.38%    failed      0.00%
  38  USTMAY003116   84.94%    failed      0.00%
  39  CHLVAR005156   82.96%    failed      0.00%
  40  ARCINT008908   85.39%    failed      0.00%
  41  CHABRA007882   82.10%    failed      0.00%
  42  UMBRAM007003   86.85%    failed      0.00%
  43  PHAKIR006659   85.88%    failed      0.00%
  44  TRIADH001065   86.71%    failed      0.00%
  45  SPISPE005972   84.38%    failed      0.00%
  46  SAPDIC013387   86.66%    failed      0.00%
  47  NEOSPE006263   88.33%    failed      0.00%
  48  PAUCHR000368   84.16%    failed      0.00%
  49  RHOMAR013909   85.48%    failed      0.00%
  50  IXOSCA030355   84.62%    failed      0.00%
  51  GUITHE009023   87.83%    failed      0.00%
  52  AGABIS005906   85.74%    failed      0.00%
  53  DIPROT020081   85.47%    failed      0.00%
  54  MALJAK019638   85.50%    failed      0.00%
  55  DICDIS005406   85.02%    failed      0.00%
  56  HALSEO000945   84.15%    failed      0.00%
  57  GEMCRY037598   86.76%    failed      0.00%
  58  PARTRI009686   86.24%    failed      0.00%
  59  COCSUB005746   82.51%    failed      0.00%
  60  RIGRAM021906   85.96%    failed      0.00%
  61  MICSPE002247   83.63%    failed      0.00%
  62  NEUCRA003016   86.67%    failed      0.00%
  63  OSTTAU000592   86.29%    failed      0.00%
  64  ELPMAR013318   81.54%    failed      0.00%
  65  CREFRA003004   85.94%    failed      0.00%
  66  PLABRA001429   86.20%    failed      0.00%
  67  PRACOL003080   86.44%    failed      0.00%
  68  CLAOKA005553   83.43%    failed      0.00%
  69  ACACAS003729   85.81%    failed      0.00%
  70  COEREV001438   87.61%    failed      0.00%
  71  PHYINF002784   85.90%    failed      0.00%
  72  GEFOKE014172   87.89%    failed      0.00%
  73  NEODAM007483   87.76%    failed      0.00%
  74  CIOINT002998   86.84%    failed      0.00%
  75  THETRA010560   86.84%    failed      0.00%
  76  NAEFOW010541   84.44%    failed      0.00%
  77  HONFER002907   85.31%    failed      0.00%
  78  SCHMAN005603   85.50%    failed      0.00%
  79  PHATRI008782   86.33%    failed      0.00%
  80  OXYTRI011589   83.20%    failed      0.00%
  81  STEHIS015499   83.20%    failed      0.00%
  82  GEPOCE029391   86.83%    failed      0.00%
  83  AURLIM014413   85.43%    failed      0.00%
  84  TETTHE008698   85.10%    failed      0.00%
  85  GRACHO002236   86.90%    failed      0.00%
  86  OXYTRI005859   83.35%    failed      0.00%
  87  STEHIS012634   83.35%    failed      0.00%
  88  DROMEL011608   85.27%    failed      0.00%
  89  MASSPE006691   84.98%    failed      0.00%
  90  RAMBRE002445   84.96%    failed      0.00%
  91  JAKBAH007879   85.51%    failed      0.00%
  92  PSEPER004116   83.96%    failed      0.00%
  93  SCHPOM001613   87.64%    failed      0.00%
  94  ANDGOD001862   85.13%    failed      0.00%
  95  PORPUR005792   85.42%    failed      0.00%
  96  GALSUL004476   86.67%    failed      0.00%
  97  SACCER005416   87.45%    failed      0.00%
  98  TETTHE012223   84.23%    failed      0.00%
  99  APISPI055575   85.30%    failed      0.00%
 100  ALLMAC014015   86.22%    failed      0.00%
 101  BIGNAT015897   86.76%    failed      0.00%
 102  VERVER002410   91.79%    failed      0.00%
 103  RUSMAR000805   86.67%    failed      0.00%
 104  BODSAL007349   84.17%    failed      0.00%
 105  RUSMAR000440   87.89%    failed      0.00%
 106  CAULEN005529   86.39%    failed      0.00%
 107  LEIMAJ001955   86.59%    failed      0.00%
 108  DIALUT005180   83.56%    failed      0.00%
 109  MALCAL010696   91.13%    failed      0.00%
 110  COLSPE010776   90.12%    failed      0.00%
 111  HEMPHA011039   84.17%    failed      0.00%
 112  POLPAL009275   87.47%    failed      0.00%
 113  TRYBRU003348   86.57%    failed      0.00%
 114  PAPANK026024   87.66%    failed      0.03%
 115  PARTET016291   87.23%    failed      0.00%
 116  PARTET025453   87.28%    failed      0.00%
 117  RHYHUM012679   84.18%    failed      0.00%
 118  SYMSPE037904   83.84%    failed      0.00%
 119  CYAMER003210   82.29%    failed      0.00%
 120  ENTHIS005518   88.57%    failed      0.00%
 121  PERSWS008599   85.75%    failed      0.00%
 122  STECOE023191   88.57%    failed      0.00%
 123  CRYCOH016151   84.01%    failed      0.00%
 124  BAFFRI038007   90.35%    failed      0.00%
 125  CHLREI012093   82.53%    failed      0.00%
 126  PERSPE004160   82.64%    failed      0.00%
 127  PARTET022561   87.33%    failed      0.00%
 128  CYAPAR009182   91.82%    failed      0.00%
 129  PYGBIF006345   92.57%    failed      0.00%
 130  PARTET016392   88.10%    failed      0.00%
 131  PARTET025427   88.10%    failed      0.00%
 132  PRIPAC027071   82.69%    failed      0.00%
 133  NEPPYR024282   91.86%    failed      0.00%
 134  NUTLON011892   94.05%    failed      0.00%
 135  COLSPE016774   87.71%    failed      0.00%
 136  GEMCRY031379   92.92%    failed      0.00%
 137  MALJAK007597   91.01%    failed      0.00%
 138  STECOE010689   90.26%    failed      0.00%
 139  LEPVOR024984   92.91%    failed      0.01%
 140  BOMMOR007170   89.83%    failed      0.00%
 141  NEPPYR004757   95.60%    failed      0.00%
 142  THEPAR001334   81.58%    failed      0.00%
 143  HEMKUK001723   93.85%    failed      0.00%
 144  RAMVAR001019   84.83%    failed      0.00%
 145  MALJAK007621   95.36%    failed      0.00%
 146  PARATL001936   95.85%    failed      0.00%
 147  MONEXI006984   73.68%    failed      0.00%
 148  NUCSPE075764   95.64%    failed      0.00%
 149  ROZALL003096   92.14%    failed      0.00%
 150  ROZALL004397   94.53%    failed      0.00%
 151  HYPCAT011692   97.09%    failed      3.18%
 152  HEMSPE007423   87.88%    failed      0.00%
 153  PYGBIF005883   93.52%    failed      0.35%
 154  LENLIM004436   89.73%    failed      0.00%
 155  BAFFRI004885   94.53%    failed      0.00%
 156  STRRAT005594   85.64%    failed      0.00%
 157  NUCSPE091597   93.32%    failed      0.00%
 158  PARATL004605   93.32%    failed      0.00%
 159  MADERY016753   96.17%    failed      0.00%
 160  COLSPE013136   94.31%    failed      0.00%
 161  EUGLON013240   95.25%    failed      0.01%
 162  PARTET034124   88.04%    failed      0.00%
 163  GONPAC031729   97.15%    failed      0.00%
 164  TOXGON002945   73.68%    failed      0.00%
 165  PLAFAL004883   79.13%    failed      0.00%
 166  AURLIM007635   94.75%    failed      0.04%
 167  ALLMAC015185   94.73%    failed      0.00%
 168  GONPAC003579   97.10%    failed      0.00%
 169  HYPCAT011690   94.84%    failed      0.00%
 170  ANAIGN005772   94.12%    failed      0.00%
 171  PSEPER006773   94.94%    failed      0.00%
 172  BOMMOR004512   94.88%    failed      3.34%
 173  ENTSUL043218   95.14%    failed      0.18%
 174  CRYMUR003328   83.34%    failed      0.00%
 175  ENCINT000517   90.16%    failed      0.00%
 176  COLVIE010729   94.69%    failed      0.04%
 177  BARSPE013999   88.68%    failed      0.00%
 178  GEFOKE005796   86.88%    failed      0.00%
 179  VAVCUL000064   90.55%    failed      0.00%
 180  VERVER011175   96.11%    failed      0.23%
 181  MICMAR171505   98.31%    passed     23.97%
 182  LAPGUS014349   98.36%    passed     45.03%
 183  RIGRAM021905   95.90%    failed      0.10%
 184  TELSUB005376   97.24%    failed      0.58%
 185  MONNEG004404   93.03%    failed      0.00%
 186  CARMEM001697   90.22%    failed      0.00%
 187  TELSUB031886   98.11%    passed     51.06%
 188  EUGLON031130   97.02%    failed      0.19%
 189  NUTLON005478   96.13%    failed      0.01%
 190  LEPVOR024983   97.57%    passed     10.93%
 191  MANPLA014971   98.86%    passed     45.43%
 192  TELSUB019768   96.52%    failed      0.05%
 193  ACASPE024148   97.13%    failed      0.30%
 194  ACAPLA011386   96.82%    failed      0.00%
 195  ENTSUL016420   96.23%    failed      0.00%
 196  CHASUB008470   98.15%    failed      2.20%
 197  LEUCOM020195   97.00%    failed      3.95%
 198  MANPLA028856   97.66%    failed      0.00%
 199  RAPHET012906   98.87%    failed      2.22%
 200  COLVIE041668   98.90%    passed     79.78%
 201  NUTLON002055   97.44%    failed      0.00%
 202  NUTLON000426   98.36%    passed     21.54%
 203  MALCAL010697   98.09%    passed     36.33%
 204  CIOINT003035   97.53%    failed      2.63%
 205  ALLMAC015631   97.48%    failed      1.81%
 206  ANAIGN014211   97.79%    failed      0.00%
 207  TELSUB014423   98.42%    failed      0.33%
 208  ENTSUL012113   96.64%    failed      0.00%
 209  ANCTWI018265   98.93%    passed      5.54%
 210  ACASPE022265   98.05%    failed      0.24%
 211  ANAIGN014212   97.96%    failed      0.00%
 212  COLVIE026522   95.89%    failed      0.26%
 213  MANPLA019276   98.76%    passed     37.02%
 214  LAPGUS014359   96.18%    failed      0.00%
 215  LAPGUS037169   98.24%    passed     21.20%
 216  CHASUB022136   98.36%    failed      0.03%
 217  BRABEL034543   83.64%    failed      0.00%
 218  COLVIE024313   96.81%    failed      0.19%
 219  MANPLA012611   97.80%    failed      0.09%
 220  SALKVE019232   84.66%    failed      0.00%
 221  PALBIL001942   85.53%    failed      0.00%
 222  EUGLON014845   98.46%    failed      0.16%
 223  MADERY028419   99.11%    failed      3.85%
 224  ARATHA032801   85.97%    failed      0.00%
 225  PLAFUN012662   84.15%    failed      0.00%
 226  ACAPLA026850   82.27%    failed      0.00%
 227  KLENIT008696   80.51%    failed      0.00%
 228  GUITHE022207   90.44%    failed      0.00%
 229  RAPHET012905   97.45%    failed      0.00%
 230  TRIADH004442   87.69%    failed      0.00%
 231  CRAGIG035179   82.55%    failed      0.00%
 232  PHYPOL000676   85.99%    failed      0.00%
 233  GEFOKE005476   86.01%    failed      0.00%
 234  SAPDIC001953   85.26%    failed      0.00%
 235  ANAIGN017975   98.64%    failed      0.00%
 236  THETRA002546   85.12%    failed      0.00%
 237  ACASPE019404   98.32%    failed      0.06%
 238  MICMAR178971   99.04%    passed     59.40%
 239  NANOCE112051   82.63%    failed      0.00%
 240  MALJAK005694   90.71%    failed      0.00%
 241  CAPOWC002238   82.92%    failed      0.00%
 242  VERVER000851   91.86%    failed      0.00%
 243  MALCAL009605   88.82%    failed      0.00%
 244  DANRER020979   84.85%    failed      0.00%
 245  NANOCE017757   80.68%    failed      0.00%
 246  BAFFRI027614   90.26%    failed      0.00%
 247  HALSEO008286   85.64%    failed      0.00%
 248  MANPLA007634   98.90%    failed      3.99%
 249  CYCPAN009967   80.79%    failed      0.00%
 250  POLPAL002788   78.70%    failed      0.00%
 251  NANOCE039708   81.75%    failed      0.00%
 252  MATSPE019106   84.27%    failed      0.00%
 253  DICDIS009092   80.88%    failed      0.00%
 254  TELSUB018589   88.76%    failed      0.00%
 255  PSEPER006593   98.94%    failed      3.21%
 256  HOMSAP052152   84.01%    failed      0.00%
 257  RIGRAM024991   84.91%    failed      0.00%
 258  GEPOCE025902   89.36%    failed      0.00%
 259  DIAGRA035348   83.49%    failed      0.00%
 260  NEMVEC017135   93.32%    failed      0.01%
 261  HYPCAT004495   89.94%    failed      0.00%
 262  HONFER001123   84.28%    failed      0.00%
 263  HEMKUK007360   86.70%    failed      0.00%
 264  MADERY027823   99.06%    failed      2.77%
 265  IXOSCA011725   83.00%    failed      0.00%
 266  MONNEG003528   95.73%    failed      0.00%
 267  NUTLON020110   97.67%    passed     28.89%
 268  RHOMAR002342   82.78%    failed      0.00%
 269  SORBIC000901   86.29%    failed      0.00%
 270  MALJAK013008   93.79%    failed      0.00%
 271  AURLIM014186   84.31%    failed      0.00%
 272  SPISPE001834   83.05%    failed      0.00%
 273  LEUCOM037490   98.43%    failed      0.05%
 274  ARCINT015592   87.43%    failed      0.00%
 275  COLSPE010841   82.18%    failed      0.00%
 276  NEPPYR019607   94.41%    failed      0.00%
 277  LEUCOM028490   83.68%    failed      0.00%
 278  PHYINF001707   84.13%    failed      0.00%
 279  PLATAR000727   98.69%    failed      0.00%
 280  CYAPAR007824   84.04%    failed      0.00%
 281  CHRPER002539   84.15%    failed      0.00%
 282  PLAMIC004336   84.38%    failed      0.00%
 283  CYAMER001422   82.71%    failed      0.00%
 284  CHLREI005747   80.75%    failed      0.00%
 285  MNELEI009118   81.65%    failed      0.00%
 286  CLAOKA012149   80.68%    failed      0.00%
 287  NEODAM005679   87.70%    failed      0.00%
 288  NUCSPE076798   94.37%    failed      0.00%
 289  PARATL002132   94.37%    failed      0.00%
 290  GIAINT004364   87.28%    failed      0.00%
 291  TRIVAG013402   87.97%    failed      0.00%
 292  HEMSPE001698   86.28%    failed      0.00%
 293  DIPROT028184   85.28%    failed      0.00%
 294  DIPROT028187   85.94%    failed      0.00%
 295  PICSPE027917   88.94%    failed      0.00%
 296  MICMAR178958   99.10%    passed     53.16%
 297  PRYPAR004449   98.76%    failed      2.80%
 298  PRYPAR006007   98.23%    failed      0.02%
 299  PICSPE028142   88.36%    failed      0.00%
 300  NUCSPE091604   99.00%    failed      3.07%
 301  MARPOL010461   81.98%    failed      0.00%
 302  CHABRA022259   79.90%    failed      0.00%
 303  TELSUB011281   97.58%    passed     12.02%
 304  EUGLON039591   98.85%    passed     12.34%
 305  MANPLA015915   98.11%    failed      0.00%
 306  PRACOL004083   84.84%    failed      0.00%
 307  NUCSPE075762   98.78%    failed      2.03%
 308  PARATL001935   98.78%    failed      2.03%
 309  GRACHO000699   87.41%    failed      0.00%
 310  PAPANK026023   97.64%    failed      0.00%
 311  RHYHUM019885   88.11%    failed      0.00%
 312  CRYCOH054585   85.01%    failed      0.00%
 313  MASBAL009083   83.27%    failed      0.00%
 314  NAEFOW009146   86.53%    failed      0.00%
 315  PRIPAC002481   78.06%    failed      0.00%
 316  SECSPE006851   80.19%    failed      0.00%
 317  PAUCHR004519   93.56%    failed      0.00%
 318  COCSUB006965   86.12%    failed      0.00%
 319  TRIVAG056503   87.93%    failed      0.00%
 320  EUGLON013558   98.31%    failed      1.42%
 321  TELSUB018588   93.76%    failed      0.17%
 322  PHAKIR015329   93.87%    failed      0.00%
 323  MANPLA026289   98.03%    passed      6.14%
 324  TRIVAG004982   88.70%    failed      0.00%
 325  HEMPHA042820   85.28%    failed      0.00%
 326  PHATRI006028   83.30%    failed      0.00%
 327  LEUCOM044885   96.96%    failed      0.00%
 328  STRRAT004438   85.01%    failed      0.00%
 329  PERMAR003833   86.23%    failed      0.00%
 330  ACASPE024166   98.88%    failed      0.13%
 331  MICMAR181031   98.82%    failed      0.21%
 332  NUCSPE091613   98.69%    failed      0.05%
 333  PARATL004607   98.69%    failed      0.05%
 334  DYSBRE009222   95.27%    failed      0.00%
 335  PERSWS000137   88.61%    failed      0.00%
 336  BIGNAT010017   84.64%    failed      0.00%
 337  ANAIGN006277   87.92%    failed      0.00%
 338  CARMEM007970   88.40%    failed      0.00%
 339  EUGLON000987   89.73%    failed      0.00%
 340  LAPGUS004185   98.21%    failed      0.00%
 341  JAKBAH001134   84.61%    failed      0.00%
 342  ANAIGN015779   97.91%    failed      0.00%
 343  ENTSUL055267   98.61%    passed     36.36%
 344  STRRAT003522   85.00%    failed      0.00%
 345  HALSPE003779   98.99%    failed      0.20%
 346  PORPUR002260   85.34%    failed      0.00%
 347  HEMPHA025704   86.42%    failed      0.00%
 348  MADERY015364   97.43%    failed      0.03%
 349  HEMSPE001208   85.23%    failed      0.00%
 350  LAPGUS037472   98.92%    failed      0.00%
 351  PICSPE026446   92.73%    failed      0.00%
 352  MICMAR050604   99.09%    passed     34.71%
 353  CIOINT006859   87.38%    failed      0.00%
 354  ENTSUL042449   95.50%    failed      0.01%
 355  KLENIT010647   91.34%    failed      0.00%
 356  COLVIE031026   98.58%    passed      7.21%
 357  DIALUT010350   85.87%    failed      0.00%
 358  CHOSPE037995   97.96%    failed      0.00%
 359  CHLVAR009452   82.93%    failed      0.00%
 360  RIGRAM012453   85.83%    failed      0.00%
 361  VITBRA005486   79.33%    failed      0.00%
 362  RAMVAR020834   86.15%    failed      0.00%
 363  DROMEL015712   86.48%    failed      0.00%
 364  PALBIL020600   99.36%    failed      0.69%
 365  THETRA001824   79.47%    failed      0.00%
 366  LEPVOR038572   96.05%    failed      0.00%
 367  LEPVOR038571   95.58%    failed      0.06%
 368  GRACHO010061   82.38%    failed      0.00%
 369  PLATAR005507   95.13%    failed      0.00%
 370  CHABRA016139   82.39%    failed      0.00%
 371  MANPLA012863   91.35%    failed      0.00%
WARNING: 371 sequences contain more than 50% gaps/ambiguity
****  TOTAL          89.14%  351 sequences failed composition chi2 test (p-value<5%; df=19)
NOTE: STEHIS015499 is identical to OXYTRI011589 but kept for subsequent analysis
NOTE: STEHIS012634 is identical to OXYTRI005859 but kept for subsequent analysis
NOTE: PARATL004605 is identical to NUCSPE091597 but kept for subsequent analysis
NOTE: PARATL002132 is identical to NUCSPE076798 but kept for subsequent analysis
NOTE: PARATL001935 is identical to NUCSPE075762 but kept for subsequent analysis
NOTE: PARATL004607 is identical to NUCSPE091613 but kept for subsequent analysis

CHECKPOINT: Initial tree restored
Model LG+C10 is alias for LG+POISSON+G+FMIX{C10pi1:1:0.1191344178,C10pi2:1:0.0874372456,C10pi3:1:0.1037105070,C10pi4:1:0.0922584809,C10pi5:1:0.1070492801,C10pi6:1:0.1329945166,C10pi7:1:0.0538028458,C10pi8:1:0.0691986212,C10pi9:1:0.1319937434,C10pi10:1:0.1024203429}

NOTE: 17947 MB RAM (17 GB) is required!
CHECKPOINT: Model parameters restored, LogL: -785841.227
--------------------------------------------------------------------
|             INITIALIZING CANDIDATE TREE SET                      |
--------------------------------------------------------------------
CHECKPOINT: Candidate tree set restored, best LogL: -785841.227
Finish initializing candidate tree set (20)
Current best tree score: -785841.227 / CPU time: 0.000
Number of iterations: 330
--------------------------------------------------------------------
|               OPTIMIZING CANDIDATE TREE SET                      |
--------------------------------------------------------------------
Iteration 340 / LogL: -785859.972 / Time: 12h:52m:18s (3h:13m:38s left)
Iteration 350 / LogL: -785922.830 / Time: 23h:36m:16s (5h:4m:21s left)
Iteration 360 / LogL: -785875.063 / Time: 33h:43m:28s (6h:6m:22s left)
Iteration 370 / LogL: -785852.373 / Time: 44h:32m:50s (6h:38m:23s left)
NOTE: 265.104 seconds to dump checkpoint file, increase to 5303.000
Estimate model parameters (epsilon = 0.100)
BETTER TREE FOUND at iteration 380: -785832.204
Iteration 380 / LogL: -785832.204 / Time: 56h:38m:4s (14h:56m:35s left)
Estimate model parameters (epsilon = 0.100)
BETTER TREE FOUND at iteration 384: -785829.992
Iteration 390 / LogL: -785856.527 / Time: 67h:40m:30s (16h:21m:12s left)
Iteration 400 / LogL: -785862.476 / Time: 80h:11m:11s (16h:52m:52s left)
Iteration 410 / LogL: -785836.176 / Time: 92h:12m:51s (16h:41m:3s left)
Iteration 420 / LogL: -785833.862 / Time: 104h:32m:37s (15h:58m:6s left)
Estimate model parameters (epsilon = 0.100)
BETTER TREE FOUND at iteration 427: -785829.393
Estimate model parameters (epsilon = 0.100)
BETTER TREE FOUND at iteration 430: -785828.926
Iteration 430 / LogL: -785828.926 / Time: 116h:20m:15s (27h:7m:5s left)
Estimate model parameters (epsilon = 0.100)
BETTER TREE FOUND at iteration 434: -785826.523
Iteration 440 / LogL: -785835.458 / Time: 128h:18m:20s (27h:28m:23s left)
Iteration 450 / LogL: -785848.510 / Time: 141h:4m:33s (26h:23m:34s left)
Estimate model parameters (epsilon = 0.100)
BETTER TREE FOUND at iteration 452: -785818.713
Estimate model parameters (epsilon = 0.100)
BETTER TREE FOUND at iteration 454: -785818.663
Estimate model parameters (epsilon = 0.100)
BETTER TREE FOUND at iteration 455: -785816.805
Iteration 460 / LogL: -785823.785 / Time: 151h:30m:51s (31h:21m:33s left)
Iteration 470 / LogL: -785829.042 / Time: 161h:35m:47s (29h:17m:13s left)

******************************************************
CHECKPOINT: Resuming analysis from euk5_homs4.CAPD2.linsi.iqtree.ckp.gz

IQ-TREE multicore version 2.0.3 for Linux 64-bit built Apr 26 2020
Developed by Bui Quang Minh, Nguyen Lam Tung, Olga Chernomor,
Heiko Schmidt, Dominik Schrempf, Michael Woodhams.

Host:    Amoeba-mt3 (AVX, 220 GB RAM)
Command: /mnt/compute/jolien/anaconda3/bin/iqtree -s euk5_homs4.CAPD2.linsi.fa -m LG+C10 -alrt 1000 -T 4 -pre euk5_homs4.CAPD2.linsi.iqtree
Seed:    531875 (Using SPRNG - Scalable Parallel Random Number Generator)
Time:    Tue Jul 12 08:50:03 2022
Kernel:  AVX - 4 threads (4 CPU cores detected)

Reading alignment file euk5_homs4.CAPD2.linsi.fa ... Fasta format detected
Alignment most likely contains protein sequences
WARNING: 2 sites contain only gaps or ambiguous characters.
Alignment has 371 sequences with 9368 columns, 7807 distinct patterns
3745 parsimony-informative, 2980 singleton sites, 2643 constant sites
              Gap/Ambiguity  Composition  p-value
   1  NEMVEC023925   85.41%    failed      0.00%
   2  SALKVE017294   85.77%    failed      0.00%
   3  BRABEL029502   84.07%    failed      0.00%
   4  PHYPOL000844   85.81%    failed      0.00%
   5  CRAGIG062650   84.21%    failed      0.00%
   6  GLOWIT012859   83.46%    failed      0.00%
   7  KLENIT003076   80.49%    failed      0.00%
   8  CAPOWC007972   82.72%    failed      0.00%
   9  LEUCOM016754   83.59%    failed      0.00%
  10  RHIIRR020166   86.50%    failed      0.00%
  11  PICSPE013331   84.46%    failed      0.00%
  12  CYCPAN003888   82.34%    failed      0.00%
  13  SYNPLU002888   85.00%    failed      0.00%
  14  CYAPAR009186   83.79%    failed      0.00%
  15  MORVER003650   84.24%    failed      0.00%
  16  CHRPER006861   84.91%    failed      0.00%
  17  SPIPUN002681   86.02%    failed      0.00%
  18  PLAFUN002057   87.29%    failed      0.00%
  19  CRYNEO000008   84.97%    failed      0.00%
  20  MARPOL007622   84.56%    failed      0.00%
  21  DIAGRA034970   86.59%    failed      0.00%
  22  HOMSAP051815   85.04%    failed      0.00%
  23  BASMER009451   86.77%    failed      0.00%
  24  ARATHA005544   84.90%    failed      0.00%
  25  PLAMIC003191   85.89%    failed      0.00%
  26  BASMER013765   86.81%    failed      0.00%
  27  MATSPE023233   84.32%    failed      0.00%
  28  ACAPLA032274   86.98%    failed      0.00%
  29  MONBRE002273   85.51%    failed      0.00%
  30  GONPRO010978   85.33%    failed      0.00%
  31  MNELEI010092   85.91%    failed      0.00%
  32  DANRER021694   85.01%    failed      0.00%
  33  SECSPE007350   86.58%    failed      0.00%
  34  CHLATM002805   85.58%    failed      0.00%
  35  MASBAL012887   83.66%    failed      0.00%
  36  DAPMAG014143   84.49%    failed      0.00%
  37  SORBIC015700   86.38%    failed      0.00%
  38  USTMAY003116   84.94%    failed      0.00%
  39  CHLVAR005156   82.96%    failed      0.00%
  40  ARCINT008908   85.39%    failed      0.00%
  41  CHABRA007882   82.10%    failed      0.00%
  42  UMBRAM007003   86.85%    failed      0.00%
  43  PHAKIR006659   85.88%    failed      0.00%
  44  TRIADH001065   86.71%    failed      0.00%
  45  SPISPE005972   84.38%    failed      0.00%
  46  SAPDIC013387   86.66%    failed      0.00%
  47  NEOSPE006263   88.33%    failed      0.00%
  48  PAUCHR000368   84.16%    failed      0.00%
  49  RHOMAR013909   85.48%    failed      0.00%
  50  IXOSCA030355   84.62%    failed      0.00%
  51  GUITHE009023   87.83%    failed      0.00%
  52  AGABIS005906   85.74%    failed      0.00%
  53  DIPROT020081   85.47%    failed      0.00%
  54  MALJAK019638   85.50%    failed      0.00%
  55  DICDIS005406   85.02%    failed      0.00%
  56  HALSEO000945   84.15%    failed      0.00%
  57  GEMCRY037598   86.76%    failed      0.00%
  58  PARTRI009686   86.24%    failed      0.00%
  59  COCSUB005746   82.51%    failed      0.00%
  60  RIGRAM021906   85.96%    failed      0.00%
  61  MICSPE002247   83.63%    failed      0.00%
  62  NEUCRA003016   86.67%    failed      0.00%
  63  OSTTAU000592   86.29%    failed      0.00%
  64  ELPMAR013318   81.54%    failed      0.00%
  65  CREFRA003004   85.94%    failed      0.00%
  66  PLABRA001429   86.20%    failed      0.00%
  67  PRACOL003080   86.44%    failed      0.00%
  68  CLAOKA005553   83.43%    failed      0.00%
  69  ACACAS003729   85.81%    failed      0.00%
  70  COEREV001438   87.61%    failed      0.00%
  71  PHYINF002784   85.90%    failed      0.00%
  72  GEFOKE014172   87.89%    failed      0.00%
  73  NEODAM007483   87.76%    failed      0.00%
  74  CIOINT002998   86.84%    failed      0.00%
  75  THETRA010560   86.84%    failed      0.00%
  76  NAEFOW010541   84.44%    failed      0.00%
  77  HONFER002907   85.31%    failed      0.00%
  78  SCHMAN005603   85.50%    failed      0.00%
  79  PHATRI008782   86.33%    failed      0.00%
  80  OXYTRI011589   83.20%    failed      0.00%
  81  STEHIS015499   83.20%    failed      0.00%
  82  GEPOCE029391   86.83%    failed      0.00%
  83  AURLIM014413   85.43%    failed      0.00%
  84  TETTHE008698   85.10%    failed      0.00%
  85  GRACHO002236   86.90%    failed      0.00%
  86  OXYTRI005859   83.35%    failed      0.00%
  87  STEHIS012634   83.35%    failed      0.00%
  88  DROMEL011608   85.27%    failed      0.00%
  89  MASSPE006691   84.98%    failed      0.00%
  90  RAMBRE002445   84.96%    failed      0.00%
  91  JAKBAH007879   85.51%    failed      0.00%
  92  PSEPER004116   83.96%    failed      0.00%
  93  SCHPOM001613   87.64%    failed      0.00%
  94  ANDGOD001862   85.13%    failed      0.00%
  95  PORPUR005792   85.42%    failed      0.00%
  96  GALSUL004476   86.67%    failed      0.00%
  97  SACCER005416   87.45%    failed      0.00%
  98  TETTHE012223   84.23%    failed      0.00%
  99  APISPI055575   85.30%    failed      0.00%
 100  ALLMAC014015   86.22%    failed      0.00%
 101  BIGNAT015897   86.76%    failed      0.00%
 102  VERVER002410   91.79%    failed      0.00%
 103  RUSMAR000805   86.67%    failed      0.00%
 104  BODSAL007349   84.17%    failed      0.00%
 105  RUSMAR000440   87.89%    failed      0.00%
 106  CAULEN005529   86.39%    failed      0.00%
 107  LEIMAJ001955   86.59%    failed      0.00%
 108  DIALUT005180   83.56%    failed      0.00%
 109  MALCAL010696   91.13%    failed      0.00%
 110  COLSPE010776   90.12%    failed      0.00%
 111  HEMPHA011039   84.17%    failed      0.00%
 112  POLPAL009275   87.47%    failed      0.00%
 113  TRYBRU003348   86.57%    failed      0.00%
 114  PAPANK026024   87.66%    failed      0.03%
 115  PARTET016291   87.23%    failed      0.00%
 116  PARTET025453   87.28%    failed      0.00%
 117  RHYHUM012679   84.18%    failed      0.00%
 118  SYMSPE037904   83.84%    failed      0.00%
 119  CYAMER003210   82.29%    failed      0.00%
 120  ENTHIS005518   88.57%    failed      0.00%
 121  PERSWS008599   85.75%    failed      0.00%
 122  STECOE023191   88.57%    failed      0.00%
 123  CRYCOH016151   84.01%    failed      0.00%
 124  BAFFRI038007   90.35%    failed      0.00%
 125  CHLREI012093   82.53%    failed      0.00%
 126  PERSPE004160   82.64%    failed      0.00%
 127  PARTET022561   87.33%    failed      0.00%
 128  CYAPAR009182   91.82%    failed      0.00%
 129  PYGBIF006345   92.57%    failed      0.00%
 130  PARTET016392   88.10%    failed      0.00%
 131  PARTET025427   88.10%    failed      0.00%
 132  PRIPAC027071   82.69%    failed      0.00%
 133  NEPPYR024282   91.86%    failed      0.00%
 134  NUTLON011892   94.05%    failed      0.00%
 135  COLSPE016774   87.71%    failed      0.00%
 136  GEMCRY031379   92.92%    failed      0.00%
 137  MALJAK007597   91.01%    failed      0.00%
 138  STECOE010689   90.26%    failed      0.00%
 139  LEPVOR024984   92.91%    failed      0.01%
 140  BOMMOR007170   89.83%    failed      0.00%
 141  NEPPYR004757   95.60%    failed      0.00%
 142  THEPAR001334   81.58%    failed      0.00%
 143  HEMKUK001723   93.85%    failed      0.00%
 144  RAMVAR001019   84.83%    failed      0.00%
 145  MALJAK007621   95.36%    failed      0.00%
 146  PARATL001936   95.85%    failed      0.00%
 147  MONEXI006984   73.68%    failed      0.00%
 148  NUCSPE075764   95.64%    failed      0.00%
 149  ROZALL003096   92.14%    failed      0.00%
 150  ROZALL004397   94.53%    failed      0.00%
 151  HYPCAT011692   97.09%    failed      3.18%
 152  HEMSPE007423   87.88%    failed      0.00%
 153  PYGBIF005883   93.52%    failed      0.35%
 154  LENLIM004436   89.73%    failed      0.00%
 155  BAFFRI004885   94.53%    failed      0.00%
 156  STRRAT005594   85.64%    failed      0.00%
 157  NUCSPE091597   93.32%    failed      0.00%
 158  PARATL004605   93.32%    failed      0.00%
 159  MADERY016753   96.17%    failed      0.00%
 160  COLSPE013136   94.31%    failed      0.00%
 161  EUGLON013240   95.25%    failed      0.01%
 162  PARTET034124   88.04%    failed      0.00%
 163  GONPAC031729   97.15%    failed      0.00%
 164  TOXGON002945   73.68%    failed      0.00%
 165  PLAFAL004883   79.13%    failed      0.00%
 166  AURLIM007635   94.75%    failed      0.04%
 167  ALLMAC015185   94.73%    failed      0.00%
 168  GONPAC003579   97.10%    failed      0.00%
 169  HYPCAT011690   94.84%    failed      0.00%
 170  ANAIGN005772   94.12%    failed      0.00%
 171  PSEPER006773   94.94%    failed      0.00%
 172  BOMMOR004512   94.88%    failed      3.34%
 173  ENTSUL043218   95.14%    failed      0.18%
 174  CRYMUR003328   83.34%    failed      0.00%
 175  ENCINT000517   90.16%    failed      0.00%
 176  COLVIE010729   94.69%    failed      0.04%
 177  BARSPE013999   88.68%    failed      0.00%
 178  GEFOKE005796   86.88%    failed      0.00%
 179  VAVCUL000064   90.55%    failed      0.00%
 180  VERVER011175   96.11%    failed      0.23%
 181  MICMAR171505   98.31%    passed     23.97%
 182  LAPGUS014349   98.36%    passed     45.03%
 183  RIGRAM021905   95.90%    failed      0.10%
 184  TELSUB005376   97.24%    failed      0.58%
 185  MONNEG004404   93.03%    failed      0.00%
 186  CARMEM001697   90.22%    failed      0.00%
 187  TELSUB031886   98.11%    passed     51.06%
 188  EUGLON031130   97.02%    failed      0.19%
 189  NUTLON005478   96.13%    failed      0.01%
 190  LEPVOR024983   97.57%    passed     10.93%
 191  MANPLA014971   98.86%    passed     45.43%
 192  TELSUB019768   96.52%    failed      0.05%
 193  ACASPE024148   97.13%    failed      0.30%
 194  ACAPLA011386   96.82%    failed      0.00%
 195  ENTSUL016420   96.23%    failed      0.00%
 196  CHASUB008470   98.15%    failed      2.20%
 197  LEUCOM020195   97.00%    failed      3.95%
 198  MANPLA028856   97.66%    failed      0.00%
 199  RAPHET012906   98.87%    failed      2.22%
 200  COLVIE041668   98.90%    passed     79.78%
 201  NUTLON002055   97.44%    failed      0.00%
 202  NUTLON000426   98.36%    passed     21.54%
 203  MALCAL010697   98.09%    passed     36.33%
 204  CIOINT003035   97.53%    failed      2.63%
 205  ALLMAC015631   97.48%    failed      1.81%
 206  ANAIGN014211   97.79%    failed      0.00%
 207  TELSUB014423   98.42%    failed      0.33%
 208  ENTSUL012113   96.64%    failed      0.00%
 209  ANCTWI018265   98.93%    passed      5.54%
 210  ACASPE022265   98.05%    failed      0.24%
 211  ANAIGN014212   97.96%    failed      0.00%
 212  COLVIE026522   95.89%    failed      0.26%
 213  MANPLA019276   98.76%    passed     37.02%
 214  LAPGUS014359   96.18%    failed      0.00%
 215  LAPGUS037169   98.24%    passed     21.20%
 216  CHASUB022136   98.36%    failed      0.03%
 217  BRABEL034543   83.64%    failed      0.00%
 218  COLVIE024313   96.81%    failed      0.19%
 219  MANPLA012611   97.80%    failed      0.09%
 220  SALKVE019232   84.66%    failed      0.00%
 221  PALBIL001942   85.53%    failed      0.00%
 222  EUGLON014845   98.46%    failed      0.16%
 223  MADERY028419   99.11%    failed      3.85%
 224  ARATHA032801   85.97%    failed      0.00%
 225  PLAFUN012662   84.15%    failed      0.00%
 226  ACAPLA026850   82.27%    failed      0.00%
 227  KLENIT008696   80.51%    failed      0.00%
 228  GUITHE022207   90.44%    failed      0.00%
 229  RAPHET012905   97.45%    failed      0.00%
 230  TRIADH004442   87.69%    failed      0.00%
 231  CRAGIG035179   82.55%    failed      0.00%
 232  PHYPOL000676   85.99%    failed      0.00%
 233  GEFOKE005476   86.01%    failed      0.00%
 234  SAPDIC001953   85.26%    failed      0.00%
 235  ANAIGN017975   98.64%    failed      0.00%
 236  THETRA002546   85.12%    failed      0.00%
 237  ACASPE019404   98.32%    failed      0.06%
 238  MICMAR178971   99.04%    passed     59.40%
 239  NANOCE112051   82.63%    failed      0.00%
 240  MALJAK005694   90.71%    failed      0.00%
 241  CAPOWC002238   82.92%    failed      0.00%
 242  VERVER000851   91.86%    failed      0.00%
 243  MALCAL009605   88.82%    failed      0.00%
 244  DANRER020979   84.85%    failed      0.00%
 245  NANOCE017757   80.68%    failed      0.00%
 246  BAFFRI027614   90.26%    failed      0.00%
 247  HALSEO008286   85.64%    failed      0.00%
 248  MANPLA007634   98.90%    failed      3.99%
 249  CYCPAN009967   80.79%    failed      0.00%
 250  POLPAL002788   78.70%    failed      0.00%
 251  NANOCE039708   81.75%    failed      0.00%
 252  MATSPE019106   84.27%    failed      0.00%
 253  DICDIS009092   80.88%    failed      0.00%
 254  TELSUB018589   88.76%    failed      0.00%
 255  PSEPER006593   98.94%    failed      3.21%
 256  HOMSAP052152   84.01%    failed      0.00%
 257  RIGRAM024991   84.91%    failed      0.00%
 258  GEPOCE025902   89.36%    failed      0.00%
 259  DIAGRA035348   83.49%    failed      0.00%
 260  NEMVEC017135   93.32%    failed      0.01%
 261  HYPCAT004495   89.94%    failed      0.00%
 262  HONFER001123   84.28%    failed      0.00%
 263  HEMKUK007360   86.70%    failed      0.00%
 264  MADERY027823   99.06%    failed      2.77%
 265  IXOSCA011725   83.00%    failed      0.00%
 266  MONNEG003528   95.73%    failed      0.00%
 267  NUTLON020110   97.67%    passed     28.89%
 268  RHOMAR002342   82.78%    failed      0.00%
 269  SORBIC000901   86.29%    failed      0.00%
 270  MALJAK013008   93.79%    failed      0.00%
 271  AURLIM014186   84.31%    failed      0.00%
 272  SPISPE001834   83.05%    failed      0.00%
 273  LEUCOM037490   98.43%    failed      0.05%
 274  ARCINT015592   87.43%    failed      0.00%
 275  COLSPE010841   82.18%    failed      0.00%
 276  NEPPYR019607   94.41%    failed      0.00%
 277  LEUCOM028490   83.68%    failed      0.00%
 278  PHYINF001707   84.13%    failed      0.00%
 279  PLATAR000727   98.69%    failed      0.00%
 280  CYAPAR007824   84.04%    failed      0.00%
 281  CHRPER002539   84.15%    failed      0.00%
 282  PLAMIC004336   84.38%    failed      0.00%
 283  CYAMER001422   82.71%    failed      0.00%
 284  CHLREI005747   80.75%    failed      0.00%
 285  MNELEI009118   81.65%    failed      0.00%
 286  CLAOKA012149   80.68%    failed      0.00%
 287  NEODAM005679   87.70%    failed      0.00%
 288  NUCSPE076798   94.37%    failed      0.00%
 289  PARATL002132   94.37%    failed      0.00%
 290  GIAINT004364   87.28%    failed      0.00%
 291  TRIVAG013402   87.97%    failed      0.00%
 292  HEMSPE001698   86.28%    failed      0.00%
 293  DIPROT028184   85.28%    failed      0.00%
 294  DIPROT028187   85.94%    failed      0.00%
 295  PICSPE027917   88.94%    failed      0.00%
 296  MICMAR178958   99.10%    passed     53.16%
 297  PRYPAR004449   98.76%    failed      2.80%
 298  PRYPAR006007   98.23%    failed      0.02%
 299  PICSPE028142   88.36%    failed      0.00%
 300  NUCSPE091604   99.00%    failed      3.07%
 301  MARPOL010461   81.98%    failed      0.00%
 302  CHABRA022259   79.90%    failed      0.00%
 303  TELSUB011281   97.58%    passed     12.02%
 304  EUGLON039591   98.85%    passed     12.34%
 305  MANPLA015915   98.11%    failed      0.00%
 306  PRACOL004083   84.84%    failed      0.00%
 307  NUCSPE075762   98.78%    failed      2.03%
 308  PARATL001935   98.78%    failed      2.03%
 309  GRACHO000699   87.41%    failed      0.00%
 310  PAPANK026023   97.64%    failed      0.00%
 311  RHYHUM019885   88.11%    failed      0.00%
 312  CRYCOH054585   85.01%    failed      0.00%
 313  MASBAL009083   83.27%    failed      0.00%
 314  NAEFOW009146   86.53%    failed      0.00%
 315  PRIPAC002481   78.06%    failed      0.00%
 316  SECSPE006851   80.19%    failed      0.00%
 317  PAUCHR004519   93.56%    failed      0.00%
 318  COCSUB006965   86.12%    failed      0.00%
 319  TRIVAG056503   87.93%    failed      0.00%
 320  EUGLON013558   98.31%    failed      1.42%
 321  TELSUB018588   93.76%    failed      0.17%
 322  PHAKIR015329   93.87%    failed      0.00%
 323  MANPLA026289   98.03%    passed      6.14%
 324  TRIVAG004982   88.70%    failed      0.00%
 325  HEMPHA042820   85.28%    failed      0.00%
 326  PHATRI006028   83.30%    failed      0.00%
 327  LEUCOM044885   96.96%    failed      0.00%
 328  STRRAT004438   85.01%    failed      0.00%
 329  PERMAR003833   86.23%    failed      0.00%
 330  ACASPE024166   98.88%    failed      0.13%
 331  MICMAR181031   98.82%    failed      0.21%
 332  NUCSPE091613   98.69%    failed      0.05%
 333  PARATL004607   98.69%    failed      0.05%
 334  DYSBRE009222   95.27%    failed      0.00%
 335  PERSWS000137   88.61%    failed      0.00%
 336  BIGNAT010017   84.64%    failed      0.00%
 337  ANAIGN006277   87.92%    failed      0.00%
 338  CARMEM007970   88.40%    failed      0.00%
 339  EUGLON000987   89.73%    failed      0.00%
 340  LAPGUS004185   98.21%    failed      0.00%
 341  JAKBAH001134   84.61%    failed      0.00%
 342  ANAIGN015779   97.91%    failed      0.00%
 343  ENTSUL055267   98.61%    passed     36.36%
 344  STRRAT003522   85.00%    failed      0.00%
 345  HALSPE003779   98.99%    failed      0.20%
 346  PORPUR002260   85.34%    failed      0.00%
 347  HEMPHA025704   86.42%    failed      0.00%
 348  MADERY015364   97.43%    failed      0.03%
 349  HEMSPE001208   85.23%    failed      0.00%
 350  LAPGUS037472   98.92%    failed      0.00%
 351  PICSPE026446   92.73%    failed      0.00%
 352  MICMAR050604   99.09%    passed     34.71%
 353  CIOINT006859   87.38%    failed      0.00%
 354  ENTSUL042449   95.50%    failed      0.01%
 355  KLENIT010647   91.34%    failed      0.00%
 356  COLVIE031026   98.58%    passed      7.21%
 357  DIALUT010350   85.87%    failed      0.00%
 358  CHOSPE037995   97.96%    failed      0.00%
 359  CHLVAR009452   82.93%    failed      0.00%
 360  RIGRAM012453   85.83%    failed      0.00%
 361  VITBRA005486   79.33%    failed      0.00%
 362  RAMVAR020834   86.15%    failed      0.00%
 363  DROMEL015712   86.48%    failed      0.00%
 364  PALBIL020600   99.36%    failed      0.69%
 365  THETRA001824   79.47%    failed      0.00%
 366  LEPVOR038572   96.05%    failed      0.00%
 367  LEPVOR038571   95.58%    failed      0.06%
 368  GRACHO010061   82.38%    failed      0.00%
 369  PLATAR005507   95.13%    failed      0.00%
 370  CHABRA016139   82.39%    failed      0.00%
 371  MANPLA012863   91.35%    failed      0.00%
WARNING: 371 sequences contain more than 50% gaps/ambiguity
****  TOTAL          89.14%  351 sequences failed composition chi2 test (p-value<5%; df=19)
NOTE: STEHIS015499 is identical to OXYTRI011589 but kept for subsequent analysis
NOTE: STEHIS012634 is identical to OXYTRI005859 but kept for subsequent analysis
NOTE: PARATL004605 is identical to NUCSPE091597 but kept for subsequent analysis
NOTE: PARATL002132 is identical to NUCSPE076798 but kept for subsequent analysis
NOTE: PARATL001935 is identical to NUCSPE075762 but kept for subsequent analysis
NOTE: PARATL004607 is identical to NUCSPE091613 but kept for subsequent analysis

CHECKPOINT: Initial tree restored
Model LG+C10 is alias for LG+POISSON+G+FMIX{C10pi1:1:0.1191344178,C10pi2:1:0.0874372456,C10pi3:1:0.1037105070,C10pi4:1:0.0922584809,C10pi5:1:0.1070492801,C10pi6:1:0.1329945166,C10pi7:1:0.0538028458,C10pi8:1:0.0691986212,C10pi9:1:0.1319937434,C10pi10:1:0.1024203429}

NOTE: 17947 MB RAM (17 GB) is required!
CHECKPOINT: Model parameters restored, LogL: -785816.805
--------------------------------------------------------------------
|             INITIALIZING CANDIDATE TREE SET                      |
--------------------------------------------------------------------
CHECKPOINT: Candidate tree set restored, best LogL: -785816.805
Finish initializing candidate tree set (20)
Current best tree score: -785816.805 / CPU time: 0.000
Number of iterations: 476
--------------------------------------------------------------------
|               OPTIMIZING CANDIDATE TREE SET                      |
--------------------------------------------------------------------
Iteration 480 / LogL: -785818.091 / Time: 4h:52m:21s (0h:45m:46s left)
Iteration 490 / LogL: -785827.917 / Time: 17h:39m:36s (2h:20m:50s left)
Iteration 500 / LogL: -785836.718 / Time: 30h:48m:43s (3h:23m:45s left)
NOTE: 3.368 seconds to dump checkpoint file, increase to 68.000
Iteration 510 / LogL: -785833.802 / Time: 42h:53m:21s (3h:47m:30s left)
Iteration 520 / LogL: -785840.988 / Time: 55h:0m:54s (3h:42m:36s left)
Iteration 530 / LogL: -785828.849 / Time: 66h:4m:52s (3h:7m:22s left)
Iteration 540 / LogL: -785843.878 / Time: 76h:41m:2s (2h:8m:2s left)
Iteration 550 / LogL: -785835.714 / Time: 88h:50m:7s (0h:48m:32s left)
Estimate model parameters (epsilon = 0.100)
BETTER TREE FOUND at iteration 553: -785815.133
Iteration 560 / LogL: -785888.077 / Time: 100h:5m:30s (16h:39m:7s left)
Iteration 570 / LogL: -785833.645 / Time: 110h:18m:25s (16h:5m:25s left)
Iteration 580 / LogL: -785820.696 / Time: 121h:32m:48s (15h:19m:28s left)
Iteration 590 / LogL: -785827.963 / Time: 133h:19m:0s (14h:15m:34s left)
Iteration 600 / LogL: -785824.487 / Time: 146h:19m:41s (12h:56m:50s left)
Iteration 610 / LogL: -785848.150 / Time: 156h:55m:5s (11h:4m:46s left)
Iteration 620 / LogL: -785826.997 / Time: 169h:43m:1s (9h:2m:52s left)
Iteration 630 / LogL: -785842.291 / Time: 181h:22m:24s (6h:37m:55s left)
Iteration 640 / LogL: -785828.754 / Time: 192h:33m:11s (3h:55m:2s left)
Iteration 650 / LogL: -785818.578 / Time: 204h:18m:16s (0h:56m:39s left)
TREE SEARCH COMPLETED AFTER 654 ITERATIONS / Time: 209h:4m:46s

--------------------------------------------------------------------
|                    FINALIZING TREE SEARCH                        |
--------------------------------------------------------------------
Performs final model parameters optimization
Estimate model parameters (epsilon = 0.010)
1. Initial log-likelihood: -785815.133
Optimal log-likelihood: -785815.131
Mixture weights: 0.119 0.087 0.104 0.092 0.107 0.133 0.054 0.069 0.132 0.102
Gamma shape alpha: 1.567
Parameters optimization took 1 rounds (291.781 sec)
BEST SCORE FOUND : -785815.131

Testing tree branches by SH-like aLRT with 1000 replicates...
Alternative NNI shows better log-likelihood -785815.049 > -785815.131
Alternative NNI shows better log-likelihood -785814.516 > -785815.131
Alternative NNI shows better log-likelihood -785814.506 > -785815.131
408.278 sec.
Total tree length: 706.092

Total number of iterations: 654
CPU time used for tree search: 2988380.810 sec (830h:6m:20s)
Wall-clock time used for tree search: 752666.768 sec (209h:4m:26s)
Total CPU time used: 2991232.872 sec (830h:53m:52s)
Total wall-clock time used: 753387.001 sec (209h:16m:27s)

Analysis results written to: 
  IQ-TREE report:                euk5_homs4.CAPD2.linsi.iqtree.iqtree
  Maximum-likelihood tree:       euk5_homs4.CAPD2.linsi.iqtree.treefile
  Likelihood distances:          euk5_homs4.CAPD2.linsi.iqtree.mldist
  Screen log file:               euk5_homs4.CAPD2.linsi.iqtree.log

Date and Time: Thu Jul 21 02:06:31 2022
