IQ-TREE multicore version 2.0.3 for Linux 64-bit built Dec 20 2020
Developed by Bui Quang Minh, Nguyen Lam Tung, Olga Chernomor,
Heiko Schmidt, Dominik Schrempf, Michael Woodhams.

Host:    n98 (AVX2, FMA3, 251 GB RAM)
Command: /shared/software/miniconda/envs/iqtree-2.0.3/bin/iqtree -s euk5_homs7.Nse4.linsi.gappyout.fa -m LG+C20 -B 1000 -T AUTO -pre euk5_homs7.Nse4.linsi.gappyout.iqtree
Seed:    26885 (Using SPRNG - Scalable Parallel Random Number Generator)
Time:    Wed Feb  8 15:12:55 2023
Kernel:  AVX+FMA - auto-detect threads (16 CPU cores detected)

Reading alignment file euk5_homs7.Nse4.linsi.gappyout.fa ... Fasta format detected
Alignment most likely contains protein sequences
Alignment has 179 sequences with 350 columns, 350 distinct patterns
350 parsimony-informative, 0 singleton sites, 0 constant sites
              Gap/Ambiguity  Composition  p-value
   1  RHIIRR012446    7.43%    failed      1.03%
   2  BASMER006102    7.14%    passed      5.19%
   3  ACAPLA012690   10.29%    passed     71.93%
   4  MORVER008421   11.43%    failed      1.79%
   5  PHYPOL006727    3.71%    passed     81.85%
   6  VERVER013010    3.14%    passed     43.48%
   7  AGABIS004742   12.29%    passed     61.82%
   8  RAMBRE002623   14.57%    passed     36.23%
   9  SPIPUN001631    6.29%    passed     67.24%
  10  SYNPLU003893    9.14%    passed     33.45%
  11  PLAFUN001477    2.86%    passed     83.03%
  12  COLSPE009317    5.43%    passed     98.35%
  13  DANRER029814    8.86%    passed      8.55%
  14  NEOSPE000640   13.14%    failed      0.00%
  15  ACACAS014708    3.14%    passed     52.61%
  16  NEPPYR022068    7.43%    passed     18.16%
  17  CYCPAN012452    2.57%    passed     62.11%
  18  NEMVEC020210   16.57%    passed     45.98%
  19  KLENIT003825    8.86%    failed      3.56%
  20  BRABEL002118   16.00%    passed     68.42%
  21  UMBRAM002131   13.14%    passed     84.08%
  22  SORBIC028745   10.57%    passed     91.93%
  23  LEUCOM007701   12.57%    passed     69.87%
  24  MNELEI005670   11.14%    passed     48.22%
  25  PHYPAT011254    4.57%    passed     90.63%
  26  COEREV006862   13.14%    passed     11.65%
  27  CHRPER000757   15.71%    passed     23.86%
  28  SALKVE011435   15.43%    passed     87.20%
  29  ARATHA023708    3.43%    passed     73.28%
  30  ARATHA029555    4.57%    passed     43.94%
  31  POLPAL001702   14.57%    passed     17.10%
  32  SORBIC043718    8.00%    passed     60.54%
  33  BRABEL002038    3.43%    passed     38.49%
  34  CHLVAR001548    9.43%    failed      0.04%
  35  DICDIS010725    5.43%    failed      0.09%
  36  MARPOL020609    8.57%    passed     21.62%
  37  GLOWIT014255   15.71%    passed     41.49%
  38  PARATL004847   17.14%    passed     17.76%
  39  HOMSAP053314    7.14%    passed     53.92%
  40  PARTRI002326    5.71%    passed     59.64%
  41  MONNEG009697    8.57%    failed      0.00%
  42  PERSWS009842   12.29%    failed      3.79%
  43  USTMAY005168    4.86%    passed     52.74%
  44  CYCPAN019439    5.14%    passed     76.79%
  45  MASBAL004386    2.29%    failed      1.25%
  46  SCHPOM001644   16.00%    failed      0.15%
  47  CRYNEO006824    4.86%    passed     84.25%
  48  CIOINT005115   18.00%    passed     15.87%
  49  NEODAM009119   18.29%    failed      0.02%
  50  RIGRAM003012   14.29%    passed     63.43%
  51  HYPCAT001717    7.14%    passed     65.77%
  52  NANOCE018340   12.57%    passed     69.04%
  53  HOMSAP001890    9.14%    passed     28.30%
  54  ELPMAR009965    3.71%    passed     65.31%
  55  LEPVOR035473    9.71%    passed     42.72%
  56  PLABRA006726   10.00%    passed     19.58%
  57  MICSPE001643   12.57%    failed      4.67%
  58  PRACOL004207   10.00%    passed      9.02%
  59  SORBIC040465    5.43%    passed     25.56%
  60  SAPDIC007987   16.29%    passed     88.88%
  61  CLAOKA006796    8.29%    passed     14.62%
  62  CHLATM003200   12.86%    passed     25.19%
  63  ARCINT013989    8.57%    passed     33.21%
  64  PHYINF002450   13.14%    passed     87.51%
  65  PARTRI002324   10.00%    passed     36.60%
  66  CHABRA002317   24.86%    passed     59.23%
  67  ALLMAC005744   15.14%    passed      9.82%
  68  GONPRO011770    5.71%    passed     27.70%
  69  CHLREI004909   11.43%    failed      0.09%
  70  NAEFOW003151    5.43%    passed     16.80%
  71  NEUCRA004703    5.43%    failed      4.59%
  72  MICMAR040246   18.00%    failed      4.41%
  73  ENTHIS005072   18.57%    failed      1.52%
  74  GEPOCE014350   12.86%    passed      8.08%
  75  PYGBIF003771   14.57%    passed     83.58%
  76  CAPOWC002521    7.43%    failed      4.54%
  77  PHYPAT011255   24.86%    passed     97.79%
  78  HOMSAP106728   20.00%    passed     62.59%
  79  RAPHET013304   21.43%    passed     62.92%
  80  LEPVOR035480   24.86%    passed     50.31%
  81  CYAPAR010597   13.43%    passed     89.53%
  82  RHOMAR011614   16.86%    passed     84.22%
  83  LAPGUS037635   41.14%    passed     96.11%
  84  GRACHO006935   12.86%    passed     89.22%
  85  ANCTWI012564   21.43%    passed     61.28%
  86  CREFRA000095   10.29%    passed     67.68%
  87  CHOSPE037896   12.86%    passed     18.29%
  88  MONBRE006059   17.14%    passed     95.78%
  89  OSTTAU000065   13.43%    failed      0.00%
  90  DIALUT002482    8.86%    passed     22.07%
  91  BIGNAT018506   16.29%    passed     16.32%
  92  DIAGRA004095   14.86%    passed     68.51%
  93  THETRA005478   13.43%    passed      6.94%
  94  IXOSCA001442   15.14%    passed     46.16%
  95  CAULEN002033   18.29%    passed      7.04%
  96  EUGLON004105   14.00%    passed     46.67%
  97  DIPROT000800   13.71%    passed     84.54%
  98  PAUCHR007345    7.71%    passed     35.70%
  99  HALSPE008897   10.86%    passed     11.63%
 100  PRYPAR011176   14.57%    failed      1.33%
 101  MATSPE008814   16.57%    passed     19.70%
 102  PICSPE057546   12.00%    passed     97.91%
 103  LAPGUS037634   50.00%    passed     96.33%
 104  DAPMAG020791   13.71%    passed     68.68%
 105  DIPROT000801   21.14%    passed     72.68%
 106  SACCER003935   11.43%    failed      0.51%
 107  ANDGOD004141   13.14%    passed     78.23%
 108  TRIADH007020   32.00%    passed     47.90%
 109  AURLIM002802   19.14%    passed     13.10%
 110  PHATRI000776   12.29%    failed      0.07%
 111  GALSUL003245   18.57%    passed     97.93%
 112  GUITHE006379   18.00%    passed     62.91%
 113  CHASUB021994   12.00%    passed     53.61%
 114  HONFER000459   20.57%    passed     64.88%
 115  ROZALL003382   19.43%    passed      5.58%
 116  PTESPE004963   26.29%    passed     49.63%
 117  PRIPAC000208    3.14%    passed     33.86%
 118  CYAMER002656   14.86%    failed      4.27%
 119  HALSEO000054   12.86%    passed     38.13%
 120  TRIVAG007467   26.00%    passed     91.15%
 121  GEMCRY014144   18.86%    passed     11.26%
 122  PTESPE004964   35.14%    passed     14.93%
 123  PHATRI005716   10.86%    failed      0.03%
 124  BAFFRI008111   20.57%    passed     10.58%
 125  NANOCE021336   32.00%    passed     11.84%
 126  MONNEG014167   41.43%    failed      0.08%
 127  MASSPE010224   10.00%    passed     32.45%
 128  DROMEL028946   24.00%    passed     42.69%
 129  LENLIM015306   30.86%    passed     67.89%
 130  HOMSAP106729   25.43%    passed     42.87%
 131  PORPUR009460   20.00%    failed      4.38%
 132  PHAKIR014492   40.86%    passed     42.99%
 133  COCSUB004446   49.43%    passed     39.53%
 134  VAVCUL002686   31.71%    failed      0.00%
 135  BICSPE001668   11.14%    failed      0.11%
 136  TRIVAG020901   22.00%    passed     65.50%
 137  CHLREI014138    4.00%    failed      0.00%
 138  RAMVAR020894   17.43%    passed      9.30%
 139  BREMOT009830   54.57%    passed     71.77%
 140  ENCINT001402   30.29%    failed      0.20%
 141  NUTLON021067   58.86%    passed     69.78%
 142  CHOSPE040815   49.14%    passed     81.77%
 143  VITBRA020048   12.29%    failed      0.32%
 144  CYCPAN010410    2.86%    failed      0.63%
 145  ACASPE010788   50.29%    passed     39.36%
 146  RAMVAR015352   14.00%    passed     41.37%
 147  MONEXI011222   22.29%    passed     22.15%
 148  THEPAR003657   28.00%    failed      0.56%
 149  BOMMOR006915   61.43%    failed      1.09%
 150  ACASPE010787   66.29%    passed     74.31%
 151  CAEELE014262   18.86%    failed      1.14%
 152  MANSPH006291    6.57%    failed      0.09%
 153  PLAFAL000863   23.14%    failed      0.00%
 154  CRYMUR000115   22.29%    failed      0.00%
 155  CHASUB013052   57.43%    passed     55.47%
 156  DYSBRE008001   18.86%    passed      9.97%
 157  ENTSUL000125   62.29%    passed     11.54%
 158  CARMEM004045   34.00%    passed     36.85%
 159  BREMOT008901   70.86%    passed     63.02%
 160  ANAIGN004643   63.14%    failed      0.01%
 161  LEPVOR035475   69.14%    passed     92.04%
 162  COLVIE037211   55.71%    passed     41.15%
 163  MICSPE008260    5.14%    failed      0.00%
 164  PALBIL010232   32.00%    passed     22.13%
 165  PALBIL010297   32.00%    passed     13.09%
 166  CHASUB018495   75.43%    passed     11.83%
 167  MADERY022607   82.86%    passed     70.62%
 168  ALLMAC011929   60.29%    passed     17.43%
 169  CHASUB017085   60.86%    passed     53.96%
 170  PHAKIR010300   58.57%    failed      0.00%
 171  TOXGON007655   13.71%    passed     42.96%
 172  ANAIGN004629   63.14%    failed      0.00%
 173  LEUCOM091908   73.71%    passed     97.55%
 174  NANOCE178874   74.86%    passed     11.73%
 175  PHATRI008693   40.29%    failed      0.59%
 176  ALLMAC012026   72.57%    passed     35.64%
 177  PARPYR008512   17.14%    failed      0.13%
 178  TRESPE001089   35.43%    failed      0.00%
 179  ELPMAR020836   85.14%    passed     29.38%
WARNING: 21 sequences contain more than 50% gaps/ambiguity
****  TOTAL          21.32%  44 sequences failed composition chi2 test (p-value<5%; df=19)

Create initial parsimony tree by phylogenetic likelihood library (PLL)... 0.112 seconds
Generating 1000 samples for ultrafast bootstrap (seed: 26885)...
Model LG+C20 is alias for LG+POISSON+G+FMIX{C20pi1:1:0.0559910600,C20pi2:1:0.0514824870,C20pi3:1:0.0812922124,C20pi4:1:0.0721976867,C20pi5:1:0.0556718858,C20pi6:1:0.0331003080,C20pi7:1:0.0589501763,C20pi8:1:0.0263756889,C20pi9:1:0.0307584220,C20pi10:1:0.0376701125,C20pi11:1:0.0303058290,C20pi12:1:0.0808775576,C20pi13:1:0.0263349134,C20pi14:1:0.0579101455,C20pi15:1:0.0371248064,C20pi16:1:0.0586867766,C20pi17:1:0.0561479138,C20pi18:1:0.0349810886,C20pi19:1:0.0544937394,C20pi20:1:0.0596471901}

NOTE: 824 MB RAM (0 GB) is required!
Measuring multi-threading efficiency up to 16 CPU cores
3 trees examined
Threads: 1 / Time: 18.249 sec / Speedup: 1.000 / Efficiency: 100% / LogL: -112794
Threads: 2 / Time: 9.075 sec / Speedup: 2.011 / Efficiency: 101% / LogL: -112794
Threads: 3 / Time: 6.426 sec / Speedup: 2.840 / Efficiency: 95% / LogL: -112794
Threads: 4 / Time: 4.921 sec / Speedup: 3.708 / Efficiency: 93% / LogL: -112794
Threads: 5 / Time: 4.290 sec / Speedup: 4.254 / Efficiency: 85% / LogL: -112794
Threads: 6 / Time: 3.671 sec / Speedup: 4.971 / Efficiency: 83% / LogL: -112794
Threads: 7 / Time: 4.481 sec / Speedup: 4.072 / Efficiency: 58% / LogL: -112794
BEST NUMBER OF THREADS: 6

Estimate model parameters (epsilon = 0.100)
1. Initial log-likelihood: -104649.361
2. Current log-likelihood: -101513.955
3. Current log-likelihood: -101364.095
4. Current log-likelihood: -101279.633
5. Current log-likelihood: -101257.759
6. Current log-likelihood: -101256.018
7. Current log-likelihood: -101255.831
Optimal log-likelihood: -101255.777
Mixture weights: 0.056 0.051 0.081 0.072 0.056 0.033 0.059 0.026 0.031 0.038 0.030 0.081 0.026 0.058 0.037 0.059 0.056 0.035 0.054 0.060
Gamma shape alpha: 1.334
Parameters optimization took 7 rounds (34.333 sec)
Computing ML distances based on estimated model parameters... 8.779 sec
WARNING: Some pairwise ML distances are too long (saturated)
Computing BIONJ tree...
0.030 seconds
Log-likelihood of BIONJ tree: -101405.633
--------------------------------------------------------------------
|             INITIALIZING CANDIDATE TREE SET                      |
--------------------------------------------------------------------
Generating 98 parsimony trees... 11.427 second
Computing log-likelihood of 98 initial trees ... 109.120 seconds
Current best score: -101255.777

Do NNI search on 20 best initial trees
Estimate model parameters (epsilon = 0.100)
BETTER TREE FOUND at iteration 1: -100783.847
Estimate model parameters (epsilon = 0.100)
BETTER TREE FOUND at iteration 3: -100616.992
Iteration 10 / LogL: -100761.583 / Time: 0h:17m:55s
Iteration 20 / LogL: -100711.948 / Time: 0h:33m:7s
Finish initializing candidate tree set (20)
Current best tree score: -100616.992 / CPU time: 1883.066
Number of iterations: 20
--------------------------------------------------------------------
|               OPTIMIZING CANDIDATE TREE SET                      |
--------------------------------------------------------------------
Estimate model parameters (epsilon = 0.100)
BETTER TREE FOUND at iteration 24: -100598.697
Estimate model parameters (epsilon = 0.100)
BETTER TREE FOUND at iteration 27: -100584.796
Estimate model parameters (epsilon = 0.100)
BETTER TREE FOUND at iteration 28: -100568.659
Iteration 30 / LogL: -100596.955 / Time: 0h:40m:29s (2h:16m:49s left)
Estimate model parameters (epsilon = 0.100)
BETTER TREE FOUND at iteration 31: -100564.214
Estimate model parameters (epsilon = 0.100)
BETTER TREE FOUND at iteration 33: -100561.715
Estimate model parameters (epsilon = 0.100)
BETTER TREE FOUND at iteration 34: -100559.781
Estimate model parameters (epsilon = 0.100)
BETTER TREE FOUND at iteration 40: -100555.522
Iteration 40 / LogL: -100555.522 / Time: 0h:47m:36s (2h:2m:3s left)
Estimate model parameters (epsilon = 0.100)
BETTER TREE FOUND at iteration 44: -100551.951
Iteration 50 / LogL: -100556.575 / Time: 0h:54m:20s (1h:44m:15s left)
Log-likelihood cutoff on original alignment: -100788.911
Estimate model parameters (epsilon = 0.100)
BETTER TREE FOUND at iteration 51: -100549.658
Estimate model parameters (epsilon = 0.100)
BETTER TREE FOUND at iteration 52: -100519.461
Estimate model parameters (epsilon = 0.100)
BETTER TREE FOUND at iteration 54: -100503.212
Iteration 60 / LogL: -100546.120 / Time: 1h:0m:53s (1h:37m:0s left)
Iteration 70 / LogL: -100511.273 / Time: 1h:7m:14s (1h:21m:50s left)
Estimate model parameters (epsilon = 0.100)
BETTER TREE FOUND at iteration 73: -100503.019
Estimate model parameters (epsilon = 0.100)
BETTER TREE FOUND at iteration 74: -100502.695
Estimate model parameters (epsilon = 0.100)
BETTER TREE FOUND at iteration 78: -100497.836
Iteration 80 / LogL: -100502.378 / Time: 1h:13m:59s (1h:31m:47s left)
Estimate model parameters (epsilon = 0.100)
BETTER TREE FOUND at iteration 81: -100496.450
Estimate model parameters (epsilon = 0.100)
BETTER TREE FOUND at iteration 85: -100495.109
Iteration 90 / LogL: -100498.437 / Time: 1h:21m:1s (1h:26m:28s left)
Estimate model parameters (epsilon = 0.100)
BETTER TREE FOUND at iteration 91: -100494.893
Estimate model parameters (epsilon = 0.100)
BETTER TREE FOUND at iteration 97: -100493.577
Estimate model parameters (epsilon = 0.100)
BETTER TREE FOUND at iteration 98: -100491.791
Iteration 100 / LogL: -100493.752 / Time: 1h:27m:52s (1h:26m:59s left)
Log-likelihood cutoff on original alignment: -100627.694
NOTE: Bootstrap correlation coefficient of split occurrence frequencies: 0.702
NOTE: UFBoot does not converge, continue at least 100 more iterations
Estimate model parameters (epsilon = 0.100)
BETTER TREE FOUND at iteration 106: -100491.338
Iteration 110 / LogL: -100497.262 / Time: 1h:34m:6s (1h:22m:52s left)
Iteration 120 / LogL: -100504.668 / Time: 1h:39m:57s (1h:12m:14s left)
Iteration 130 / LogL: -100494.776 / Time: 1h:46m:12s (1h:2m:34s left)
Estimate model parameters (epsilon = 0.100)
BETTER TREE FOUND at iteration 133: -100490.676
Estimate model parameters (epsilon = 0.100)
BETTER TREE FOUND at iteration 134: -100489.233
Estimate model parameters (epsilon = 0.100)
BETTER TREE FOUND at iteration 135: -100488.009
Estimate model parameters (epsilon = 0.100)
BETTER TREE FOUND at iteration 136: -100486.785
Estimate model parameters (epsilon = 0.100)
BETTER TREE FOUND at iteration 138: -100481.295
Iteration 140 / LogL: -100483.180 / Time: 1h:52m:33s (1h:19m:21s left)
Estimate model parameters (epsilon = 0.100)
BETTER TREE FOUND at iteration 144: -100477.003
Estimate model parameters (epsilon = 0.100)
BETTER TREE FOUND at iteration 148: -100471.232
Iteration 150 / LogL: -100480.728 / Time: 1h:59m:30s (1h:18m:36s left)
Log-likelihood cutoff on original alignment: -100574.710
Estimate model parameters (epsilon = 0.100)
BETTER TREE FOUND at iteration 154: -100471.014
Estimate model parameters (epsilon = 0.100)
BETTER TREE FOUND at iteration 158: -100470.809
Iteration 160 / LogL: -100472.845 / Time: 2h:6m:23s (1h:17m:54s left)
Estimate model parameters (epsilon = 0.100)
BETTER TREE FOUND at iteration 167: -100470.534
Estimate model parameters (epsilon = 0.100)
BETTER TREE FOUND at iteration 168: -100468.862
Estimate model parameters (epsilon = 0.100)
BETTER TREE FOUND at iteration 169: -100463.596
Iteration 170 / LogL: -100471.373 / Time: 2h:13m:39s (1h:18m:17s left)
Estimate model parameters (epsilon = 0.100)
BETTER TREE FOUND at iteration 173: -100463.312
Estimate model parameters (epsilon = 0.100)
BETTER TREE FOUND at iteration 174: -100458.609
Iteration 180 / LogL: -100468.539 / Time: 2h:20m:31s (1h:13m:47s left)
Iteration 190 / LogL: -100458.990 / Time: 2h:26m:48s (1h:5m:14s left)
Estimate model parameters (epsilon = 0.100)
BETTER TREE FOUND at iteration 198: -100458.314
Iteration 200 / LogL: -100460.776 / Time: 2h:33m:6s (1h:15m:24s left)
Log-likelihood cutoff on original alignment: -100563.260
NOTE: Bootstrap correlation coefficient of split occurrence frequencies: 0.809
NOTE: UFBoot does not converge, continue at least 100 more iterations
Estimate model parameters (epsilon = 0.100)
BETTER TREE FOUND at iteration 201: -100457.910
Iteration 210 / LogL: -100461.831 / Time: 2h:39m:24s (1h:9m:24s left)
Iteration 220 / LogL: -100476.375 / Time: 2h:46m:10s (1h:1m:27s left)
Estimate model parameters (epsilon = 0.100)
BETTER TREE FOUND at iteration 224: -100457.724
Iteration 230 / LogL: -100458.573 / Time: 2h:52m:42s (1h:10m:53s left)
Estimate model parameters (epsilon = 0.100)
BETTER TREE FOUND at iteration 231: -100455.909
Estimate model parameters (epsilon = 0.100)
BETTER TREE FOUND at iteration 236: -100453.331
Iteration 240 / LogL: -100461.648 / Time: 2h:59m:40s (1h:12m:10s left)
Estimate model parameters (epsilon = 0.100)
BETTER TREE FOUND at iteration 248: -100451.727
Iteration 250 / LogL: -100454.514 / Time: 3h:6m:18s (1h:13m:19s left)
Log-likelihood cutoff on original alignment: -100563.260
Iteration 260 / LogL: -100462.542 / Time: 3h:12m:31s (1h:5m:24s left)
Estimate model parameters (epsilon = 0.100)
BETTER TREE FOUND at iteration 268: -100449.658
Iteration 270 / LogL: -100457.001 / Time: 3h:19m:35s (1h:12m:42s left)
Iteration 280 / LogL: -100453.945 / Time: 3h:26m:24s (1h:5m:6s left)
Iteration 290 / LogL: -100457.812 / Time: 3h:33m:11s (0h:57m:32s left)
Iteration 300 / LogL: -100450.789 / Time: 3h:39m:55s (0h:50m:0s left)
Log-likelihood cutoff on original alignment: -100563.260
NOTE: Bootstrap correlation coefficient of split occurrence frequencies: 0.898
NOTE: UFBoot does not converge, continue at least 100 more iterations
Iteration 310 / LogL: -100456.599 / Time: 3h:47m:0s (1h:6m:7s left)
Iteration 320 / LogL: -100452.797 / Time: 3h:53m:57s (0h:58m:40s left)
Iteration 330 / LogL: -100458.801 / Time: 4h:0m:58s (0h:51m:16s left)
Estimate model parameters (epsilon = 0.100)
BETTER TREE FOUND at iteration 332: -100446.979
Iteration 340 / LogL: -100449.921 / Time: 4h:7m:57s (1h:7m:17s left)
Estimate model parameters (epsilon = 0.100)
BETTER TREE FOUND at iteration 347: -100444.899
Estimate model parameters (epsilon = 0.100)
BETTER TREE FOUND at iteration 350: -100444.701
Iteration 350 / LogL: -100444.701 / Time: 4h:14m:41s (1h:12m:58s left)
Log-likelihood cutoff on original alignment: -100563.260
Iteration 360 / LogL: -100449.883 / Time: 4h:21m:41s (1h:5m:36s left)
Iteration 370 / LogL: -100455.337 / Time: 4h:28m:24s (0h:58m:11s left)
Estimate model parameters (epsilon = 0.100)
BETTER TREE FOUND at iteration 378: -100444.561
Iteration 380 / LogL: -100444.755 / Time: 4h:34m:45s (1h:11m:2s left)
Estimate model parameters (epsilon = 0.100)
BETTER TREE FOUND at iteration 390: -100443.330
Iteration 390 / LogL: -100443.330 / Time: 4h:41m:21s (1h:12m:19s left)
Iteration 400 / LogL: -100445.363 / Time: 4h:48m:23s (1h:5m:2s left)
Log-likelihood cutoff on original alignment: -100563.260
NOTE: Bootstrap correlation coefficient of split occurrence frequencies: 0.909
NOTE: UFBoot does not converge, continue at least 100 more iterations
Estimate model parameters (epsilon = 0.100)
BETTER TREE FOUND at iteration 405: -100443.019
Iteration 410 / LogL: -100458.746 / Time: 4h:54m:34s (1h:8m:25s left)
Iteration 420 / LogL: -100475.102 / Time: 5h:0m:56s (1h:1m:2s left)
Estimate model parameters (epsilon = 0.100)
BETTER TREE FOUND at iteration 423: -100442.111
Iteration 430 / LogL: -100465.098 / Time: 5h:7m:39s (1h:6m:41s left)
Iteration 440 / LogL: -100443.899 / Time: 5h:14m:4s (0h:59m:22s left)
Iteration 450 / LogL: -100451.493 / Time: 5h:20m:35s (0h:52m:7s left)
Log-likelihood cutoff on original alignment: -100563.260
Iteration 460 / LogL: -100456.270 / Time: 5h:27m:6s (0h:44m:53s left)
BETTER TREE FOUND at iteration 465: -100442.103
Iteration 470 / LogL: -100443.852 / Time: 5h:33m:58s (1h:7m:39s left)
Iteration 480 / LogL: -100445.467 / Time: 5h:40m:30s (1h:0m:25s left)
Iteration 490 / LogL: -100449.519 / Time: 5h:46m:56s (0h:53m:12s left)
Estimate model parameters (epsilon = 0.100)
BETTER TREE FOUND at iteration 494: -100440.461
Iteration 500 / LogL: -100452.949 / Time: 5h:52m:57s (1h:6m:29s left)
Log-likelihood cutoff on original alignment: -100563.260
NOTE: Bootstrap correlation coefficient of split occurrence frequencies: 0.915
NOTE: UFBoot does not converge, continue at least 100 more iterations
Iteration 510 / LogL: -100447.923 / Time: 6h:0m:1s (1h:3m:39s left)
Iteration 520 / LogL: -100453.401 / Time: 6h:6m:24s (0h:56m:28s left)
Iteration 530 / LogL: -100451.468 / Time: 6h:12m:31s (0h:49m:17s left)
Iteration 540 / LogL: -100458.394 / Time: 6h:18m:41s (0h:42m:9s left)
Estimate model parameters (epsilon = 0.100)
BETTER TREE FOUND at iteration 541: -100440.391
Iteration 550 / LogL: -100447.977 / Time: 6h:25m:1s (1h:3m:49s left)
Log-likelihood cutoff on original alignment: -100563.260
Estimate model parameters (epsilon = 0.100)
BETTER TREE FOUND at iteration 556: -100437.572
Iteration 560 / LogL: -100456.250 / Time: 6h:31m:10s (1h:7m:10s left)
Iteration 570 / LogL: -100439.910 / Time: 6h:37m:36s (1h:0m:5s left)
Iteration 580 / LogL: -100439.056 / Time: 6h:44m:10s (0h:53m:3s left)
Iteration 590 / LogL: -100439.951 / Time: 6h:51m:16s (0h:46m:5s left)
Iteration 600 / LogL: -100445.159 / Time: 6h:58m:26s (0h:39m:7s left)
Log-likelihood cutoff on original alignment: -100563.260
NOTE: Bootstrap correlation coefficient of split occurrence frequencies: 0.921
NOTE: UFBoot does not converge, continue at least 100 more iterations
Iteration 610 / LogL: -100467.000 / Time: 7h:5m:9s (1h:2m:49s left)
Estimate model parameters (epsilon = 0.100)
BETTER TREE FOUND at iteration 619: -100437.474
Iteration 620 / LogL: -100442.384 / Time: 7h:11m:56s (1h:9m:4s left)
Estimate model parameters (epsilon = 0.100)
BETTER TREE FOUND at iteration 625: -100437.317
Iteration 630 / LogL: -100440.658 / Time: 7h:18m:28s (1h:6m:13s left)
Iteration 640 / LogL: -100441.804 / Time: 7h:24m:56s (0h:59m:11s left)
Estimate model parameters (epsilon = 0.100)
BETTER TREE FOUND at iteration 647: -100437.065
Iteration 650 / LogL: -100441.533 / Time: 7h:31m:26s (1h:7m:28s left)
Log-likelihood cutoff on original alignment: -100563.260
Iteration 660 / LogL: -100439.280 / Time: 7h:38m:27s (1h:0m:31s left)
Iteration 670 / LogL: -100437.630 / Time: 7h:45m:12s (0h:53m:32s left)
Iteration 680 / LogL: -100439.520 / Time: 7h:51m:52s (0h:46m:33s left)
Iteration 690 / LogL: -100440.240 / Time: 7h:58m:6s (0h:39m:33s left)
Estimate model parameters (epsilon = 0.100)
BETTER TREE FOUND at iteration 700: -100437.045
Iteration 700 / LogL: -100437.045 / Time: 8h:4m:56s (1h:9m:22s left)
Log-likelihood cutoff on original alignment: -100563.260
NOTE: Bootstrap correlation coefficient of split occurrence frequencies: 0.960
NOTE: UFBoot does not converge, continue at least 100 more iterations
Iteration 710 / LogL: -100463.457 / Time: 8h:11m:23s (1h:2m:22s left)
Iteration 720 / LogL: -100442.005 / Time: 8h:18m:3s (0h:55m:24s left)
Iteration 730 / LogL: -100442.903 / Time: 8h:24m:43s (0h:48m:27s left)
Iteration 740 / LogL: -100442.111 / Time: 8h:31m:5s (0h:41m:29s left)
Iteration 750 / LogL: -100444.525 / Time: 8h:38m:21s (0h:34m:36s left)
Log-likelihood cutoff on original alignment: -100563.260
Iteration 760 / LogL: -100440.938 / Time: 8h:44m:56s (0h:27m:39s left)
Iteration 770 / LogL: -100440.752 / Time: 8h:50m:55s (0h:20m:42s left)
Estimate model parameters (epsilon = 0.100)
BETTER TREE FOUND at iteration 773: -100436.246
Iteration 780 / LogL: -100440.722 / Time: 8h:57m:21s (1h:4m:9s left)
Iteration 790 / LogL: -100452.354 / Time: 9h:3m:38s (0h:57m:11s left)
Iteration 800 / LogL: -100441.050 / Time: 9h:10m:14s (0h:50m:16s left)
Log-likelihood cutoff on original alignment: -100563.260
NOTE: Bootstrap correlation coefficient of split occurrence frequencies: 0.973
NOTE: UFBoot does not converge, continue at least 100 more iterations
Iteration 810 / LogL: -100446.610 / Time: 9h:16m:53s (1h:1m:57s left)
Iteration 820 / LogL: -100438.641 / Time: 9h:23m:29s (0h:55m:2s left)
Iteration 830 / LogL: -100440.750 / Time: 9h:29m:47s (0h:48m:6s left)
Iteration 840 / LogL: -100442.972 / Time: 9h:36m:26s (0h:41m:13s left)
Iteration 850 / LogL: -100449.738 / Time: 9h:42m:50s (0h:34m:19s left)
Log-likelihood cutoff on original alignment: -100563.260
Iteration 860 / LogL: -100476.107 / Time: 9h:49m:20s (0h:27m:26s left)
Estimate model parameters (epsilon = 0.100)
BETTER TREE FOUND at iteration 865: -100435.967
Iteration 870 / LogL: -100459.533 / Time: 9h:55m:50s (1h:5m:8s left)
Iteration 880 / LogL: -100448.645 / Time: 10h:2m:22s (0h:58m:15s left)
Iteration 890 / LogL: -100453.354 / Time: 10h:9m:0s (0h:51m:22s left)
Iteration 900 / LogL: -100443.260 / Time: 10h:15m:47s (0h:44m:31s left)
Log-likelihood cutoff on original alignment: -100563.260
NOTE: Bootstrap correlation coefficient of split occurrence frequencies: 0.972
NOTE: UFBoot does not converge, continue at least 100 more iterations
Iteration 910 / LogL: -100439.175 / Time: 10h:22m:3s (1h:1m:35s left)
Iteration 920 / LogL: -100443.411 / Time: 10h:28m:15s (0h:54m:41s left)
Iteration 930 / LogL: -100437.312 / Time: 10h:34m:57s (0h:47m:50s left)
Iteration 940 / LogL: -100439.562 / Time: 10h:41m:35s (0h:40m:59s left)
Iteration 950 / LogL: -100437.167 / Time: 10h:48m:36s (0h:34m:10s left)
Log-likelihood cutoff on original alignment: -100563.260
Iteration 960 / LogL: -100437.030 / Time: 10h:55m:23s (0h:27m:20s left)
Iteration 970 / LogL: -100438.422 / Time: 11h:1m:41s (0h:20m:29s left)
Iteration 980 / LogL: -100442.028 / Time: 11h:7m:54s (0h:13m:38s left)
Estimate model parameters (epsilon = 0.100)
BETTER TREE FOUND at iteration 988: -100435.869
Iteration 990 / LogL: -100438.856 / Time: 11h:14m:53s (1h:6m:52s left)
Estimate model parameters (epsilon = 0.100)
BETTER TREE FOUND at iteration 997: -100435.741
Iteration 1000 / LogL: -100440.622 / Time: 11h:21m:20s (1h:6m:9s left)
Log-likelihood cutoff on original alignment: -100563.260
NOTE: Bootstrap correlation coefficient of split occurrence frequencies: 0.974
NOTE: UFBoot does not converge, continue at least 100 more iterations
WARNING: bootstrap analysis did not converge. You should rerun with higher number of iterations (-nm option)
TREE SEARCH COMPLETED AFTER 1001 ITERATIONS / Time: 11h:21m:53s

--------------------------------------------------------------------
|                    FINALIZING TREE SEARCH                        |
--------------------------------------------------------------------
Performs final model parameters optimization
Estimate model parameters (epsilon = 0.010)
1. Initial log-likelihood: -100435.741
Optimal log-likelihood: -100435.741
Mixture weights: 0.056 0.051 0.081 0.072 0.056 0.033 0.059 0.026 0.031 0.038 0.030 0.081 0.026 0.058 0.037 0.059 0.056 0.035 0.054 0.060
Gamma shape alpha: 1.329
Parameters optimization took 1 rounds (3.228 sec)
BEST SCORE FOUND : -100435.741
Creating bootstrap support values...
Split supports printed to NEXUS file euk5_homs7.Nse4.linsi.gappyout.iqtree.splits.nex
Total tree length: 358.965

Total number of iterations: 1001
CPU time used for tree search: 243843.137 sec (67h:44m:3s)
Wall-clock time used for tree search: 40809.409 sec (11h:20m:9s)
Total CPU time used: 244320.091 sec (67h:52m:0s)
Total wall-clock time used: 40917.835 sec (11h:21m:57s)

Computing bootstrap consensus tree...
Reading input file euk5_homs7.Nse4.linsi.gappyout.iqtree.splits.nex...
179 taxa and 2363 splits.
Consensus tree written to euk5_homs7.Nse4.linsi.gappyout.iqtree.contree
Reading input trees file euk5_homs7.Nse4.linsi.gappyout.iqtree.contree
Log-likelihood of consensus tree: -100440.975

Analysis results written to: 
  IQ-TREE report:                euk5_homs7.Nse4.linsi.gappyout.iqtree.iqtree
  Maximum-likelihood tree:       euk5_homs7.Nse4.linsi.gappyout.iqtree.treefile
  Likelihood distances:          euk5_homs7.Nse4.linsi.gappyout.iqtree.mldist

Ultrafast bootstrap approximation results written to:
  Split support values:          euk5_homs7.Nse4.linsi.gappyout.iqtree.splits.nex
  Consensus tree:                euk5_homs7.Nse4.linsi.gappyout.iqtree.contree
  Screen log file:               euk5_homs7.Nse4.linsi.gappyout.iqtree.log

Date and Time: Thu Feb  9 02:35:07 2023
