IQ-TREE multicore version 2.0.3 for Linux 64-bit built Apr 26 2020
Developed by Bui Quang Minh, Nguyen Lam Tung, Olga Chernomor,
Heiko Schmidt, Dominik Schrempf, Michael Woodhams.

Host:    jolien-Precision-5820-Tower (AVX512, FMA3, 31 GB RAM)
Command: iqtree -s euk5_homs5.Nse.linsi.fa -m LG+R7 -B 1000 -T 2 -pre euk5_homs5.Nse.linsi.iqtree
Seed:    215994 (Using SPRNG - Scalable Parallel Random Number Generator)
Time:    Mon Sep  5 13:30:50 2022
Kernel:  AVX+FMA - 2 threads (16 CPU cores detected)

Reading alignment file euk5_homs5.Nse.linsi.fa ... Fasta format detected
Alignment most likely contains protein sequences
Alignment has 201 sequences with 4776 columns, 2249 distinct patterns
755 parsimony-informative, 1154 singleton sites, 2867 constant sites
                                        Gap/Ambiguity  Composition  p-value
   1  GB_GCA_001593845.1__LUCF01000017.1_18    94.33%    failed      0.00%
   2  GB_GCA_003133625.1__PKYH01000142.1_12    94.24%    failed      0.02%
   3  GB_GCA_001717015.1__MAGV01000081.1_20    94.20%    failed      0.00%
   4  GB_GCA_001775995.1__MEZH01000008.1_2     94.41%    failed      0.00%
   5  GB_GCA_001593865.1__LUCB01000019.1_18    94.30%    failed      0.00%
   6  GB_GCA_002507245.1__DAZI01000080.1_13    94.05%    failed      0.00%
   7  GB_GCA_001593925.1__LUCD01000046.1_7     94.12%    failed      0.00%
   8  GB_GCA_001768965.1__MEMY01000009.1_6     94.43%    failed      4.05%
   9  GB_GCA_002010975.1__MTLU01000006.1_24    94.26%    failed      0.00%
  10  GB_GCA_002495315.1__DAEN01000007.1_5     94.20%    failed      0.00%
  11  GB_GCA_003096255.1__PIXS01000019.1_6     94.35%    failed      0.22%
  12  GB_GCA_003194435.1__PQXC01000003.1_55    94.07%    failed      0.02%
  13  GB_GCA_002255025.1__NJEJ01000069.1_10    94.54%    failed      0.00%
  14  UBA9212__contig_34976_6                  94.62%    failed      0.00%
  15  GB_GCA_000380705.1__AQYM01000029.1_17    95.21%    failed      0.00%
  16  GB_GCA_002011035.1__MTLY01000001.1_42    94.72%    failed      0.00%
  17  GB_GCA_002779555.1__PEWI01000213.1_6     94.24%    failed      0.00%
  18  GB_GCA_001918765.1__MNGO01000059.1_12    94.47%    failed      0.02%
  19  GB_GCA_000375685.1__AQVQ01000029.1_12    95.10%    failed      0.00%
  20  GB_GCA_002255105.1__NJEK01000041.1_13    94.70%    failed      0.00%
  21  GB_GCA_001919285.1__MNHO01000011.1_8     95.18%    failed      0.09%
  22  GB_GCA_001717035.1__MAGT01000011.1_301   94.28%    failed      0.00%
  23  GB_GCA_002721815.1__PBLQ01000045.1_186   95.56%    failed      0.00%
  24  RHIIRR012446                             92.80%    failed      0.00%
  25  BASMER006102                             92.73%    failed      0.01%
  26  ACAPLA012690                             92.57%    failed      0.08%
  27  MORVER008421                             92.96%    failed      0.01%
  28  AGABIS004742                             93.30%    failed      0.16%
  29  VERVER013010                             90.22%    failed      0.00%
  30  SPIPUN001631                             92.59%    failed      0.03%
  31  RAMBRE002623                             93.49%    failed      0.02%
  32  PHYPOL006727                             89.03%    failed      0.00%
  33  COLSPE009317                             92.76%    failed      0.55%
  34  SYNPLU003893                             93.17%    failed      0.01%
  35  DANRER029814                             92.76%    failed      0.00%
  36  PLAFUN001477                             91.50%    failed      0.00%
  37  NEOSPE000640                             93.45%    failed      0.00%
  38  CRAGIG052529                             92.69%    failed      0.11%
  39  CYCPAN012452                             80.00%    failed      0.00%
  40  NEPPYR022068                             92.63%    failed      0.00%
  41  BRABEL002118                             93.17%    failed      0.12%
  42  KLENIT003825                             92.46%    failed      0.00%
  43  SORBIC028745                             92.61%    failed      0.06%
  44  NEMVEC020210                             93.47%    failed      0.15%
  45  MNELEI005670                             92.90%    failed      0.07%
  46  UMBRAM002131                             92.82%    failed      0.00%
  47  ARATHA023708                             91.56%    failed      0.01%
  48  LEUCOM007701                             93.34%    failed      1.11%
  49  BRABEL002038                             90.89%    failed      0.00%
  50  ACACAS001611                             92.00%    failed      0.00%
  51  MARPOL020609                             92.42%    failed      0.24%
  52  SORBIC043718                             91.27%    failed      0.01%
  53  ARATHA029555                             91.98%    failed      0.00%
  54  COEREV006862                             93.49%    failed      0.00%
  55  CHLVAR001548                             90.43%    failed      0.00%
  56  MONNEG009697                             92.55%    failed      0.00%
  57  SALKVE011435                             93.32%    failed      0.35%
  58  CHRPER000757                             93.61%    failed      0.03%
  59  HOMSAP053314                             91.94%    failed      0.00%
  60  POLPAL001702                             93.38%    failed      0.00%
  61  DICDIS010725                             92.32%    failed      0.00%
  62  PARATL004847                             93.68%    failed      0.02%
  63  GLOWIT014255                             93.45%    failed      0.07%
  64  NUCSPE093036                             93.26%    failed      0.01%
  65  PERSWS009842                             92.90%    failed      0.05%
  66  PARTRI002326                             92.36%    failed      0.06%
  67  CYCPAN019439                             91.88%    failed      0.03%
  68  SCHPOM001644                             93.72%    failed      0.00%
  69  USTMAY005168                             92.36%    failed      0.00%
  70  MASBAL004386                             79.46%    failed      0.00%
  71  ELPMAR009965                             88.30%    failed      0.00%
  72  CHLATM003200                             92.50%    failed      0.29%
  73  CRYNEO006824                             92.40%    failed      0.12%
  74  SORBIC040465                             90.16%    failed      0.00%
  75  NEODAM009119                             93.89%    failed      0.00%
  76  LEPVOR035473                             91.75%    failed      0.02%
  77  HYPCAT001717                             92.34%    failed      0.00%
  78  RIGRAM003012                             92.42%    failed      0.06%
  79  CIOINT005115                             93.78%    failed      0.02%
  80  MICSPE001643                             93.15%    failed      0.01%
  81  NANOCE018340                             92.92%    failed      0.00%
  82  HOMSAP001890                             93.03%    failed      1.34%
  83  PRACOL004207                             93.30%    failed      0.00%
  84  PLABRA006726                             92.96%    failed      0.00%
  85  CHABRA002317                             91.19%    failed      0.66%
  86  SAPDIC007987                             93.72%    failed      1.27%
  87  CLAOKA006796                             92.86%    failed      0.00%
  88  ALLMAC005744                             93.49%    failed      0.00%
  89  CHLREI004909                             92.90%    failed      0.00%
  90  PHYINF002450                             92.94%    failed      0.01%
  91  GONPRO011770                             91.77%    failed      0.00%
  92  CAPOWC002521                             91.98%    failed      0.00%
  93  NEUCRA004703                             90.98%    failed      0.00%
  94  NAEFOW003151                             92.61%    failed      0.00%
  95  ARCINT013989                             91.92%    failed      0.00%
  96  MICMAR040246                             93.36%    failed      0.00%
  97  GEFOKE023517                             92.88%    failed      0.01%
  98  PYGBIF003771                             92.94%    failed      0.04%
  99  GEPOCE014350                             92.15%    failed      0.00%
 100  ENTHIS005072                             93.43%    failed      0.00%
 101  CREFRA000095                             92.92%    failed      0.15%
 102  LEPVOR035480                             93.97%    failed      0.01%
 103  CYAPAR010597                             92.84%    failed      0.30%
 104  CHOSPE037896                             91.50%    failed      0.00%
 105  RAPHET013304                             94.01%    failed      0.06%
 106  GRACHO006935                             93.07%    failed      0.29%
 107  OSTTAU000065                             92.96%    failed      0.00%
 108  RHOMAR011614                             93.76%    failed      1.48%
 109  LAPGUS037635                             95.60%    passed     28.79%
 110  PAUCHR007345                             92.02%    failed      0.00%
 111  MONBRE006059                             93.34%    failed      0.22%
 112  DIALUT002482                             92.67%    failed      0.00%
 113  ANCTWI012564                             94.03%    failed      0.02%
 114  DIAGRA004095                             92.48%    failed      1.22%
 115  BIGNAT018506                             93.03%    failed      0.00%
 116  IXOSCA001442                             93.66%    failed      0.04%
 117  MALJAK011502                             91.06%    failed      0.00%
 118  THETRA005478                             93.22%    failed      0.00%
 119  PICSPE057546                             92.76%    failed      0.06%
 120  HALSPE008897                             92.92%    failed      0.00%
 121  ANDGOD003855                             89.87%    failed      0.00%
 122  DIPROT000800                             92.13%    failed      0.04%
 123  MATSPE008814                             92.59%    failed      0.00%
 124  PHAKIR009197                             91.88%    failed      0.00%
 125  CAULEN002033                             93.74%    failed      1.91%
 126  PRYPAR011176                             93.03%    failed      2.10%
 127  EUGLON004105                             92.71%    failed      0.00%
 128  TRIADH007020                             94.97%    failed      1.75%
 129  LAPGUS037634                             96.27%    passed     19.27%
 130  PLAMIC001399                             93.45%    failed      0.02%
 131  DIPROT000801                             93.59%    failed      1.08%
 132  AURLIM002802                             93.57%    failed      0.00%
 133  DAPMAG020791                             93.22%    failed      1.35%
 134  PHATRI000776                             91.94%    failed      0.00%
 135  SACCER003935                             91.58%    failed      0.00%
 136  GALSUL003245                             93.13%    failed      0.97%
 137  GUITHE006379                             93.53%    failed      3.70%
 138  CHASUB021994                             92.40%    failed      0.02%
 139  CYAMER002656                             92.29%    failed      0.00%
 140  ROZALL003382                             93.82%    failed      0.00%
 141  CRAGIG052524                             85.32%    failed      0.00%
 142  HONFER000459                             93.87%    failed      0.01%
 143  PTESPE004963                             94.41%    failed      0.51%
 144  PHAKIR009199                             92.90%    failed      0.03%
 145  HALSEO000054                             91.79%    failed      0.00%
 146  PRIPAC000208                             82.43%    failed      1.45%
 147  JAKBAH008720                             93.74%    failed      0.00%
 148  GEMCRY014144                             93.26%    failed      0.44%
 149  TRIVAG007467                             94.30%    passed      5.83%
 150  PHATRI005716                             51.63%    failed      0.00%
 151  NANOCE021336                             94.72%    failed      0.00%
 152  LENLIM015306                             94.01%    failed      1.09%
 153  BAFFRI008111                             93.32%    failed      0.03%
 154  MONNEG014167                             95.39%    failed      0.00%
 155  HOMSAP106729                             93.38%    failed      0.00%
 156  COCSUB004446                             95.18%    failed      0.11%
 157  MASSPE010224                             91.77%    failed      0.12%
 158  SECSPE004562                             92.04%    failed      0.00%
 159  BICSPE001668                             90.60%    failed      0.00%
 160  DROMEL028946                             93.93%    failed      0.22%
 161  PORPUR009460                             93.36%    failed      0.00%
 162  CHLREI014138                             85.15%    failed      0.00%
 163  TRIVAG020901                             93.66%    failed      0.19%
 164  VAVCUL002686                             94.51%    failed      0.00%
 165  RAMVAR020894                             92.92%    failed      0.00%
 166  BREMOT009830                             96.46%    passed      6.88%
 167  VITBRA020048                             91.75%    failed      0.00%
 168  ENCINT001402                             94.62%    failed      0.00%
 169  CHOSPE040815                             95.71%    failed      3.92%
 170  NUTLON021067                             96.92%    passed     12.21%
 171  MALCAL012006                             95.94%    failed      4.50%
 172  ACASPE010788                             96.29%    passed      7.42%
 173  CYCPAN010410                             78.52%    failed      0.00%
 174  RAMVAR015352                             92.19%    failed      0.00%
 175  MALCAL012272                             96.19%    failed      1.79%
 176  BOMMOR006915                             97.09%    passed      9.15%
 177  ACASPE010787                             97.42%    passed     16.12%
 178  MONEXI011222                             89.34%    failed      0.00%
 179  THEPAR003657                             93.89%    failed      0.00%
 180  PLAFAL000863                             93.43%    failed      0.00%
 181  CHASUB013052                             95.83%    failed      2.30%
 182  ENTSUL000125                             96.65%    failed      0.17%
 183  CRYMUR000115                             93.40%    failed      0.00%
 184  DYSBRE008001                             92.46%    failed      0.01%
 185  CARMEM004045                             93.95%    failed      0.02%
 186  BREMOT008901                             97.86%    passed     18.57%
 187  ANAIGN004643                             97.17%    failed      0.00%
 188  LEPVOR035475                             97.74%    passed     20.90%
 189  COLVIE037211                             96.59%    failed      0.76%
 190  MICSPE008260                             79.79%    failed      0.00%
 191  PALBIL010232                             93.99%    failed      0.00%
 192  CHASUB018495                             98.01%    passed     10.91%
 193  PALBIL010297                             93.99%    failed      0.00%
 194  MADERY022607                             98.74%    passed     20.28%
 195  CHASUB017085                             96.48%    failed      3.61%
 196  ANAIGN004629                             96.98%    failed      0.00%
 197  TOXGON007655                             89.59%    failed      0.00%
 198  PHATRI008693                             94.58%    passed      5.84%
 199  NANOCE178874                             98.07%    failed      0.07%
 200  LEUCOM091908                             97.72%    passed     51.67%
 201  ALLMAC012026                             97.91%    passed      6.49%
WARNING: 201 sequences contain more than 50% gaps/ambiguity
****  TOTAL                                    92.85%  186 sequences failed composition chi2 test (p-value<5%; df=19)

Create initial parsimony tree by phylogenetic likelihood library (PLL)... 0.439 seconds
Generating 1000 samples for ultrafast bootstrap (seed: 215994)...

NOTE: 502 MB RAM (0 GB) is required!
Estimate model parameters (epsilon = 0.100)
1. Initial log-likelihood: -192470.176
2. Current log-likelihood: -148219.539
3. Current log-likelihood: -147827.528
4. Current log-likelihood: -147819.618
5. Current log-likelihood: -147815.526
6. Current log-likelihood: -147812.593
7. Current log-likelihood: -147811.083
8. Current log-likelihood: -147810.272
9. Current log-likelihood: -147809.843
10. Current log-likelihood: -147809.507
11. Current log-likelihood: -147809.241
12. Current log-likelihood: -147809.106
13. Current log-likelihood: -147808.971
14. Current log-likelihood: -147808.838
15. Current log-likelihood: -147808.711
16. Current log-likelihood: -147808.589
17. Current log-likelihood: -147808.471
18. Current log-likelihood: -147808.357
19. Current log-likelihood: -147808.248
20. Current log-likelihood: -147808.141
21. Current log-likelihood: -147808.036
22. Current log-likelihood: -147807.933
23. Current log-likelihood: -147807.832
24. Current log-likelihood: -147807.732
Optimal log-likelihood: -147807.575
Site proportion and rates:  (0.017,0.057) (0.043,0.148) (0.064,0.298) (0.108,0.468) (0.162,0.707) (0.273,1.029) (0.334,1.581)
Parameters optimization took 24 rounds (769.388 sec)
Computing ML distances based on estimated model parameters... 13.505 sec
WARNING: Some pairwise ML distances are too long (saturated)
Computing BIONJ tree...
0.033 seconds
Log-likelihood of BIONJ tree: -147399.561
--------------------------------------------------------------------
|             INITIALIZING CANDIDATE TREE SET                      |
--------------------------------------------------------------------
Generating 98 parsimony trees... 34.936 second
Computing log-likelihood of 98 initial trees ... 277.582 seconds
Current best score: -147399.561

Do NNI search on 20 best initial trees
Estimate model parameters (epsilon = 0.100)
BETTER TREE FOUND at iteration 1: -147173.295
Iteration 10 / LogL: -147245.061 / Time: 0h:45m:0s
Iteration 20 / LogL: -147357.781 / Time: 1h:7m:24s
Finish initializing candidate tree set (20)
Current best tree score: -147173.295 / CPU time: 3238.356
Number of iterations: 20
--------------------------------------------------------------------
|               OPTIMIZING CANDIDATE TREE SET                      |
--------------------------------------------------------------------
Estimate model parameters (epsilon = 0.100)
BETTER TREE FOUND at iteration 23: -147158.033
Estimate model parameters (epsilon = 0.100)
BETTER TREE FOUND at iteration 25: -147145.321
Estimate model parameters (epsilon = 0.100)
BETTER TREE FOUND at iteration 26: -147120.707
Estimate model parameters (epsilon = 0.100)
BETTER TREE FOUND at iteration 28: -147103.061
Iteration 30 / LogL: -147116.944 / Time: 1h:28m:36s (4h:59m:23s left)
Estimate model parameters (epsilon = 0.100)
BETTER TREE FOUND at iteration 32: -147095.907
Estimate model parameters (epsilon = 0.100)
BETTER TREE FOUND at iteration 33: -147071.841
Estimate model parameters (epsilon = 0.100)
BETTER TREE FOUND at iteration 37: -147058.381
Estimate model parameters (epsilon = 0.100)
BETTER TREE FOUND at iteration 39: -147045.333
Iteration 40 / LogL: -147066.046 / Time: 1h:41m:52s (4h:18m:35s left)
Estimate model parameters (epsilon = 0.100)
BETTER TREE FOUND at iteration 45: -147043.993
Estimate model parameters (epsilon = 0.100)
BETTER TREE FOUND at iteration 46: -147033.479
Iteration 50 / LogL: -147040.545 / Time: 1h:54m:7s (3h:43m:34s left)
Log-likelihood cutoff on original alignment: -147211.290
Estimate model parameters (epsilon = 0.100)
BETTER TREE FOUND at iteration 55: -147031.080
Iteration 60 / LogL: -147046.067 / Time: 2h:5m:42s (3h:22m:24s left)
Estimate model parameters (epsilon = 0.100)
BETTER TREE FOUND at iteration 63: -147023.718
Estimate model parameters (epsilon = 0.100)
BETTER TREE FOUND at iteration 69: -147014.949
Iteration 70 / LogL: -147041.731 / Time: 2h:19m:27s (3h:20m:4s left)
Estimate model parameters (epsilon = 0.100)
BETTER TREE FOUND at iteration 75: -147014.623
Estimate model parameters (epsilon = 0.100)
BETTER TREE FOUND at iteration 76: -147008.900
Iteration 80 / LogL: -147009.053 / Time: 2h:33m:9s (3h:6m:6s left)
Estimate model parameters (epsilon = 0.100)
BETTER TREE FOUND at iteration 82: -147008.026
Estimate model parameters (epsilon = 0.100)
BETTER TREE FOUND at iteration 90: -147003.530
Iteration 90 / LogL: -147003.530 / Time: 2h:47m:6s (3h:7m:45s left)
Estimate model parameters (epsilon = 0.100)
BETTER TREE FOUND at iteration 98: -147001.971
Iteration 100 / LogL: -147006.495 / Time: 3h:0m:0s (2h:58m:10s left)
Log-likelihood cutoff on original alignment: -147202.669
NOTE: Bootstrap correlation coefficient of split occurrence frequencies: 0.851
NOTE: UFBoot does not converge, continue at least 100 more iterations
Estimate model parameters (epsilon = 0.100)
BETTER TREE FOUND at iteration 102: -146999.494
Estimate model parameters (epsilon = 0.100)
BETTER TREE FOUND at iteration 105: -146993.986
Iteration 110 / LogL: -147007.833 / Time: 3h:16m:17s (2h:51m:4s left)
Estimate model parameters (epsilon = 0.100)
BETTER TREE FOUND at iteration 114: -146987.805
Estimate model parameters (epsilon = 0.100)
BETTER TREE FOUND at iteration 117: -146987.576
Estimate model parameters (epsilon = 0.100)
BETTER TREE FOUND at iteration 120: -146982.171
Iteration 120 / LogL: -146982.171 / Time: 3h:33m:42s (2h:59m:34s left)
Estimate model parameters (epsilon = 0.100)
BETTER TREE FOUND at iteration 128: -146977.901
Iteration 130 / LogL: -146998.634 / Time: 3h:48m:36s (2h:53m:39s left)
Iteration 140 / LogL: -146984.774 / Time: 4h:2m:58s (2h:33m:49s left)
Iteration 150 / LogL: -146990.672 / Time: 4h:15m:33s (2h:13m:46s left)
Log-likelihood cutoff on original alignment: -147196.665
Estimate model parameters (epsilon = 0.100)
BETTER TREE FOUND at iteration 153: -146977.530
Estimate model parameters (epsilon = 0.100)
BETTER TREE FOUND at iteration 158: -146977.091
Iteration 160 / LogL: -146983.120 / Time: 4h:30m:19s (2h:46m:36s left)
Iteration 170 / LogL: -147003.975 / Time: 4h:43m:28s (2h:27m:36s left)
Iteration 180 / LogL: -146977.650 / Time: 4h:56m:31s (2h:9m:12s left)
Estimate model parameters (epsilon = 0.100)
BETTER TREE FOUND at iteration 190: -146976.392
Iteration 190 / LogL: -146976.392 / Time: 5h:10m:41s (2h:44m:23s left)
Estimate model parameters (epsilon = 0.100)
BETTER TREE FOUND at iteration 200: -146975.570
Iteration 200 / LogL: -146975.570 / Time: 5h:25m:39s (2h:43m:38s left)
Log-likelihood cutoff on original alignment: -147196.665
NOTE: Bootstrap correlation coefficient of split occurrence frequencies: 0.911
NOTE: UFBoot does not converge, continue at least 100 more iterations
Iteration 210 / LogL: -146993.262 / Time: 5h:37m:59s (2h:25m:32s left)
Estimate model parameters (epsilon = 0.100)
BETTER TREE FOUND at iteration 212: -146974.873
Iteration 220 / LogL: -146983.028 / Time: 5h:51m:52s (2h:27m:48s left)
Estimate model parameters (epsilon = 0.100)
BETTER TREE FOUND at iteration 223: -146973.766
Iteration 230 / LogL: -146991.718 / Time: 6h:5m:25s (2h:28m:23s left)
Iteration 240 / LogL: -147013.374 / Time: 6h:18m:38s (2h:11m:29s left)
Iteration 250 / LogL: -146977.802 / Time: 6h:30m:6s (1h:54m:21s left)
Log-likelihood cutoff on original alignment: -147196.665
Iteration 260 / LogL: -146978.601 / Time: 6h:41m:1s (1h:37m:32s left)
Iteration 270 / LogL: -146980.049 / Time: 6h:50m:25s (1h:20m:51s left)
Iteration 280 / LogL: -146979.908 / Time: 7h:0m:49s (1h:4m:51s left)
Iteration 290 / LogL: -146979.669 / Time: 7h:11m:9s (0h:49m:13s left)
Iteration 300 / LogL: -146976.082 / Time: 7h:21m:29s (0h:33m:57s left)
Log-likelihood cutoff on original alignment: -147196.665
NOTE: Bootstrap correlation coefficient of split occurrence frequencies: 0.982
NOTE: UFBoot does not converge, continue at least 100 more iterations
Iteration 310 / LogL: -146983.818 / Time: 7h:31m:40s (2h:11m:33s left)
Iteration 320 / LogL: -146982.145 / Time: 7h:42m:18s (1h:55m:56s left)
Iteration 330 / LogL: -146974.270 / Time: 7h:52m:11s (1h:40m:27s left)
Iteration 340 / LogL: -146974.051 / Time: 8h:2m:8s (1h:25m:19s left)
Iteration 350 / LogL: -146978.423 / Time: 8h:11m:38s (1h:10m:26s left)
Log-likelihood cutoff on original alignment: -147196.665
Iteration 360 / LogL: -146978.725 / Time: 8h:21m:29s (0h:55m:52s left)
Iteration 370 / LogL: -146982.884 / Time: 8h:31m:34s (0h:41m:35s left)
Iteration 380 / LogL: -146981.377 / Time: 8h:41m:49s (0h:27m:32s left)
Iteration 390 / LogL: -146978.072 / Time: 8h:51m:56s (0h:13m:40s left)
Iteration 400 / LogL: -146979.961 / Time: 9h:1m:12s (0h:0m:0s left)
Log-likelihood cutoff on original alignment: -147196.665
NOTE: Bootstrap correlation coefficient of split occurrence frequencies: 0.988
NOTE: UFBoot does not converge, continue at least 100 more iterations
Iteration 410 / LogL: -146988.513 / Time: 9h:11m:35s (2h:1m:22s left)
Iteration 420 / LogL: -146994.642 / Time: 9h:22m:20s (1h:47m:21s left)
Iteration 430 / LogL: -146974.660 / Time: 9h:32m:9s (1h:33m:21s left)
Estimate model parameters (epsilon = 0.100)
BETTER TREE FOUND at iteration 431: -146971.390
Iteration 440 / LogL: -146973.612 / Time: 9h:43m:54s (2h:1m:2s left)
Estimate model parameters (epsilon = 0.100)
BETTER TREE FOUND at iteration 441: -146970.713
Iteration 450 / LogL: -146977.232 / Time: 9h:55m:17s (2h:0m:38s left)
Log-likelihood cutoff on original alignment: -147196.665
Estimate model parameters (epsilon = 0.100)
BETTER TREE FOUND at iteration 458: -146968.050
Iteration 460 / LogL: -146975.190 / Time: 10h:5m:40s (2h:9m:18s left)
Iteration 470 / LogL: -146975.975 / Time: 10h:16m:3s (1h:55m:35s left)
Estimate model parameters (epsilon = 0.100)
BETTER TREE FOUND at iteration 475: -146967.538
Iteration 480 / LogL: -146975.697 / Time: 10h:26m:30s (2h:4m:15s left)
Iteration 490 / LogL: -146971.971 / Time: 10h:36m:9s (1h:50m:34s left)
Estimate model parameters (epsilon = 0.100)
BETTER TREE FOUND at iteration 491: -146966.350
Estimate model parameters (epsilon = 0.100)
BETTER TREE FOUND at iteration 494: -146965.743
Iteration 500 / LogL: -146984.542 / Time: 10h:46m:3s (2h:1m:42s left)
Log-likelihood cutoff on original alignment: -147196.665
NOTE: Bootstrap correlation coefficient of split occurrence frequencies: 0.975
NOTE: UFBoot does not converge, continue at least 100 more iterations
Estimate model parameters (epsilon = 0.100)
BETTER TREE FOUND at iteration 504: -146963.714
Estimate model parameters (epsilon = 0.100)
BETTER TREE FOUND at iteration 509: -146962.761
Estimate model parameters (epsilon = 0.100)
BETTER TREE FOUND at iteration 510: -146955.203
Iteration 510 / LogL: -146955.203 / Time: 10h:57m:38s (2h:9m:12s left)
Iteration 520 / LogL: -146961.783 / Time: 11h:7m:35s (1h:55m:46s left)
Iteration 530 / LogL: -146967.153 / Time: 11h:17m:13s (1h:42m:24s left)
Estimate model parameters (epsilon = 0.100)
BETTER TREE FOUND at iteration 532: -146953.573
Iteration 540 / LogL: -146969.634 / Time: 11h:26m:48s (1h:57m:13s left)
Estimate model parameters (epsilon = 0.100)
BETTER TREE FOUND at iteration 548: -146951.137
Iteration 550 / LogL: -146960.830 / Time: 11h:37m:17s (2h:4m:28s left)
Log-likelihood cutoff on original alignment: -147196.665
Iteration 560 / LogL: -146961.926 / Time: 11h:46m:33s (1h:51m:13s left)
Estimate model parameters (epsilon = 0.100)
BETTER TREE FOUND at iteration 563: -146948.952
Estimate model parameters (epsilon = 0.100)
BETTER TREE FOUND at iteration 566: -146948.419
Iteration 570 / LogL: -146952.240 / Time: 11h:58m:9s (2h:1m:9s left)
Estimate model parameters (epsilon = 0.100)
BETTER TREE FOUND at iteration 571: -146943.066
Estimate model parameters (epsilon = 0.100)
BETTER TREE FOUND at iteration 576: -146939.861
Iteration 580 / LogL: -146955.190 / Time: 12h:8m:48s (2h:0m:50s left)
Iteration 590 / LogL: -146949.585 / Time: 12h:18m:21s (1h:47m:48s left)
Iteration 600 / LogL: -146959.574 / Time: 12h:28m:44s (1h:34m:59s left)
Log-likelihood cutoff on original alignment: -147098.310
NOTE: Bootstrap correlation coefficient of split occurrence frequencies: 0.921
NOTE: UFBoot does not converge, continue at least 100 more iterations
Iteration 610 / LogL: -146965.299 / Time: 12h:38m:34s (1h:52m:6s left)
Iteration 620 / LogL: -146958.646 / Time: 12h:48m:37s (1h:39m:20s left)
Iteration 630 / LogL: -146947.571 / Time: 12h:59m:7s (1h:26m:42s left)
Iteration 640 / LogL: -146947.547 / Time: 13h:8m:24s (1h:14m:1s left)
Iteration 650 / LogL: -146946.961 / Time: 13h:18m:19s (1h:1m:30s left)
Log-likelihood cutoff on original alignment: -147098.310
Iteration 660 / LogL: -146954.309 / Time: 13h:28m:56s (0h:49m:6s left)
Iteration 670 / LogL: -146951.974 / Time: 13h:38m:37s (0h:36m:42s left)
Iteration 680 / LogL: -146943.940 / Time: 13h:48m:36s (0h:24m:24s left)
Iteration 690 / LogL: -146949.927 / Time: 13h:57m:59s (0h:12m:9s left)
Iteration 700 / LogL: -146950.705 / Time: 14h:7m:0s (0h:0m:0s left)
Log-likelihood cutoff on original alignment: -147098.310
NOTE: Bootstrap correlation coefficient of split occurrence frequencies: 0.900
NOTE: UFBoot does not converge, continue at least 100 more iterations
Estimate model parameters (epsilon = 0.100)
BETTER TREE FOUND at iteration 702: -146939.388
Iteration 710 / LogL: -146944.213 / Time: 14h:17m:33s (1h:51m:16s left)
Iteration 720 / LogL: -146967.527 / Time: 14h:27m:17s (1h:38m:54s left)
Iteration 730 / LogL: -146952.372 / Time: 14h:37m:48s (1h:26m:41s left)
Estimate model parameters (epsilon = 0.100)
BETTER TREE FOUND at iteration 740: -146936.945
Iteration 740 / LogL: -146936.945 / Time: 14h:48m:19s (2h:0m:12s left)
Iteration 750 / LogL: -146948.240 / Time: 14h:58m:55s (1h:48m:0s left)
Log-likelihood cutoff on original alignment: -147098.310
Iteration 760 / LogL: -146943.840 / Time: 15h:8m:46s (1h:35m:47s left)
Estimate model parameters (epsilon = 0.100)
BETTER TREE FOUND at iteration 762: -146936.898
Iteration 770 / LogL: -146946.175 / Time: 15h:18m:51s (1h:49m:55s left)
Iteration 780 / LogL: -146938.829 / Time: 15h:29m:9s (1h:37m:48s left)
Iteration 790 / LogL: -146945.473 / Time: 15h:39m:34s (1h:25m:44s left)
Iteration 800 / LogL: -146942.262 / Time: 15h:50m:1s (1h:13m:43s left)
Log-likelihood cutoff on original alignment: -147098.310
NOTE: Bootstrap correlation coefficient of split occurrence frequencies: 0.887
NOTE: UFBoot does not converge, continue at least 100 more iterations
Iteration 810 / LogL: -146937.682 / Time: 16h:0m:24s (1h:46m:50s left)
Iteration 820 / LogL: -146943.441 / Time: 16h:10m:53s (1h:34m:50s left)
Iteration 830 / LogL: -146952.397 / Time: 16h:21m:20s (1h:22m:51s left)
Iteration 840 / LogL: -146953.214 / Time: 16h:31m:49s (1h:10m:55s left)
Iteration 850 / LogL: -146938.641 / Time: 16h:41m:46s (0h:58m:59s left)
Log-likelihood cutoff on original alignment: -147098.310
Iteration 860 / LogL: -146937.166 / Time: 16h:52m:19s (0h:47m:8s left)
Iteration 870 / LogL: -146937.066 / Time: 17h:2m:3s (0h:35m:17s left)
Iteration 880 / LogL: -146937.097 / Time: 17h:12m:29s (0h:23m:29s left)
Estimate model parameters (epsilon = 0.100)
BETTER TREE FOUND at iteration 887: -146936.087
Iteration 890 / LogL: -146951.883 / Time: 17h:23m:19s (1h:53m:50s left)
Iteration 900 / LogL: -146944.430 / Time: 17h:33m:43s (1h:41m:58s left)
Log-likelihood cutoff on original alignment: -147098.310
NOTE: Bootstrap correlation coefficient of split occurrence frequencies: 0.883
NOTE: UFBoot does not converge, continue at least 100 more iterations
Iteration 910 / LogL: -146947.595 / Time: 17h:44m:15s (1h:45m:22s left)
Estimate model parameters (epsilon = 0.100)
BETTER TREE FOUND at iteration 918: -146935.375
Iteration 920 / LogL: -146959.995 / Time: 17h:54m:43s (1h:54m:36s left)
Iteration 930 / LogL: -146940.900 / Time: 18h:4m:36s (1h:42m:44s left)
Estimate model parameters (epsilon = 0.100)
BETTER TREE FOUND at iteration 935: -146934.853
Estimate model parameters (epsilon = 0.100)
BETTER TREE FOUND at iteration 937: -146934.648
Iteration 940 / LogL: -146960.722 / Time: 18h:16m:3s (1h:53m:13s left)
Iteration 950 / LogL: -146943.912 / Time: 18h:25m:45s (1h:41m:22s left)
Log-likelihood cutoff on original alignment: -147098.310
Iteration 960 / LogL: -146957.082 / Time: 18h:35m:44s (1h:29m:35s left)
Iteration 970 / LogL: -146945.950 / Time: 18h:44m:58s (1h:17m:47s left)
Iteration 980 / LogL: -146952.422 / Time: 18h:55m:40s (1h:6m:7s left)
Estimate model parameters (epsilon = 0.100)
BETTER TREE FOUND at iteration 982: -146933.716
Iteration 990 / LogL: -146945.595 / Time: 19h:6m:38s (1h:46m:39s left)
Iteration 1000 / LogL: -146944.376 / Time: 19h:16m:7s (1h:34m:53s left)
Log-likelihood cutoff on original alignment: -147098.310
NOTE: Bootstrap correlation coefficient of split occurrence frequencies: 0.903
NOTE: UFBoot does not converge, continue at least 100 more iterations
WARNING: bootstrap analysis did not converge. You should rerun with higher number of iterations (-nm option)
TREE SEARCH COMPLETED AFTER 1001 ITERATIONS / Time: 19h:17m:3s

--------------------------------------------------------------------
|                    FINALIZING TREE SEARCH                        |
--------------------------------------------------------------------
Performs final model parameters optimization
Estimate model parameters (epsilon = 0.010)
1. Initial log-likelihood: -146933.716
2. Current log-likelihood: -146933.702
Optimal log-likelihood: -146933.698
Site proportion and rates:  (0.009,0.047) (0.051,0.133) (0.079,0.312) (0.111,0.496) (0.166,0.724) (0.289,1.077) (0.295,1.634)
Parameters optimization took 2 rounds (52.745 sec)
BEST SCORE FOUND : -146933.698
Creating bootstrap support values...
Split supports printed to NEXUS file euk5_homs5.Nse.linsi.iqtree.splits.nex
Total tree length: 244.840

Total number of iterations: 1001
CPU time used for tree search: 135797.356 sec (37h:43m:17s)
Wall-clock time used for tree search: 68617.069 sec (19h:3m:37s)
Total CPU time used: 137498.988 sec (38h:11m:38s)
Total wall-clock time used: 69477.415 sec (19h:17m:57s)

Computing bootstrap consensus tree...
Reading input file euk5_homs5.Nse.linsi.iqtree.splits.nex...
201 taxa and 2414 splits.
Consensus tree written to euk5_homs5.Nse.linsi.iqtree.contree
Reading input trees file euk5_homs5.Nse.linsi.iqtree.contree
Log-likelihood of consensus tree: -146934.035

Analysis results written to: 
  IQ-TREE report:                euk5_homs5.Nse.linsi.iqtree.iqtree
  Maximum-likelihood tree:       euk5_homs5.Nse.linsi.iqtree.treefile
  Likelihood distances:          euk5_homs5.Nse.linsi.iqtree.mldist

Ultrafast bootstrap approximation results written to:
  Split support values:          euk5_homs5.Nse.linsi.iqtree.splits.nex
  Consensus tree:                euk5_homs5.Nse.linsi.iqtree.contree
  Screen log file:               euk5_homs5.Nse.linsi.iqtree.log

Date and Time: Tue Sep  6 08:49:14 2022
