IQ-TREE multicore version 2.0.3 for Linux 64-bit built Apr 26 2020
Developed by Bui Quang Minh, Nguyen Lam Tung, Olga Chernomor,
Heiko Schmidt, Dominik Schrempf, Michael Woodhams.

Host:    jolien-Precision-5820-Tower (AVX512, FMA3, 31 GB RAM)
Command: iqtree -s euk5_homs3.Nse3.linsi.fa -m LG+R5 -T 2 -B 1000 -pre euk5_homs3.Nse3.linsi.iqtree
Seed:    160062 (Using SPRNG - Scalable Parallel Random Number Generator)
Time:    Mon Sep  5 16:27:29 2022
Kernel:  AVX+FMA - 2 threads (16 CPU cores detected)

Reading alignment file euk5_homs3.Nse3.linsi.fa ... Fasta format detected
Alignment most likely contains protein sequences
Alignment has 199 sequences with 4637 columns, 2925 distinct patterns
922 parsimony-informative, 1598 singleton sites, 2117 constant sites
              Gap/Ambiguity  Composition  p-value
   1  HOMSAP054961   79.36%    failed      0.00%
   2  HOMSAP059042   88.72%    failed      0.02%
   3  HOMSAP059043   93.44%    failed      0.59%
   4  CIOINT009268   95.21%    failed      4.16%
   5  BRABEL013015   94.39%    failed      0.07%
   6  ACAPLA025831   93.42%    failed      3.53%
   7  DANRER025391   94.39%    failed      0.52%
   8  SPIPUN000371   92.54%    failed      0.10%
   9  BASMER013734   93.59%    failed      0.78%
  10  HOMSAP051577   86.93%    failed      0.00%
  11  NEMVEC011020   93.55%    failed      0.03%
  12  CRAGIG006690   94.39%    failed      0.03%
  13  HOMSAP061573   93.34%    passed      7.89%
  14  HOMSAP055496   93.38%    failed      0.00%
  15  HOMSAP045994   92.54%    failed      0.01%
  16  HOMSAP003285   69.14%    failed      0.00%
  17  HOMSAP062146   92.52%    failed      3.57%
  18  HOMSAP001578   82.01%    failed      0.00%
  19  HOMSAP059041   86.13%    failed      0.00%
  20  CYCPAN007956   93.75%    failed      1.08%
  21  HOMSAP002119   92.04%    failed      0.00%
  22  ARATHA009577   94.61%    failed      0.00%
  23  HOMSAP014700   92.75%    failed      0.00%
  24  IXOSCA008583   94.48%    failed      0.23%
  25  ACACAS014107   93.03%    failed      0.00%
  26  HOMSAP045992   93.12%    failed      0.00%
  27  HOMSAP040418   92.54%    failed      0.00%
  28  HOMSAP011841   83.67%    failed      0.00%
  29  TRIADH005991   94.67%    failed      0.18%
  30  RHIIRR010727   93.70%    failed      0.05%
  31  CHABRA018180   93.31%    failed      0.01%
  32  HOMSAP045991   92.52%    failed      0.50%
  33  HOMSAP061196   92.60%    failed      3.07%
  34  HOMSAP008695   93.14%    failed      0.00%
  35  VERVER013134   92.13%    failed      0.00%
  36  CHABRA012914   93.34%    failed      2.86%
  37  SYNPLU000928   95.00%    failed      0.24%
  38  HOMSAP054324   73.06%    failed      0.00%
  39  UMBRAM004293   93.81%    failed      0.08%
  40  POLPAL005904   91.07%    failed      0.00%
  41  HOMSAP048417   93.34%    failed      0.00%
  42  HOMSAP048762   90.75%    failed      0.01%
  43  SALKVE014232   93.47%    failed      0.07%
  44  SORBIC032253   94.65%    passed      9.82%
  45  NEOSPE019526   94.09%    failed      0.00%
  46  HOMSAP061545   92.54%    failed      0.00%
  47  RIGRAM017769   93.06%    failed      0.00%
  48  COLSPE005870   92.47%    failed      0.00%
  49  MNELEI014024   94.52%    failed      0.08%
  50  HOMSAP044020   91.22%    failed      0.00%
  51  MORVER009200   94.03%    failed      0.01%
  52  PLAFUN015984   93.23%    failed      0.00%
  53  NAEFOW006471   91.35%    failed      0.00%
  54  PERSWS009956   93.12%    failed      0.03%
  55  GLOWIT004742   92.84%    failed      0.03%
  56  MICSPE002563   94.95%    failed      0.02%
  57  HOMSAP048851   75.37%    failed      0.00%
  58  PHAKIR011159   94.29%    failed      0.01%
  59  MARPOL006834   93.83%    failed      4.84%
  60  LEUCOM058006   94.00%    failed      0.11%
  61  CAPOWC005541   92.24%    failed      0.00%
  62  NEODAM011704   94.05%    failed      0.00%
  63  LAPGUS045933   92.26%    failed      0.00%
  64  HOMSAP061080   91.22%    failed      0.00%
  65  GONPRO010790   93.51%    failed      0.00%
  66  ANCTWI011873   93.94%    failed      0.03%
  67  GEFOKE003155   92.43%    failed      0.00%
  68  ARCINT017457   93.75%    failed      0.00%
  69  MATSPE013475   93.88%    failed      1.37%
  70  DICDIS012027   91.24%    failed      0.00%
  71  HOMSAP046108   93.08%    failed      0.00%
  72  HOMSAP052829   91.96%    failed      0.00%
  73  CREFRA003376   94.00%    failed      0.23%
  74  DIAGRA039902   93.81%    failed      0.00%
  75  KLENIT014469   93.36%    failed      0.00%
  76  HYPCAT002555   92.39%    failed      0.00%
  77  DIPROT020273   93.88%    failed      0.03%
  78  HOMSAP014322   94.07%    passed     36.38%
  79  COCSUB001681   94.78%    failed      0.41%
  80  OSTTAU001630   93.06%    failed      0.00%
  81  CHRPER011676   94.39%    failed      1.02%
  82  RHOMAR006204   93.92%    failed      0.09%
  83  MADERY016290   94.54%    failed      3.92%
  84  PLABRA007894   92.75%    failed      0.00%
  85  MALCAL010964   92.21%    failed      0.00%
  86  RUSMAR010851   94.48%    failed      0.01%
  87  MALJAK023468   92.50%    failed      0.00%
  88  PARATL020969   95.30%    failed      0.00%
  89  PHYINF014371   93.79%    failed      0.02%
  90  GONPAC047625   93.64%    failed      0.92%
  91  NUCSPE057794   94.89%    failed      0.00%
  92  BIGNAT010060   92.90%    failed      0.00%
  93  CYAPAR018870   93.68%    failed      0.00%
  94  MALJAK001715   92.21%    failed      0.00%
  95  DAPMAG016672   93.68%    passed      5.87%
  96  GRACHO010213   93.57%    failed      0.22%
  97  SAPDIC016465   93.36%    passed      7.44%
  98  PRYPAR019755   93.16%    failed      0.00%
  99  NEPPYR020346   85.85%    failed      0.00%
 100  MONNEG002014   95.19%    failed      0.37%
 101  TRIMAR004109   93.53%    failed      0.02%
 102  NEUCRA009978   92.80%    failed      0.00%
 103  PAUCHR013696   93.44%    failed      0.00%
 104  PORPUR002768   94.18%    passed      5.59%
 105  NANOCE015077   90.79%    failed      0.00%
 106  EUGLON034973   93.79%    failed      0.19%
 107  ALLMAC002179   94.80%    failed      0.11%
 108  ANAIGN012057   94.82%    failed      0.00%
 109  PRACOL004242   93.19%    failed      0.00%
 110  SCHPOM001567   92.93%    failed      0.00%
 111  AURLIM009817   92.30%    failed      0.00%
 112  ROZALL001147   95.28%    failed      0.01%
 113  RAMVAR009077   92.00%    failed      0.26%
 114  RAMBRE007495   76.75%    failed      0.00%
 115  LEPVOR033163   93.83%    failed      0.02%
 116  GALSUL000712   94.44%    failed      0.00%
 117  AGABIS009211   90.47%    failed      0.00%
 118  CHASUB017451   92.69%    failed      0.00%
 119  USTMAY004828   90.19%    failed      0.00%
 120  ENTSUL020127   94.46%    failed      2.48%
 121  BOMMOR010968   95.49%    passed      9.04%
 122  GUITHE004489   92.58%    failed      0.00%
 123  DROMEL030383   95.00%    passed      7.56%
 124  ENTHIS006794   93.62%    failed      0.00%
 125  ARATHA009578   95.86%    failed      0.03%
 126  CHASUB022773   93.14%    failed      0.00%
 127  CLAOKA011385   91.29%    failed      0.00%
 128  HONFER004303   92.88%    failed      0.00%
 129  DIALUT013802   76.39%    failed      0.00%
 130  CYAGLO005405   96.05%    failed      0.17%
 131  CRYNEO002742   91.74%    failed      0.00%
 132  CHLREI009993   89.58%    failed      0.00%
 133  COEREV004036   94.65%    failed      0.16%
 134  CHLVAR006156   91.48%    failed      0.00%
 135  GEMCRY006375   92.58%    failed      0.00%
 136  TRIVAG049930   94.82%    failed      2.51%
 137  GEMCRY047552   92.75%    failed      0.00%
 138  PHATRI001844   92.65%    failed      0.09%
 139  LEUCOM052894   95.71%    failed      0.64%
 140  PLAMIC003297   93.42%    failed      0.00%
 141  MONEXI000625   94.69%    failed      0.49%
 142  TRIVAG040473   95.49%    failed      0.00%
 143  ELPMAR023914   94.69%    failed      0.27%
 144  HOMSAP051192   95.28%    failed      1.77%
 145  PYGBIF006019   95.13%    failed      0.00%
 146  SACCER005644   93.47%    failed      0.00%
 147  BREMOT005934   94.52%    failed      0.00%
 148  PLATAR010712   93.10%    failed      0.00%
 149  PRIPAC017459   93.79%    passed      5.71%
 150  CHOSPE042036   92.93%    failed      0.00%
 151  HALSEO014901   91.33%    failed      0.00%
 152  GEPOCE008441   94.41%    failed      0.00%
 153  CAULEN003269   62.07%    failed      0.00%
 154  SECSPE010261   91.89%    failed      0.00%
 155  PRIPAC024410   94.54%    failed      3.93%
 156  MANPLA030175   95.30%    failed      0.00%
 157  PICSPE047761   95.49%    failed      0.47%
 158  PHYPOL012192   97.22%    failed      0.45%
 159  HALSEO003492   92.19%    failed      0.00%
 160  PTESPE015538   93.23%    failed      0.00%
 161  PICSPE054466   95.43%    failed      0.28%
 162  DIPROT020275   95.95%    failed      2.38%
 163  RAPHET013309   95.17%    failed      3.03%
 164  MASSPE007998   92.56%    failed      0.00%
 165  CYAMER001584   90.02%    failed      0.00%
 166  ANDGOD005661   92.30%    failed      0.00%
 167  CHLATM007608   95.82%    failed      0.00%
 168  MADERY004897   97.82%    failed      0.00%
 169  HALSPE008605   97.13%    failed      0.00%
 170  PALBIL009586   92.62%    failed      0.00%
 171  THETRA001530   92.58%    failed      0.01%
 172  ACASPE004348   95.82%    failed      0.00%
 173  NUTLON022973   95.79%    failed      0.00%
 174  MICMAR144850   96.29%    passed      8.25%
 175  PTESPE015537   96.18%    passed      9.75%
 176  VITBRA011690   93.59%    failed      1.02%
 177  PALBIL014165   94.98%    failed      0.00%
 178  MICMAR029896   95.67%    failed      0.00%
 179  BAFFRI045290   96.85%    failed      0.02%
 180  LENLIM001494   95.71%    passed     11.20%
 181  ENCINT001808   96.10%    failed      0.17%
 182  BREMOT000926   97.35%    failed      0.00%
 183  BREMOT000925   96.48%    failed      0.00%
 184  PICSPE054467   98.36%    passed     27.18%
 185  CHLREI010601   98.04%    failed      0.71%
 186  JAKBAH001193   92.19%    failed      0.00%
 187  BAFFRI059201   95.97%    failed      0.01%
 188  BAFFRI051909   97.43%    failed      0.02%
 189  PICSPE047760   98.38%    passed     73.61%
 190  CYAGLO001651   98.02%    passed     10.86%
 191  THEPAR000712   94.22%    failed      0.00%
 192  TOXGON007119   89.76%    failed      0.00%
 193  NUCSPE057786   98.17%    failed      0.02%
 194  CRYMUR002671   93.51%    failed      0.00%
 195  NUTLON005733   97.74%    passed      7.83%
 196  BAFFRI050667   98.06%    failed      0.28%
 197  PTESPE016401   95.26%    passed     16.09%
 198  PLAFAL004954   92.67%    failed      0.00%
 199  VAVCUL002657   95.79%    failed      0.67%
WARNING: 199 sequences contain more than 50% gaps/ambiguity
****  TOTAL          92.89%  182 sequences failed composition chi2 test (p-value<5%; df=19)

Create initial parsimony tree by phylogenetic likelihood library (PLL)... 0.567 seconds
Generating 1000 samples for ultrafast bootstrap (seed: 160062)...

NOTE: 464 MB RAM (0 GB) is required!
Estimate model parameters (epsilon = 0.100)
1. Initial log-likelihood: -187402.970
2. Current log-likelihood: -142972.305
3. Current log-likelihood: -142544.996
4. Current log-likelihood: -142536.915
5. Current log-likelihood: -142535.761
6. Current log-likelihood: -142535.448
7. Current log-likelihood: -142535.331
Optimal log-likelihood: -142535.264
Site proportion and rates:  (0.044,0.138) (0.077,0.351) (0.193,0.615) (0.382,0.994) (0.304,1.542)
Parameters optimization took 7 rounds (205.368 sec)
Computing ML distances based on estimated model parameters... 8.936 sec
WARNING: Some pairwise ML distances are too long (saturated)
Computing BIONJ tree...
0.029 seconds
Log-likelihood of BIONJ tree: -142116.298
--------------------------------------------------------------------
|             INITIALIZING CANDIDATE TREE SET                      |
--------------------------------------------------------------------
Generating 98 parsimony trees... 67.223 second
Computing log-likelihood of 98 initial trees ... 315.246 seconds
Current best score: -142116.298

Do NNI search on 20 best initial trees
Estimate model parameters (epsilon = 0.100)
BETTER TREE FOUND at iteration 1: -141783.848
Iteration 10 / LogL: -142037.888 / Time: 0h:38m:45s
Iteration 20 / LogL: -141884.916 / Time: 1h:5m:28s
Finish initializing candidate tree set (20)
Current best tree score: -141783.848 / CPU time: 3592.867
Number of iterations: 20
--------------------------------------------------------------------
|               OPTIMIZING CANDIDATE TREE SET                      |
--------------------------------------------------------------------
Estimate model parameters (epsilon = 0.100)
BETTER TREE FOUND at iteration 25: -141761.124
Estimate model parameters (epsilon = 0.100)
BETTER TREE FOUND at iteration 26: -141723.539
Estimate model parameters (epsilon = 0.100)
BETTER TREE FOUND at iteration 28: -141694.034
Iteration 30 / LogL: -141721.708 / Time: 1h:22m:31s (4h:38m:50s left)
Estimate model parameters (epsilon = 0.100)
BETTER TREE FOUND at iteration 35: -141690.142
Iteration 40 / LogL: -141691.212 / Time: 1h:37m:4s (3h:56m:26s left)
Estimate model parameters (epsilon = 0.100)
BETTER TREE FOUND at iteration 41: -141689.113
Estimate model parameters (epsilon = 0.100)
BETTER TREE FOUND at iteration 44: -141682.150
Estimate model parameters (epsilon = 0.100)
BETTER TREE FOUND at iteration 48: -141677.661
Estimate model parameters (epsilon = 0.100)
BETTER TREE FOUND at iteration 50: -141670.587
Iteration 50 / LogL: -141670.587 / Time: 1h:53m:36s (3h:51m:50s left)
Log-likelihood cutoff on original alignment: -141862.877
Iteration 60 / LogL: -141678.962 / Time: 2h:6m:33s (3h:13m:2s left)
Estimate model parameters (epsilon = 0.100)
BETTER TREE FOUND at iteration 61: -141667.426
Estimate model parameters (epsilon = 0.100)
BETTER TREE FOUND at iteration 62: -141659.824
Estimate model parameters (epsilon = 0.100)
BETTER TREE FOUND at iteration 67: -141655.103
Iteration 70 / LogL: -141656.448 / Time: 2h:21m:24s (3h:18m:46s left)
Estimate model parameters (epsilon = 0.100)
BETTER TREE FOUND at iteration 72: -141652.458
Estimate model parameters (epsilon = 0.100)
BETTER TREE FOUND at iteration 78: -141650.997
Iteration 80 / LogL: -141665.834 / Time: 2h:35m:9s (3h:12m:27s left)
Iteration 90 / LogL: -141667.437 / Time: 2h:47m:36s (2h:45m:42s left)
Iteration 100 / LogL: -141652.268 / Time: 2h:59m:53s (2h:21m:43s left)
Log-likelihood cutoff on original alignment: -141823.680
NOTE: Bootstrap correlation coefficient of split occurrence frequencies: 0.888
NOTE: UFBoot does not converge, continue at least 100 more iterations
Iteration 110 / LogL: -141660.797 / Time: 3h:12m:20s (2h:38m:48s left)
Estimate model parameters (epsilon = 0.100)
BETTER TREE FOUND at iteration 111: -141650.287
Iteration 120 / LogL: -141662.576 / Time: 3h:25m:16s (2h:36m:58s left)
Iteration 130 / LogL: -141694.815 / Time: 3h:36m:21s (2h:15m:50s left)
Estimate model parameters (epsilon = 0.100)
BETTER TREE FOUND at iteration 131: -141649.978
Estimate model parameters (epsilon = 0.100)
BETTER TREE FOUND at iteration 133: -141647.151
Iteration 140 / LogL: -141649.808 / Time: 3h:47m:9s (2h:31m:58s left)
Iteration 150 / LogL: -141651.238 / Time: 3h:57m:31s (2h:12m:18s left)
Log-likelihood cutoff on original alignment: -141823.680
Estimate model parameters (epsilon = 0.100)
BETTER TREE FOUND at iteration 151: -141645.607
Iteration 160 / LogL: -141650.592 / Time: 4h:7m:41s (2h:21m:45s left)
Estimate model parameters (epsilon = 0.100)
BETTER TREE FOUND at iteration 162: -141643.463
Estimate model parameters (epsilon = 0.100)
BETTER TREE FOUND at iteration 164: -141637.937
Estimate model parameters (epsilon = 0.100)
BETTER TREE FOUND at iteration 167: -141636.127
Iteration 170 / LogL: -141675.444 / Time: 4h:17m:49s (2h:27m:58s left)
Iteration 180 / LogL: -141636.995 / Time: 4h:26m:40s (2h:9m:36s left)
Estimate model parameters (epsilon = 0.100)
BETTER TREE FOUND at iteration 187: -141635.527
Iteration 190 / LogL: -141639.471 / Time: 4h:36m:7s (2h:21m:42s left)
Estimate model parameters (epsilon = 0.100)
BETTER TREE FOUND at iteration 198: -141635.193
Iteration 200 / LogL: -141659.123 / Time: 4h:46m:28s (2h:21m:4s left)
Log-likelihood cutoff on original alignment: -141823.680
NOTE: Bootstrap correlation coefficient of split occurrence frequencies: 0.955
NOTE: UFBoot does not converge, continue at least 100 more iterations
Iteration 210 / LogL: -141637.030 / Time: 4h:56m:3s (2h:7m:29s left)
Estimate model parameters (epsilon = 0.100)
BETTER TREE FOUND at iteration 219: -141632.916
Iteration 220 / LogL: -141639.929 / Time: 5h:5m:44s (2h:18m:12s left)
Iteration 230 / LogL: -141645.662 / Time: 5h:15m:48s (2h:2m:44s left)
Estimate model parameters (epsilon = 0.100)
BETTER TREE FOUND at iteration 240: -141626.239
Iteration 240 / LogL: -141626.239 / Time: 5h:25m:29s (2h:16m:10s left)
Estimate model parameters (epsilon = 0.100)
BETTER TREE FOUND at iteration 250: -141624.729
Iteration 250 / LogL: -141624.729 / Time: 5h:36m:3s (2h:14m:57s left)
Log-likelihood cutoff on original alignment: -141823.680
Iteration 260 / LogL: -141643.721 / Time: 5h:45m:19s (1h:59m:59s left)
Estimate model parameters (epsilon = 0.100)
BETTER TREE FOUND at iteration 265: -141621.196
Iteration 270 / LogL: -141631.077 / Time: 5h:56m:28s (2h:5m:53s left)
Estimate model parameters (epsilon = 0.100)
BETTER TREE FOUND at iteration 279: -141619.180
Estimate model parameters (epsilon = 0.100)
BETTER TREE FOUND at iteration 280: -141616.778
Iteration 280 / LogL: -141616.778 / Time: 6h:7m:13s (2h:11m:37s left)
Iteration 290 / LogL: -141675.568 / Time: 6h:17m:27s (1h:57m:32s left)
Estimate model parameters (epsilon = 0.100)
BETTER TREE FOUND at iteration 296: -141614.148
Iteration 300 / LogL: -141630.799 / Time: 6h:27m:22s (2h:4m:22s left)
Log-likelihood cutoff on original alignment: -141823.680
NOTE: Bootstrap correlation coefficient of split occurrence frequencies: 0.896
NOTE: UFBoot does not converge, continue at least 100 more iterations
Iteration 310 / LogL: -141621.815 / Time: 6h:36m:57s (1h:55m:37s left)
Estimate model parameters (epsilon = 0.100)
BETTER TREE FOUND at iteration 315: -141614.039
Estimate model parameters (epsilon = 0.100)
BETTER TREE FOUND at iteration 319: -141613.570
Iteration 320 / LogL: -141629.487 / Time: 6h:47m:58s (2h:6m:36s left)
Estimate model parameters (epsilon = 0.100)
BETTER TREE FOUND at iteration 329: -141610.988
Iteration 330 / LogL: -141613.218 / Time: 6h:58m:40s (2h:5m:58s left)
Iteration 340 / LogL: -141613.888 / Time: 7h:8m:18s (1h:52m:26s left)
Estimate model parameters (epsilon = 0.100)
BETTER TREE FOUND at iteration 347: -141609.425
Iteration 350 / LogL: -141615.461 / Time: 7h:19m:20s (2h:2m:6s left)
Log-likelihood cutoff on original alignment: -141823.680
Iteration 360 / LogL: -141612.381 / Time: 7h:28m:6s (1h:48m:35s left)
Estimate model parameters (epsilon = 0.100)
BETTER TREE FOUND at iteration 370: -141607.686
Iteration 370 / LogL: -141607.686 / Time: 7h:38m:50s (2h:4m:20s left)
Iteration 380 / LogL: -141622.500 / Time: 7h:49m:22s (1h:51m:27s left)
Iteration 390 / LogL: -141629.911 / Time: 7h:59m:35s (1h:38m:37s left)
Estimate model parameters (epsilon = 0.100)
BETTER TREE FOUND at iteration 395: -141607.390
Estimate model parameters (epsilon = 0.100)
BETTER TREE FOUND at iteration 398: -141603.211
Iteration 400 / LogL: -141627.032 / Time: 8h:10m:20s (2h:0m:25s left)
Log-likelihood cutoff on original alignment: -141823.680
NOTE: Bootstrap correlation coefficient of split occurrence frequencies: 0.919
NOTE: UFBoot does not converge, continue at least 100 more iterations
Iteration 410 / LogL: -141624.658 / Time: 8h:20m:27s (1h:50m:7s left)
Iteration 420 / LogL: -141612.133 / Time: 8h:29m:11s (1h:37m:13s left)
Iteration 430 / LogL: -141605.906 / Time: 8h:39m:11s (1h:24m:42s left)
Iteration 440 / LogL: -141613.437 / Time: 8h:48m:0s (1h:12m:9s left)
Estimate model parameters (epsilon = 0.100)
BETTER TREE FOUND at iteration 445: -141603.004
Iteration 450 / LogL: -141604.913 / Time: 8h:57m:57s (1h:53m:49s left)
Log-likelihood cutoff on original alignment: -141715.178
Iteration 460 / LogL: -141616.926 / Time: 9h:8m:1s (1h:41m:28s left)
Iteration 470 / LogL: -141615.904 / Time: 9h:17m:0s (1h:29m:4s left)
Iteration 480 / LogL: -141603.502 / Time: 9h:25m:32s (1h:16m:44s left)
Estimate model parameters (epsilon = 0.100)
BETTER TREE FOUND at iteration 490: -141602.399
Iteration 490 / LogL: -141602.399 / Time: 9h:34m:13s (1h:57m:25s left)
Estimate model parameters (epsilon = 0.100)
BETTER TREE FOUND at iteration 500: -141601.436
Iteration 500 / LogL: -141601.436 / Time: 9h:43m:48s (1h:56m:59s left)
Log-likelihood cutoff on original alignment: -141715.178
NOTE: Bootstrap correlation coefficient of split occurrence frequencies: 0.927
NOTE: UFBoot does not converge, continue at least 100 more iterations
Estimate model parameters (epsilon = 0.100)
BETTER TREE FOUND at iteration 501: -141600.981
Estimate model parameters (epsilon = 0.100)
BETTER TREE FOUND at iteration 505: -141600.888
Estimate model parameters (epsilon = 0.100)
BETTER TREE FOUND at iteration 506: -141600.256
Iteration 510 / LogL: -141608.386 / Time: 9h:53m:28s (1h:51m:55s left)
Iteration 520 / LogL: -141605.019 / Time: 10h:2m:3s (1h:39m:45s left)
Estimate model parameters (epsilon = 0.100)
BETTER TREE FOUND at iteration 523: -141599.815
Iteration 530 / LogL: -141602.861 / Time: 10h:11m:33s (1h:47m:30s left)
Iteration 540 / LogL: -141613.548 / Time: 10h:21m:24s (1h:35m:41s left)
Estimate model parameters (epsilon = 0.100)
BETTER TREE FOUND at iteration 550: -141599.299
Iteration 550 / LogL: -141599.299 / Time: 10h:30m:55s (1h:54m:55s left)
Log-likelihood cutoff on original alignment: -141715.178
Iteration 560 / LogL: -141615.391 / Time: 10h:40m:50s (1h:43m:10s left)
Iteration 570 / LogL: -141599.936 / Time: 10h:49m:45s (1h:31m:21s left)
Iteration 580 / LogL: -141629.030 / Time: 10h:59m:39s (1h:19m:45s left)
Iteration 590 / LogL: -141609.339 / Time: 11h:9m:33s (1h:8m:12s left)
Estimate model parameters (epsilon = 0.100)
BETTER TREE FOUND at iteration 599: -141596.225
Iteration 600 / LogL: -141610.927 / Time: 11h:18m:40s (1h:52m:9s left)
Log-likelihood cutoff on original alignment: -141704.315
NOTE: Bootstrap correlation coefficient of split occurrence frequencies: 0.946
NOTE: UFBoot does not converge, continue at least 100 more iterations
Iteration 610 / LogL: -141612.011 / Time: 11h:28m:18s (1h:41m:43s left)
Iteration 620 / LogL: -141600.118 / Time: 11h:36m:45s (1h:30m:2s left)
Estimate model parameters (epsilon = 0.100)
BETTER TREE FOUND at iteration 625: -141596.079
Iteration 630 / LogL: -141603.041 / Time: 11h:46m:5s (1h:46m:38s left)
Iteration 640 / LogL: -141621.273 / Time: 11h:55m:29s (1h:35m:10s left)
Iteration 650 / LogL: -141600.443 / Time: 12h:4m:35s (1h:23m:44s left)
Log-likelihood cutoff on original alignment: -141704.315
Iteration 660 / LogL: -141642.352 / Time: 12h:13m:41s (1h:12m:22s left)
Estimate model parameters (epsilon = 0.100)
BETTER TREE FOUND at iteration 662: -141595.948
Iteration 670 / LogL: -141627.832 / Time: 12h:23m:11s (1h:42m:12s left)
Estimate model parameters (epsilon = 0.100)
BETTER TREE FOUND at iteration 675: -141595.649
Iteration 680 / LogL: -141606.247 / Time: 12h:33m:10s (1h:45m:22s left)
Iteration 690 / LogL: -141602.930 / Time: 12h:41m:39s (1h:33m:57s left)
Iteration 700 / LogL: -141595.863 / Time: 12h:51m:6s (1h:22m:44s left)
Log-likelihood cutoff on original alignment: -141704.315
NOTE: Bootstrap correlation coefficient of split occurrence frequencies: 0.950
NOTE: UFBoot does not converge, continue at least 100 more iterations
Iteration 710 / LogL: -141604.046 / Time: 13h:0m:32s (1h:39m:4s left)
Iteration 720 / LogL: -141606.379 / Time: 13h:10m:2s (1h:27m:54s left)
Iteration 730 / LogL: -141625.857 / Time: 13h:19m:35s (1h:16m:46s left)
Estimate model parameters (epsilon = 0.100)
BETTER TREE FOUND at iteration 732: -141592.402
Iteration 740 / LogL: -141606.617 / Time: 13h:28m:33s (1h:40m:39s left)
Iteration 750 / LogL: -141599.709 / Time: 13h:37m:29s (1h:29m:29s left)
Log-likelihood cutoff on original alignment: -141704.097
Iteration 760 / LogL: -141599.268 / Time: 13h:46m:46s (1h:18m:25s left)
Estimate model parameters (epsilon = 0.100)
BETTER TREE FOUND at iteration 762: -141591.181
Iteration 770 / LogL: -141601.992 / Time: 13h:55m:17s (1h:39m:55s left)
Iteration 780 / LogL: -141596.959 / Time: 14h:3m:40s (1h:28m:48s left)
Iteration 790 / LogL: -141593.660 / Time: 14h:12m:4s (1h:17m:45s left)
Iteration 800 / LogL: -141603.283 / Time: 14h:19m:36s (1h:6m:42s left)
Log-likelihood cutoff on original alignment: -141704.097
NOTE: Bootstrap correlation coefficient of split occurrence frequencies: 0.953
NOTE: UFBoot does not converge, continue at least 100 more iterations
Iteration 810 / LogL: -141599.929 / Time: 14h:28m:7s (1h:36m:34s left)
Iteration 820 / LogL: -141596.855 / Time: 14h:36m:14s (1h:25m:35s left)
Iteration 830 / LogL: -141593.739 / Time: 14h:44m:5s (1h:14m:39s left)
Iteration 840 / LogL: -141591.221 / Time: 14h:53m:10s (1h:3m:52s left)
Iteration 850 / LogL: -141595.842 / Time: 15h:1m:32s (0h:53m:5s left)
Log-likelihood cutoff on original alignment: -141704.097
Estimate model parameters (epsilon = 0.100)
BETTER TREE FOUND at iteration 851: -141590.767
Iteration 860 / LogL: -141616.150 / Time: 15h:10m:47s (1h:36m:29s left)
Iteration 870 / LogL: -141606.854 / Time: 15h:18m:40s (1h:25m:37s left)
Iteration 880 / LogL: -141597.977 / Time: 15h:26m:46s (1h:14m:51s left)
Iteration 890 / LogL: -141598.030 / Time: 15h:35m:20s (1h:4m:10s left)
Iteration 900 / LogL: -141598.403 / Time: 15h:43m:7s (0h:53m:30s left)
Log-likelihood cutoff on original alignment: -141704.097
NOTE: Bootstrap correlation coefficient of split occurrence frequencies: 0.961
NOTE: UFBoot does not converge, continue at least 100 more iterations
Iteration 910 / LogL: -141601.792 / Time: 15h:52m:13s (1h:34m:16s left)
Iteration 920 / LogL: -141599.571 / Time: 16h:1m:29s (1h:23m:41s left)
Iteration 930 / LogL: -141597.999 / Time: 16h:10m:12s (1h:13m:6s left)
Iteration 940 / LogL: -141608.266 / Time: 16h:18m:15s (1h:2m:30s left)
Iteration 950 / LogL: -141591.476 / Time: 16h:25m:11s (0h:51m:54s left)
Log-likelihood cutoff on original alignment: -141704.097
Iteration 960 / LogL: -141596.084 / Time: 16h:31m:46s (0h:41m:21s left)
Iteration 970 / LogL: -141592.958 / Time: 16h:37m:35s (0h:30m:53s left)
Iteration 980 / LogL: -141603.960 / Time: 16h:44m:2s (0h:20m:30s left)
Iteration 990 / LogL: -141593.322 / Time: 16h:50m:22s (0h:10m:12s left)
Iteration 1000 / LogL: -141597.635 / Time: 16h:56m:47s (0h:0m:0s left)
Log-likelihood cutoff on original alignment: -141704.097
NOTE: Bootstrap correlation coefficient of split occurrence frequencies: 0.958
NOTE: UFBoot does not converge, continue at least 100 more iterations
WARNING: bootstrap analysis did not converge. You should rerun with higher number of iterations (-nm option)
TREE SEARCH COMPLETED AFTER 1001 ITERATIONS / Time: 16h:57m:27s

--------------------------------------------------------------------
|                    FINALIZING TREE SEARCH                        |
--------------------------------------------------------------------
Performs final model parameters optimization
Estimate model parameters (epsilon = 0.010)
1. Initial log-likelihood: -141590.767
2. Current log-likelihood: -141590.746
3. Current log-likelihood: -141590.727
4. Current log-likelihood: -141590.710
5. Current log-likelihood: -141590.693
6. Current log-likelihood: -141590.675
7. Current log-likelihood: -141590.658
8. Current log-likelihood: -141590.642
9. Current log-likelihood: -141590.625
10. Current log-likelihood: -141590.608
11. Current log-likelihood: -141590.591
12. Current log-likelihood: -141590.574
13. Current log-likelihood: -141590.557
14. Current log-likelihood: -141590.539
15. Current log-likelihood: -141590.522
16. Current log-likelihood: -141590.505
17. Current log-likelihood: -141590.488
18. Current log-likelihood: -141590.471
19. Current log-likelihood: -141590.454
20. Current log-likelihood: -141590.437
21. Current log-likelihood: -141590.419
22. Current log-likelihood: -141590.402
23. Current log-likelihood: -141590.385
24. Current log-likelihood: -141590.368
25. Current log-likelihood: -141590.351
26. Current log-likelihood: -141590.333
27. Current log-likelihood: -141590.316
28. Current log-likelihood: -141590.299
29. Current log-likelihood: -141590.282
30. Current log-likelihood: -141590.265
31. Current log-likelihood: -141590.248
32. Current log-likelihood: -141590.231
33. Current log-likelihood: -141590.214
34. Current log-likelihood: -141590.197
35. Current log-likelihood: -141590.181
36. Current log-likelihood: -141590.164
37. Current log-likelihood: -141590.148
38. Current log-likelihood: -141590.131
39. Current log-likelihood: -141590.115
40. Current log-likelihood: -141590.099
41. Current log-likelihood: -141590.084
42. Current log-likelihood: -141590.068
43. Current log-likelihood: -141590.051
44. Current log-likelihood: -141590.035
45. Current log-likelihood: -141590.020
46. Current log-likelihood: -141590.004
47. Current log-likelihood: -141589.988
48. Current log-likelihood: -141589.973
49. Current log-likelihood: -141589.958
50. Current log-likelihood: -141589.943
51. Current log-likelihood: -141589.928
52. Current log-likelihood: -141589.913
53. Current log-likelihood: -141589.898
54. Current log-likelihood: -141589.883
55. Current log-likelihood: -141589.869
56. Current log-likelihood: -141589.855
57. Current log-likelihood: -141589.840
58. Current log-likelihood: -141589.826
59. Current log-likelihood: -141589.812
60. Current log-likelihood: -141589.798
61. Current log-likelihood: -141589.784
62. Current log-likelihood: -141589.770
63. Current log-likelihood: -141589.758
Optimal log-likelihood: -141589.745
Site proportion and rates:  (0.034,0.113) (0.064,0.298) (0.172,0.556) (0.442,0.957) (0.288,1.590)
Parameters optimization took 63 rounds (647.103 sec)
BEST SCORE FOUND : -141589.745
Creating bootstrap support values...
Split supports printed to NEXUS file euk5_homs3.Nse3.linsi.iqtree.splits.nex
Total tree length: 248.142

Total number of iterations: 1001
CPU time used for tree search: 120094.822 sec (33h:21m:34s)
Wall-clock time used for tree search: 60711.561 sec (16h:51m:51s)
Total CPU time used: 122019.931 sec (33h:53m:39s)
Total wall-clock time used: 61695.576 sec (17h:8m:15s)

Computing bootstrap consensus tree...
Reading input file euk5_homs3.Nse3.linsi.iqtree.splits.nex...
199 taxa and 2243 splits.
Consensus tree written to euk5_homs3.Nse3.linsi.iqtree.contree
Reading input trees file euk5_homs3.Nse3.linsi.iqtree.contree
Log-likelihood of consensus tree: -141589.922

Analysis results written to: 
  IQ-TREE report:                euk5_homs3.Nse3.linsi.iqtree.iqtree
  Maximum-likelihood tree:       euk5_homs3.Nse3.linsi.iqtree.treefile
  Likelihood distances:          euk5_homs3.Nse3.linsi.iqtree.mldist

Ultrafast bootstrap approximation results written to:
  Split support values:          euk5_homs3.Nse3.linsi.iqtree.splits.nex
  Consensus tree:                euk5_homs3.Nse3.linsi.iqtree.contree
  Screen log file:               euk5_homs3.Nse3.linsi.iqtree.log

Date and Time: Tue Sep  6 09:36:02 2022
