IQ-TREE multicore version 2.0.3 for Linux 64-bit built Apr 26 2020
Developed by Bui Quang Minh, Nguyen Lam Tung, Olga Chernomor,
Heiko Schmidt, Dominik Schrempf, Michael Woodhams.

Host:    jolien-Precision-5820-Tower (AVX512, FMA3, 31 GB RAM)
Command: iqtree -s euk5_homs4.linsi.fa -T 2 -m LG+C10 -alrt 1000 -pre euk5_homs4.linsi.iqtree
Seed:    454433 (Using SPRNG - Scalable Parallel Random Number Generator)
Time:    Fri Jun 17 11:50:15 2022
Kernel:  AVX+FMA - 2 threads (16 CPU cores detected)

Reading alignment file euk5_homs4.linsi.fa ... Fasta format detected
Alignment most likely contains protein sequences
WARNING: 1 sites contain only gaps or ambiguous characters.
Alignment has 373 sequences with 11366 columns, 9184 distinct patterns
4399 parsimony-informative, 3458 singleton sites, 3509 constant sites
              Gap/Ambiguity  Composition  p-value
   1  ACAPLA026850   85.39%    failed      0.00%
   2  CRAGIG035179   85.61%    failed      0.00%
   3  PHYPOL000676   88.46%    failed      0.00%
   4  HOMSAP052152   86.82%    failed      0.00%
   5  BRABEL034543   86.51%    failed      0.00%
   6  PLAFUN012662   86.93%    failed      0.00%
   7  SALKVE019232   87.36%    failed      0.00%
   8  LEUCOM028490   86.55%    failed      0.00%
   9  COLSPE010841   85.32%    failed      0.00%
  10  DANRER020979   87.52%    failed      0.00%
  11  GEFOKE005476   88.47%    failed      0.00%
  12  DIPROT028184   87.87%    failed      0.00%
  13  CAPOWC002238   85.92%    failed      0.00%
  14  MATSPE019106   87.03%    failed      0.00%
  15  DIPROT028187   88.41%    failed      0.00%
  16  DIAGRA035348   86.39%    failed      0.00%
  17  POLPAL002788   82.45%    failed      0.00%
  18  DICDIS009092   84.24%    failed      0.00%
  19  HEMKUK007360   89.04%    failed      0.00%
  20  CYCPAN009967   84.16%    failed      0.00%
  21  NANOCE017757   84.08%    failed      0.00%
  22  CHABRA022259   83.43%    failed      0.00%
  23  KLENIT008696   83.93%    failed      0.00%
  24  MARPOL010461   85.15%    failed      0.00%
  25  CHRPER002539   86.93%    failed      0.00%
  26  NANOCE112051   85.69%    failed      0.00%
  27  NANOCE039708   84.96%    failed      0.00%
  28  MASBAL009083   86.21%    failed      0.00%
  29  ARCINT015592   89.64%    failed      0.00%
  30  IXOSCA011725   85.98%    failed      0.00%
  31  CLAOKA012149   84.08%    failed      0.00%
  32  PHYINF001707   86.92%    failed      0.00%
  33  RHOMAR002342   85.81%    failed      0.00%
  34  SPISPE001834   86.03%    failed      0.00%
  35  RIGRAM024991   87.56%    failed      0.00%
  36  MALCAL009605   90.79%    failed      0.00%
  37  ARATHA032801   88.44%    failed      0.00%
  38  SORBIC000901   88.70%    failed      0.00%
  39  SAPDIC001953   87.85%    failed      0.00%
  40  CHLREI005747   84.14%    failed      0.00%
  41  CIOINT006859   89.60%    failed      0.00%
  42  PALBIL001942   88.07%    failed      0.00%
  43  PRACOL004083   87.51%    failed      0.00%
  44  PICSPE028142   90.41%    failed      0.00%
  45  PICSPE027917   90.89%    failed      0.00%
  46  THETRA002546   87.74%    failed      0.00%
  47  HEMSPE001208   87.82%    failed      0.00%
  48  NEODAM005679   89.86%    failed      0.00%
  49  PLAMIC004336   87.13%    failed      0.00%
  50  CRYCOH054585   87.65%    failed      0.00%
  51  PRIPAC002481   81.92%    failed      0.00%
  52  HEMSPE001698   88.69%    failed      0.00%
  53  COCSUB006965   88.56%    failed      0.00%
  54  HONFER001123   87.04%    failed      0.00%
  55  AURLIM014186   87.07%    failed      0.00%
  56  TRIADH004442   89.86%    failed      0.00%
  57  NEMVEC017135   94.49%    failed      0.00%
  58  TELSUB018589   90.74%    failed      0.00%
  59  BIGNAT010017   87.34%    failed      0.00%
  60  PHATRI006028   86.24%    failed      0.00%
  61  STRRAT004438   87.65%    failed      0.00%
  62  MNELEI009118   84.88%    failed      0.00%
  63  GEPOCE025902   91.23%    failed      0.00%
  64  HYPCAT004495   91.71%    failed      0.00%
  65  STRRAT003522   87.64%    failed      0.00%
  66  GUITHE022207   92.12%    failed      0.00%
  67  HALSEO008286   88.17%    failed      0.00%
  68  DIALUT010350   88.35%    failed      0.00%
  69  VITBRA005486   82.97%    failed      0.00%
  70  PERSWS000137   90.61%    failed      0.00%
  71  MALJAK005694   92.35%    failed      0.00%
  72  CYAPAR007824   86.85%    failed      0.00%
  73  BAFFRI027614   91.98%    failed      0.00%
  74  SECSPE006851   83.67%    failed      0.00%
  75  TRIVAG013402   90.08%    failed      0.00%
  76  VERVER000851   93.29%    failed      0.00%
  77  HEMPHA042820   87.87%    failed      0.00%
  78  CYAMER001422   85.75%    failed      0.00%
  79  RAMVAR001721   86.47%    failed      0.00%
  80  TRIVAG056503   90.05%    failed      0.00%
  81  NEPPYR019607   95.39%    failed      0.00%
  82  MALJAK013008   94.88%    failed      0.00%
  83  EUGLON000987   91.54%    failed      0.00%
  84  NUCSPE076798   95.36%    failed      0.00%
  85  PARATL002132   95.36%    failed      0.00%
  86  PERMAR003833   88.65%    failed      0.00%
  87  GRACHO000699   89.63%    failed      0.00%
  88  DIPROT028188   92.14%    failed      0.00%
  89  RHYHUM019885   90.20%    failed      0.00%
  90  PORPUR002260   87.92%    failed      0.00%
  91  ANAIGN006277   90.04%    failed      0.00%
  92  MONEXI010663   80.77%    failed      0.00%
  93  TELSUB018588   94.85%    failed      0.04%
  94  CHRVEL023788   81.25%    failed      0.00%
  95  BOMMOR010522   89.87%    failed      0.00%
  96  CRYMUR001044   83.80%    failed      0.00%
  97  MONNEG010186   91.20%    failed      0.00%
  98  DROMEL015712   88.85%    failed      0.00%
  99  PAUCHR004519   94.69%    failed      0.00%
 100  TRIVAG004982   90.68%    failed      0.00%
 101  GONPRO009683   93.65%    failed      0.00%
 102  DAPMAG025476   92.64%    failed      0.00%
 103  MONBRE005456   92.11%    failed      0.00%
 104  PLATAR005507   95.99%    failed      0.00%
 105  TOXGON006658   79.21%    failed      0.00%
 106  CARMEM007970   90.44%    failed      0.00%
 107  PLAFAL003058   84.00%    failed      0.00%
 108  LEPVOR038571   96.36%    failed      0.03%
 109  LEPVOR038572   96.74%    failed      0.00%
 110  ENTSUL042449   96.29%    failed      0.00%
 111  JAKBAH001134   87.31%    failed      0.00%
 112  ANAIGN004260   95.78%    failed      0.00%
 113  GIAINT004432   86.17%    failed      0.00%
 114  MALJAK005684   97.01%    failed      0.00%
 115  NUTLON020110   98.08%    passed     23.92%
 116  PAUCHR018448   97.93%    failed      1.78%
 117  MANPLA026289   98.37%    passed      6.02%
 118  VERVER004093   96.77%    failed      0.00%
 119  MALJAK013007   97.15%    failed      0.00%
 120  ACASPE027470   97.47%    failed      0.00%
 121  ANAIGN019143   96.05%    failed      0.00%
 122  MADERY015364   97.88%    failed      0.01%
 123  LAPGUS041558   96.55%    failed      0.00%
 124  HYPCAT004496   94.98%    failed      0.00%
 125  MONNEG000638   98.02%    failed      0.00%
 126  RAMVAR001827   97.83%    failed      4.65%
 127  ENTSUL065385   96.48%    failed      0.00%
 128  DAPMAG025475   96.79%    failed      0.00%
 129  GEMCRY040801   98.33%    failed      0.21%
 130  LAPGUS004185   98.52%    failed      0.00%
 131  MANPLA009860   97.77%    passed     48.13%
 132  MANPLA003459   98.36%    failed      0.74%
 133  ANCTWI033624   98.42%    failed      0.98%
 134  GUITHE009023   89.97%    failed      0.00%
 135  PHYPOL000844   88.31%    failed      0.00%
 136  PYGBIF008909   98.91%    passed     41.28%
 137  ANCTWI035869   99.00%    failed      3.85%
 138  ENTSUL008213   98.17%    failed      0.31%
 139  RHOMAR013909   88.03%    failed      0.00%
 140  MANPLA016262   98.52%    failed      0.16%
 141  PHAKIR006659   88.36%    failed      0.00%
 142  HOMSAP051815   87.67%    failed      0.00%
 143  SECSPE007350   88.94%    failed      0.00%
 144  RIGRAM021906   88.43%    failed      0.00%
 145  PLAFUN002057   89.52%    failed      0.00%
 146  NEODAM007483   89.91%    failed      0.00%
 147  NEMVEC023925   87.97%    failed      0.00%
 148  HONFER002907   87.89%    failed      0.00%
 149  MALCAL009615   97.90%    failed      0.03%
 150  SAPDIC013387   89.00%    failed      0.00%
 151  ACAPLA032274   89.27%    failed      0.00%
 152  GEMCRY037598   89.09%    failed      0.00%
 153  ARCINT008908   87.96%    failed      0.00%
 154  DICDIS005406   87.66%    failed      0.00%
 155  CHLVAR005156   85.96%    failed      0.00%
 156  HALSEO000945   86.93%    failed      0.00%
 157  CHLATM002805   88.11%    failed      0.00%
 158  BRABEL029502   86.87%    failed      0.00%
 159  SORBIC015700   88.77%    failed      0.00%
 160  NUCSPE113680   96.92%    failed      0.00%
 161  PARATL007746   96.92%    failed      0.00%
 162  CHRPER006861   87.56%    failed      0.00%
 163  BAFFRI006967   95.30%    failed      0.00%
 164  GEPOCE029391   89.14%    failed      0.00%
 165  ACASPE026945   98.67%    failed      3.27%
 166  GRACHO002236   89.20%    failed      0.00%
 167  ARATHA005544   87.55%    failed      0.00%
 168  PICSPE013331   87.19%    failed      0.00%
 169  PYGBIF006345   93.88%    failed      0.00%
 170  MALCAL010696   92.69%    failed      0.00%
 171  TRIADH001065   89.05%    failed      0.00%
 172  PRACOL003080   88.83%    failed      0.00%
 173  MALJAK019638   88.05%    failed      0.00%
 174  SALKVE017294   88.27%    failed      0.00%
 175  CYAPAR009186   86.64%    failed      0.00%
 176  PLAMIC003191   88.37%    failed      0.00%
 177  PAUCHR016996   97.72%    failed      0.00%
 178  AURLIM014413   87.99%    failed      0.00%
 179  CHABRA007882   85.25%    failed      0.00%
 180  VERVER002410   93.23%    failed      0.00%
 181  CRAGIG062650   86.99%    failed      0.00%
 182  RAMBRE002445   87.60%    failed      0.00%
 183  RUSMAR000440   90.02%    failed      0.00%
 184  PHATRI008782   88.73%    failed      0.00%
 185  NAEFOW010541   87.17%    failed      0.00%
 186  MONBRE002273   88.06%    failed      0.00%
 187  MNELEI010092   88.39%    failed      0.00%
 188  SYNPLU002888   87.64%    failed      0.00%
 189  DANRER021694   87.65%    failed      0.00%
 190  NUTLON011892   95.10%    failed      0.00%
 191  SCHMAN005603   88.05%    failed      0.00%
 192  MORVER003650   87.01%    failed      0.00%
 193  PLABRA001429   88.62%    failed      0.00%
 194  ANDGOD001862   87.74%    failed      0.00%
 195  PORPUR005792   87.98%    failed      0.00%
 196  CAULEN005529   88.78%    failed      0.00%
 197  CYCPAN003888   85.45%    failed      0.00%
 198  PHYINF002784   88.38%    failed      0.00%
 199  LEUCOM016754   86.48%    failed      0.00%
 200  USTMAY003116   87.59%    failed      0.00%
 201  JAKBAH007879   88.06%    failed      0.00%
 202  GALSUL004476   89.01%    failed      0.00%
 203  GONPRO010978   87.91%    failed      0.00%
 204  STECOE023191   90.58%    failed      0.00%
 205  DAPMAG014143   87.22%    failed      0.00%
 206  UMBRAM007003   89.16%    failed      0.00%
 207  COEREV001438   89.79%    failed      0.00%
 208  CAPOWC007972   85.76%    failed      0.00%
 209  GEFOKE014172   90.02%    failed      0.00%
 210  RHIIRR020166   88.87%    failed      0.00%
 211  BASMER013765   89.13%    failed      0.00%
 212  RUSMAR000805   89.01%    failed      0.00%
 213  CREFRA003004   88.41%    failed      0.00%
 214  DIPROT020081   88.03%    failed      0.00%
 215  CYAMER003210   85.40%    failed      0.00%
 216  KLENIT003076   83.92%    failed      0.00%
 217  CRYNEO000008   87.61%    failed      0.00%
 218  PSEPER004116   86.78%    failed      0.00%
 219  GONPAC031729   97.65%    failed      0.00%
 220  OXYTRI005859   86.27%    failed      0.00%
 221  STEHIS012634   86.27%    failed      0.00%
 222  THETRA010560   89.15%    failed      0.00%
 223  SACCER005416   89.65%    failed      0.00%
 224  PARTRI009686   88.66%    failed      0.00%
 225  PRIPAC027071   85.73%    failed      0.00%
 226  COCSUB005746   85.59%    failed      0.00%
 227  HEMPHA011039   86.95%    failed      0.00%
 228  GONPAC003579   97.61%    failed      0.00%
 229  BAFFRI038007   92.05%    failed      0.00%
 230  LEUCOM089778   98.96%    passed      5.26%
 231  NEUCRA003016   89.01%    failed      0.00%
 232  AGABIS005906   88.25%    failed      0.00%
 233  MASSPE006691   87.62%    failed      0.00%
 234  GLOWIT012859   86.37%    failed      0.00%
 235  PAPANK026024   89.83%    failed      0.00%
 236  BASMER009451   89.10%    failed      0.00%
 237  PARTET016291   89.48%    failed      0.00%
 238  HYPCAT011692   97.60%    failed      2.12%
 239  NEOSPE006263   90.38%    failed      0.00%
 240  LEPVOR024984   94.16%    failed      0.00%
 241  TETTHE008698   87.72%    failed      0.00%
 242  DIAGRA034970   88.95%    failed      0.00%
 243  SPIPUN002681   88.47%    failed      0.00%
 244  ACACAS003729   88.31%    failed      0.00%
 245  CIOINT002998   89.15%    failed      0.00%
 246  ENTHIS005518   90.58%    failed      0.00%
 247  OSTTAU000592   88.70%    failed      0.00%
 248  SCHPOM001613   89.81%    failed      0.00%
 249  MARPOL007622   87.28%    failed      0.00%
 250  MALJAK007621   96.17%    failed      0.00%
 251  PARTET025453   89.51%    failed      0.00%
 252  APISPI055575   87.88%    failed      0.00%
 253  SPISPE005972   87.13%    failed      0.00%
 254  ALLMAC014015   88.64%    failed      0.00%
 255  SORBIC015964   84.25%    failed      0.00%
 256  NUCSPE076785   98.35%    failed      0.00%
 257  PARATL002128   98.36%    failed      0.00%
 258  ANDGOD000843   90.85%    failed      0.00%
 259  LAPGUS055492   97.77%    failed      0.00%
 260  CYAPAR009182   93.26%    failed      0.00%
 261  PARATL009572   98.95%    failed      0.00%
 262  NUCSPE133609   98.94%    failed      0.00%
 263  MICMAR171505   98.61%    passed     20.97%
 264  IXOSCA030355   87.32%    failed      0.00%
 265  GEMCRY031379   94.17%    failed      0.00%
 266  ENCINT000517   91.89%    failed      0.00%
 267  ELPMAR013318   84.79%    failed      0.00%
 268  NEPPYR004757   96.38%    failed      0.00%
 269  STECOE010689   91.98%    failed      0.00%
 270  VERVER000505   98.25%    failed      2.90%
 271  PAUCHR000368   86.94%    failed      0.00%
 272  PARATL001936   96.58%    failed      0.00%
 273  NUCSPE075764   96.41%    failed      0.00%
 274  PLATAR005743   88.70%    failed      0.00%
 275  MICSPE002247   86.50%    failed      0.00%
 276  MANPLA014971   99.06%    passed     42.05%
 277  OXYTRI011589   86.15%    failed      0.00%
 278  STEHIS015499   86.15%    failed      0.00%
 279  HEMKUK001723   94.93%    failed      0.00%
 280  TETTHE012223   87.01%    failed      0.00%
 281  PERSWS008599   88.25%    failed      0.00%
 282  MICSPE001578   86.23%    failed      0.00%
 283  CLAOKA005553   86.35%    failed      0.00%
 284  CHLVAR007928   84.19%    failed      0.00%
 285  PARTET022561   89.56%    failed      0.00%
 286  SORBIC006078   99.44%    passed     73.14%
 287  MADERY016753   96.84%    failed      0.00%
 288  RHYHUM012679   86.96%    failed      0.00%
 289  POLPAL009275   89.67%    failed      0.00%
 290  MATSPE023233   87.08%    failed      0.00%
 291  CHRPER010015   84.83%    failed      0.00%
 292  MASBAL012887   86.53%    failed      0.00%
 293  PERSPE004160   85.69%    failed      0.00%
 294  PLAFUN015964   84.59%    failed      0.00%
 295  PARTET016392   90.19%    failed      0.00%
 296  PAUCHR019790   98.10%    failed      0.00%
 297  CYCPAN003642   78.17%    failed      0.00%
 298  NUTLON023002   98.99%    failed      3.17%
 299  NEUCRA005723   82.80%    failed      0.00%
 300  PARTET025427   90.19%    failed      0.00%
 301  KLENIT015529   84.59%    failed      0.00%
 302  TELSUB019228   94.74%    failed      0.00%
 303  MALJAK007880   85.83%    failed      0.00%
 304  ARATHA035626   83.76%    failed      0.00%
 305  RAPHET012906   99.07%    failed      1.93%
 306  BODSAL007349   86.95%    failed      0.00%
 307  TELSUB031886   98.44%    passed     44.75%
 308  TRIADH009735   85.97%    failed      0.00%
 309  DROMEL011608   87.86%    failed      0.00%
 310  NEPPYR026358   99.12%    failed      0.00%
 311  EUGLON013240   96.08%    failed      0.00%
 312  TRYBRU003348   88.93%    failed      0.00%
 313  COLSPE010776   91.85%    failed      0.00%
 314  UMBRAM008564   82.82%    failed      0.00%
 315  TELSUB038304   88.84%    failed      0.00%
 316  BARSPE005065   91.91%    failed      0.00%
 317  MALJAK000598   86.57%    failed      0.00%
 318  GEPOCE043189   97.64%    failed      0.00%
 319  PSEPER006773   95.83%    failed      0.00%
 320  SCHPOM003712   89.40%    failed      0.00%
 321  NUCSPE076396   87.56%    failed      0.00%
 322  PARATL002054   87.56%    failed      0.00%
 323  STECOE025709   87.95%    failed      0.00%
 324  COLSPE002393   94.81%    failed      0.00%
 325  ALLMAC015185   95.65%    failed      0.00%
 326  LENLIM004436   91.54%    failed      0.00%
 327  MONBRE005786   87.13%    failed      0.00%
 328  ARCINT011815   85.96%    failed      0.00%
 329  PHYPOL000930   90.19%    failed      0.00%
 330  MARPOL011624   83.75%    failed      0.00%
 331  VAVCUL000064   92.21%    failed      0.00%
 332  PYGBIF009365   99.01%    failed      0.02%
 333  MICMAR044431   97.40%    failed      0.00%
 334  TELSUB032229   90.60%    failed      0.00%
 335  THEPAR001334   84.81%    failed      0.00%
 336  PICSPE045217   94.33%    failed      0.00%
 337  RAMVAR008329   82.55%    failed      0.00%
 338  HYPCAT011037   91.40%    failed      0.00%
 339  CHLVAR009452   85.93%    failed      0.00%
 340  ROZALL004397   95.50%    failed      0.00%
 341  BASMER002777   84.89%    failed      0.00%
 342  TELSUB038303   93.49%    failed      0.00%
 343  ELPMAR018682   86.36%    failed      0.00%
 344  CHOSPE005111   90.22%    failed      0.00%
 345  TELSUB032230   93.88%    failed      0.00%
 346  COLVIE010729   95.63%    failed      0.01%
 347  HALSEO005688   92.85%    failed      0.00%
 348  CHLREI012093   85.60%    failed      0.00%
 349  NANOCE112042   98.50%    failed      0.01%
 350  CYAPAR023320   92.05%    failed      0.00%
 351  BASMER006186   90.89%    failed      0.00%
 352  GUITHE019673   90.11%    failed      0.00%
 353  CHABRA016208   85.38%    failed      0.00%
 354  BAFFRI018286   86.15%    failed      0.00%
 355  NEUCRA001669   88.90%    failed      0.00%
 356  MNELEI004088   94.57%    failed      0.00%
 357  PICSPE027915   98.87%    failed      0.01%
 358  CYAPAR022399   82.51%    failed      0.00%
 359  RUSMAR000177   92.22%    failed      0.00%
 360  STECOE009021   87.54%    failed      0.00%
 361  CHRPER007059   88.93%    failed      0.00%
 362  PLAMIC000514   94.69%    failed      0.00%
 363  RAMVAR001828   98.45%    passed     46.29%
 364  GONPRO009684   95.12%    failed      0.00%
 365  ENTSUL043218   96.00%    failed      0.05%
 366  LAPGUS037846   98.89%    failed      0.00%
 367  LAPGUS014349   98.65%    passed     44.18%
 368  HYPCAT000040   91.52%    failed      0.00%
 369  CRAGIG005939   85.48%    failed      0.00%
 370  GLOWIT010052   98.57%    failed      0.11%
 371  CIOINT001110   91.58%    failed      0.00%
 372  DICDIS011251   81.85%    failed      0.00%
 373  GONPRO009682   97.47%    failed      0.00%
WARNING: 373 sequences contain more than 50% gaps/ambiguity
****  TOTAL          90.13%  362 sequences failed composition chi2 test (p-value<5%; df=19)
NOTE: PARATL002132 is identical to NUCSPE076798 but kept for subsequent analysis
NOTE: PARATL007746 is identical to NUCSPE113680 but kept for subsequent analysis
NOTE: STEHIS012634 is identical to OXYTRI005859 but kept for subsequent analysis
NOTE: STEHIS015499 is identical to OXYTRI011589 but kept for subsequent analysis
NOTE: PARATL002054 is identical to NUCSPE076396 but kept for subsequent analysis

Create initial parsimony tree by phylogenetic likelihood library (PLL)... 3.550 seconds
Model LG+C10 is alias for LG+POISSON+G+FMIX{C10pi1:1:0.1191344178,C10pi2:1:0.0874372456,C10pi3:1:0.1037105070,C10pi4:1:0.0922584809,C10pi5:1:0.1070492801,C10pi6:1:0.1329945166,C10pi7:1:0.0538028458,C10pi8:1:0.0691986212,C10pi9:1:0.1319937434,C10pi10:1:0.1024203429}

NOTE: 21215 MB RAM (20 GB) is required!
WARNING: Memory required per CPU-core (10.3594 GB) is higher than your computer RAM per CPU-core (1 GB), thus multiple runs may exceed RAM!
Estimate model parameters (epsilon = 0.100)
1. Initial log-likelihood: -1151853.914
2. Current log-likelihood: -887449.880
3. Current log-likelihood: -884366.450
4. Current log-likelihood: -884278.616
5. Current log-likelihood: -884263.538
6. Current log-likelihood: -884258.616
7. Current log-likelihood: -884256.871
8. Current log-likelihood: -884256.025
9. Current log-likelihood: -884255.534
10. Current log-likelihood: -884255.224
Optimal log-likelihood: -884255.079
Mixture weights: 0.119 0.087 0.104 0.092 0.107 0.133 0.054 0.069 0.132 0.102
Gamma shape alpha: 1.765
Parameters optimization took 10 rounds (5741.005 sec)
Computing ML distances based on estimated model parameters... 29.086 sec
WARNING: Some pairwise ML distances are too long (saturated)
Computing BIONJ tree...
0.079 seconds
Log-likelihood of BIONJ tree: -888421.986
--------------------------------------------------------------------
|             INITIALIZING CANDIDATE TREE SET                      |
--------------------------------------------------------------------
Generating 98 parsimony trees... 286.983 second
Computing log-likelihood of 98 initial trees ... 7257.705 seconds
Current best score: -884255.079

Do NNI search on 20 best initial trees
Estimate model parameters (epsilon = 0.100)
BETTER TREE FOUND at iteration 1: -883392.491
Estimate model parameters (epsilon = 0.100)
BETTER TREE FOUND at iteration 3: -883214.588
Estimate model parameters (epsilon = 0.100)
BETTER TREE FOUND at iteration 6: -883120.894
Iteration 10 / LogL: -883302.595 / Time: 14h:54m:4s
Iteration 20 / LogL: -883464.353 / Time: 24h:37m:56s
Finish initializing candidate tree set (20)
Current best tree score: -883120.894 / CPU time: 76921.393
Number of iterations: 20
--------------------------------------------------------------------
|               OPTIMIZING CANDIDATE TREE SET                      |
--------------------------------------------------------------------
Estimate model parameters (epsilon = 0.100)
BETTER TREE FOUND at iteration 22: -883050.199
Estimate model parameters (epsilon = 0.100)
BETTER TREE FOUND at iteration 23: -883034.698
Estimate model parameters (epsilon = 0.100)
BETTER TREE FOUND at iteration 25: -883019.713
Estimate model parameters (epsilon = 0.100)
BETTER TREE FOUND at iteration 27: -882995.968
Estimate model parameters (epsilon = 0.100)
BETTER TREE FOUND at iteration 28: -882981.634
Estimate model parameters (epsilon = 0.100)
BETTER TREE FOUND at iteration 29: -882962.507
Iteration 30 / LogL: -882988.442 / Time: 32h:39m:0s (111h:27m:26s left)
Estimate model parameters (epsilon = 0.100)
BETTER TREE FOUND at iteration 34: -882921.565
Estimate model parameters (epsilon = 0.100)
BETTER TREE FOUND at iteration 39: -882919.910
Iteration 40 / LogL: -882921.182 / Time: 40h:0m:31s (101h:33m:28s left)
Estimate model parameters (epsilon = 0.100)
BETTER TREE FOUND at iteration 41: -882909.150
Estimate model parameters (epsilon = 0.100)
BETTER TREE FOUND at iteration 43: -882881.723
Estimate model parameters (epsilon = 0.100)
BETTER TREE FOUND at iteration 47: -882880.960
Estimate model parameters (epsilon = 0.100)
BETTER TREE FOUND at iteration 50: -882877.026
Iteration 50 / LogL: -882877.026 / Time: 47h:55m:52s (97h:49m:1s left)
Estimate model parameters (epsilon = 0.100)
BETTER TREE FOUND at iteration 51: -882871.224
Estimate model parameters (epsilon = 0.100)
BETTER TREE FOUND at iteration 57: -882869.301
Estimate model parameters (epsilon = 0.100)
BETTER TREE FOUND at iteration 58: -882855.102
Estimate model parameters (epsilon = 0.100)
BETTER TREE FOUND at iteration 60: -882849.653
Iteration 60 / LogL: -882849.653 / Time: 56h:0m:6s (94h:54m:59s left)
Estimate model parameters (epsilon = 0.100)
BETTER TREE FOUND at iteration 61: -882841.105
Estimate model parameters (epsilon = 0.100)
BETTER TREE FOUND at iteration 65: -882834.484
Iteration 70 / LogL: -882843.895 / Time: 63h:26m:5s (87h:20m:10s left)
Estimate model parameters (epsilon = 0.100)
BETTER TREE FOUND at iteration 71: -882810.853
Estimate model parameters (epsilon = 0.100)
BETTER TREE FOUND at iteration 75: -882802.701
Estimate model parameters (epsilon = 0.100)
BETTER TREE FOUND at iteration 77: -882785.397
Iteration 80 / LogL: -882798.069 / Time: 70h:45m:53s (86h:53m:13s left)
Estimate model parameters (epsilon = 0.100)
BETTER TREE FOUND at iteration 84: -882781.889
Estimate model parameters (epsilon = 0.100)
BETTER TREE FOUND at iteration 90: -882769.395
Iteration 90 / LogL: -882769.395 / Time: 77h:44m:23s (87h:20m:49s left)
Estimate model parameters (epsilon = 0.100)
BETTER TREE FOUND at iteration 93: -882755.653
Iteration 100 / LogL: -882779.102 / Time: 84h:51m:12s (79h:42m:35s left)
Iteration 110 / LogL: -882772.549 / Time: 91h:24m:12s (69h:36m:0s left)
Estimate model parameters (epsilon = 0.100)
BETTER TREE FOUND at iteration 114: -882744.124
Estimate model parameters (epsilon = 0.100)
BETTER TREE FOUND at iteration 120: -882734.221
Iteration 120 / LogL: -882734.221 / Time: 97h:53m:48s (82h:15m:55s left)
Estimate model parameters (epsilon = 0.100)
BETTER TREE FOUND at iteration 122: -882729.678
Iteration 130 / LogL: -882748.679 / Time: 106h:46m:20s (76h:8m:49s left)
Estimate model parameters (epsilon = 0.100)
BETTER TREE FOUND at iteration 132: -882729.213
Estimate model parameters (epsilon = 0.100)
BETTER TREE FOUND at iteration 139: -882728.845
Iteration 140 / LogL: -882736.560 / Time: 113h:43m:6s (80h:59m:34s left)
Estimate model parameters (epsilon = 0.100)
BETTER TREE FOUND at iteration 143: -882724.841
Estimate model parameters (epsilon = 0.100)
BETTER TREE FOUND at iteration 144: -882720.043
Iteration 150 / LogL: -882724.197 / Time: 119h:59m:45s (75h:42m:5s left)
Estimate model parameters (epsilon = 0.100)
BETTER TREE FOUND at iteration 151: -882705.388
Iteration 160 / LogL: -882720.569 / Time: 136h:25m:8s (78h:4m:32s left)
Estimate model parameters (epsilon = 0.100)
BETTER TREE FOUND at iteration 164: -882702.369
Iteration 170 / LogL: -882715.832 / Time: 147h:6m:41s (81h:49m:29s left)
Estimate model parameters (epsilon = 0.100)
BETTER TREE FOUND at iteration 178: -882699.026
Iteration 180 / LogL: -882726.501 / Time: 154h:11m:20s (84h:24m:56s left)
Iteration 190 / LogL: -882711.524 / Time: 159h:45m:59s (74h:23m:17s left)
Iteration 200 / LogL: -882728.306 / Time: 164h:54m:20s (64h:38m:9s left)
Estimate model parameters (epsilon = 0.100)
BETTER TREE FOUND at iteration 207: -882696.180
Iteration 210 / LogL: -882719.289 / Time: 170h:22m:19s (79h:4m:18s left)
Iteration 220 / LogL: -882749.537 / Time: 175h:43m:38s (69h:48m:32s left)
Estimate model parameters (epsilon = 0.100)
BETTER TREE FOUND at iteration 229: -882694.299
Iteration 230 / LogL: -882737.444 / Time: 181h:8m:22s (78h:18m:31s left)
Iteration 240 / LogL: -882702.721 / Time: 186h:51m:50s (69h:35m:6s left)
Estimate model parameters (epsilon = 0.100)
BETTER TREE FOUND at iteration 245: -882677.411
Iteration 250 / LogL: -882693.977 / Time: 192h:21m:16s (73h:23m:16s left)
Iteration 260 / LogL: -882775.202 / Time: 197h:48m:52s (64h:55m:10s left)
Estimate model parameters (epsilon = 0.100)
BETTER TREE FOUND at iteration 264: -882675.481
Iteration 270 / LogL: -882708.497 / Time: 203h:5m:20s (70h:58m:3s left)
Iteration 280 / LogL: -882689.973 / Time: 208h:24m:16s (62h:44m:42s left)
Iteration 290 / LogL: -882699.221 / Time: 214h:4m:24s (54h:48m:51s left)
Iteration 300 / LogL: -882761.141 / Time: 219h:15m:20s (46h:55m:50s left)
Iteration 310 / LogL: -882688.153 / Time: 224h:37m:42s (39h:15m:18s left)
Estimate model parameters (epsilon = 0.100)
BETTER TREE FOUND at iteration 317: -882675.003
Iteration 320 / LogL: -882694.554 / Time: 230h:26m:26s (70h:4m:15s left)
Iteration 330 / LogL: -882709.082 / Time: 235h:36m:14s (62h:18m:8s left)
Iteration 340 / LogL: -882686.619 / Time: 240h:54m:1s (54h:43m:3s left)
Iteration 350 / LogL: -882702.986 / Time: 246h:49m:38s (47h:23m:6s left)
Iteration 360 / LogL: -882684.909 / Time: 252h:17m:35s (40h:3m:27s left)
Iteration 370 / LogL: -882721.408 / Time: 257h:59m:7s (32h:51m:35s left)
Iteration 380 / LogL: -882690.193 / Time: 263h:59m:27s (25h:46m:19s left)
Estimate model parameters (epsilon = 0.100)
BETTER TREE FOUND at iteration 384: -882672.573
Iteration 390 / LogL: -882715.265 / Time: 269h:28m:40s (65h:7m:4s left)
Iteration 400 / LogL: -882685.964 / Time: 275h:6m:59s (57h:55m:8s left)
Iteration 410 / LogL: -882734.703 / Time: 280h:31m:24s (50h:45m:16s left)
Estimate model parameters (epsilon = 0.100)
BETTER TREE FOUND at iteration 411: -882670.021
Iteration 420 / LogL: -882701.386 / Time: 286h:14m:13s (62h:9m:56s left)
Iteration 430 / LogL: -882684.540 / Time: 293h:29m:38s (55h:24m:53s left)
Iteration 440 / LogL: -882723.761 / Time: 299h:34m:4s (48h:26m:57s left)
Iteration 450 / LogL: -882680.420 / Time: 304h:52m:49s (41h:25m:12s left)
Iteration 460 / LogL: -882686.366 / Time: 311h:12m:56s (34h:34m:45s left)
Iteration 470 / LogL: -882676.480 / Time: 317h:7m:22s (27h:43m:22s left)
Iteration 480 / LogL: -882692.553 / Time: 322h:51m:52s (20h:53m:42s left)
Iteration 490 / LogL: -882683.317 / Time: 327h:56m:38s (14h:5m:0s left)
Iteration 500 / LogL: -882694.672 / Time: 334h:53m:57s (7h:22m:57s left)
Iteration 510 / LogL: -882678.674 / Time: 346h:19m:59s (0h:40m:49s left)
TREE SEARCH COMPLETED AFTER 512 ITERATIONS / Time: 347h:54m:15s

--------------------------------------------------------------------
|                    FINALIZING TREE SEARCH                        |
--------------------------------------------------------------------
Performs final model parameters optimization
Estimate model parameters (epsilon = 0.010)
1. Initial log-likelihood: -882670.021
Optimal log-likelihood: -882670.012
Mixture weights: 0.119 0.087 0.104 0.092 0.107 0.133 0.054 0.069 0.132 0.102
Gamma shape alpha: 1.771
Parameters optimization took 1 rounds (168.504 sec)
BEST SCORE FOUND : -882670.012

Testing tree branches by SH-like aLRT with 1000 replicates...
Alternative NNI shows better log-likelihood -882669.799 > -882670.012
Alternative NNI shows better log-likelihood -882669.997 > -882670.012
Alternative NNI shows better log-likelihood -882669.757 > -882670.012
Alternative NNI shows better log-likelihood -882669.839 > -882670.012
Alternative NNI shows better log-likelihood -882669.574 > -882670.012
Alternative NNI shows better log-likelihood -882669.814 > -882670.012
275.807 sec.
Total tree length: 792.128

Total number of iterations: 512
CPU time used for tree search: 2335872.779 sec (648h:51m:12s)
Wall-clock time used for tree search: 1240700.072 sec (344h:38m:20s)
Total CPU time used: 2351714.160 sec (653h:15m:14s)
Total wall-clock time used: 1252899.740 sec (348h:1m:39s)

Analysis results written to: 
  IQ-TREE report:                euk5_homs4.linsi.iqtree.iqtree
  Maximum-likelihood tree:       euk5_homs4.linsi.iqtree.treefile
  Likelihood distances:          euk5_homs4.linsi.iqtree.mldist
  Screen log file:               euk5_homs4.linsi.iqtree.log

Date and Time: Fri Jul  1 23:51:57 2022
