IQ-TREE multicore version 2.0.3 for Linux 64-bit built Apr 26 2020
Developed by Bui Quang Minh, Nguyen Lam Tung, Olga Chernomor,
Heiko Schmidt, Dominik Schrempf, Michael Woodhams.

Host:    jolien-Precision-5820-Tower (AVX512, FMA3, 31 GB RAM)
Command: iqtree -s euk5_homs2.NIPBL.linsi.bmge.fa -m LG+F+R5 -B 1000 -T 2 -pre euk5_homs2.NIPBL.linsi.bmge.iqtree
Seed:    857636 (Using SPRNG - Scalable Parallel Random Number Generator)
Time:    Mon Jul  4 10:09:34 2022
Kernel:  AVX+FMA - 2 threads (16 CPU cores detected)

Reading alignment file euk5_homs2.NIPBL.linsi.bmge.fa ... Fasta format detected
Alignment most likely contains protein sequences
Alignment has 472 sequences with 205 columns, 205 distinct patterns
205 parsimony-informative, 0 singleton sites, 0 constant sites
                    Gap/Ambiguity  Composition  p-value
   1  CRAGIG035310/1-193    5.85%    passed     37.94%
   2  BRABEL032347/1-193    5.85%    passed     14.99%
   3  HOMSAP058729/1-193    5.85%    passed     74.04%
   4  DANRER013669/1-193    5.85%    passed     55.23%
   5  DANRER026291/1-193    5.85%    passed     49.20%
   6  ACAPLA023740/1-193    5.85%    passed     72.76%
   7  IXOSCA000938/1-193    5.85%    passed     21.67%
   8  CYCPAN003642/1-193    5.85%    passed     86.68%
   9  DAPMAG015683/1-193    5.85%    passed     62.80%
  10  MARPOL011624/1-193    5.85%    passed     88.40%
  11  CYCPAN019978/1-193    5.85%    passed     90.31%
  12  SCHMAN000794/1-193    5.85%    passed     33.04%
  13  MNELEI004568/1-184   10.24%    passed     92.99%
  14  BOMMOR003640/1-177   13.66%    passed     54.72%
  15  ARATHA035626/1-193    5.85%    passed     13.89%
  16  SORBIC015964/1-193    5.85%    passed     38.80%
  17  CHRPER010015/1-190    7.32%    passed     58.62%
  18  RHIIRR011443/1-193    5.85%    failed      4.85%
  19  DROMEL014069/1-193    5.85%    passed     36.39%
  20  CHLATM000235/1-194    5.37%    passed     41.96%
  21  LEUCOM013704/1-194    5.37%    passed     71.98%
  22  CHABRA016208/1-187    8.78%    passed     83.95%
  23  ARCINT011815/1-193    5.85%    passed     80.53%
  24  KLENIT015529/1-194    5.37%    failed      0.62%
  25  CAPOWC007366/1-193    5.85%    passed     12.04%
  26  COLSPE010652/1-190    7.32%    passed     21.19%
  27  CYAPAR022399/1-193    5.85%    failed      0.28%
  28  PLAFUN015964/1-193    5.85%    passed     96.82%
  29  SALKVE002539/1-193    5.85%    passed     98.99%
  30  BASMER002777/1-187    8.78%    failed      4.20%
  31  PHAKIR010200/1-193    5.85%    passed     69.60%
  32  RAMVAR008329/1-193    5.85%    passed     83.19%
  33  GEFOKE017175/1-190    7.32%    passed     75.25%
  34  TRIADH009735/1-187    8.78%    passed     80.73%
  35  SPIPUN001224/1-193    5.85%    passed     45.94%
  36  PLAMIC002650/1-194    5.37%    passed     37.62%
  37  CLAOKA006244/1-194    5.37%    failed      0.68%
  38  PRIPAC009006/1-191    6.83%    passed     83.84%
  39  STRRAT009861/1-191    6.83%    passed     10.42%
  40  CREFRA003562/1-191    6.83%    passed     95.69%
  41  DICDIS011251/1-193    5.85%    failed      0.05%
  42  GEFOKE017174/1-184   10.24%    passed     86.00%
  43  MALJAK007880/1-193    5.85%    failed      0.75%
  44  NANOCE019101/1-186    9.27%    failed      4.86%
  45  AGABIS005956/1-190    7.32%    passed     28.33%
  46  MALJAK000598/1-193    5.85%    failed      0.75%
  47  SAPDIC006296/1-194    5.37%    passed     62.06%
  48  PRYPAR014447/1-193    5.85%    passed     42.13%
  49  MORVER001965/1-193    5.85%    passed     48.03%
  50  UMBRAM008564/1-190    7.32%    passed      7.82%
  51  NEODAM010260/1-193    5.85%    failed      3.86%
  52  THETRA005671/1-193    5.85%    failed      0.90%
  53  NAEFOW000093/1-194    5.37%    passed     20.66%
  54  PHYPOL000930/1-157   23.41%    passed     71.05%
  55  MICSPE001578/1-190    7.32%    passed     37.17%
  56  OSTTAU006988/1-190    7.32%    passed     96.04%
  57  HONFER000573/1-195    4.88%    passed     79.99%
  58  COEREV002049/1-193    5.85%    passed     16.54%
  59  MASBAL008825/1-191    6.83%    passed     31.05%
  60  CHLVAR007928/1-191    6.83%    passed     10.78%
  61  CHLREI006649/1-195    4.88%    passed     26.97%
  62  BICSPE010088/1-178   13.17%    passed     11.49%
  63  PLABRA008006/1-189    7.80%    passed     79.85%
  64  PERSWS004417/1-193    5.85%    failed      1.69%
  65  MASSPE000717/1-193    5.85%    passed     69.35%
  66  COCSUB004721/1-180   12.20%    failed      3.06%
  67  CRYNEO002056/1-187    8.78%    passed     79.11%
  68  PHATRI006996/1-191    6.83%    passed     64.53%
  69  USTMAY000050/1-190    7.32%    passed      8.24%
  70  TELSUB038304/1-167   18.54%    failed      3.40%
  71  AURLIM014341/1-183   10.73%    passed     78.49%
  72  POLPAL008065/1-180   12.20%    passed     15.47%
  73  DIAGRA033082/1-128   37.56%    passed     36.71%
  74  BIGNAT016621/1-199    2.93%    passed     53.28%
  75  DIPROT013609/1-193    5.85%    passed     33.85%
  76  MALCAL011348/1-190    7.32%    failed      3.31%
  77  DIPROT010085/1-193    5.85%    passed      6.82%
  78  PAUCHR000129/1-193    5.85%    passed     59.96%
  79  RIGRAM025878/1-193    5.85%    passed     34.64%
  80  NEUCRA005723/1-195    4.88%    passed     89.10%
  81  RHOMAR000975/1-189    7.80%    passed     39.87%
  82  GEMCRY000915/1-194    5.37%    passed     83.69%
  83  STECOE025709/1-189    7.80%    passed     10.86%
  84  STECOE009021/1-192    6.34%    passed     11.45%
  85  BAFFRI018286/1-190    7.32%    passed     37.19%
  86  NUCSPE076396/1-176   14.15%    passed     25.96%
  87  PARATL002054/1-176   14.15%    passed     25.96%
  88  GRACHO010537/1-193    5.85%    passed     48.63%
  89  SCHMAN009058/1-195    4.88%    passed     18.23%
  90  DIALUT010000/1-194    5.37%    failed      0.00%
  91  HYPCAT011037/1-118   42.44%    passed     66.69%
  92  CAULEN001210/1-189    7.80%    passed     10.77%
  93  SCHPOM000158/1-189    7.80%    failed      0.00%
  94  ALLMAC004289/1-195    4.88%    passed     19.02%
  95  RAPHET013129/1-164   20.00%    failed      1.45%
  96  GONPRO004882/1-153   25.37%    passed     80.65%
  97  NEOSPE004514/1-128   37.56%    failed      0.49%
  98  RUSMAR000734/1-187    8.78%    passed     91.00%
  99  DIPROT010082/1-160   21.95%    failed      2.90%
 100  GUITHE019673/1-173   15.61%    passed     85.42%
 101  HEMSPE000380/1-196    4.39%    passed     11.01%
 102  CHOSPE005111/1-140   31.71%    passed     29.93%
 103  PHYINF017362/1-184   10.24%    passed     91.56%
 104  PAPANK007488/1-191    6.83%    failed      3.73%
 105  APISPI036354/1-189    7.80%    passed     60.88%
 106  RAMBRE006490/1-197    3.90%    passed     71.48%
 107  HALSEO001974/1-188    8.29%    passed     17.80%
 108  MATSPE007922/1-110   46.34%    passed     64.60%
 109  CIOINT003914/1-71    65.37%    passed     17.21%
 110  VITBRA006715/1-190    7.32%    passed     40.30%
 111  LEIMAJ001487/1-196    4.39%    failed      0.06%
 112  BODSAL001246/1-196    4.39%    passed     95.37%
 113  SACCER004704/1-192    6.34%    passed      6.45%
 114  TRYBRU001302/1-194    5.37%    passed     29.51%
 115  ELPMAR015515/1-160   21.95%    passed     17.88%
 116  TELSUB038303/1-103   49.76%    passed     44.80%
 117  ANDGOD006592/1-200    2.44%    passed      5.33%
 118  SYMSPE074184/1-182   11.22%    passed     47.50%
 119  PORPUR007228/1-183   10.73%    passed     34.55%
 120  MONBRE005786/1-175   14.63%    passed     79.46%
 121  STRRAT006378/1-176   14.15%    failed      0.03%
 122  TRIVAG054235/1-187    8.78%    failed      0.00%
 123  VERVER002229/1-75    63.41%    passed     58.25%
 124  PARATL002052/1-116   43.41%    passed     35.31%
 125  GUITHE017284/1-176   14.15%    passed     41.62%
 126  NUCSPE076392/1-176   14.15%    failed      0.00%
 127  MONNEG004901/1-118   42.44%    passed      8.09%
 128  PARTRI009715/1-115   43.90%    passed     51.84%
 129  VERVER002662/1-60    70.73%    passed     77.70%
 130  HEMPHA006508/1-191    6.83%    passed     46.81%
 131  MATSPE022973/1-107   48.29%    passed     27.71%
 132  GLOWIT009922/1-56    72.68%    passed     40.16%
 133  GONPAC048419/1-71    65.37%    passed     90.39%
 134  CRYMUR000208/1-180   12.20%    failed      0.79%
 135  PICSPE072167/1-66    67.80%    passed     65.70%
 136  SYNPLU000388/1-95    53.66%    failed      2.06%
 137  EUGLON014086/1-115   43.90%    failed      2.51%
 138  CHASUB009431/1-63    69.76%    passed     95.81%
 139  SECSPE004231/1-197    3.90%    passed     67.73%
 140  ENTHIS008110/1-171   16.59%    passed     14.24%
 141  CRYCOH026819/1-188    8.78%    passed      5.37%
 142  DIAGRA033090/1-71    65.37%    passed     85.60%
 143  LEPVOR034874/1-74    63.90%    passed     21.84%
 144  MICMAR063222/1-61    70.24%    passed     35.77%
 145  GEPOCE033381/1-74    63.90%    passed     54.48%
 146  NUCSPE076390/1-166   19.02%    failed      0.00%
 147  JAKBAH000156/1-192    6.34%    failed      0.11%
 148  CHRVEL000181/1-108   47.32%    passed     74.05%
 149  ACASPE027095/1-56    72.68%    failed      1.38%
 150  PICSPE076171/1-67    67.32%    passed     39.16%
 151  VERVER011744/1-48    76.59%    passed     46.62%
 152  BAFFRI058001/1-76    62.93%    passed     33.68%
 153  BAFFRI041801/1-70    65.85%    passed     40.42%
 154  TRIVAG047898/1-175   14.63%    failed      0.00%
 155  GEPOCE047541/1-74    63.90%    passed     29.28%
 156  OXYTRI009059/1-169   17.56%    failed      0.01%
 157  STEHIS014234/1-169   17.56%    failed      0.01%
 158  SYMSPE048605/1-142   30.73%    failed      0.55%
 159  CRYCOH049430/1-63    69.27%    passed     26.59%
 160  PARTRI009713/1-147   28.29%    passed     60.42%
 161  COLSPE017847/1-71    65.37%    passed     76.23%
 162  TELSUB038305/1-37    81.95%    passed     48.42%
 163  PRYPAR002566/1-49    76.59%    passed     35.15%
 164  HALSPE015641/1-39    80.98%    passed     36.67%
 165  HEMPHA036633/1-79    61.46%    passed     15.43%
 166  GALSUL006875/1-189    7.80%    failed      3.14%
 167  GLOWIT010052/1-37    81.95%    passed      7.17%
 168  RUSMAR010149/1-42    79.51%    passed     76.37%
 169  ANAIGN011902/1-65    68.29%    passed     21.26%
 170  ROZALL004778/1-138   32.68%    failed      0.02%
 171  SYMSPE075802/1-60    70.73%    passed     40.22%
 172  CIOINT003915/1-43    79.02%    passed     83.68%
 173  SALKVE002541/1-40    80.49%    passed     17.59%
 174  GLOWIT023743/1-40    80.98%    failed      2.54%
 175  UMBRAM003457/1-118   42.44%    failed      1.83%
 176  DIPROT013613/1-47    77.07%    failed      1.86%
 177  PLATAR008145/1-27    86.83%    passed     74.53%
 178  RHYHUM001124/1-188    8.29%    failed      1.47%
 179  RAPHET016405/1-92    55.12%    failed      0.02%
 180  ARCINT028527/1-40    80.49%    passed     35.99%
 181  CARMEM001430/1-175   14.63%    failed      0.86%
 182  PYGBIF006626/1-25    87.80%    passed     24.15%
 183  TETTHE000501/1-183   10.73%    failed      0.00%
 184  ANAIGN015981/1-56    72.68%    passed     12.56%
 185  EUGLON014087/1-76    62.93%    failed      0.84%
 186  CHOSPE033111/1-90    56.10%    passed      6.13%
 187  ENTSUL028577/1-45    78.05%    passed      5.32%
 188  CRYCOH008021/1-130   36.59%    passed     20.14%
 189  CRYCOH039449/1-179   12.68%    passed     20.73%
 190  MICMAR000943/1-26    87.32%    passed      7.67%
 191  BAFFRI058980/1-34    83.41%    passed     11.59%
 192  PAUCHR014830/1-25    87.80%    passed     29.03%
 193  GEMCRY001832/1-29    86.34%    failed      2.79%
 194  COLVIE032773/1-35    82.93%    passed     55.45%
 195  BAFFRI021710/1-43    79.02%    passed     86.30%
 196  PTESPE001204/1-22    89.27%    passed     28.79%
 197  EUGLON031461/1-103   49.76%    passed     17.85%
 198  GEMCRY009996/1-20    90.24%    passed     43.41%
 199  MANPLA003734/1-32    84.39%    passed     72.35%
 200  GEPOCE026452/1-48    76.59%    passed     67.88%
 201  HYPCAT011259/1-69    66.34%    failed      0.24%
 202  PHYPOL016353/1-56    72.68%    passed      9.06%
 203  SALKVE019232/1-167   18.54%    passed     54.45%
 204  RHYHUM020416/1-86    58.05%    failed      0.51%
 205  NUTLON020311/1-35    82.93%    passed     61.27%
 206  MANPLA032151/1-24    88.29%    failed      4.17%
 207  PICSPE094664/1-24    88.29%    passed     84.73%
 208  CAPOWC002238/1-165   19.51%    passed     55.53%
 209  PAUCHR004519/1-95    53.66%    passed     41.26%
 210  THEPAR003874/1-177   13.66%    failed      0.00%
 211  CRYCOH032618/1-13    93.66%    passed     59.81%
 212  CRAGIG035179/1-162   20.98%    passed     77.43%
 213  ENTSUL034851/1-23    88.78%    passed     76.78%
 214  BRABEL034543/1-162   20.98%    passed     34.96%
 215  ELPMAR018751/1-80    60.98%    passed     48.42%
 216  MICSPE003459/1-136   33.66%    passed     10.12%
 217  DIAGRA035348/1-163   20.49%    passed     96.47%
 218  LEPVOR000008/1-23    88.78%    passed     87.94%
 219  MADERY023472/1-19    90.73%    passed      8.99%
 220  COLVIE013258/1-28    86.34%    passed     67.57%
 221  MICMAR152549/1-22    89.76%    passed     33.02%
 222  RIGRAM024991/1-162   20.98%    passed     45.64%
 223  ARATHA025741/1-159   22.44%    passed     64.32%
 224  NEMVEC017135/1-90    56.10%    passed     48.57%
 225  CYCPAN016127/1-148   27.80%    passed     52.51%
 226  TELSUB026664/1-50    75.61%    failed      3.10%
 227  DANRER020979/1-161   21.46%    passed      6.66%
 228  PLATAR015959/1-42    79.51%    passed     97.09%
 229  GEFOKE005476/1-163   20.49%    passed     67.02%
 230  CRYCOH032137/1-101   50.73%    failed      0.11%
 231  MICMAR129267/1-158   22.93%    failed      3.49%
 232  CRYCOH047655/1-107   47.80%    failed      0.08%
 233  HEMSPE001698/1-161   21.46%    passed     72.66%
 234  HALSEO008286/1-166   19.02%    passed     87.89%
 235  NANOCE014483/1-162   20.98%    passed     37.68%
 236  NANOCE046642/1-150   26.83%    passed     26.17%
 237  CHASUB019919/1-14    93.17%    passed     33.31%
 238  PARTRI009901/1-160   21.95%    passed     73.87%
 239  MALCAL000780/1-148   27.80%    passed     42.18%
 240  MICMAR055324/1-79    61.46%    failed      0.06%
 241  MANPLA009604/1-18    91.22%    passed     53.62%
 242  GEPOCE025902/1-127   38.05%    passed      6.48%
 243  NUTLON019733/1-22    89.27%    passed     92.03%
 244  GEFOKE005796/1-161   21.46%    passed      6.26%
 245  DIPROT028187/1-163   20.49%    passed     12.40%
 246  TRIVAG056503/1-155   24.39%    passed     68.32%
 247  SORBIC028054/1-159   22.44%    passed      8.11%
 248  PALBIL001942/1-171   17.07%    passed     52.91%
 249  KLENIT003076/1-152   25.85%    passed     46.02%
 250  POLPAL002788/1-163   20.49%    failed      4.02%
 251  GLOWIT003244/1-156   23.90%    passed      8.89%
 252  PICSPE087495/1-9     95.61%    passed     73.00%
 253  NEPPYR010877/1-12    94.63%    passed     55.20%
 254  SAPDIC013387/1-161   21.46%    passed      5.38%
 255  IXOSCA025459/1-131   36.10%    passed     43.00%
 256  POLPAL004370/1-138   32.68%    failed      0.13%
 257  CYCPAN003888/1-152   25.85%    passed     72.04%
 258  IXOSCA011725/1-163   20.49%    failed      2.89%
 259  NEODAM005679/1-167   18.54%    passed      6.03%
 260  CYAMER001422/1-165   19.51%    passed     12.72%
 261  RAMVAR016450/1-157   23.41%    passed     46.41%
 262  MANPLA015702/1-19    90.73%    passed     10.78%
 263  THETRA002546/1-167   18.54%    failed      4.94%
 264  CHLREI005747/1-164   20.00%    failed      1.72%
 265  CRYCOH038767/1-122   40.49%    failed      0.00%
 266  MALJAK005694/1-140   31.71%    passed     31.70%
 267  PLATAR018483/1-108   47.32%    failed      0.50%
 268  NEPPYR006039/1-14    93.17%    passed     85.38%
 269  SORBIC000901/1-161   21.46%    failed      0.08%
 270  NAEFOW010541/1-159   22.44%    failed      1.80%
 271  CRYCOH023063/1-53    74.15%    passed     25.18%
 272  MONEXI004305/1-187    8.78%    failed      0.26%
 273  MNELEI009118/1-157   23.41%    passed     28.54%
 274  NEODAM001706/1-153   25.37%    passed      8.34%
 275  PRACOL004083/1-163   20.49%    failed      0.00%
 276  NUCSPE038787/1-101   50.73%    passed     10.32%
 277  PARATL017493/1-101   50.73%    passed     10.32%
 278  BASMER006186/1-152   25.85%    failed      0.25%
 279  TELSUB032230/1-114   44.39%    passed     22.91%
 280  NEODAM007483/1-150   26.83%    failed      0.02%
 281  HEMPHA036640/1-113   44.88%    passed      5.00%
 282  ANAIGN019143/1-52    74.63%    failed      4.72%
 283  KLENIT013180/1-164   20.00%    passed     42.29%
 284  TELSUB032229/1-152   25.85%    passed     64.01%
 285  OSTTAU000592/1-155   24.39%    passed     80.11%
 286  DAPMAG020431/1-120   41.46%    passed     52.48%
 287  PICSPE027917/1-149   27.32%    passed     60.96%
 288  PRIPAC019029/1-157   23.41%    passed     32.20%
 289  KLENIT008696/1-164   20.00%    failed      0.46%
 290  CHRVEL021752/1-95    53.66%    failed      0.12%
 291  DICDIS009092/1-163   20.49%    passed      6.67%
 292  ANAIGN017927/1-160   21.95%    failed      0.03%
 293  DIPROT021629/1-96    53.17%    failed      2.27%
 294  TOXGON006447/1-190    7.32%    failed      4.93%
 295  MARPOL000202/1-153   25.37%    passed     40.29%
 296  RHOMAR002342/1-170   17.07%    passed     39.87%
 297  COCSUB002982/1-144   29.76%    passed      7.11%
 298  DIPROT035835/1-154   24.88%    failed      0.19%
 299  ACAPLA023309/1-132   35.61%    passed      5.96%
 300  HEMPHA042820/1-160   21.95%    passed     40.79%
 301  CRAGIG025411/1-164   20.00%    passed      7.10%
 302  GLOWIT008706/1-5     97.56%    passed     54.06%
 303  HYPCAT004495/1-104   49.27%    passed     72.02%
 304  DYSBRE008896/1-73    64.39%    passed     62.31%
 305  BAFFRI048909/1-29    85.85%    failed      3.95%
 306  PRACOL003080/1-151   26.34%    passed     11.26%
 307  DIPROT028188/1-118   42.44%    passed      7.12%
 308  UMBRAM004329/1-151   26.34%    passed     33.44%
 309  MONBRE001319/1-137   33.17%    passed     55.39%
 310  NANOCE112051/1-165   19.51%    passed     20.24%
 311  ARCINT008720/1-46    77.56%    failed      2.57%
 312  NEPPYR024789/1-125   39.02%    passed     28.82%
 313  SYMSPE035969/1-92    55.12%    passed      9.87%
 314  AURLIM014413/1-152   25.85%    passed     47.50%
 315  SCHPOM003712/1-160   21.95%    passed     12.56%
 316  PICSPE028142/1-149   27.32%    passed     71.69%
 317  SALKVE016231/1-154   24.88%    passed     72.85%
 318  CHRVEL028940/1-132   35.61%    passed      5.78%
 319  COLVIE032077/1-32    84.39%    failed      2.10%
 320  MALJAK013007/1-48    76.59%    passed     24.30%
 321  BRABEL028637/1-129   37.07%    passed     51.45%
 322  PLATAR011994/1-15    92.68%    passed     56.86%
 323  PERSWS000137/1-140   32.20%    passed     75.30%
 324  TRIVAG004982/1-148   27.80%    failed      0.45%
 325  ARATHA032801/1-165   19.51%    passed     91.33%
 326  GONPRO012325/1-116   43.41%    passed     22.58%
 327  CIOINT001110/1-131   36.10%    passed     48.87%
 328  CRAGIG005058/1-157   23.41%    failed      0.28%
 329  GUITHE006201/1-134   34.63%    passed     24.11%
 330  ANAIGN024160/1-10    95.12%    failed      2.53%
 331  MNELEI010092/1-150   26.83%    passed     64.88%
 332  CHLATM002805/1-146   28.78%    passed     29.66%
 333  SAPDIC001953/1-169   17.56%    passed     34.92%
 334  GEPOCE046999/1-11    95.12%    passed     73.37%
 335  ACASPE026945/1-24    88.29%    passed     94.17%
 336  DAPMAG020231/1-155   24.39%    passed      8.46%
 337  SCHPOM000375/1-152   25.85%    passed     28.69%
 338  ANAIGN009926/1-124   39.51%    passed     39.79%
 339  CRYCOH045852/1-118   42.44%    failed      3.28%
 340  BAFFRI006037/1-163   20.49%    passed     57.76%
 341  NEODAM002637/1-163   20.49%    failed      0.00%
 342  PHAKIR012490/1-49    76.10%    failed      2.71%
 343  SALKVE014917/1-132   35.61%    passed     90.82%
 344  MORVER008299/1-121   40.98%    failed      3.11%
 345  PICSPE013331/1-156   23.90%    failed      2.68%
 346  MONNEG010186/1-120   41.46%    failed      2.96%
 347  NEUCRA005743/1-116   43.41%    passed     35.29%
 348  SORBIC015700/1-143   30.24%    passed     89.09%
 349  BODSAL014223/1-155   24.39%    passed     26.00%
 350  CRAGIG013054/1-131   36.10%    passed     39.70%
 351  SECSPE008312/1-149   27.32%    failed      0.02%
 352  GONPRO010978/1-150   26.83%    passed     77.92%
 353  HEMSPE001208/1-164   20.00%    passed     27.72%
 354  GEPOCE025418/1-85    58.54%    passed     29.61%
 355  HEMSPE008110/1-119   41.95%    passed      9.14%
 356  ANCTWI035612/1-47    77.07%    passed     16.88%
 357  AGABIS005528/1-153   25.37%    passed     26.02%
 358  COLSPE010841/1-167   18.54%    passed     76.81%
 359  GEPOCE032457/1-160   21.95%    failed      4.33%
 360  PARTET035971/1-96    53.17%    failed      0.00%
 361  SPISPE015504/1-141   31.22%    passed     88.66%
 362  BAFFRI003192/1-32    84.39%    passed     71.82%
 363  ARCINT000692/1-34    83.41%    passed     19.47%
 364  PHYPOL002165/1-148   27.80%    passed     21.30%
 365  MARPOL007622/1-152   25.85%    passed     98.81%
 366  NEOSPE015780/1-127   38.05%    failed      0.02%
 367  GUITHE001742/1-124   39.51%    passed     41.93%
 368  CHLVAR009452/1-163   20.49%    failed      0.64%
 369  MARPOL008821/1-165   19.51%    passed     10.80%
 370  ELPMAR017784/1-146   28.78%    passed     58.38%
 371  RIGRAM005669/1-164   20.00%    passed     57.59%
 372  BOMMOR010522/1-151   26.34%    passed     36.50%
 373  ROZALL003239/1-157   23.41%    failed      4.98%
 374  CYCPAN005624/1-165   19.51%    passed     39.01%
 375  SYNPLU003487/1-98    52.20%    passed     38.71%
 376  BREMOT004110/1-143   30.24%    passed     32.06%
 377  DANRER018462/1-116   43.41%    failed      4.37%
 378  NEUCRA003503/1-123   40.00%    passed     14.74%
 379  PHYPOL001431/1-108   47.32%    passed     84.07%
 380  ACACAS000411/1-124   39.51%    passed     44.74%
 381  MADERY019256/1-59    71.22%    passed     33.51%
 382  MATSPE004756/1-109   46.83%    passed     23.65%
 383  CYCPAN009967/1-165   19.51%    passed     33.07%
 384  PHYINF002773/1-127   38.05%    passed     16.94%
 385  PHAKIR007182/1-83    59.51%    failed      3.19%
 386  NEOSPE008225/1-126   38.54%    failed      1.77%
 387  PLAMIC000305/1-161   21.46%    failed      0.97%
 388  UMBRAM000354/1-161   21.46%    passed     36.36%
 389  SAPDIC011033/1-130   36.59%    passed     22.32%
 390  DAPMAG025476/1-108   47.32%    passed      6.02%
 391  MORVER007775/1-160   21.95%    passed     29.22%
 392  MALCAL000785/1-124   39.51%    passed     24.38%
 393  HOMSAP024152/1-147   28.29%    passed      5.27%
 394  LEUCOM029894/1-146   28.78%    passed     16.69%
 395  HOMSAP076054/1-124   39.51%    passed      7.57%
 396  STRRAT007299/1-150   26.83%    passed     53.80%
 397  CREFRA001657/1-133   35.12%    passed     61.91%
 398  DIALUT007852/1-127   38.05%    passed     11.00%
 399  TRIVAG054219/1-121   40.98%    passed     84.05%
 400  NANOCE039708/1-162   20.98%    passed     19.74%
 401  NEOSPE010235/1-123   40.00%    failed      0.00%
 402  RAPHET025665/1-121   40.98%    passed     74.39%
 403  CHLATM005983/1-155   24.39%    failed      0.61%
 404  RIGRAM002296/1-163   20.49%    passed     43.00%
 405  CRAGIG012791/1-122   40.49%    passed     53.87%
 406  NEOSPE007112/1-127   38.05%    failed      0.03%
 407  HEMPHA011357/1-163   20.49%    passed     66.01%
 408  SPISAL003031/1-139   32.20%    failed      0.00%
 409  ROZALL003679/1-125   39.02%    passed      9.79%
 410  PRACOL005024/1-150   26.83%    passed     51.78%
 411  MASBAL009083/1-161   21.46%    failed      2.68%
 412  NAEFOW002209/1-124   39.51%    passed     25.35%
 413  TRIMAR001511/1-91    55.61%    passed     86.51%
 414  PAPANK028029/1-120   41.46%    passed     75.86%
 415  HYPCAT010618/1-78    61.95%    passed     91.59%
 416  TRIVAG020525/1-177   13.66%    failed      0.03%
 417  BRABEL007987/1-162   20.98%    failed      3.11%
 418  SORBIC044274/1-165   19.51%    passed     36.81%
 419  RIGRAM023099/1-121   40.98%    passed     53.35%
 420  GEMCRY011948/1-102   50.24%    passed     47.62%
 421  GEMCRY020702/1-145   29.27%    failed      2.92%
 422  GEFOKE016038/1-67    67.32%    passed     22.52%
 423  VITBRA005486/1-175   14.63%    passed     41.67%
 424  BASMER010097/1-121   40.98%    passed      9.08%
 425  MALJAK011936/1-131   36.10%    passed     20.21%
 426  CHRPER002539/1-164   20.00%    passed     13.86%
 427  NUTLON020110/1-50    75.61%    passed     27.87%
 428  BASMER004167/1-116   43.41%    failed      1.47%
 429  NANOCE017757/1-168   18.05%    passed     13.13%
 430  MANPLA016262/1-30    85.37%    passed     46.61%
 431  BOMMOR005996/1-159   22.44%    passed     15.26%
 432  NEODAM003211/1-122   40.49%    failed      0.05%
 433  GONPAC031729/1-47    77.07%    passed     43.78%
 434  DROMEL010456/1-161   21.46%    passed     22.32%
 435  GALSUL002345/1-49    76.10%    passed     89.90%
 436  CHRPER009173/1-148   27.80%    passed     87.52%
 437  MALJAK002133/1-132   35.61%    passed     16.44%
 438  TELSUB039692/1-83    59.51%    passed      6.02%
 439  IXOSCA016249/1-161   21.46%    passed      6.34%
 440  MICSPE001714/1-146   28.78%    passed     12.16%
 441  ACASPE027516/1-110   46.34%    passed     52.08%
 442  COEREV001682/1-116   43.41%    failed      2.71%
 443  GEFOKE019569/1-124   39.51%    passed     52.03%
 444  DANRER035676/1-124   39.51%    passed      9.97%
 445  MALJAK020715/1-124   39.51%    passed     51.88%
 446  MADERY016753/1-51    75.12%    passed     45.45%
 447  PRIPAC025300/1-127   38.05%    passed      7.94%
 448  RAMVAR001019/1-160   21.95%    passed     16.18%
 449  CHOSPE025787/1-61    70.24%    passed     23.86%
 450  ANAIGN021977/1-116   43.41%    passed     31.86%
 451  COLSPE005735/1-122   40.49%    passed     59.30%
 452  COEREV000859/1-124   39.51%    failed      1.35%
 453  MARPOL012030/1-53    74.15%    passed     10.82%
 454  SORBIC038459/1-127   38.05%    failed      4.48%
 455  NEMVEC010528/1-81    60.49%    passed      6.29%
 456  PLAMIC004336/1-162   20.98%    passed      8.66%
 457  TRIADH002360/1-124   39.51%    passed      9.76%
 458  COEREV000364/1-186    9.27%    failed      0.01%
 459  NEMVEC021130/1-150   26.83%    passed     78.82%
 460  CAPOWC003750/1-162   20.98%    passed      9.17%
 461  PYGBIF007610/1-43    79.02%    passed     45.07%
 462  PHYPOL000488/1-165   19.51%    passed     23.99%
 463  ACAPLA000481/1-165   19.51%    passed     47.72%
 464  ARCINT001775/1-48    76.59%    passed      7.18%
 465  DAPMAG018676/1-124   39.51%    passed     15.88%
 466  MNELEI016356/1-152   25.85%    failed      0.75%
 467  PHYINF002784/1-161   21.46%    passed     76.83%
 468  CHABRA016139/1-167   18.54%    passed     21.84%
 469  GRACHO000699/1-158   22.93%    passed     79.95%
 470  GEMCRY010533/1-66    67.80%    passed      7.01%
 471  ARCINT000693/1-34    83.41%    passed     25.41%
 472  CARMEM000343/1-164   20.00%    passed     49.04%
WARNING: 119 sequences contain more than 50% gaps/ambiguity
****  TOTAL                34.95%  112 sequences failed composition chi2 test (p-value<5%; df=19)
NOTE: MALJAK000598/1-193 is identical to MALJAK007880/1-193 but kept for subsequent analysis
NOTE: PARATL002054/1-176 is identical to NUCSPE076396/1-176 but kept for subsequent analysis
NOTE: STEHIS014234/1-169 is identical to OXYTRI009059/1-169 but kept for subsequent analysis
NOTE: PARATL017493/1-101 is identical to NUCSPE038787/1-101 but kept for subsequent analysis
Creating fast initial parsimony tree by random order stepwise addition...
0.791 seconds, parsimony score: 25291 (based on 205 sites)
Generating 1000 samples for ultrafast bootstrap (seed: 857636)...

NOTE: 84 MB RAM (0 GB) is required!
Estimate model parameters (epsilon = 0.100)
1. Initial log-likelihood: -111858.061
2. Current log-likelihood: -107752.536
3. Current log-likelihood: -107694.674
4. Current log-likelihood: -107685.912
5. Current log-likelihood: -107682.780
6. Current log-likelihood: -107681.616
7. Current log-likelihood: -107681.231
8. Current log-likelihood: -107681.116
Optimal log-likelihood: -107680.989
Site proportion and rates:  (0.010,0.158) (0.074,0.372) (0.340,0.630) (0.309,1.018) (0.267,1.655)
Parameters optimization took 8 rounds (20.946 sec)
Computing ML distances based on estimated model parameters... 26.657 sec
WARNING: Some pairwise ML distances are too long (saturated)
Computing BIONJ tree...
0.132 seconds
Log-likelihood of BIONJ tree: -108009.224
--------------------------------------------------------------------
|             INITIALIZING CANDIDATE TREE SET                      |
--------------------------------------------------------------------
Generating 98 parsimony trees... 33.302 second
Computing log-likelihood of 98 initial trees ... 25.228 seconds
Current best score: -107680.989

Do NNI search on 20 best initial trees
Estimate model parameters (epsilon = 0.100)
BETTER TREE FOUND at iteration 1: -106565.289
Estimate model parameters (epsilon = 0.100)
BETTER TREE FOUND at iteration 2: -106405.359
Estimate model parameters (epsilon = 0.100)
BETTER TREE FOUND at iteration 7: -106308.548
Iteration 10 / LogL: -106584.958 / Time: 0h:6m:11s
Iteration 20 / LogL: -106400.397 / Time: 0h:10m:12s
Finish initializing candidate tree set (20)
Current best tree score: -106308.548 / CPU time: 571.332
Number of iterations: 20
--------------------------------------------------------------------
|               OPTIMIZING CANDIDATE TREE SET                      |
--------------------------------------------------------------------
Estimate model parameters (epsilon = 0.100)
BETTER TREE FOUND at iteration 21: -106221.049
Estimate model parameters (epsilon = 0.100)
BETTER TREE FOUND at iteration 27: -106198.267
Estimate model parameters (epsilon = 0.100)
BETTER TREE FOUND at iteration 29: -106190.341
Iteration 30 / LogL: -106226.579 / Time: 0h:12m:43s (0h:43m:25s left)
Estimate model parameters (epsilon = 0.100)
BETTER TREE FOUND at iteration 31: -106145.599
Estimate model parameters (epsilon = 0.100)
BETTER TREE FOUND at iteration 35: -106142.440
Estimate model parameters (epsilon = 0.100)
BETTER TREE FOUND at iteration 37: -106129.856
Estimate model parameters (epsilon = 0.100)
BETTER TREE FOUND at iteration 40: -106127.499
Iteration 40 / LogL: -106127.499 / Time: 0h:16m:1s (0h:41m:2s left)
Estimate model parameters (epsilon = 0.100)
BETTER TREE FOUND at iteration 41: -106110.233
Estimate model parameters (epsilon = 0.100)
BETTER TREE FOUND at iteration 46: -106077.839
Estimate model parameters (epsilon = 0.100)
BETTER TREE FOUND at iteration 47: -106069.710
Estimate model parameters (epsilon = 0.100)
BETTER TREE FOUND at iteration 49: -106057.020
Iteration 50 / LogL: -106103.887 / Time: 0h:18m:57s (0h:38m:15s left)
Log-likelihood cutoff on original alignment: -106226.961
Estimate model parameters (epsilon = 0.100)
BETTER TREE FOUND at iteration 53: -106056.216
Estimate model parameters (epsilon = 0.100)
BETTER TREE FOUND at iteration 56: -106030.956
Iteration 60 / LogL: -106070.450 / Time: 0h:22m:16s (0h:36m:13s left)
Estimate model parameters (epsilon = 0.100)
BETTER TREE FOUND at iteration 65: -106019.773
Iteration 70 / LogL: -106021.844 / Time: 0h:25m:18s (0h:34m:49s left)
Estimate model parameters (epsilon = 0.100)
BETTER TREE FOUND at iteration 77: -106014.225
Iteration 80 / LogL: -106023.942 / Time: 0h:28m:22s (0h:34m:48s left)
Estimate model parameters (epsilon = 0.100)
BETTER TREE FOUND at iteration 84: -106009.930
Estimate model parameters (epsilon = 0.100)
BETTER TREE FOUND at iteration 85: -105997.023
Iteration 90 / LogL: -106005.341 / Time: 0h:32m:48s (0h:35m:0s left)
Estimate model parameters (epsilon = 0.100)
BETTER TREE FOUND at iteration 98: -105984.782
Iteration 100 / LogL: -105988.087 / Time: 0h:36m:48s (0h:36m:24s left)
Log-likelihood cutoff on original alignment: -106140.234
NOTE: Bootstrap correlation coefficient of split occurrence frequencies: 0.760
NOTE: UFBoot does not converge, continue at least 100 more iterations
Iteration 110 / LogL: -105991.731 / Time: 0h:41m:13s (0h:34m:1s left)
Iteration 120 / LogL: -106008.994 / Time: 0h:45m:34s (0h:30m:37s left)
Estimate model parameters (epsilon = 0.100)
BETTER TREE FOUND at iteration 122: -105983.191
Iteration 130 / LogL: -106011.609 / Time: 0h:50m:8s (0h:35m:44s left)
Estimate model parameters (epsilon = 0.100)
BETTER TREE FOUND at iteration 135: -105982.819
Iteration 140 / LogL: -106020.504 / Time: 0h:54m:21s (0h:37m:8s left)
Estimate model parameters (epsilon = 0.100)
BETTER TREE FOUND at iteration 145: -105976.576
Estimate model parameters (epsilon = 0.100)
BETTER TREE FOUND at iteration 150: -105971.804
Iteration 150 / LogL: -105971.804 / Time: 0h:58m:48s (0h:39m:27s left)
Log-likelihood cutoff on original alignment: -106074.054
Estimate model parameters (epsilon = 0.100)
BETTER TREE FOUND at iteration 160: -105964.713
Iteration 160 / LogL: -105964.713 / Time: 1h:3m:21s (0h:39m:50s left)
Estimate model parameters (epsilon = 0.100)
BETTER TREE FOUND at iteration 169: -105963.835
Iteration 170 / LogL: -105995.580 / Time: 1h:8m:16s (0h:39m:59s left)
Iteration 180 / LogL: -105980.833 / Time: 1h:13m:2s (0h:36m:18s left)
Iteration 190 / LogL: -105972.534 / Time: 1h:17m:8s (0h:32m:14s left)
Estimate model parameters (epsilon = 0.100)
BETTER TREE FOUND at iteration 197: -105958.581
Iteration 200 / LogL: -105972.024 / Time: 1h:21m:31s (0h:39m:43s left)
Log-likelihood cutoff on original alignment: -106052.691
NOTE: Bootstrap correlation coefficient of split occurrence frequencies: 0.902
NOTE: UFBoot does not converge, continue at least 100 more iterations
Estimate model parameters (epsilon = 0.100)
BETTER TREE FOUND at iteration 203: -105948.781
Estimate model parameters (epsilon = 0.100)
BETTER TREE FOUND at iteration 208: -105938.664
Iteration 210 / LogL: -105938.856 / Time: 1h:25m:34s (0h:40m:7s left)
Estimate model parameters (epsilon = 0.100)
BETTER TREE FOUND at iteration 212: -105930.451
Estimate model parameters (epsilon = 0.100)
BETTER TREE FOUND at iteration 214: -105924.795
Estimate model parameters (epsilon = 0.100)
BETTER TREE FOUND at iteration 218: -105923.599
Estimate model parameters (epsilon = 0.100)
BETTER TREE FOUND at iteration 219: -105921.935
Iteration 220 / LogL: -105940.501 / Time: 1h:29m:55s (0h:40m:38s left)
Estimate model parameters (epsilon = 0.100)
BETTER TREE FOUND at iteration 224: -105921.404
Iteration 230 / LogL: -105925.358 / Time: 1h:33m:55s (0h:38m:32s left)
Estimate model parameters (epsilon = 0.100)
BETTER TREE FOUND at iteration 231: -105920.408
Estimate model parameters (epsilon = 0.100)
BETTER TREE FOUND at iteration 237: -105920.185
Estimate model parameters (epsilon = 0.100)
BETTER TREE FOUND at iteration 238: -105913.584
Estimate model parameters (epsilon = 0.100)
BETTER TREE FOUND at iteration 240: -105900.611
Iteration 240 / LogL: -105900.611 / Time: 1h:38m:7s (0h:41m:2s left)
Estimate model parameters (epsilon = 0.100)
BETTER TREE FOUND at iteration 241: -105895.634
Estimate model parameters (epsilon = 0.100)
BETTER TREE FOUND at iteration 250: -105890.953
Iteration 250 / LogL: -105890.953 / Time: 1h:41m:43s (0h:40m:50s left)
Log-likelihood cutoff on original alignment: -106052.691
Iteration 260 / LogL: -105908.690 / Time: 1h:45m:30s (0h:36m:39s left)
Estimate model parameters (epsilon = 0.100)
BETTER TREE FOUND at iteration 262: -105885.425
Iteration 270 / LogL: -105904.148 / Time: 1h:49m:10s (0h:37m:20s left)
Estimate model parameters (epsilon = 0.100)
BETTER TREE FOUND at iteration 277: -105880.461
Iteration 280 / LogL: -105896.047 / Time: 1h:53m:6s (0h:39m:19s left)
Iteration 290 / LogL: -105883.201 / Time: 1h:56m:32s (0h:35m:4s left)
Estimate model parameters (epsilon = 0.100)
BETTER TREE FOUND at iteration 300: -105878.381
Iteration 300 / LogL: -105878.381 / Time: 1h:59m:51s (0h:40m:5s left)
Log-likelihood cutoff on original alignment: -106052.691
NOTE: Bootstrap correlation coefficient of split occurrence frequencies: 0.737
NOTE: UFBoot does not converge, continue at least 100 more iterations
Estimate model parameters (epsilon = 0.100)
BETTER TREE FOUND at iteration 305: -105870.098
Iteration 310 / LogL: -105878.381 / Time: 2h:3m:15s (0h:37m:53s left)
Iteration 320 / LogL: -105878.098 / Time: 2h:6m:35s (0h:33m:43s left)
Iteration 330 / LogL: -105888.381 / Time: 2h:10m:18s (0h:29m:42s left)
Estimate model parameters (epsilon = 0.100)
BETTER TREE FOUND at iteration 332: -105863.644
Iteration 340 / LogL: -105868.070 / Time: 2h:13m:45s (0h:36m:17s left)
Iteration 350 / LogL: -105885.029 / Time: 2h:16m:42s (0h:32m:7s left)
Log-likelihood cutoff on original alignment: -106052.691
Estimate model parameters (epsilon = 0.100)
BETTER TREE FOUND at iteration 358: -105863.557
Iteration 360 / LogL: -105871.892 / Time: 2h:20m:14s (0h:38m:16s left)
Estimate model parameters (epsilon = 0.100)
BETTER TREE FOUND at iteration 364: -105861.538
Iteration 370 / LogL: -105880.641 / Time: 2h:23m:30s (0h:36m:33s left)
Iteration 380 / LogL: -105866.166 / Time: 2h:26m:55s (0h:32m:33s left)
Iteration 390 / LogL: -105883.915 / Time: 2h:30m:28s (0h:28m:37s left)
Estimate model parameters (epsilon = 0.100)
BETTER TREE FOUND at iteration 400: -105853.857
Iteration 400 / LogL: -105853.857 / Time: 2h:33m:53s (0h:38m:33s left)
Log-likelihood cutoff on original alignment: -106052.691
NOTE: Bootstrap correlation coefficient of split occurrence frequencies: 0.746
NOTE: UFBoot does not converge, continue at least 100 more iterations
Estimate model parameters (epsilon = 0.100)
BETTER TREE FOUND at iteration 406: -105841.971
Iteration 410 / LogL: -105850.787 / Time: 2h:37m:20s (0h:36m:55s left)
Estimate model parameters (epsilon = 0.100)
BETTER TREE FOUND at iteration 412: -105841.869
Estimate model parameters (epsilon = 0.100)
BETTER TREE FOUND at iteration 414: -105838.910
Estimate model parameters (epsilon = 0.100)
BETTER TREE FOUND at iteration 416: -105826.555
Iteration 420 / LogL: -105859.826 / Time: 2h:41m:25s (0h:36m:59s left)
Estimate model parameters (epsilon = 0.100)
BETTER TREE FOUND at iteration 421: -105826.329
Estimate model parameters (epsilon = 0.100)
BETTER TREE FOUND at iteration 427: -105823.621
Iteration 430 / LogL: -105828.541 / Time: 2h:44m:49s (0h:37m:15s left)
Iteration 440 / LogL: -105836.895 / Time: 2h:48m:22s (0h:33m:21s left)
Iteration 450 / LogL: -105830.764 / Time: 2h:51m:46s (0h:29m:27s left)
Log-likelihood cutoff on original alignment: -105985.464
Iteration 460 / LogL: -105830.587 / Time: 2h:55m:39s (0h:25m:38s left)
Estimate model parameters (epsilon = 0.100)
BETTER TREE FOUND at iteration 461: -105821.716
Estimate model parameters (epsilon = 0.100)
BETTER TREE FOUND at iteration 462: -105821.370
Estimate model parameters (epsilon = 0.100)
BETTER TREE FOUND at iteration 467: -105814.974
Iteration 470 / LogL: -105834.391 / Time: 2h:59m:21s (0h:37m:5s left)
Iteration 480 / LogL: -105837.515 / Time: 3h:2m:44s (0h:33m:11s left)
Iteration 490 / LogL: -105843.741 / Time: 3h:5m:56s (0h:29m:16s left)
Iteration 500 / LogL: -105839.382 / Time: 3h:9m:15s (0h:25m:24s left)
Log-likelihood cutoff on original alignment: -105985.464
NOTE: Bootstrap correlation coefficient of split occurrence frequencies: 0.816
NOTE: UFBoot does not converge, continue at least 100 more iterations
Iteration 510 / LogL: -105833.206 / Time: 3h:13m:2s (0h:34m:7s left)
Iteration 520 / LogL: -105817.883 / Time: 3h:16m:38s (0h:30m:18s left)
Iteration 530 / LogL: -105828.001 / Time: 3h:20m:32s (0h:26m:32s left)
Estimate model parameters (epsilon = 0.100)
BETTER TREE FOUND at iteration 538: -105814.585
Estimate model parameters (epsilon = 0.100)
BETTER TREE FOUND at iteration 539: -105813.829
Iteration 540 / LogL: -105823.911 / Time: 3h:24m:20s (0h:37m:31s left)
Iteration 550 / LogL: -105829.635 / Time: 3h:28m:13s (0h:33m:45s left)
Log-likelihood cutoff on original alignment: -105981.342
Estimate model parameters (epsilon = 0.100)
BETTER TREE FOUND at iteration 551: -105808.474
Iteration 560 / LogL: -105835.162 / Time: 3h:31m:56s (0h:34m:29s left)
Estimate model parameters (epsilon = 0.100)
BETTER TREE FOUND at iteration 563: -105803.198
Iteration 570 / LogL: -105824.734 / Time: 3h:35m:38s (0h:35m:14s left)
Iteration 580 / LogL: -105812.320 / Time: 3h:39m:30s (0h:31m:27s left)
Iteration 590 / LogL: -105805.724 / Time: 3h:43m:1s (0h:27m:38s left)
Iteration 600 / LogL: -105824.329 / Time: 3h:46m:33s (0h:23m:49s left)
Log-likelihood cutoff on original alignment: -105951.724
NOTE: Bootstrap correlation coefficient of split occurrence frequencies: 0.855
NOTE: UFBoot does not converge, continue at least 100 more iterations
Iteration 610 / LogL: -105833.552 / Time: 3h:50m:9s (0h:34m:0s left)
Estimate model parameters (epsilon = 0.100)
BETTER TREE FOUND at iteration 611: -105801.035
Iteration 620 / LogL: -105804.594 / Time: 3h:53m:59s (0h:34m:23s left)
Estimate model parameters (epsilon = 0.100)
BETTER TREE FOUND at iteration 628: -105800.034
Iteration 630 / LogL: -105823.252 / Time: 3h:57m:29s (0h:37m:0s left)
Estimate model parameters (epsilon = 0.100)
BETTER TREE FOUND at iteration 638: -105795.658
Iteration 640 / LogL: -105811.509 / Time: 4h:0m:44s (0h:36m:55s left)
Iteration 650 / LogL: -105799.739 / Time: 4h:3m:52s (0h:33m:3s left)
Log-likelihood cutoff on original alignment: -105951.724
Estimate model parameters (epsilon = 0.100)
BETTER TREE FOUND at iteration 656: -105794.094
Estimate model parameters (epsilon = 0.100)
BETTER TREE FOUND at iteration 658: -105789.149
Iteration 660 / LogL: -105802.039 / Time: 4h:6m:52s (0h:36m:42s left)
Iteration 670 / LogL: -105811.851 / Time: 4h:9m:51s (0h:32m:51s left)
Estimate model parameters (epsilon = 0.100)
BETTER TREE FOUND at iteration 677: -105788.320
Iteration 680 / LogL: -105800.605 / Time: 4h:12m:54s (0h:36m:7s left)
Iteration 690 / LogL: -105799.379 / Time: 4h:15m:50s (0h:32m:18s left)
Estimate model parameters (epsilon = 0.100)
BETTER TREE FOUND at iteration 699: -105787.953
Iteration 700 / LogL: -105805.025 / Time: 4h:18m:50s (0h:36m:39s left)
Log-likelihood cutoff on original alignment: -105951.724
NOTE: Bootstrap correlation coefficient of split occurrence frequencies: 0.868
NOTE: UFBoot does not converge, continue at least 100 more iterations
Estimate model parameters (epsilon = 0.100)
BETTER TREE FOUND at iteration 703: -105787.774
Iteration 710 / LogL: -105804.673 / Time: 4h:21m:48s (0h:34m:20s left)
Iteration 720 / LogL: -105791.482 / Time: 4h:24m:3s (0h:30m:28s left)
Iteration 730 / LogL: -105800.973 / Time: 4h:26m:57s (0h:26m:43s left)
Estimate model parameters (epsilon = 0.100)
BETTER TREE FOUND at iteration 732: -105787.082
Iteration 740 / LogL: -105795.426 / Time: 4h:29m:48s (0h:33m:35s left)
Iteration 750 / LogL: -105795.008 / Time: 4h:32m:50s (0h:29m:52s left)
Log-likelihood cutoff on original alignment: -105951.724
Iteration 760 / LogL: -105807.919 / Time: 4h:35m:39s (0h:26m:8s left)
Iteration 770 / LogL: -105794.362 / Time: 4h:38m:4s (0h:22m:25s left)
Estimate model parameters (epsilon = 0.100)
BETTER TREE FOUND at iteration 778: -105784.266
Iteration 780 / LogL: -105790.987 / Time: 4h:41m:3s (0h:35m:21s left)
Iteration 790 / LogL: -105802.506 / Time: 4h:44m:11s (0h:31m:41s left)
Iteration 800 / LogL: -105804.011 / Time: 4h:47m:4s (0h:28m:1s left)
Log-likelihood cutoff on original alignment: -105951.724
NOTE: Bootstrap correlation coefficient of split occurrence frequencies: 0.863
NOTE: UFBoot does not converge, continue at least 100 more iterations
Iteration 810 / LogL: -105804.690 / Time: 4h:50m:20s (0h:32m:17s left)
Estimate model parameters (epsilon = 0.100)
BETTER TREE FOUND at iteration 817: -105781.946
Iteration 820 / LogL: -105793.257 / Time: 4h:53m:17s (0h:34m:44s left)
Iteration 830 / LogL: -105792.401 / Time: 4h:56m:3s (0h:31m:4s left)
Estimate model parameters (epsilon = 0.100)
BETTER TREE FOUND at iteration 832: -105780.757
Estimate model parameters (epsilon = 0.100)
BETTER TREE FOUND at iteration 838: -105778.493
Iteration 840 / LogL: -105787.897 / Time: 4h:59m:11s (0h:34m:56s left)
Estimate model parameters (epsilon = 0.100)
BETTER TREE FOUND at iteration 848: -105777.884
Iteration 850 / LogL: -105787.880 / Time: 5h:2m:16s (0h:34m:53s left)
Log-likelihood cutoff on original alignment: -105951.724
Estimate model parameters (epsilon = 0.100)
BETTER TREE FOUND at iteration 854: -105773.989
Iteration 860 / LogL: -105792.920 / Time: 5h:5m:7s (0h:33m:23s left)
Iteration 870 / LogL: -105804.293 / Time: 5h:8m:13s (0h:29m:47s left)
Iteration 880 / LogL: -105779.197 / Time: 5h:11m:16s (0h:26m:12s left)
Iteration 890 / LogL: -105795.037 / Time: 5h:13m:54s (0h:22m:35s left)
Iteration 900 / LogL: -105773.990 / Time: 5h:16m:50s (0h:19m:1s left)
Log-likelihood cutoff on original alignment: -105951.724
NOTE: Bootstrap correlation coefficient of split occurrence frequencies: 0.857
NOTE: UFBoot does not converge, continue at least 100 more iterations
Estimate model parameters (epsilon = 0.100)
BETTER TREE FOUND at iteration 910: -105773.274
Iteration 910 / LogL: -105773.274 / Time: 5h:20m:34s (0h:35m:15s left)
Iteration 920 / LogL: -105774.915 / Time: 5h:23m:32s (0h:31m:41s left)
Iteration 930 / LogL: -105846.950 / Time: 5h:26m:35s (0h:28m:7s left)
Iteration 940 / LogL: -105778.953 / Time: 5h:30m:11s (0h:24m:36s left)
Iteration 950 / LogL: -105776.027 / Time: 5h:32m:58s (0h:21m:3s left)
Log-likelihood cutoff on original alignment: -105951.724
Iteration 960 / LogL: -105790.609 / Time: 5h:35m:37s (0h:17m:29s left)
Iteration 970 / LogL: -105781.834 / Time: 5h:38m:28s (0h:13m:58s left)
Iteration 980 / LogL: -105781.484 / Time: 5h:41m:40s (0h:10m:28s left)
Iteration 990 / LogL: -105791.030 / Time: 5h:44m:28s (0h:6m:57s left)
Iteration 1000 / LogL: -105783.537 / Time: 5h:47m:5s (0h:3m:28s left)
Log-likelihood cutoff on original alignment: -105951.724
NOTE: Bootstrap correlation coefficient of split occurrence frequencies: 0.872
NOTE: UFBoot does not converge, continue at least 100 more iterations
WARNING: bootstrap analysis did not converge. You should rerun with higher number of iterations (-nm option)
TREE SEARCH COMPLETED AFTER 1001 ITERATIONS / Time: 5h:47m:28s

--------------------------------------------------------------------
|                    FINALIZING TREE SEARCH                        |
--------------------------------------------------------------------
Performs final model parameters optimization
Estimate model parameters (epsilon = 0.010)
1. Initial log-likelihood: -105773.274
Optimal log-likelihood: -105773.264
Site proportion and rates:  (0.010,0.159) (0.163,0.450) (0.357,0.725) (0.286,1.172) (0.185,1.795)
Parameters optimization took 1 rounds (2.814 sec)
BEST SCORE FOUND : -105773.264
Creating bootstrap support values...
Split supports printed to NEXUS file euk5_homs2.NIPBL.linsi.bmge.iqtree.splits.nex
Total tree length: 414.166

Total number of iterations: 1001
CPU time used for tree search: 40124.908 sec (11h:8m:44s)
Wall-clock time used for tree search: 20806.400 sec (5h:46m:46s)
Total CPU time used: 40214.241 sec (11h:10m:14s)
Total wall-clock time used: 20852.796 sec (5h:47m:32s)

Computing bootstrap consensus tree...
Reading input file euk5_homs2.NIPBL.linsi.bmge.iqtree.splits.nex...
472 taxa and 4716 splits.
Consensus tree written to euk5_homs2.NIPBL.linsi.bmge.iqtree.contree
Reading input trees file euk5_homs2.NIPBL.linsi.bmge.iqtree.contree
Log-likelihood of consensus tree: -105778.633

Analysis results written to: 
  IQ-TREE report:                euk5_homs2.NIPBL.linsi.bmge.iqtree.iqtree
  Maximum-likelihood tree:       euk5_homs2.NIPBL.linsi.bmge.iqtree.treefile
  Likelihood distances:          euk5_homs2.NIPBL.linsi.bmge.iqtree.mldist

Ultrafast bootstrap approximation results written to:
  Split support values:          euk5_homs2.NIPBL.linsi.bmge.iqtree.splits.nex
  Consensus tree:                euk5_homs2.NIPBL.linsi.bmge.iqtree.contree
  Screen log file:               euk5_homs2.NIPBL.linsi.bmge.iqtree.log

Date and Time: Mon Jul  4 15:57:19 2022
