IQ-TREE multicore version 2.0.3 for Linux 64-bit built Apr 26 2020
Developed by Bui Quang Minh, Nguyen Lam Tung, Olga Chernomor,
Heiko Schmidt, Dominik Schrempf, Michael Woodhams.

Host:    jolien-Precision-5820-Tower (AVX512, FMA3, 31 GB RAM)
Command: iqtree -s euk5_homs1.CTCF.linsi.bmge.fa -B 1000 -T 2 -pre euk5_homs1.CTCF.linsi.bmge.iqtree
Seed:    859623 (Using SPRNG - Scalable Parallel Random Number Generator)
Time:    Tue Aug 23 16:28:30 2022
Kernel:  AVX+FMA - 2 threads (16 CPU cores detected)

Reading alignment file euk5_homs1.CTCF.linsi.bmge.fa ... Fasta format detected
Alignment most likely contains protein sequences
Alignment has 261 sequences with 309 columns, 309 distinct patterns
286 parsimony-informative, 17 singleton sites, 5 constant sites
              Gap/Ambiguity  Composition  p-value
   1  BRABEL004906    2.27%    failed      0.00%
   2  HOMSAP049857   15.86%    failed      3.30%
   3  DANRER028005   12.94%    failed      0.09%
   4  HOMSAP013921   15.21%    passed     51.22%
   5  HOMSAP013923   20.71%    passed     70.02%
   6  HOMSAP003318    0.00%    passed     66.35%
   7  HOMSAP013927   22.98%    passed     27.33%
   8  IXOSCA002581   11.00%    passed      8.32%
   9  DAPMAG011843   16.18%    passed     63.53%
  10  DROMEL014375   10.36%    passed      9.99%
  11  IXOSCA013440   10.36%    failed      0.00%
  12  IXOSCA033824   10.36%    failed      0.00%
  13  DANRER004224    8.74%    failed      0.00%
  14  BRABEL010031    6.80%    failed      0.00%
  15  BOMMOR003011   18.45%    passed     22.72%
  16  HOMSAP010216    0.00%    failed      0.92%
  17  HOMSAP022179    0.00%    passed     12.89%
  18  BRABEL028402    9.06%    passed     30.94%
  19  CRAGIG014213   11.00%    passed      5.12%
  20  HOMSAP058756    3.56%    failed      0.03%
  21  HOMSAP004855    0.00%    passed     19.03%
  22  HOMSAP065790    0.00%    failed      0.24%
  23  IXOSCA034060   11.65%    failed      0.00%
  24  BRABEL004206    5.18%    failed      0.00%
  25  HOMSAP008518    0.00%    failed      2.27%
  26  HOMSAP041519    0.00%    failed      0.00%
  27  HOMSAP017275    0.00%    failed      0.46%
  28  ACAPLA009729    3.56%    passed      9.14%
  29  HOMSAP061756    0.00%    failed      0.45%
  30  HOMSAP023151    0.00%    passed      5.11%
  31  MNELEI015179   10.03%    failed      0.12%
  32  IXOSCA020165   11.33%    failed      0.00%
  33  BRABEL027701    5.83%    failed      0.00%
  34  HOMSAP059950    0.00%    failed      0.55%
  35  IXOSCA025551   11.33%    failed      0.06%
  36  IXOSCA027053    0.65%    failed      3.94%
  37  IXOSCA028689    0.65%    failed      0.05%
  38  HOMSAP001894    0.00%    failed      0.86%
  39  IXOSCA022210    5.83%    failed      0.18%
  40  ACAPLA004827    7.12%    failed      0.16%
  41  DANRER001141    9.39%    failed      0.00%
  42  BRABEL000112   11.33%    failed      0.00%
  43  BRABEL001371    5.83%    failed      0.04%
  44  BRABEL026047    8.41%    failed      0.00%
  45  DANRER040254   11.00%    failed      0.10%
  46  IXOSCA021269   13.27%    failed      0.00%
  47  ACAPLA024203    3.56%    failed      0.01%
  48  MNELEI001217    5.83%    passed     10.66%
  49  HOMSAP095464    8.74%    passed     35.25%
  50  HOMSAP060020    2.27%    failed      1.68%
  51  HOMSAP014376    0.00%    failed      0.99%
  52  HOMSAP009325    0.00%    failed      1.86%
  53  CIOINT004184   50.16%    passed     28.12%
  54  HOMSAP062816    1.29%    failed      4.20%
  55  HOMSAP007217    6.47%    failed      1.30%
  56  DANRER018499    8.41%    failed      0.00%
  57  DANRER005668    4.21%    passed     18.32%
  58  DANRER037987    8.41%    failed      0.08%
  59  IXOSCA013435   14.56%    failed      1.64%
  60  IXOSCA013436   14.56%    failed      1.64%
  61  RAMVAR018555   17.15%    failed      0.90%
  62  HOMSAP003775    8.74%    failed      0.04%
  63  HOMSAP033742    3.24%    failed      0.28%
  64  HOMSAP038858    0.00%    failed      0.52%
  65  HOMSAP050221    0.00%    failed      0.28%
  66  IXOSCA011844   10.68%    failed      0.00%
  67  BRABEL025972    7.77%    failed      0.00%
  68  IXOSCA016348   10.68%    failed      0.00%
  69  DANRER028081    7.12%    failed      0.05%
  70  DANRER013053    5.83%    passed     26.08%
  71  BRABEL032217    8.09%    failed      2.38%
  72  HOMSAP017492    0.00%    failed      0.00%
  73  BRABEL005236    5.83%    failed      0.00%
  74  HOMSAP023611    0.00%    passed     24.44%
  75  BRABEL026038    5.50%    failed      0.00%
  76  HOMSAP062812    0.00%    failed      1.29%
  77  BRABEL019386   11.65%    failed      0.00%
  78  IXOSCA015018   17.48%    failed      0.00%
  79  DANRER039466   18.77%    passed     19.03%
  80  BRABEL029979    5.83%    failed      0.00%
  81  DANRER038898    9.39%    passed     48.59%
  82  HOMSAP110831    7.44%    passed      6.03%
  83  CHRPER001272    1.94%    passed     48.06%
  84  BRABEL021130   10.03%    failed      0.00%
  85  IXOSCA008649   14.89%    failed      1.18%
  86  HOMSAP077368    0.00%    failed      0.00%
  87  PAUCHR004093   17.48%    passed     11.19%
  88  DANRER017545   14.24%    passed     89.46%
  89  HOMSAP009649    4.85%    failed      0.76%
  90  NEMVEC020176    2.59%    passed     69.00%
  91  IXOSCA021438   24.60%    failed      0.04%
  92  IXOSCA011359   18.45%    failed      1.24%
  93  HOMSAP050362    0.00%    failed      0.03%
  94  DANRER050589   10.36%    failed      0.00%
  95  DANRER043056   27.18%    passed     50.39%
  96  DANRER006301    3.56%    passed     72.17%
  97  HOMSAP099203    7.12%    passed      5.22%
  98  DANRER003490    1.62%    passed     13.07%
  99  HOMSAP002845    5.50%    passed      8.30%
 100  DANRER015556   21.68%    passed     79.30%
 101  HOMSAP054883    0.00%    passed     85.87%
 102  DROMEL008763   13.27%    failed      3.17%
 103  HOMSAP076752    0.00%    passed     85.87%
 104  HOMSAP009232    0.97%    passed      5.99%
 105  IXOSCA018404    1.29%    failed      0.00%
 106  BRABEL021655   34.30%    failed      0.01%
 107  HOMSAP002598    0.00%    passed     11.86%
 108  DANRER009858   10.68%    failed      0.22%
 109  BRABEL024844    5.50%    failed      0.00%
 110  IXOSCA002459   15.86%    passed      7.05%
 111  ACAPLA028119    3.88%    passed     42.81%
 112  IXOSCA023159   20.06%    failed      0.00%
 113  DROMEL017121    0.32%    failed      2.17%
 114  HOMSAP065889    5.83%    failed      1.82%
 115  DANRER011272    8.41%    passed     82.08%
 116  HOMSAP025938    0.00%    failed      0.00%
 117  BRABEL017066   16.18%    passed     91.12%
 118  HOMSAP022261    0.00%    passed      7.11%
 119  BRABEL023696    5.50%    failed      0.00%
 120  IXOSCA019286   40.45%    passed      7.76%
 121  IXOSCA014198    7.77%    passed     13.10%
 122  IXOSCA022074    5.83%    failed      0.00%
 123  HOMSAP019451    0.00%    failed      2.35%
 124  HOMSAP056589   11.97%    passed     42.15%
 125  IXOSCA005502   11.97%    failed      0.13%
 126  HOMSAP050944    5.18%    failed      4.32%
 127  IXOSCA017783   18.45%    passed     91.23%
 128  DANRER025731   26.86%    passed     34.29%
 129  CIOINT016756   34.30%    passed     10.82%
 130  DANRER026255   22.33%    passed      8.49%
 131  IXOSCA007224   11.97%    failed      4.10%
 132  IXOSCA023492   23.30%    failed      0.00%
 133  HOMSAP058889    3.24%    passed     41.90%
 134  BRABEL032666   16.18%    failed      0.00%
 135  ACAPLA006006    5.83%    failed      0.22%
 136  HOMSAP119892    6.15%    failed      1.51%
 137  DANRER041518    8.09%    passed     15.74%
 138  DANRER048750   11.00%    passed     35.03%
 139  HOMSAP034170    6.15%    passed     37.55%
 140  HOMSAP063115   20.39%    failed      0.05%
 141  DANRER011291   15.21%    passed      9.09%
 142  HOMSAP036036   10.03%    passed      7.27%
 143  DANRER008368    7.77%    passed     44.88%
 144  HOMSAP009363    7.12%    passed      5.22%
 145  DANRER045271   19.42%    failed      0.04%
 146  HOMSAP119565   11.97%    passed     31.16%
 147  HOMSAP065789    6.15%    passed     15.45%
 148  IXOSCA034045   19.42%    failed      0.01%
 149  DANRER045471   44.01%    passed     35.81%
 150  IXOSCA024337   17.80%    failed      0.07%
 151  DANRER021170   15.21%    passed     94.10%
 152  HOMSAP060231    2.91%    failed      0.00%
 153  HOMSAP003796   11.65%    failed      3.09%
 154  IXOSCA014205   13.59%    passed     62.94%
 155  DANRER008085   16.50%    passed     10.98%
 156  CRAGIG008054   12.94%    passed     11.58%
 157  DANRER017547   30.74%    failed      0.01%
 158  HOMSAP018275   12.94%    passed      5.83%
 159  DANRER038922   11.97%    passed     80.98%
 160  BOMMOR001323   27.51%    failed      0.07%
 161  DANRER041651   19.42%    passed     41.54%
 162  HOMSAP029782    1.94%    passed      5.10%
 163  IXOSCA012468   19.74%    failed      0.09%
 164  IXOSCA011841   18.45%    failed      0.30%
 165  BRABEL029982    8.41%    failed      0.17%
 166  DANRER033823   38.19%    failed      0.06%
 167  ACAPLA031138    1.94%    passed     57.31%
 168  ACAPLA015057   15.21%    failed      2.97%
 169  HOMSAP120554   21.36%    failed      0.02%
 170  BRABEL013155   28.48%    failed      0.00%
 171  HOMSAP024554   21.04%    passed      9.66%
 172  HOMSAP033695   24.27%    passed     21.06%
 173  DANRER010163   35.92%    passed     50.13%
 174  IXOSCA025964   40.45%    failed      0.02%
 175  DANRER004984   18.12%    failed      3.89%
 176  DANRER038874   11.00%    passed     43.27%
 177  HOMSAP007358   23.30%    passed     17.71%
 178  DANRER041348   21.04%    passed     89.15%
 179  DANRER028280   19.42%    passed     38.34%
 180  BRABEL005228   39.48%    failed      0.00%
 181  DANRER046967   35.92%    failed      0.01%
 182  IXOSCA027427   31.39%    passed      5.33%
 183  DANRER003916   15.86%    passed     39.79%
 184  DANRER019034   35.60%    passed     41.07%
 185  DANRER045058   33.66%    passed     47.04%
 186  IXOSCA034076   12.62%    failed      0.01%
 187  DANRER003195   22.01%    passed      6.89%
 188  DANRER038223   29.13%    failed      0.02%
 189  HOMSAP100925   16.83%    passed     29.05%
 190  HOMSAP020094    3.88%    failed      0.02%
 191  HOMSAP060277   37.54%    passed     13.30%
 192  HOMSAP015663    7.77%    failed      0.00%
 193  IXOSCA034073   39.16%    passed      9.52%
 194  IXOSCA002452   55.02%    passed     32.21%
 195  IXOSCA020160   37.54%    failed      1.08%
 196  HOMSAP053800   17.48%    failed      1.46%
 197  NEMVEC007700   30.10%    passed     71.52%
 198  DANRER039911   17.80%    failed      0.13%
 199  BRABEL014382   30.74%    failed      0.00%
 200  IXOSCA011361   40.78%    passed     64.52%
 201  BRABEL001041   41.42%    failed      0.93%
 202  BRABEL027393   27.18%    failed      0.00%
 203  ANCTWI013761   47.57%    passed     11.14%
 204  BRABEL017088   37.54%    passed     37.26%
 205  HOMSAP058954   13.92%    failed      0.14%
 206  NEMVEC004743   24.27%    passed     37.62%
 207  HOMSAP061176   33.33%    passed     39.92%
 208  HOMSAP009906   23.30%    passed     22.54%
 209  HOMSAP070630   28.16%    failed      0.06%
 210  DANRER049065   37.86%    failed      0.43%
 211  HOMSAP017894   29.13%    passed     33.47%
 212  ACAPLA006008   22.01%    failed      3.56%
 213  ACAPLA003569   21.04%    failed      2.16%
 214  HOMSAP119510   16.50%    failed      0.00%
 215  DANRER048759   34.63%    passed     46.79%
 216  DANRER041472   23.30%    failed      1.04%
 217  DANRER044514   31.72%    passed     65.78%
 218  HOMSAP120136   21.36%    failed      0.02%
 219  DANRER035489   31.72%    passed     27.03%
 220  HOMSAP007265   13.92%    passed      9.36%
 221  DANRER008502   38.19%    passed      8.04%
 222  IXOSCA033839   53.72%    failed      1.26%
 223  DANRER037830   56.63%    failed      0.19%
 224  DANRER018920   13.59%    passed     41.86%
 225  DANRER001133   50.81%    failed      1.26%
 226  BRABEL028401    8.74%    failed      0.13%
 227  DANRER038646   19.42%    failed      0.00%
 228  DANRER007501   53.72%    passed     18.68%
 229  IXOSCA033855   50.49%    failed      3.58%
 230  DANRER039181   56.63%    failed      3.82%
 231  NEMVEC001693   49.19%    passed     94.26%
 232  DANRER039053   45.95%    passed     37.96%
 233  IXOSCA018025   19.74%    failed      0.00%
 234  ACAPLA004833   42.07%    failed      0.49%
 235  CRAGIG015847    6.15%    failed      0.29%
 236  DANRER030693   55.02%    failed      1.23%
 237  DANRER050610   37.54%    passed     70.94%
 238  CIOINT017017   30.10%    failed      0.06%
 239  IXOSCA033837   53.40%    failed      0.10%
 240  DANRER040772   38.83%    passed     91.21%
 241  RHOMAR014407   14.56%    failed      0.02%
 242  DANRER027047   41.10%    passed     85.91%
 243  IXOSCA002458   53.72%    passed     23.18%
 244  DANRER044838   39.81%    passed     85.79%
 245  IXOSCA013295   54.05%    passed      7.87%
 246  MNELEI002753   30.10%    failed      0.00%
 247  BRABEL013198   65.70%    passed     71.97%
 248  BRABEL031195   15.21%    failed      0.05%
 249  DANRER041853   40.13%    passed     95.66%
 250  DANRER038902   38.83%    passed     95.27%
 251  DROMEL010399   13.59%    failed      0.35%
 252  NEMVEC024022   12.30%    passed     36.08%
 253  DANRER026115   43.37%    passed     74.07%
 254  DANRER003971   60.19%    passed     60.48%
 255  DANRER020035   18.45%    failed      1.63%
 256  SALKVE009972   44.01%    failed      1.37%
 257  DANRER029252   56.63%    passed     18.84%
 258  HOMSAP002597   30.74%    failed      2.01%
 259  BOMMOR011665   36.25%    passed     30.56%
 260  DROMEL003168   36.25%    passed     19.71%
 261  DANRER031128   54.69%    passed     48.37%
WARNING: 16 sequences contain more than 50% gaps/ambiguity
****  TOTAL          17.95%  143 sequences failed composition chi2 test (p-value<5%; df=19)
NOTE: IXOSCA013436 is identical to IXOSCA013435 but kept for subsequent analysis
NOTE: HOMSAP009363 is identical to HOMSAP099203 but kept for subsequent analysis
NOTE: HOMSAP076752 is identical to HOMSAP054883 but kept for subsequent analysis


Create initial parsimony tree by phylogenetic likelihood library (PLL)... 0.095 seconds
Perform fast likelihood tree search using LG+I+G model...
Estimate model parameters (epsilon = 5.000)
Perform nearest neighbor interchange...
Estimate model parameters (epsilon = 1.000)
1. Initial log-likelihood: -81775.712
Optimal log-likelihood: -81775.474
Proportion of invariable sites: 0.019
Gamma shape alpha: 1.097
Parameters optimization took 1 rounds (0.442 sec)
Time for fast ML tree search: 8.733 seconds

NOTE: ModelFinder requires 135 MB RAM!
ModelFinder will test up to 546 protein models (sample size: 309) ...
 No. Model         -LnL         df  AIC          AICc         BIC
  1  LG            86052.836    519 173143.673   712903.673   175081.277
  2  LG+I          85532.466    520 172104.931   713944.931   174046.269
  3  LG+G4         81844.941    520 164729.882   706569.882   166671.219
  4  LG+I+G4       81775.472    521 164592.943   708516.943   166538.014
  5  LG+R2         82803.737    521 166649.475   710573.475   168594.545
  6  LG+R3         81993.879    523 165033.758   713137.758   166986.295
  7  LG+R4         81656.762    525 164363.524   716663.524   166323.528
  8  LG+R5         81557.015    527 164168.030   720680.030   166135.501
  9  LG+R6         81509.105    529 164076.211   724816.211   166051.148
 10  LG+R7         81469.904    531 164001.808   728985.808   165984.212
 11  LG+R8         81462.608    533 163991.217   733235.217   165981.087
 12  LG+R9         81458.458    535 163986.916   737506.916   165984.254
 23  LG+F+R7       83406.509    550 167913.017   774013.017   169966.355
 24  LG+F+R8       83403.835    552 167911.669   778423.669   169972.473
 36  WAG+R7        81190.348    531 163442.696   728426.696   165425.100
 37  WAG+R8        81187.597    533 163441.194   732685.194   165431.065
 49  WAG+F+R7      82421.965    550 165943.930   772043.930   167997.268
 50  WAG+F+R8      82418.637    552 165941.275   776453.275   168002.079
 62  JTT+R7        81003.447    531 163068.895   728052.895   165051.299
 63  JTT+R8        80993.072    533 163052.143   732296.143   165042.014
 64  JTT+R9        80992.953    535 163055.905   736575.905   165053.243
 75  JTT+F+R7      82342.541    550 165785.082   771885.082   167838.419
 76  JTT+F+R8      82338.572    552 165781.144   776293.144   167841.949
 88  JTTDCMut+R7   80985.912    531 163033.823   728017.823   165016.228
 89  JTTDCMut+R8   80976.975    533 163019.950   732263.950   165009.821
 90  JTTDCMut+R9   80977.128    535 163024.256   736544.256   165021.594
101  JTTDCMut+F+R7 82295.877    550 165691.755   771791.755   167745.092
102  JTTDCMut+F+R8 82292.517    552 165689.034   776201.034   167749.839
114  DCMut+R7      81985.339    531 165032.677   730016.677   167015.081
115  DCMut+R8      81982.335    533 165030.671   734274.671   167020.542
127  DCMut+F+R7    82283.458    550 165666.916   771766.916   167720.254
128  DCMut+F+R8    82273.792    552 165651.584   776163.584   167712.389
WARNING: Log-likelihood -82277.2 of DCMut+F+R9 worse than DCMut+F+R8 -82273.8
129  DCMut+F+R9    82277.156    554 165662.312   780602.312   167730.583
140  VT+R7         81415.361    531 163892.722   728876.722   165875.127
141  VT+R8         81405.024    533 163876.049   733120.049   165865.920
142  VT+R9         81404.702    535 163879.404   737399.404   165876.742
153  VT+F+R7       83038.413    550 167176.827   773276.827   169230.164
154  VT+F+R8       83033.092    552 167170.183   777682.183   169230.988
166  PMB+R7        82136.128    531 165334.256   730318.256   167316.660
167  PMB+R8        82130.965    533 165327.930   734571.930   167317.800
179  PMB+F+R7      83257.183    550 167614.365   773714.365   169667.703
180  PMB+F+R8      83249.426    552 167602.853   778114.853   169663.657
WARNING: Log-likelihood -83262.9 of PMB+F+R9 worse than PMB+F+R8 -83249.4
181  PMB+F+R9      83262.934    554 167633.868   782573.868   169702.139
192  Blosum62+R7   82228.789    531 165519.578   730503.578   167501.982
193  Blosum62+R8   82225.685    533 165517.370   734761.370   167507.240
205  Blosum62+F+R7 83619.747    550 168339.495   774439.495   170392.832
206  Blosum62+F+R8 83612.475    552 168328.950   778840.950   170389.755
WARNING: Log-likelihood -83620.2 of Blosum62+F+R9 worse than Blosum62+F+R8 -83612.5
207  Blosum62+F+R9 83620.191    554 168348.381   783288.381   170416.652
218  Dayhoff+R7    81984.813    531 165031.626   730015.626   167014.031
219  Dayhoff+R8    81981.784    533 165029.567   734273.567   167019.438
231  Dayhoff+F+R7  82281.187    550 165662.373   771762.373   167715.711
232  Dayhoff+F+R8  82271.360    552 165646.720   776158.720   167707.525
WARNING: Log-likelihood -82274.9 of Dayhoff+F+R9 worse than Dayhoff+F+R8 -82271.4
233  Dayhoff+F+R9  82274.927    554 165657.855   780597.855   167726.126
244  mtREV+R7      85994.116    531 173050.232   738034.232   175032.637
245  mtREV+R8      85982.516    533 173031.031   742275.031   175020.902
246  mtREV+R9      85978.205    535 173026.410   746546.410   175023.748
257  mtREV+F+R7    85144.082    550 171388.164   777488.164   173441.502
258  mtREV+F+R8    85133.013    552 171370.026   781882.026   173430.830
259  mtREV+F+R9    85125.560    554 171359.120   786299.120   173427.391
270  mtART+R7      88166.725    531 177395.449   742379.449   179377.854
271  mtART+R8      88138.756    533 177343.512   746587.512   179333.383
272  mtART+R9      88123.006    535 177316.011   750836.011   179313.349
283  mtART+F+R7    86323.130    550 173746.261   779846.261   175799.598
284  mtART+F+R8    86308.066    552 173720.131   784232.131   175780.936
285  mtART+F+R9    86301.695    554 173711.389   788651.389   175779.660
296  mtZOA+R7      85735.938    531 172533.875   737517.875   174516.279
297  mtZOA+R8      85720.946    533 172507.892   741751.892   174497.763
298  mtZOA+R9      85712.368    535 172494.737   746014.737   174492.074
309  mtZOA+F+R7    85314.861    550 171729.721   777829.721   173783.059
310  mtZOA+F+R8    85307.691    552 171719.382   782231.382   173780.186
311  mtZOA+F+R9    85304.286    554 171716.572   786656.572   173784.843
322  mtMet+R7      85809.936    531 172681.872   737665.872   174664.276
323  mtMet+R8      85791.263    533 172648.527   741892.527   174638.398
324  mtMet+R9      85785.327    535 172640.655   746160.655   174637.993
335  mtMet+F+R7    84568.469    550 170236.939   776336.939   172290.276
336  mtMet+F+R8    84561.927    552 170227.854   780739.854   172288.659
337  mtMet+F+R9    84553.479    554 170214.958   785154.958   172283.230
348  mtVer+R7      86279.186    531 173620.371   738604.371   175602.776
349  mtVer+R8      86245.810    533 173557.619   742801.619   175547.490
350  mtVer+R9      86244.932    535 173559.864   747079.864   175557.201
361  mtVer+F+R7    85916.690    550 172933.381   779033.381   174986.719
362  mtVer+F+R8    85874.071    552 172852.142   783364.142   174912.947
363  mtVer+F+R9    85870.431    554 172848.862   787788.862   174917.133
374  mtInv+R7      86390.448    531 173842.896   738826.896   175825.301
375  mtInv+R8      86377.005    533 173820.010   743064.010   175809.881
376  mtInv+R9      86358.683    535 173787.365   747307.365   175784.703
387  mtInv+F+R7    84240.405    550 169580.809   775680.809   171634.147
388  mtInv+F+R8    84230.050    552 169564.100   780076.100   171624.904
389  mtInv+F+R9    84226.271    554 169560.542   784500.542   171628.813
400  mtMAM+R7      87645.263    531 176352.525   741336.525   178334.929
401  mtMAM+R8      87634.404    533 176334.808   745578.808   178324.679
402  mtMAM+R9      87626.771    535 176323.542   749843.542   178320.879
413  mtMAM+F+R7    86538.677    550 174177.355   780277.355   176230.692
414  mtMAM+F+R8    86526.188    552 174156.376   784668.376   176217.180
415  mtMAM+F+R9    86513.448    554 174134.896   789074.896   176203.167
426  HIVb+R7       82050.011    531 165162.021   730146.021   167144.425
427  HIVb+R8       82035.345    533 165136.691   734380.691   167126.562
428  HIVb+R9       82035.096    535 165140.192   738660.192   167137.529
439  HIVb+F+R7     83358.886    550 167817.772   773917.772   169871.109
440  HIVb+F+R8     83350.528    552 167805.056   778317.056   169865.860
WARNING: Log-likelihood -83352.3 of HIVb+F+R9 worse than HIVb+F+R8 -83350.5
441  HIVb+F+R9     83352.322    554 167812.643   782752.643   169880.914
452  HIVw+R7       84636.978    531 170335.956   735319.956   172318.360
453  HIVw+R8       84628.047    533 170322.093   739566.093   172311.964
454  HIVw+R9       84615.941    535 170301.881   743821.881   172299.219
465  HIVw+F+R7     84839.631    550 170779.262   776879.262   172832.599
466  HIVw+F+R8     84826.745    552 170757.491   781269.491   172818.295
WARNING: Log-likelihood -84827.9 of HIVw+F+R9 worse than HIVw+F+R8 -84826.7
467  HIVw+F+R9     84827.876    554 170763.752   785703.752   172832.023
478  FLU+R7        82048.185    531 165158.369   730142.369   167140.774
479  FLU+R8        82045.375    533 165156.749   734400.749   167146.620
491  FLU+F+R7      82625.544    550 166351.087   772451.087   168404.425
492  FLU+F+R8      82619.883    552 166343.765   776855.765   168404.570
504  rtREV+R7      82017.100    531 165096.199   730080.199   167078.604
505  rtREV+R8      82003.970    533 165073.940   734317.940   167063.811
506  rtREV+R9      81991.692    535 165053.384   738573.384   167050.722
517  rtREV+F+R7    83760.690    550 168621.380   774721.380   170674.717
518  rtREV+F+R8    83754.623    552 168613.245   779125.245   170674.049
519  rtREV+F+R9    83748.031    554 168604.062   783544.062   170672.333
530  cpREV+R7      81794.503    531 164651.007   729635.007   166633.411
531  cpREV+R8      81787.254    533 164640.509   733884.509   166630.380
WARNING: Log-likelihood -81788.4 of cpREV+R9 worse than cpREV+R8 -81787.3
532  cpREV+R9      81788.404    535 164646.807   738166.807   166644.145
543  cpREV+F+R7    83846.965    550 168793.930   774893.930   170847.268
544  cpREV+F+R8    83838.039    552 168780.078   779292.078   170840.883
545  cpREV+F+R9    83836.575    554 168781.150   783721.150   170849.422
Akaike Information Criterion:           JTTDCMut+R8
Corrected Akaike Information Criterion: LG+G4
Bayesian Information Criterion:         JTTDCMut+R8
Best-fit model: JTTDCMut+R8 chosen according to BIC

All model information printed to euk5_homs1.CTCF.linsi.bmge.iqtree.model.gz
CPU time for ModelFinder: 27910.596 seconds (7h:45m:10s)
Wall-clock time for ModelFinder: 13964.323 seconds (3h:52m:44s)
Generating 1000 samples for ultrafast bootstrap (seed: 859623)...

NOTE: 108 MB RAM (0 GB) is required!
Estimate model parameters (epsilon = 0.100)
1. Initial log-likelihood: -80976.975
Optimal log-likelihood: -80976.932
Site proportion and rates:  (0.093,0.035) (0.050,0.204) (0.123,0.417) (0.138,0.678) (0.241,0.976) (0.170,1.313) (0.166,1.881) (0.020,3.629)
Parameters optimization took 1 rounds (4.301 sec)
Computing ML distances based on estimated model parameters... 10.204 sec
Computing BIONJ tree...
0.029 seconds
Log-likelihood of BIONJ tree: -81179.765
--------------------------------------------------------------------
|             INITIALIZING CANDIDATE TREE SET                      |
--------------------------------------------------------------------
Generating 98 parsimony trees... 10.856 second
Computing log-likelihood of 98 initial trees ... 28.432 seconds
Current best score: -80976.932

Do NNI search on 20 best initial trees
Estimate model parameters (epsilon = 0.100)
BETTER TREE FOUND at iteration 1: -80927.379
Estimate model parameters (epsilon = 0.100)
BETTER TREE FOUND at iteration 2: -80733.890
Estimate model parameters (epsilon = 0.100)
BETTER TREE FOUND at iteration 4: -80686.140
Iteration 10 / LogL: -80808.198 / Time: 0h:2m:50s
Estimate model parameters (epsilon = 0.100)
BETTER TREE FOUND at iteration 15: -80682.611
Iteration 20 / LogL: -80787.743 / Time: 0h:4m:37s
Finish initializing candidate tree set (20)
Current best tree score: -80682.611 / CPU time: 266.091
Number of iterations: 20
--------------------------------------------------------------------
|               OPTIMIZING CANDIDATE TREE SET                      |
--------------------------------------------------------------------
Estimate model parameters (epsilon = 0.100)
BETTER TREE FOUND at iteration 22: -80667.263
Estimate model parameters (epsilon = 0.100)
BETTER TREE FOUND at iteration 23: -80658.622
Estimate model parameters (epsilon = 0.100)
BETTER TREE FOUND at iteration 25: -80638.323
Estimate model parameters (epsilon = 0.100)
BETTER TREE FOUND at iteration 29: -80637.765
Iteration 30 / LogL: -80671.896 / Time: 0h:6m:26s (0h:21m:57s left)
Estimate model parameters (epsilon = 0.100)
BETTER TREE FOUND at iteration 33: -80602.029
Iteration 40 / LogL: -80603.150 / Time: 0h:7m:53s (0h:18m:49s left)
Estimate model parameters (epsilon = 0.100)
BETTER TREE FOUND at iteration 48: -80597.463
Estimate model parameters (epsilon = 0.100)
BETTER TREE FOUND at iteration 50: -80595.011
Iteration 50 / LogL: -80595.011 / Time: 0h:9m:21s (0h:19m:6s left)
Log-likelihood cutoff on original alignment: -80790.879
Estimate model parameters (epsilon = 0.100)
BETTER TREE FOUND at iteration 52: -80589.932
Estimate model parameters (epsilon = 0.100)
BETTER TREE FOUND at iteration 60: -80585.873
Iteration 60 / LogL: -80585.873 / Time: 0h:10m:57s (0h:18m:34s left)
Estimate model parameters (epsilon = 0.100)
BETTER TREE FOUND at iteration 64: -80579.555
Iteration 70 / LogL: -80580.916 / Time: 0h:12m:23s (0h:16m:53s left)
BETTER TREE FOUND at iteration 74: -80579.546
Estimate model parameters (epsilon = 0.100)
BETTER TREE FOUND at iteration 76: -80579.011
Estimate model parameters (epsilon = 0.100)
BETTER TREE FOUND at iteration 77: -80569.211
Iteration 80 / LogL: -80574.680 / Time: 0h:13m:48s (0h:16m:57s left)
Estimate model parameters (epsilon = 0.100)
BETTER TREE FOUND at iteration 85: -80564.058
Iteration 90 / LogL: -80574.492 / Time: 0h:15m:5s (0h:16m:6s left)
Estimate model parameters (epsilon = 0.100)
BETTER TREE FOUND at iteration 93: -80562.241
Iteration 100 / LogL: -80572.195 / Time: 0h:16m:18s (0h:15m:18s left)
Log-likelihood cutoff on original alignment: -80738.286
NOTE: Bootstrap correlation coefficient of split occurrence frequencies: 0.895
NOTE: UFBoot does not converge, continue at least 100 more iterations
Estimate model parameters (epsilon = 0.100)
BETTER TREE FOUND at iteration 105: -80557.411
Estimate model parameters (epsilon = 0.100)
BETTER TREE FOUND at iteration 107: -80556.004
Iteration 110 / LogL: -80574.969 / Time: 0h:17m:43s (0h:15m:46s left)
Estimate model parameters (epsilon = 0.100)
BETTER TREE FOUND at iteration 115: -80554.470
Estimate model parameters (epsilon = 0.100)
BETTER TREE FOUND at iteration 116: -80551.750
Iteration 120 / LogL: -80559.240 / Time: 0h:19m:10s (0h:15m:27s left)
Estimate model parameters (epsilon = 0.100)
BETTER TREE FOUND at iteration 122: -80551.031
Iteration 130 / LogL: -80554.835 / Time: 0h:20m:25s (0h:14m:34s left)
Iteration 140 / LogL: -80573.923 / Time: 0h:21m:32s (0h:12m:42s left)
Estimate model parameters (epsilon = 0.100)
BETTER TREE FOUND at iteration 146: -80548.176
Iteration 150 / LogL: -80558.396 / Time: 0h:22m:42s (0h:14m:37s left)
Log-likelihood cutoff on original alignment: -80668.963
Iteration 160 / LogL: -80577.421 / Time: 0h:23m:49s (0h:12m:53s left)
Iteration 170 / LogL: -80567.502 / Time: 0h:24m:52s (0h:11m:11s left)
Estimate model parameters (epsilon = 0.100)
BETTER TREE FOUND at iteration 172: -80546.416
Iteration 180 / LogL: -80560.802 / Time: 0h:26m:6s (0h:13m:25s left)
Iteration 190 / LogL: -80552.794 / Time: 0h:27m:12s (0h:11m:48s left)
Estimate model parameters (epsilon = 0.100)
BETTER TREE FOUND at iteration 196: -80541.483
Iteration 200 / LogL: -80561.567 / Time: 0h:28m:28s (0h:13m:44s left)
Log-likelihood cutoff on original alignment: -80668.963
NOTE: Bootstrap correlation coefficient of split occurrence frequencies: 0.943
NOTE: UFBoot does not converge, continue at least 100 more iterations
Estimate model parameters (epsilon = 0.100)
BETTER TREE FOUND at iteration 205: -80537.912
Iteration 210 / LogL: -80567.828 / Time: 0h:29m:38s (0h:13m:28s left)
Iteration 220 / LogL: -80594.525 / Time: 0h:30m:44s (0h:11m:55s left)
Iteration 230 / LogL: -80540.419 / Time: 0h:31m:47s (0h:10m:24s left)
Iteration 240 / LogL: -80540.972 / Time: 0h:32m:53s (0h:8m:56s left)
Iteration 250 / LogL: -80548.732 / Time: 0h:33m:57s (0h:7m:30s left)
Log-likelihood cutoff on original alignment: -80668.963
Iteration 260 / LogL: -80548.103 / Time: 0h:35m:6s (0h:6m:5s left)
Iteration 270 / LogL: -80563.940 / Time: 0h:36m:11s (0h:4m:42s left)
Estimate model parameters (epsilon = 0.100)
BETTER TREE FOUND at iteration 271: -80534.624
Iteration 280 / LogL: -80542.381 / Time: 0h:37m:27s (0h:12m:12s left)
Estimate model parameters (epsilon = 0.100)
BETTER TREE FOUND at iteration 286: -80532.873
Iteration 290 / LogL: -80549.800 / Time: 0h:38m:41s (0h:12m:51s left)
Iteration 300 / LogL: -80548.416 / Time: 0h:39m:47s (0h:11m:26s left)
Log-likelihood cutoff on original alignment: -80668.963
NOTE: Bootstrap correlation coefficient of split occurrence frequencies: 0.974
NOTE: UFBoot does not converge, continue at least 100 more iterations
Iteration 310 / LogL: -80538.935 / Time: 0h:40m:55s (0h:11m:55s left)
Iteration 320 / LogL: -80545.767 / Time: 0h:42m:5s (0h:10m:33s left)
Iteration 330 / LogL: -80533.390 / Time: 0h:43m:10s (0h:9m:11s left)
Estimate model parameters (epsilon = 0.100)
BETTER TREE FOUND at iteration 338: -80531.643
Iteration 340 / LogL: -80549.636 / Time: 0h:44m:23s (0h:12m:49s left)
Iteration 350 / LogL: -80568.496 / Time: 0h:45m:33s (0h:11m:29s left)
Log-likelihood cutoff on original alignment: -80668.963
Iteration 360 / LogL: -80533.932 / Time: 0h:46m:41s (0h:10m:8s left)
Estimate model parameters (epsilon = 0.100)
BETTER TREE FOUND at iteration 366: -80527.001
Iteration 370 / LogL: -80554.846 / Time: 0h:47m:50s (0h:12m:26s left)
Iteration 380 / LogL: -80554.570 / Time: 0h:49m:2s (0h:11m:7s left)
Iteration 390 / LogL: -80542.884 / Time: 0h:50m:13s (0h:9m:48s left)
Iteration 400 / LogL: -80554.748 / Time: 0h:51m:21s (0h:8m:29s left)
Log-likelihood cutoff on original alignment: -80668.963
NOTE: Bootstrap correlation coefficient of split occurrence frequencies: 0.976
NOTE: UFBoot does not converge, continue at least 100 more iterations
Iteration 410 / LogL: -80565.429 / Time: 0h:52m:26s (0h:11m:32s left)
Iteration 420 / LogL: -80556.873 / Time: 0h:53m:32s (0h:10m:13s left)
Iteration 430 / LogL: -80537.708 / Time: 0h:54m:38s (0h:8m:55s left)
Iteration 440 / LogL: -80549.249 / Time: 0h:55m:48s (0h:7m:37s left)
Iteration 450 / LogL: -80645.678 / Time: 0h:56m:51s (0h:6m:19s left)
Log-likelihood cutoff on original alignment: -80668.963
Iteration 460 / LogL: -80536.986 / Time: 0h:57m:57s (0h:5m:3s left)
Iteration 470 / LogL: -80543.253 / Time: 0h:59m:4s (0h:3m:46s left)
Iteration 480 / LogL: -80535.297 / Time: 1h:0m:12s (0h:2m:30s left)
Iteration 490 / LogL: -80547.600 / Time: 1h:1m:21s (0h:1m:15s left)
Iteration 500 / LogL: -80537.136 / Time: 1h:2m:28s (0h:0m:0s left)
Log-likelihood cutoff on original alignment: -80668.963
NOTE: Bootstrap correlation coefficient of split occurrence frequencies: 0.979
NOTE: UFBoot does not converge, continue at least 100 more iterations
Iteration 510 / LogL: -80543.542 / Time: 1h:3m:38s (0h:11m:15s left)
Iteration 520 / LogL: -80558.789 / Time: 1h:4m:50s (0h:9m:59s left)
Iteration 530 / LogL: -80545.306 / Time: 1h:5m:57s (0h:8m:43s left)
Iteration 540 / LogL: -80527.720 / Time: 1h:7m:4s (0h:7m:27s left)
Iteration 550 / LogL: -80542.916 / Time: 1h:8m:11s (0h:6m:12s left)
Log-likelihood cutoff on original alignment: -80649.524
Iteration 560 / LogL: -80545.990 / Time: 1h:9m:17s (0h:4m:57s left)
Iteration 570 / LogL: -80536.118 / Time: 1h:10m:24s (0h:3m:42s left)
Iteration 580 / LogL: -80543.617 / Time: 1h:11m:33s (0h:2m:28s left)
Iteration 590 / LogL: -80549.415 / Time: 1h:12m:40s (0h:1m:14s left)
Iteration 600 / LogL: -80546.398 / Time: 1h:13m:47s (0h:0m:0s left)
Log-likelihood cutoff on original alignment: -80649.524
NOTE: Bootstrap correlation coefficient of split occurrence frequencies: 0.983
NOTE: UFBoot does not converge, continue at least 100 more iterations
Iteration 610 / LogL: -80529.050 / Time: 1h:14m:57s (0h:11m:4s left)
Iteration 620 / LogL: -80575.857 / Time: 1h:16m:6s (0h:9m:50s left)
Iteration 630 / LogL: -80556.982 / Time: 1h:17m:15s (0h:8m:35s left)
Iteration 640 / LogL: -80536.623 / Time: 1h:18m:24s (0h:7m:21s left)
Iteration 650 / LogL: -80536.825 / Time: 1h:19m:30s (0h:6m:7s left)
Log-likelihood cutoff on original alignment: -80649.524
Iteration 660 / LogL: -80532.025 / Time: 1h:20m:40s (0h:4m:53s left)
BETTER TREE FOUND at iteration 665: -80526.996
Iteration 670 / LogL: -80577.999 / Time: 1h:21m:50s (0h:11m:37s left)
Iteration 680 / LogL: -80527.739 / Time: 1h:22m:58s (0h:10m:23s left)
Iteration 690 / LogL: -80546.020 / Time: 1h:24m:6s (0h:9m:9s left)
Iteration 700 / LogL: -80527.241 / Time: 1h:25m:10s (0h:7m:55s left)
Log-likelihood cutoff on original alignment: -80649.524
NOTE: Bootstrap correlation coefficient of split occurrence frequencies: 0.993
Iteration 710 / LogL: -80540.955 / Time: 1h:26m:19s (0h:10m:57s left)
Iteration 720 / LogL: -80529.880 / Time: 1h:27m:28s (0h:9m:43s left)
Iteration 730 / LogL: -80547.240 / Time: 1h:28m:36s (0h:8m:30s left)
Iteration 740 / LogL: -80535.512 / Time: 1h:29m:45s (0h:7m:17s left)
Iteration 750 / LogL: -80534.621 / Time: 1h:30m:59s (0h:6m:4s left)
Log-likelihood cutoff on original alignment: -80649.524
Iteration 760 / LogL: -80527.385 / Time: 1h:32m:12s (0h:4m:51s left)
TREE SEARCH COMPLETED AFTER 766 ITERATIONS / Time: 1h:32m:54s

--------------------------------------------------------------------
|                    FINALIZING TREE SEARCH                        |
--------------------------------------------------------------------
Performs final model parameters optimization
Estimate model parameters (epsilon = 0.010)
1. Initial log-likelihood: -80526.996
2. Current log-likelihood: -80526.731
Optimal log-likelihood: -80526.722
Site proportion and rates:  (0.092,0.033) (0.052,0.211) (0.121,0.422) (0.161,0.709) (0.271,1.022) (0.136,1.396) (0.147,1.925) (0.020,3.551)
Parameters optimization took 2 rounds (5.343 sec)
BEST SCORE FOUND : -80526.722
Creating bootstrap support values...
Split supports printed to NEXUS file euk5_homs1.CTCF.linsi.bmge.iqtree.splits.nex
Total tree length: 112.935

Total number of iterations: 766
CPU time used for tree search: 11040.141 sec (3h:4m:0s)
Wall-clock time used for tree search: 5562.743 sec (1h:32m:42s)
Total CPU time used: 11074.980 sec (3h:4m:34s)
Total wall-clock time used: 5580.564 sec (1h:33m:0s)

Computing bootstrap consensus tree...
Reading input file euk5_homs1.CTCF.linsi.bmge.iqtree.splits.nex...
261 taxa and 2298 splits.
Consensus tree written to euk5_homs1.CTCF.linsi.bmge.iqtree.contree
Reading input trees file euk5_homs1.CTCF.linsi.bmge.iqtree.contree
Log-likelihood of consensus tree: -80528.154

Analysis results written to: 
  IQ-TREE report:                euk5_homs1.CTCF.linsi.bmge.iqtree.iqtree
  Maximum-likelihood tree:       euk5_homs1.CTCF.linsi.bmge.iqtree.treefile
  Likelihood distances:          euk5_homs1.CTCF.linsi.bmge.iqtree.mldist

Ultrafast bootstrap approximation results written to:
  Split support values:          euk5_homs1.CTCF.linsi.bmge.iqtree.splits.nex
  Consensus tree:                euk5_homs1.CTCF.linsi.bmge.iqtree.contree
  Screen log file:               euk5_homs1.CTCF.linsi.bmge.iqtree.log

Date and Time: Tue Aug 23 21:54:19 2022
