IQ-TREE multicore version 2.0.3 for Linux 64-bit built Dec 20 2020
Developed by Bui Quang Minh, Nguyen Lam Tung, Olga Chernomor,
Heiko Schmidt, Dominik Schrempf, Michael Woodhams.

Host:    cpu-node-50.ifb.local (AVX2, FMA3, 251 GB RAM)
Command: /shared/ifbstor1/software/miniconda/envs/iqtree-2.0.3/bin/iqtree -s euk5_homs3.CTCF.linsi.bmge.fa -m LG+C20 -B 1000 -T AUTO -pre euk5_homs3.CTCF.linsi.bmge.iqtree
Seed:    671053 (Using SPRNG - Scalable Parallel Random Number Generator)
Time:    Fri Feb 24 12:55:43 2023
Kernel:  AVX+FMA - auto-detect threads (4 CPU cores detected)

Reading alignment file euk5_homs3.CTCF.linsi.bmge.fa ... Fasta format detected
Alignment most likely contains protein sequences
Alignment has 315 sequences with 312 columns, 312 distinct patterns
297 parsimony-informative, 13 singleton sites, 2 constant sites
              Gap/Ambiguity  Composition  p-value
   1  BRABEL004906    2.88%    failed      0.00%
   2  HOMSAP049857   12.82%    failed      3.21%
   3  DANRER028005   10.90%    failed      0.01%
   4  HOMSAP013921   13.14%    passed     51.86%
   5  HOMSAP013923   16.35%    passed     76.32%
   6  HOMSAP003318    1.28%    passed     22.65%
   7  HOMSAP013927   23.40%    passed     43.97%
   8  IXOSCA002581    5.77%    failed      0.87%
   9  DAPMAG011843    9.94%    passed     55.18%
  10  DROMEL014375    6.41%    failed      1.27%
  11  IXOSCA013440   13.46%    failed      0.00%
  12  IXOSCA033824   13.46%    failed      0.00%
  13  DANRER004224   13.78%    failed      0.10%
  14  BRABEL010031   18.59%    failed      0.43%
  15  BOMMOR003011   19.23%    passed      9.96%
  16  HOMSAP010216    0.00%    passed     14.14%
  17  HOMSAP022179    1.28%    passed     26.37%
  18  BRABEL028402    9.62%    failed      3.50%
  19  CRAGIG014213    9.62%    passed      7.66%
  20  HOMSAP058756    8.65%    failed      1.57%
  21  HOMSAP004855    1.28%    passed     21.79%
  22  HOMSAP065790    1.28%    passed      5.55%
  23  IXOSCA034060   14.42%    failed      0.00%
  24  HOMSAP011462    5.77%    passed     27.83%
  25  BRABEL004206    9.62%    failed      0.33%
  26  HOMSAP008518    0.00%    passed     60.66%
  27  HOMSAP041519    2.24%    failed      0.00%
  28  HOMSAP017275    0.00%    passed      5.47%
  29  ACAPLA009729   13.46%    failed      0.17%
  30  HOMSAP061756    1.60%    passed     29.40%
  31  HOMSAP023151    0.96%    failed      3.07%
  32  MNELEI015179   11.22%    failed      0.00%
  33  IXOSCA020165   13.46%    failed      0.00%
  34  HOMSAP023154    0.96%    failed      3.07%
  35  BRABEL027701   15.38%    failed      0.00%
  36  HOMSAP059950    0.00%    failed      2.89%
  37  IXOSCA025551   13.46%    failed      0.11%
  38  IXOSCA027053    8.01%    passed      9.18%
  39  IXOSCA028689    7.05%    failed      0.10%
  40  HOMSAP001894    1.28%    passed      8.69%
  41  IXOSCA022210   13.78%    failed      3.55%
  42  ACAPLA004827    2.88%    failed      0.06%
  43  HOMSAP011094    0.96%    failed      3.88%
  44  DANRER001141   14.42%    failed      0.00%
  45  BRABEL000112   17.31%    failed      0.00%
  46  BRABEL001371   15.38%    failed      0.24%
  47  BRABEL026047   13.46%    failed      0.00%
  48  HOMSAP067740    0.00%    passed     20.23%
  49  DANRER040254   16.67%    failed      0.22%
  50  IXOSCA021269    6.09%    failed      0.00%
  51  ACAPLA024203   12.50%    failed      2.51%
  52  MNELEI001217   15.38%    passed     45.78%
  53  HOMSAP095464    6.41%    passed     63.22%
  54  HOMSAP060020    9.62%    failed      1.28%
  55  HOMSAP009327   13.46%    failed      0.39%
  56  HOMSAP014376    1.92%    failed      2.43%
  57  HOMSAP009325    1.28%    passed      5.66%
  58  CIOINT004184   47.44%    passed     35.46%
  59  HOMSAP062816    1.28%    passed     16.56%
  60  HOMSAP018230   16.67%    failed      0.00%
  61  HOMSAP007217    4.17%    passed     10.57%
  62  DANRER018499   13.14%    failed      0.00%
  63  DANRER005668   12.82%    passed      7.62%
  64  DANRER037987   16.35%    failed      0.43%
  65  IXOSCA013435   16.67%    failed      0.02%
  66  IXOSCA013436   16.67%    failed      0.02%
  67  RAMVAR018555   15.71%    failed      0.00%
  68  HOMSAP003775    8.97%    failed      0.04%
  69  HOMSAP038859    1.60%    failed      2.22%
  70  HOMSAP033742    4.49%    passed     18.46%
  71  HOMSAP038858    1.60%    failed      2.22%
  72  HOMSAP050221    1.28%    passed      5.96%
  73  IXOSCA011844   13.46%    failed      0.00%
  74  BRABEL025972   12.18%    failed      0.00%
  75  HOMSAP119618    1.28%    passed     29.79%
  76  IXOSCA016348   13.46%    failed      0.00%
  77  DANRER028081   12.18%    failed      0.02%
  78  HOMSAP120882   14.74%    failed      2.08%
  79  HOMSAP062752   11.54%    passed     28.06%
  80  DANRER013053   15.38%    passed     35.13%
  81  HOMSAP057489    2.24%    passed     21.97%
  82  BRABEL032217    5.77%    passed     34.53%
  83  HOMSAP017492    0.00%    failed      0.02%
  84  BRABEL005236   12.82%    failed      0.02%
  85  HOMSAP023611    0.00%    passed     15.47%
  86  BRABEL026038    1.28%    failed      0.00%
  87  HOMSAP062812    0.00%    failed      4.36%
  88  BRABEL019386   15.38%    failed      0.00%
  89  HOMSAP055220    4.49%    failed      0.00%
  90  IXOSCA015018   23.40%    failed      0.00%
  91  HOMSAP013930   58.01%    failed      0.15%
  92  DANRER039466   20.19%    passed     21.56%
  93  BRABEL029979   12.82%    failed      0.00%
  94  DANRER038898   17.95%    passed     63.80%
  95  HOMSAP110831    8.65%    passed     44.83%
  96  CHRPER001272    8.33%    failed      2.10%
  97  BRABEL021130   16.35%    failed      0.00%
  98  IXOSCA008649   16.03%    failed      0.22%
  99  HOMSAP077368    2.24%    failed      0.00%
 100  PAUCHR004093   18.27%    passed     39.89%
 101  DANRER017545    7.69%    passed     65.91%
 102  HOMSAP009649    3.85%    passed      6.65%
 103  NEMVEC020176    9.62%    passed     37.77%
 104  IXOSCA011359   26.28%    failed      0.92%
 105  HOMSAP050362    2.24%    failed      1.21%
 106  DANRER050589   18.59%    failed      0.04%
 107  HOMSAP022739    1.28%    failed      0.24%
 108  HOMSAP006794    4.49%    passed     10.17%
 109  IXOSCA021444   22.44%    failed      0.18%
 110  DANRER043056   28.53%    passed     10.34%
 111  DANRER006301   10.90%    passed     66.82%
 112  HOMSAP099203    9.94%    passed     14.56%
 113  DANRER003490    4.49%    passed     67.07%
 114  HOMSAP002845    5.13%    passed     18.64%
 115  IXOSCA002304   16.67%    failed      0.00%
 116  DANRER015556   21.47%    passed     44.59%
 117  HOMSAP054883    0.00%    passed     85.30%
 118  DROMEL008763   11.86%    failed      0.02%
 119  HOMSAP076752    0.00%    passed     85.30%
 120  HOMSAP009232    0.96%    passed     18.95%
 121  IXOSCA018404    4.49%    failed      0.00%
 122  BRABEL021655   33.65%    failed      0.02%
 123  HOMSAP002598    0.00%    passed      7.31%
 124  DANRER009858   16.35%    failed      0.77%
 125  BRABEL024844   10.90%    failed      0.00%
 126  IXOSCA002459   16.99%    failed      2.44%
 127  IXOSCA002450   24.36%    failed      1.33%
 128  ACAPLA028119    5.45%    passed     20.09%
 129  IXOSCA023159   29.49%    failed      0.00%
 130  DROMEL017121    4.17%    failed      0.00%
 131  DANRER011272   14.42%    passed     70.68%
 132  HOMSAP025938    0.00%    failed      0.02%
 133  BRABEL017066   18.91%    passed     70.34%
 134  HOMSAP022261    1.28%    passed      8.94%
 135  BRABEL023696   10.90%    failed      0.00%
 136  IXOSCA019286   38.46%    failed      4.59%
 137  IXOSCA014198   15.06%    failed      0.80%
 138  HOMSAP019455   13.14%    passed     14.34%
 139  IXOSCA022074   15.38%    failed      0.00%
 140  HOMSAP019451    0.00%    passed     50.37%
 141  HOMSAP107047    0.00%    passed     50.37%
 142  HOMSAP017242   26.92%    passed      7.90%
 143  IXOSCA009764   27.88%    failed      0.32%
 144  HOMSAP056589   14.42%    passed     44.35%
 145  IXOSCA005502    7.37%    failed      0.22%
 146  HOMSAP050944    9.94%    passed      6.21%
 147  IXOSCA017783   31.41%    passed     86.52%
 148  DANRER025731   28.85%    passed     39.00%
 149  HOMSAP008044    4.49%    passed     74.94%
 150  CIOINT016756   35.26%    passed     16.10%
 151  DANRER026255   25.64%    passed     15.84%
 152  DANRER025407   22.76%    passed     45.68%
 153  IXOSCA007224    8.97%    failed      0.40%
 154  IXOSCA023492   23.40%    failed      0.00%
 155  HOMSAP058889    2.24%    passed      7.35%
 156  HOMSAP054381    8.65%    passed     44.83%
 157  BRABEL032666   25.96%    failed      0.00%
 158  ACAPLA006006   15.71%    failed      0.79%
 159  HOMSAP119892    4.49%    failed      2.55%
 160  DANRER041518   13.14%    passed      5.10%
 161  DANRER048750   13.78%    passed     64.46%
 162  HOMSAP034170    5.13%    passed     58.27%
 163  HOMSAP063115   27.88%    failed      0.13%
 164  DANRER011291   17.95%    passed     18.47%
 165  HOMSAP036036    5.13%    passed     19.42%
 166  DANRER008368   16.99%    passed     30.46%
 167  HOMSAP009363    9.94%    passed     14.56%
 168  DANRER045271   20.83%    failed      0.49%
 169  IXOSCA026551   17.63%    failed      0.05%
 170  HOMSAP119565   17.31%    passed     52.60%
 171  HOMSAP065789    8.65%    passed     56.30%
 172  IXOSCA034045   14.10%    failed      0.00%
 173  DANRER045471   43.91%    passed     18.55%
 174  IXOSCA024337   16.67%    failed      0.06%
 175  DANRER021170   21.15%    passed     91.23%
 176  HOMSAP050363   15.71%    failed      0.00%
 177  HOMSAP006560    8.01%    passed     21.46%
 178  HOMSAP060231    3.53%    failed      0.00%
 179  HOMSAP003796   14.74%    passed     14.09%
 180  DANRER011292   19.87%    passed      8.30%
 181  HOMSAP052517   21.15%    failed      0.01%
 182  IXOSCA014205   17.63%    passed     32.22%
 183  DANRER046232   25.96%    passed     37.16%
 184  DANRER008085   18.91%    passed      5.02%
 185  CRAGIG008054   20.51%    passed      8.95%
 186  DANRER017547   36.22%    failed      0.59%
 187  HOMSAP018276   23.08%    passed     14.30%
 188  DANRER038922   17.95%    passed     59.77%
 189  DANRER001140   27.24%    failed      0.40%
 190  HOMSAP076753   11.86%    failed      3.52%
 191  BOMMOR001323   31.41%    failed      0.01%
 192  DANRER041651   29.17%    passed     28.47%
 193  HOMSAP063121    7.69%    passed     33.84%
 194  DANRER038877   15.38%    passed     40.78%
 195  HOMSAP029779    0.96%    passed     46.12%
 196  HOMSAP121609    0.96%    passed     46.12%
 197  HOMSAP093086    0.96%    passed     46.12%
 198  HOMSAP029782    4.49%    passed     38.31%
 199  IXOSCA012468   13.46%    failed      0.00%
 200  IXOSCA011841   22.76%    failed      0.00%
 201  BRABEL029982   16.67%    failed      0.15%
 202  DANRER033823   36.86%    failed      1.79%
 203  DANRER039489   31.09%    passed     41.25%
 204  ACAPLA031138    1.28%    passed     11.41%
 205  ACAPLA015057   14.42%    failed      3.32%
 206  HOMSAP096032   17.95%    failed      0.22%
 207  BRABEL013155   31.73%    failed      0.01%
 208  HOMSAP024554   12.50%    failed      0.13%
 209  HOMSAP092858   28.21%    passed     45.78%
 210  HOMSAP033695   25.00%    passed     15.05%
 211  HOMSAP127377   43.27%    passed     96.35%
 212  DANRER010163   35.58%    passed     52.09%
 213  DANRER004984   16.99%    passed     10.56%
 214  DANRER038499   31.09%    passed     13.53%
 215  DANRER038874   15.38%    passed     85.67%
 216  HOMSAP007358   24.04%    passed     17.23%
 217  DANRER041348   27.88%    passed     39.01%
 218  HOMSAP033693   13.46%    failed      0.09%
 219  DANRER028280   18.59%    passed     11.41%
 220  HOMSAP065830    4.49%    passed     17.51%
 221  BRABEL005228   37.82%    failed      0.02%
 222  HOMSAP124087   12.50%    failed      0.11%
 223  DANRER046967   38.46%    failed      2.48%
 224  IXOSCA027427   32.69%    passed      5.00%
 225  DANRER003916   16.99%    passed     65.69%
 226  DANRER019034   37.50%    passed     58.39%
 227  DANRER045058   32.69%    passed     26.41%
 228  IXOSCA034076   20.83%    failed      0.00%
 229  DANRER003195   23.72%    passed     30.61%
 230  DROMEL017126   10.90%    failed      0.00%
 231  DANRER038223   31.73%    failed      0.62%
 232  HOMSAP100925   13.78%    passed     61.57%
 233  HOMSAP020094    2.24%    failed      0.04%
 234  HOMSAP060277   28.85%    passed     74.87%
 235  HOMSAP121804    7.69%    failed      0.00%
 236  HOMSAP015663    7.69%    failed      0.00%
 237  IXOSCA034073   37.82%    failed      0.75%
 238  IXOSCA002452   54.17%    passed     14.96%
 239  IXOSCA020160   32.05%    failed      0.16%
 240  HOMSAP053800   19.55%    passed      9.84%
 241  NEMVEC007700   34.62%    passed     51.06%
 242  DANRER039911   22.76%    failed      0.00%
 243  BRABEL014382   30.77%    failed      0.00%
 244  IXOSCA011361   36.54%    passed      7.99%
 245  BRABEL001041   41.67%    failed      1.80%
 246  BRABEL027393   29.17%    failed      0.00%
 247  ANCTWI013761   47.44%    passed      6.61%
 248  BRABEL017088   40.38%    passed     28.43%
 249  HOMSAP058954    9.29%    failed      0.00%
 250  NEMVEC004743   30.45%    passed     65.42%
 251  HOMSAP061176   34.29%    passed     70.13%
 252  HOMSAP009906   25.00%    passed     46.08%
 253  HOMSAP070630   34.94%    failed      0.06%
 254  DANRER049065   37.82%    failed      0.37%
 255  HOMSAP017894   21.47%    passed     49.85%
 256  ACAPLA006008   25.00%    failed      4.74%
 257  IXOSCA004391   40.38%    failed      1.00%
 258  ACAPLA003569   26.28%    failed      2.04%
 259  HOMSAP119510   13.14%    failed      0.00%
 260  DANRER048759   34.29%    passed     35.65%
 261  DANRER041472   30.13%    failed      3.11%
 262  DANRER044514   31.09%    passed     65.81%
 263  HOMSAP120136   13.46%    failed      0.00%
 264  DANRER035489   31.73%    passed     39.45%
 265  HOMSAP007265   12.82%    passed     28.72%
 266  DANRER008502   37.82%    passed     33.13%
 267  DANRER031305   38.14%    passed     92.62%
 268  IXOSCA033839   52.88%    failed      3.35%
 269  DANRER037830   56.09%    failed      4.47%
 270  DANRER018920    9.94%    passed     29.97%
 271  DANRER035014   38.14%    passed     89.26%
 272  DANRER001133   51.60%    passed     25.77%
 273  BRABEL028401   18.91%    failed      0.34%
 274  DANRER038646   22.12%    failed      0.80%
 275  DANRER007501   53.21%    failed      0.43%
 276  IXOSCA033855   49.36%    failed      1.69%
 277  DANRER039181   56.73%    passed      5.80%
 278  DANRER000484   51.60%    passed     44.42%
 279  NEMVEC001693   45.83%    passed     95.75%
 280  IXOSCA009027   53.53%    passed     12.55%
 281  DANRER039053   45.51%    passed     87.03%
 282  IXOSCA018025   28.85%    failed      0.00%
 283  ACAPLA004833   40.38%    failed      0.09%
 284  HOMSAP028730   18.59%    failed      4.14%
 285  CRAGIG015847   17.31%    failed      0.00%
 286  DANRER030693   56.41%    failed      4.00%
 287  DANRER050610   34.62%    passed     91.17%
 288  HOMSAP055044    3.21%    failed      0.80%
 289  CIOINT017017   39.42%    passed     29.31%
 290  IXOSCA033837   54.49%    failed      1.76%
 291  DANRER001170   38.46%    passed     89.68%
 292  DANRER040772   36.22%    passed     94.33%
 293  RHOMAR014407   20.83%    failed      0.00%
 294  DANRER027047   38.46%    passed     80.60%
 295  IXOSCA002458   52.88%    failed      1.74%
 296  DANRER044838   37.18%    passed     81.73%
 297  IXOSCA013295   53.53%    failed      2.38%
 298  MNELEI002753   40.38%    failed      2.68%
 299  BRABEL013198   64.10%    passed     29.72%
 300  BRABEL031195   27.24%    passed      7.34%
 301  DANRER041853   37.82%    passed     98.64%
 302  DANRER038902   40.38%    passed     98.57%
 303  DROMEL010399   10.90%    failed      0.61%
 304  NEMVEC024022   16.99%    passed     14.97%
 305  DANRER026115   40.71%    passed     36.51%
 306  DANRER003971   61.54%    passed     43.30%
 307  DANRER020035   20.51%    passed      7.17%
 308  SALKVE009972   49.68%    passed     12.86%
 309  DANRER029252   57.69%    passed     27.89%
 310  HOMSAP100643   35.58%    passed     13.64%
 311  HOMSAP098833   53.53%    passed     80.70%
 312  HOMSAP002597   22.44%    failed      0.61%
 313  BOMMOR011665   29.17%    failed      0.61%
 314  DROMEL003168   28.53%    failed      1.92%
 315  DANRER031128   55.13%    passed     85.91%
WARNING: 18 sequences contain more than 50% gaps/ambiguity
****  TOTAL          19.43%  156 sequences failed composition chi2 test (p-value<5%; df=19)
NOTE: HOMSAP023154 is identical to HOMSAP023151 but kept for subsequent analysis
NOTE: IXOSCA013436 is identical to IXOSCA013435 but kept for subsequent analysis
NOTE: HOMSAP038858 is identical to HOMSAP038859 but kept for subsequent analysis
NOTE: HOMSAP054381 is identical to HOMSAP110831 but kept for subsequent analysis
NOTE: HOMSAP009363 is identical to HOMSAP099203 but kept for subsequent analysis
NOTE: HOMSAP076752 is identical to HOMSAP054883 but kept for subsequent analysis
NOTE: HOMSAP107047 is identical to HOMSAP019451 but kept for subsequent analysis
NOTE: HOMSAP121609 is identical to HOMSAP029779 but kept for subsequent analysis
NOTE: HOMSAP015663 is identical to HOMSAP121804 but kept for subsequent analysis
NOTE: 1 identical sequences (see below) will be ignored for subsequent analysis
NOTE: HOMSAP093086 (identical to HOMSAP029779) is ignored but added at the end
Alignment was printed to euk5_homs3.CTCF.linsi.bmge.iqtree.uniqueseq.phy

For your convenience alignment with unique sequences printed to euk5_homs3.CTCF.linsi.bmge.iqtree.uniqueseq.phy

Create initial parsimony tree by phylogenetic likelihood library (PLL)... 0.556 seconds
Generating 1000 samples for ultrafast bootstrap (seed: 671053)...
Model LG+C20 is alias for LG+POISSON+G+FMIX{C20pi1:1:0.0559910600,C20pi2:1:0.0514824870,C20pi3:1:0.0812922124,C20pi4:1:0.0721976867,C20pi5:1:0.0556718858,C20pi6:1:0.0331003080,C20pi7:1:0.0589501763,C20pi8:1:0.0263756889,C20pi9:1:0.0307584220,C20pi10:1:0.0376701125,C20pi11:1:0.0303058290,C20pi12:1:0.0808775576,C20pi13:1:0.0263349134,C20pi14:1:0.0579101455,C20pi15:1:0.0371248064,C20pi16:1:0.0586867766,C20pi17:1:0.0561479138,C20pi18:1:0.0349810886,C20pi19:1:0.0544937394,C20pi20:1:0.0596471901}

NOTE: 1290 MB RAM (1 GB) is required!
Measuring multi-threading efficiency up to 4 CPU cores
2 trees examined
Threads: 1 / Time: 26.700 sec / Speedup: 1.000 / Efficiency: 100% / LogL: -123437
Threads: 2 / Time: 13.577 sec / Speedup: 1.966 / Efficiency: 98% / LogL: -123437
Threads: 3 / Time: 14.184 sec / Speedup: 1.882 / Efficiency: 63% / LogL: -123437
Threads: 4 / Time: 11.642 sec / Speedup: 2.293 / Efficiency: 57% / LogL: -123437
BEST NUMBER OF THREADS: 4

Estimate model parameters (epsilon = 0.100)
1. Initial log-likelihood: -89741.114
2. Current log-likelihood: -87529.260
3. Current log-likelihood: -87366.287
4. Current log-likelihood: -87364.390
Optimal log-likelihood: -87364.297
Mixture weights: 0.056 0.051 0.081 0.072 0.056 0.033 0.059 0.026 0.031 0.038 0.030 0.081 0.026 0.058 0.037 0.059 0.056 0.035 0.054 0.060
Gamma shape alpha: 1.010
Parameters optimization took 4 rounds (89.561 sec)
Computing ML distances based on estimated model parameters... 29.941 sec
WARNING: Some pairwise ML distances are too long (saturated)
Computing BIONJ tree...
0.164 seconds
Log-likelihood of BIONJ tree: -87436.790
--------------------------------------------------------------------
|             INITIALIZING CANDIDATE TREE SET                      |
--------------------------------------------------------------------
Generating 98 parsimony trees... 25.461 second
Computing log-likelihood of 98 initial trees ... 497.588 seconds
Current best score: -87364.297

Do NNI search on 20 best initial trees
Estimate model parameters (epsilon = 0.100)
BETTER TREE FOUND at iteration 1: -87073.777
Estimate model parameters (epsilon = 0.100)
BETTER TREE FOUND at iteration 2: -86853.203
Estimate model parameters (epsilon = 0.100)
BETTER TREE FOUND at iteration 3: -86801.639
Estimate model parameters (epsilon = 0.100)
BETTER TREE FOUND at iteration 4: -86795.493
Estimate model parameters (epsilon = 0.100)
BETTER TREE FOUND at iteration 9: -86699.353
Iteration 10 / LogL: -86865.239 / Time: 0h:49m:32s
Iteration 20 / LogL: -86858.708 / Time: 1h:19m:58s
Finish initializing candidate tree set (20)
Current best tree score: -86699.353 / CPU time: 4544.821
Number of iterations: 20
--------------------------------------------------------------------
|               OPTIMIZING CANDIDATE TREE SET                      |
--------------------------------------------------------------------
Estimate model parameters (epsilon = 0.100)
BETTER TREE FOUND at iteration 21: -86693.987
Estimate model parameters (epsilon = 0.100)
BETTER TREE FOUND at iteration 27: -86690.942
Estimate model parameters (epsilon = 0.100)
BETTER TREE FOUND at iteration 28: -86676.235
Estimate model parameters (epsilon = 0.100)
BETTER TREE FOUND at iteration 30: -86672.110
Iteration 30 / LogL: -86672.110 / Time: 1h:48m:1s (6h:12m:29s left)
Estimate model parameters (epsilon = 0.100)
BETTER TREE FOUND at iteration 36: -86653.186
Estimate model parameters (epsilon = 0.100)
BETTER TREE FOUND at iteration 37: -86637.550
Iteration 40 / LogL: -86644.600 / Time: 2h:16m:1s (5h:38m:17s left)
Estimate model parameters (epsilon = 0.100)
BETTER TREE FOUND at iteration 42: -86637.111
Estimate model parameters (epsilon = 0.100)
BETTER TREE FOUND at iteration 48: -86634.143
Estimate model parameters (epsilon = 0.100)
BETTER TREE FOUND at iteration 49: -86628.246
Iteration 50 / LogL: -86633.447 / Time: 2h:44m:20s (5h:32m:0s left)
Log-likelihood cutoff on original alignment: -86845.185
Estimate model parameters (epsilon = 0.100)
BETTER TREE FOUND at iteration 56: -86619.794
Iteration 60 / LogL: -86629.121 / Time: 3h:11m:43s (5h:11m:55s left)
Estimate model parameters (epsilon = 0.100)
BETTER TREE FOUND at iteration 67: -86617.561
Estimate model parameters (epsilon = 0.100)
BETTER TREE FOUND at iteration 69: -86606.209
Iteration 70 / LogL: -86636.894 / Time: 3h:38m:28s (5h:13m:27s left)
Iteration 80 / LogL: -86612.901 / Time: 4h:4m:8s (4h:35m:1s left)
Estimate model parameters (epsilon = 0.100)
BETTER TREE FOUND at iteration 83: -86604.668
Estimate model parameters (epsilon = 0.100)
BETTER TREE FOUND at iteration 84: -86600.355
Iteration 90 / LogL: -86612.051 / Time: 4h:32m:30s (4h:47m:48s left)
Estimate model parameters (epsilon = 0.100)
BETTER TREE FOUND at iteration 94: -86593.867
Estimate model parameters (epsilon = 0.100)
BETTER TREE FOUND at iteration 98: -86592.297
Iteration 100 / LogL: -86612.779 / Time: 5h:0m:3s (4h:57m:0s left)
Log-likelihood cutoff on original alignment: -86817.436
NOTE: Bootstrap correlation coefficient of split occurrence frequencies: 0.926
NOTE: UFBoot does not converge, continue at least 100 more iterations
Estimate model parameters (epsilon = 0.100)
BETTER TREE FOUND at iteration 107: -86588.832
Iteration 110 / LogL: -86614.053 / Time: 5h:25m:50s (4h:49m:57s left)
Iteration 120 / LogL: -86589.708 / Time: 5h:51m:27s (4h:16m:56s left)
Iteration 130 / LogL: -86594.186 / Time: 6h:17m:8s (3h:45m:6s left)
Iteration 140 / LogL: -86594.991 / Time: 6h:43m:6s (3h:14m:17s left)
Iteration 150 / LogL: -86608.440 / Time: 7h:10m:0s (2h:44m:29s left)
Log-likelihood cutoff on original alignment: -86763.741
Iteration 160 / LogL: -86598.711 / Time: 7h:36m:48s (2h:15m:1s left)
Iteration 170 / LogL: -86601.515 / Time: 8h:5m:43s (1h:46m:20s left)
Estimate model parameters (epsilon = 0.100)
BETTER TREE FOUND at iteration 175: -86587.978
Iteration 180 / LogL: -86590.851 / Time: 8h:34m:15s (4h:32m:55s left)
Iteration 190 / LogL: -86601.736 / Time: 9h:2m:0s (4h:3m:45s left)
Estimate model parameters (epsilon = 0.100)
BETTER TREE FOUND at iteration 193: -86587.281
Iteration 200 / LogL: -86968.893 / Time: 9h:30m:20s (4h:26m:32s left)
Log-likelihood cutoff on original alignment: -86763.741
NOTE: Bootstrap correlation coefficient of split occurrence frequencies: 0.954
NOTE: UFBoot does not converge, continue at least 100 more iterations
Iteration 210 / LogL: -86589.901 / Time: 9h:57m:56s (4h:17m:28s left)
Estimate model parameters (epsilon = 0.100)
BETTER TREE FOUND at iteration 213: -86586.784
Estimate model parameters (epsilon = 0.100)
BETTER TREE FOUND at iteration 217: -86585.909
Iteration 220 / LogL: -86603.628 / Time: 10h:24m:50s (4h:36m:45s left)
Iteration 230 / LogL: -86600.683 / Time: 10h:50m:46s (4h:7m:14s left)
Estimate model parameters (epsilon = 0.100)
BETTER TREE FOUND at iteration 240: -86585.561
Iteration 240 / LogL: -86585.561 / Time: 11h:19m:9s (4h:44m:9s left)
Iteration 250 / LogL: -86587.355 / Time: 11h:46m:31s (4h:15m:22s left)
Log-likelihood cutoff on original alignment: -86763.741
Iteration 260 / LogL: -86591.061 / Time: 12h:13m:59s (3h:46m:42s left)
Iteration 270 / LogL: -86626.157 / Time: 12h:38m:59s (3h:17m:30s left)
Iteration 280 / LogL: -86603.067 / Time: 13h:6m:44s (2h:49m:11s left)
Iteration 290 / LogL: -86597.464 / Time: 13h:33m:52s (2h:20m:48s left)
Iteration 300 / LogL: -86640.106 / Time: 14h:0m:20s (1h:52m:25s left)
Log-likelihood cutoff on original alignment: -86763.741
NOTE: Bootstrap correlation coefficient of split occurrence frequencies: 0.991
Iteration 310 / LogL: -86597.620 / Time: 14h:25m:37s (4h:12m:7s left)
Iteration 320 / LogL: -86594.653 / Time: 14h:51m:10s (3h:43m:29s left)
Iteration 330 / LogL: -86624.801 / Time: 15h:17m:16s (3h:15m:9s left)
Iteration 340 / LogL: -86592.511 / Time: 15h:44m:25s (2h:47m:9s left)
TREE SEARCH COMPLETED AFTER 341 ITERATIONS / Time: 15h:47m:7s

--------------------------------------------------------------------
|                    FINALIZING TREE SEARCH                        |
--------------------------------------------------------------------
Performs final model parameters optimization
Estimate model parameters (epsilon = 0.010)
1. Initial log-likelihood: -86585.561
Optimal log-likelihood: -86585.560
Mixture weights: 0.056 0.051 0.081 0.072 0.056 0.033 0.059 0.026 0.031 0.038 0.030 0.081 0.026 0.058 0.037 0.059 0.056 0.035 0.054 0.060
Gamma shape alpha: 0.990
Parameters optimization took 1 rounds (17.156 sec)
BEST SCORE FOUND : -86585.560
Creating bootstrap support values...
Split supports printed to NEXUS file euk5_homs3.CTCF.linsi.bmge.iqtree.splits.nex
Total tree length: 149.917

Total number of iterations: 341
CPU time used for tree search: 218326.422 sec (60h:38m:46s)
Wall-clock time used for tree search: 56574.609 sec (15h:42m:54s)
Total CPU time used: 219228.755 sec (60h:53m:48s)
Total wall-clock time used: 56846.385 sec (15h:47m:26s)

Computing bootstrap consensus tree...
Reading input file euk5_homs3.CTCF.linsi.bmge.iqtree.splits.nex...
314 taxa and 2750 splits.
Consensus tree written to euk5_homs3.CTCF.linsi.bmge.iqtree.contree
Reading input trees file euk5_homs3.CTCF.linsi.bmge.iqtree.contree
Log-likelihood of consensus tree: -86582.760

Analysis results written to: 
  IQ-TREE report:                euk5_homs3.CTCF.linsi.bmge.iqtree.iqtree
  Maximum-likelihood tree:       euk5_homs3.CTCF.linsi.bmge.iqtree.treefile
  Likelihood distances:          euk5_homs3.CTCF.linsi.bmge.iqtree.mldist

Ultrafast bootstrap approximation results written to:
  Split support values:          euk5_homs3.CTCF.linsi.bmge.iqtree.splits.nex
  Consensus tree:                euk5_homs3.CTCF.linsi.bmge.iqtree.contree
  Screen log file:               euk5_homs3.CTCF.linsi.bmge.iqtree.log

Date and Time: Sat Feb 25 04:44:23 2023
