IQ-TREE multicore version 2.0.3 for Linux 64-bit built Apr 26 2020
Developed by Bui Quang Minh, Nguyen Lam Tung, Olga Chernomor,
Heiko Schmidt, Dominik Schrempf, Michael Woodhams.

Host:    jolien-Precision-5820-Tower (AVX512, FMA3, 31 GB RAM)
Command: iqtree -m LG+R7 -T AUTO -B 1000 -s euk5_homs3.CAPH.linsi.gappyout.fa -pre euk5_homs3.CAPH.linsi.gappyout.iqtree
Seed:    205328 (Using SPRNG - Scalable Parallel Random Number Generator)
Time:    Wed May 25 13:12:23 2022
Kernel:  AVX+FMA - auto-detect threads (16 CPU cores detected)

Reading alignment file euk5_homs3.CAPH.linsi.gappyout.fa ... Fasta format detected
Alignment most likely contains protein sequences
Alignment has 386 sequences with 388 columns, 388 distinct patterns
388 parsimony-informative, 0 singleton sites, 0 constant sites
              Gap/Ambiguity  Composition  p-value
   1  MONBRE003796    2.06%    passed     43.76%
   2  CHRPER004742    3.61%    failed      1.58%
   3  PLAMIC006713    1.29%    passed     65.37%
   4  SECSPE000561    3.35%    failed      3.97%
   5  RHIIRR025534    5.93%    failed      1.20%
   6  MALCAL007539    1.03%    passed     42.48%
   7  MALJAK015922    4.64%    passed     57.48%
   8  GEFOKE012905    1.80%    passed     29.19%
   9  PARTRI005340    4.38%    passed     52.34%
  10  BRABEL032773    1.55%    passed     84.81%
  11  CAPOWC000272    3.61%    passed     18.48%
  12  SALKVE017862    2.06%    passed     99.78%
  13  NEOSPE012306    0.26%    failed      0.00%
  14  CREFRA005223    2.58%    passed     12.45%
  15  MALJAK007001    7.47%    passed     61.43%
  16  ACAPLA018609    3.61%    passed     43.52%
  17  MORVER004688    3.87%    passed     31.58%
  18  BASMER004397    3.35%    passed     12.81%
  19  VERVER014506    0.77%    passed     73.34%
  20  SYNPLU000324    1.55%    passed     68.30%
  21  DIPROT034944    2.06%    passed     72.89%
  22  SPIPUN009105    3.09%    passed     17.01%
  23  ROZALL001523    3.09%    failed      0.00%
  24  GLOWIT021617    1.29%    passed     37.53%
  25  CRAGIG020269    2.84%    failed      2.62%
  26  BASMER003196    6.19%    passed     70.05%
  27  UMBRAM005141    2.58%    passed      5.29%
  28  TRIADH009425    2.06%    passed     38.50%
  29  ACACAS007434    3.61%    passed     72.68%
  30  PYGBIF004714    3.09%    passed     24.62%
  31  COLSPE008083    1.29%    passed     56.77%
  32  COEREV005343    0.26%    passed     83.47%
  33  SPISPE008355    2.84%    passed     70.23%
  34  NEODAM009965    8.76%    failed      0.43%
  35  THETRA008854    6.44%    passed      9.51%
  36  GEFOKE021951   12.11%    passed     16.87%
  37  DICDIS004468    1.80%    failed      0.00%
  38  RIGRAM007754    2.84%    failed      0.19%
  39  CHABRA019535    1.03%    passed     88.49%
  40  MARPOL003524    1.80%    passed     70.69%
  41  CHLATM006836    6.44%    passed     51.29%
  42  ARATHA027201    2.58%    failed      4.98%
  43  JAKBAH009323    3.09%    failed      0.46%
  44  RHOMAR012456   11.60%    passed     23.05%
  45  CLAOKA021172    3.35%    failed      1.79%
  46  KLENIT002368    2.84%    passed      7.93%
  47  NEUCRA004982    1.29%    passed     43.17%
  48  MATSPE021252    4.38%    passed     61.00%
  49  RUSMAR001864    5.93%    passed     67.82%
  50  AURLIM008734    7.73%    passed     92.82%
  51  PLAFUN008033    6.19%    passed     61.57%
  52  CYAPAR013408    5.15%    failed      0.00%
  53  SORBIC026893    1.29%    passed     32.91%
  54  CYCPAN023277    6.44%    failed      4.39%
  55  AGABIS005603    3.61%    failed      3.83%
  56  OSTTAU000163    5.93%    passed     74.12%
  57  HOMSAP052218    3.09%    passed     50.62%
  58  GRACHO010760    2.84%    passed     68.70%
  59  ARCINT012047    7.22%    passed     13.30%
  60  CRYNEO004479    3.61%    passed     84.80%
  61  USTMAY000308    0.77%    passed     74.55%
  62  SAPDIC002400    9.02%    passed     20.56%
  63  CHLVAR007734    2.06%    failed      0.59%
  64  MICSPE008291    3.87%    passed     44.84%
  65  ANCTWI018474   33.51%    passed     54.63%
  66  SCHPOM001322    0.52%    passed     21.34%
  67  GEMCRY043481    4.12%    passed     12.00%
  68  PALBIL000173   12.37%    passed     16.48%
  69  HONFER001694    7.99%    passed     82.80%
  70  IXOSCA005102    7.73%    passed     81.00%
  71  CYCPAN001824    5.15%    passed     18.29%
  72  DANRER037321    3.09%    passed     64.78%
  73  ANDGOD001439    9.02%    failed      0.25%
  74  NAEFOW008318    3.61%    passed     25.69%
  75  DAPMAG023216    3.87%    passed     10.37%
  76  GEPOCE052001    2.32%    failed      0.33%
  77  GUITHE020021    9.79%    passed     42.47%
  78  PORPUR002613    2.58%    passed     99.86%
  79  POLPAL000657    1.55%    failed      0.71%
  80  PHATRI000732    5.41%    passed     75.17%
  81  PRACOL002550    4.12%    failed      0.27%
  82  PHAKIR017276    0.52%    passed     34.90%
  83  LEUCOM074124   27.32%    passed     62.44%
  84  ALLMAC000787    1.29%    failed      2.22%
  85  BAFFRI012872   24.48%    passed     20.19%
  86  MNELEI001334    2.84%    passed     77.97%
  87  PLABRA008434    5.93%    passed     28.95%
  88  PHYINF011368   11.60%    passed     59.25%
  89  SACCER000496    5.41%    failed      0.38%
  90  RAMBRE005966    3.09%    passed     28.72%
  91  EUGLON015281    4.90%    passed     87.37%
  92  ALLMAC015842   12.89%    failed      0.07%
  93  GALSUL003838    2.84%    failed      1.77%
  94  COCSUB005126   13.66%    passed     11.62%
  95  DIALUT007371    2.84%    failed      0.00%
  96  NEPPYR016265   30.67%    passed     18.35%
  97  ELPMAR015469    5.93%    passed     26.58%
  98  SCHMAN008057    1.80%    failed      2.77%
  99  PHYPOL012387   51.55%    passed     43.99%
 100  NUCSPE098394   50.00%    passed      5.48%
 101  APISPI042734   12.37%    passed     71.71%
 102  ENCINT000522   23.71%    passed     18.82%
 103  PARATL005663   50.26%    failed      4.53%
 104  CYAMER004545    4.12%    failed      0.25%
 105  CRYCOH050470    3.09%    passed      5.24%
 106  MASBAL014212    3.87%    failed      0.00%
 107  SYMSPE018104    4.90%    failed      0.70%
 108  DIAGRA025280    4.12%    passed     56.91%
 109  NUTLON008521   49.23%    passed     65.23%
 110  CYAPAR013020   10.57%    failed      0.00%
 111  PTESPE003745   20.62%    passed     42.47%
 112  GLOWIT020961    4.64%    passed      7.58%
 113  COLVIE030039   50.77%    passed     58.31%
 114  PAUCHR013891   55.41%    passed     91.41%
 115  BARSPE012307   18.81%    failed      0.01%
 116  CARMEM007797   15.46%    passed     17.00%
 117  CIOINT002270    7.47%    passed     62.66%
 118  BIGNAT018769   61.08%    passed     50.93%
 119  TOXGON007637    3.09%    failed      4.72%
 120  STECOE011258   13.92%    failed      0.05%
 121  ANAIGN007459   42.27%    failed      0.00%
 122  PAPANK017394    8.76%    passed      8.81%
 123  TETTHE015729   10.31%    passed     18.20%
 124  BOMMOR000746    9.54%    passed     38.96%
 125  GEPOCE022409   44.07%    failed      0.86%
 126  BAFFRI003517   47.68%    passed     56.55%
 127  ACASPE008635   25.52%    failed      1.86%
 128  MASSPE003418   11.08%    failed      0.04%
 129  PARTET027549   14.69%    failed      0.00%
 130  PICSPE070699   55.15%    passed     34.30%
 131  STECOE019923   15.72%    failed      0.01%
 132  PARTET006736   13.92%    failed      0.00%
 133  THEPAR000460   28.61%    failed      0.00%
 134  LAPGUS008102   22.68%    passed     46.71%
 135  DROMEL002304    6.70%    passed     38.64%
 136  PHYPOL003906   49.23%    passed     24.08%
 137  OXYTRI012450    8.76%    failed      0.06%
 138  STEHIS005820    8.76%    failed      0.06%
 139  CAULEN007262   16.49%    passed     76.76%
 140  TETTHE004494   14.18%    failed      0.00%
 141  HEMSPE003951   10.05%    passed     96.22%
 142  HYPCAT015130   50.26%    passed     76.26%
 143  HEMSPE004269   10.05%    passed     94.55%
 144  BODSAL012312    3.09%    passed      8.11%
 145  STECOE007906   19.85%    failed      0.01%
 146  MICMAR048068   75.52%    passed     48.10%
 147  PARATL005664   51.03%    passed     12.77%
 148  CHLREI015307    3.35%    failed      0.02%
 149  NUCSPE098400   51.03%    passed     12.77%
 150  STECOE005815   19.85%    failed      0.00%
 151  NUTLON007204   37.89%    failed      3.27%
 152  OXYTRI016069    7.73%    failed      0.13%
 153  STEHIS017739    7.73%    failed      0.13%
 154  PLAFAL004499    7.73%    failed      0.00%
 155  BAFFRI058366   44.07%    passed     20.14%
 156  MONNEG003108   48.71%    failed      0.20%
 157  BAFFRI037173   44.07%    passed     25.58%
 158  PSEPER009692   10.31%    failed      0.00%
 159  HYPCAT015129   76.55%    passed     31.83%
 160  LEPVOR029394   28.09%    passed     82.10%
 161  PERSPE001737    7.99%    passed     35.60%
 162  TRYBRU007268    8.76%    failed      2.77%
 163  PICSPE001361   37.63%    failed      2.74%
 164  PAUCHR004756   24.48%    failed      0.86%
 165  PICSPE043658   38.14%    failed      0.25%
 166  LEIMAJ000603    4.64%    failed      1.64%
 167  TELSUB040118   40.21%    passed     66.00%
 168  PRYPAR004637   54.90%    passed     61.13%
 169  CRYMUR003374    7.99%    failed      0.00%
 170  DYSBRE007082   56.70%    passed     52.63%
 171  GONPAC036514   37.63%    failed      0.00%
 172  SPISAL005110   30.67%    failed      0.05%
 173  ENTHIS007101   18.81%    failed      0.05%
 174  ENTHIS000204   25.52%    failed      0.00%
 175  PERSWS005232    7.73%    passed     35.24%
 176  NEPPYR025847   74.48%    passed     32.40%
 177  PSEPER006014   25.77%    failed      0.00%
 178  LEUCOM001211   70.62%    passed     82.94%
 179  AURLIM001886   68.30%    passed     71.42%
 180  HEMKUK010761   72.16%    passed     44.94%
 181  RHYHUM027297   28.09%    failed      0.00%
 182  MONEXI011310    4.90%    passed     52.71%
 183  TETTHE001973   13.92%    failed      0.01%
 184  MANPLA033803   76.55%    passed     32.07%
 185  GIAINT002915   26.29%    failed      0.39%
 186  PSEPER003536   14.43%    failed      0.00%
 187  COLVIE017585   56.19%    passed     42.42%
 188  OXYTRI023718    8.25%    failed      0.00%
 189  STEHIS021564    8.25%    failed      0.00%
 190  BREMOT000449   60.05%    failed      1.18%
 191  HEMPHA012666   22.94%    failed      0.01%
 192  PICSPE001362   84.02%    failed      2.79%
 193  VAVCUL001657   26.55%    failed      0.49%
 194  TELSUB046914   73.71%    passed     85.34%
 195  TETTHE006700   14.18%    failed      0.00%
 196  MANPLA015573   67.01%    failed      2.78%
 197  DYSBRE006870   32.47%    failed      0.18%
 198  ENTSUL067931   77.84%    passed     32.34%
 199  PHYPOL014935   60.05%    passed     21.31%
 200  RHYHUM023338   28.87%    failed      0.22%
 201  BIGNAT018768   68.04%    passed     17.40%
 202  GONPRO001924   65.72%    passed     93.04%
 203  GONPAC041365   85.57%    passed     61.03%
 204  NEODAM003571   29.64%    failed      0.00%
 205  VERVER009047   55.93%    failed      4.14%
 206  MICMAR028671   85.57%    passed     70.27%
 207  MICMAR152739   89.95%    passed     22.27%
 208  PLATAR009864   70.88%    failed      0.32%
 209  MICMAR037220   50.00%    failed      0.02%
 210  APISPI045043   79.38%    failed      0.66%
 211  ENTSUL035524   82.47%    passed     60.40%
 212  COLVIE010988   53.87%    passed     11.77%
 213  COLSPE018384   48.97%    passed     20.94%
 214  ENTSUL027546   65.98%    failed      0.63%
 215  GONPRO001923   78.35%    passed     10.02%
 216  APISPI045042   81.70%    passed     76.95%
 217  RAMVAR002825   11.34%    passed     22.26%
 218  CHOSPE035681   79.64%    failed      0.77%
 219  TRESPE001437   76.80%    failed      0.31%
 220  ANCTWI030141   76.80%    passed     61.41%
 221  ANCTWI012966   72.16%    passed     28.67%
 222  ANAIGN000192   77.32%    failed      1.48%
 223  DIPROT035654    9.54%    passed     44.59%
 224  KLENIT008553   11.08%    failed      1.26%
 225  PORPUR004766   11.60%    failed      2.34%
 226  HEMSPE002136   14.69%    passed     35.23%
 227  SORBIC013027   17.53%    passed     52.31%
 228  DAPMAG017526   15.46%    passed     18.32%
 229  LEPVOR042497   91.49%    failed      4.76%
 230  HALSEO013316   11.08%    passed     50.12%
 231  ARATHA029265   16.75%    passed      6.89%
 232  DANRER020365   14.69%    passed     54.29%
 233  SORBIC006434   16.24%    passed     35.45%
 234  DIPROT035652   11.86%    passed     19.38%
 235  NUTLON008997   30.41%    passed     92.64%
 236  MONBRE001712   12.89%    passed     94.40%
 237  NANOCE077080   75.26%    passed     78.59%
 238  BAFFRI015302   57.47%    passed     51.05%
 239  LEPVOR001160   78.09%    passed     17.02%
 240  NANOCE112760   45.88%    failed      1.28%
 241  CLAOKA019919    7.47%    failed      3.13%
 242  LEUCOM031715   11.86%    passed     29.46%
 243  NEMVEC010624   24.48%    passed      5.36%
 244  CHABRA004820    9.54%    passed     33.39%
 245  CHASUB005553   66.75%    passed     13.84%
 246  CYCPAN009035   12.63%    passed     96.38%
 247  HYPCAT017021   74.48%    passed     15.51%
 248  NANOCE112761    9.54%    failed      4.64%
 249  ACAPLA010223   11.08%    failed      3.20%
 250  CYCPAN000366   11.60%    passed     33.66%
 251  BRABEL027910   11.08%    passed      5.69%
 252  CRAGIG003938   10.57%    passed     20.21%
 253  GUITHE003084   19.33%    passed     82.35%
 254  MARPOL006160   14.18%    passed      5.94%
 255  PHYINF010966   14.69%    passed     91.06%
 256  GEPOCE051583   12.11%    failed      0.02%
 257  POLPAL009768    9.79%    failed      1.65%
 258  GEFOKE005216   12.11%    passed     32.24%
 259  CIOINT011009   18.56%    passed      5.43%
 260  IXOSCA022795   17.53%    failed      1.76%
 261  DIAGRA025578    8.76%    passed     61.82%
 262  MADERY031460   95.36%    passed     11.26%
 263  MADERY005425   91.49%    passed     13.16%
 264  JAKBAH003798   26.29%    failed      0.00%
 265  PHYPOL004591   13.14%    passed     23.82%
 266  CARMEM003747   22.16%    failed      0.66%
 267  DIALUT010238    6.44%    failed      0.00%
 268  MASBAL005482   12.89%    failed      0.22%
 269  MALJAK013480   15.21%    passed     61.34%
 270  SALKVE020559   13.40%    passed     49.37%
 271  BARSPE002268   19.59%    passed      5.32%
 272  CAPOWC002118   10.82%    passed     99.52%
 273  VERVER003677   12.11%    passed     29.34%
 274  RAMVAR009369   17.01%    passed     53.64%
 275  PYGBIF004295   10.82%    passed     11.18%
 276  ANCTWI019560   70.88%    passed     83.56%
 277  PLAMIC004585   13.40%    failed      1.87%
 278  THETRA002881    9.02%    passed     27.99%
 279  PAUCHR001918   11.60%    passed     77.65%
 280  MICMAR162075   60.05%    passed     12.19%
 281  RHOMAR009581   14.43%    failed      1.46%
 282  HOMSAP009860   13.14%    failed      0.09%
 283  ENTSUL022454   21.65%    failed      0.03%
 284  CHRPER011861   12.37%    passed     71.87%
 285  PRACOL005237   11.08%    failed      0.07%
 286  PRIPAC008750    3.35%    failed      0.00%
 287  MICMAR106702   34.79%    failed      2.65%
 288  CRYCOH046344   44.59%    failed      0.71%
 289  PHATRI007162   11.86%    passed     41.48%
 290  PERMAR019942   61.34%    passed     28.30%
 291  GRACHO005473   15.72%    passed     62.60%
 292  NEPPYR026877    9.54%    passed     23.38%
 293  AURLIM001967   12.63%    failed      1.85%
 294  TRIADH011014   11.08%    passed     30.37%
 295  MANPLA020228   78.61%    passed      7.85%
 296  CYAPAR002722   12.63%    failed      0.00%
 297  PRIPAC025820   13.92%    failed      0.72%
 298  DYSBRE006943   60.05%    passed     65.33%
 299  EUGLON029629   20.62%    passed     12.44%
 300  MALCAL011798   16.75%    passed     81.04%
 301  COLSPE013710   18.30%    passed     93.56%
 302  RAMVAR001794   16.49%    passed     65.16%
 303  MNELEI010373   16.24%    passed     27.41%
 304  CHOSPE000461   28.09%    passed     60.92%
 305  RIGRAM024198   19.07%    failed      1.77%
 306  GIAINT004731   22.68%    passed     22.10%
 307  PARATL007803   69.33%    passed     66.48%
 308  MADERY011756   83.51%    passed     36.35%
 309  NUCSPE114123   69.33%    passed     66.48%
 310  MONEXI003923    8.76%    failed      0.02%
 311  PLAFAL000350   18.56%    failed      0.00%
 312  TOXGON003526    7.47%    failed      0.00%
 313  ANDGOD003210   21.13%    passed     50.36%
 314  PALBIL018929   71.13%    passed     23.78%
 315  TRIVAG019276   16.49%    failed      0.42%
 316  SPISAL005849   30.15%    failed      0.00%
 317  TRESPE003101   34.28%    failed      0.00%
 318  STRRAT004298   12.89%    failed      1.08%
 319  DROMEL012708   21.13%    failed      1.54%
 320  DROMEL012705   21.13%    failed      3.35%
 321  ANAIGN022335   63.92%    failed      2.59%
 322  ANAIGN011011   47.94%    failed      0.25%
 323  CRYCOH042722   54.38%    passed     48.38%
 324  CRYMUR000495   18.30%    failed      0.00%
 325  PERMAR019461   18.04%    passed     25.53%
 326  PERMAR001061   50.00%    passed     63.72%
 327  VITBRA016935   23.45%    failed      0.50%
 328  RHYHUM040740   22.68%    passed     70.39%
 329  HEMPHA010843   20.10%    passed     25.60%
 330  CYAMER003534   20.10%    failed      0.02%
 331  DYSBRE001734   58.51%    failed      0.01%
 332  NEPPYR005175   84.54%    passed      6.72%
 333  NUTLON009910   52.06%    failed      3.33%
 334  NEODAM010762   17.27%    failed      1.51%
 335  ACASPE014868   12.89%    passed     47.58%
 336  RAPHET011323   83.51%    passed     92.66%
 337  MANPLA026640   75.77%    passed     62.94%
 338  MANPLA026641   81.96%    passed     79.36%
 339  GONPRO012105   13.14%    passed     52.61%
 340  PARATL002873   63.92%    passed     50.06%
 341  NUCSPE081405   63.66%    passed     47.38%
 342  NUTLON000017   71.65%    passed     84.61%
 343  LENLIM012018   82.73%    passed     89.73%
 344  MANPLA026488   76.80%    passed     98.52%
 345  DIPROT035655   57.22%    failed      1.76%
 346  ARCINT001635   72.42%    failed      0.00%
 347  LEPVOR001156   63.40%    failed      3.78%
 348  MANPLA026489   79.38%    passed     68.28%
 349  PLAFUN014489   15.98%    passed     55.54%
 350  DICDIS004383    8.51%    failed      0.00%
 351  HYPCAT017022   69.33%    passed     52.24%
 352  LAPGUS056009   50.26%    passed     12.38%
 353  LAPGUS056008   56.96%    passed     23.41%
 354  LAPGUS034051   83.76%    passed     70.35%
 355  BREMOT003614   81.70%    failed      0.00%
 356  LEPVOR001157   80.93%    passed      9.74%
 357  MALJAK022642   34.54%    passed     28.03%
 358  BAFFRI059126   51.29%    failed      4.66%
 359  GEMCRY039927   71.39%    passed     14.50%
 360  ANCTWI037692   91.49%    failed      0.08%
 361  GONPAC024511   70.62%    passed     62.24%
 362  JAKBAH012631   67.53%    passed      9.57%
 363  BOMMOR008669   41.24%    failed      0.14%
 364  BIGNAT009806    9.79%    passed     27.33%
 365  MATSPE011289   12.89%    passed     18.60%
 366  MONNEG014359   86.08%    passed      8.29%
 367  COCSUB007492   35.82%    failed      1.82%
 368  CHLREI010502    7.99%    failed      0.00%
 369  MONNEG014360   28.09%    passed      7.62%
 370  TELSPE011690   76.80%    passed     14.91%
 371  ANAIGN011012   61.86%    passed     16.06%
 372  NUCSPE081415   86.08%    failed      0.06%
 373  PARATL002874   86.08%    failed      0.06%
 374  COLVIE018808   56.70%    failed      0.13%
 375  SECSPE002390    9.02%    failed      0.00%
 376  MICMAR178198   82.22%    failed      1.97%
 377  MICMAR168677   81.70%    passed     15.05%
 378  PICSPE008377   25.77%    passed     12.78%
 379  PICSPE116430   78.61%    passed     44.57%
 380  HONFER007602   10.82%    failed      2.70%
 381  ANCTWI022349   82.73%    passed     66.93%
 382  PLATAR016579   73.71%    passed     14.95%
 383  CHASUB017991   34.02%    passed     71.57%
 384  HYPCAT017023   76.03%    passed     67.35%
 385  PALBIL021513   88.66%    passed     78.45%
 386  SAPDIC000501   15.98%    passed      5.56%
WARNING: 101 sequences contain more than 50% gaps/ambiguity
****  TOTAL          28.91%  147 sequences failed composition chi2 test (p-value<5%; df=19)
NOTE: STEHIS005820 is identical to OXYTRI012450 but kept for subsequent analysis
NOTE: NUCSPE098400 is identical to PARATL005664 but kept for subsequent analysis
NOTE: STEHIS017739 is identical to OXYTRI016069 but kept for subsequent analysis
NOTE: STEHIS021564 is identical to OXYTRI023718 but kept for subsequent analysis
NOTE: NUCSPE114123 is identical to PARATL007803 but kept for subsequent analysis
NOTE: PARATL002874 is identical to NUCSPE081415 but kept for subsequent analysis

Create initial parsimony tree by phylogenetic likelihood library (PLL)... 0.464 seconds
Generating 1000 samples for ultrafast bootstrap (seed: 205328)...

NOTE: 171 MB RAM (0 GB) is required!
Measuring multi-threading efficiency up to 16 CPU cores
9 trees examined
Threads: 1 / Time: 16.175 sec / Speedup: 1.000 / Efficiency: 100% / LogL: -232158
Threads: 2 / Time: 9.185 sec / Speedup: 1.761 / Efficiency: 88% / LogL: -232158
Threads: 3 / Time: 6.220 sec / Speedup: 2.601 / Efficiency: 87% / LogL: -232158
Threads: 4 / Time: 5.441 sec / Speedup: 2.973 / Efficiency: 74% / LogL: -232158
Threads: 5 / Time: 4.551 sec / Speedup: 3.554 / Efficiency: 71% / LogL: -232158
Threads: 6 / Time: 4.052 sec / Speedup: 3.992 / Efficiency: 67% / LogL: -232158
Threads: 7 / Time: 3.567 sec / Speedup: 4.534 / Efficiency: 65% / LogL: -232158
Threads: 8 / Time: 3.378 sec / Speedup: 4.789 / Efficiency: 60% / LogL: -232158
Threads: 9 / Time: 8.580 sec / Speedup: 1.885 / Efficiency: 21% / LogL: -232158
BEST NUMBER OF THREADS: 8

Estimate model parameters (epsilon = 0.100)
1. Initial log-likelihood: -197704.638
2. Current log-likelihood: -190446.131
3. Current log-likelihood: -190306.028
4. Current log-likelihood: -190300.369
5. Current log-likelihood: -190299.395
6. Current log-likelihood: -190299.045
Optimal log-likelihood: -190298.884
Site proportion and rates:  (0.029,0.085) (0.085,0.207) (0.129,0.361) (0.184,0.554) (0.159,0.793) (0.257,1.322) (0.156,2.332)
Parameters optimization took 6 rounds (20.996 sec)
Computing ML distances based on estimated model parameters... 44.122 sec
WARNING: Some pairwise ML distances are too long (saturated)
Computing BIONJ tree...
0.140 seconds
Log-likelihood of BIONJ tree: -191457.455
--------------------------------------------------------------------
|             INITIALIZING CANDIDATE TREE SET                      |
--------------------------------------------------------------------
Generating 98 parsimony trees... 25.721 second
Computing log-likelihood of 98 initial trees ... 29.003 seconds
Current best score: -190298.884

Do NNI search on 20 best initial trees
Estimate model parameters (epsilon = 0.100)
BETTER TREE FOUND at iteration 1: -189423.386
Estimate model parameters (epsilon = 0.100)
BETTER TREE FOUND at iteration 2: -189191.559
Iteration 10 / LogL: -189459.207 / Time: 0h:6m:9s
Iteration 20 / LogL: -189399.568 / Time: 0h:9m:31s
Finish initializing candidate tree set (20)
Current best tree score: -189191.559 / CPU time: 478.059
Number of iterations: 20
--------------------------------------------------------------------
|               OPTIMIZING CANDIDATE TREE SET                      |
--------------------------------------------------------------------
Estimate model parameters (epsilon = 0.100)
BETTER TREE FOUND at iteration 21: -189061.730
Estimate model parameters (epsilon = 0.100)
BETTER TREE FOUND at iteration 23: -189023.189
Estimate model parameters (epsilon = 0.100)
BETTER TREE FOUND at iteration 26: -189013.482
Estimate model parameters (epsilon = 0.100)
BETTER TREE FOUND at iteration 27: -188983.816
Estimate model parameters (epsilon = 0.100)

******************************************************
CHECKPOINT: Resuming analysis from euk5_homs3.CAPH.linsi.gappyout.iqtree.ckp.gz

IQ-TREE multicore version 2.0.3 for Linux 64-bit built Apr 26 2020
Developed by Bui Quang Minh, Nguyen Lam Tung, Olga Chernomor,
Heiko Schmidt, Dominik Schrempf, Michael Woodhams.

Host:    jolien-Precision-5820-Tower (AVX512, FMA3, 31 GB RAM)
Command: iqtree -m LG+R7 -T 3 -B 1000 -s euk5_homs3.CAPH.linsi.gappyout.fa -pre euk5_homs3.CAPH.linsi.gappyout.iqtree
Seed:    46364 (Using SPRNG - Scalable Parallel Random Number Generator)
Time:    Wed May 25 13:27:53 2022
Kernel:  AVX+FMA - 3 threads (16 CPU cores detected)

WARNING: Command-line argument `3` differs from checkpoint `AUTO`
WARNING: Command-line differs from checkpoint!
Reading alignment file euk5_homs3.CAPH.linsi.gappyout.fa ... Fasta format detected
Alignment most likely contains protein sequences
Alignment has 386 sequences with 388 columns, 388 distinct patterns
388 parsimony-informative, 0 singleton sites, 0 constant sites
              Gap/Ambiguity  Composition  p-value
   1  MONBRE003796    2.06%    passed     43.76%
   2  CHRPER004742    3.61%    failed      1.58%
   3  PLAMIC006713    1.29%    passed     65.37%
   4  SECSPE000561    3.35%    failed      3.97%
   5  RHIIRR025534    5.93%    failed      1.20%
   6  MALCAL007539    1.03%    passed     42.48%
   7  MALJAK015922    4.64%    passed     57.48%
   8  GEFOKE012905    1.80%    passed     29.19%
   9  PARTRI005340    4.38%    passed     52.34%
  10  BRABEL032773    1.55%    passed     84.81%
  11  CAPOWC000272    3.61%    passed     18.48%
  12  SALKVE017862    2.06%    passed     99.78%
  13  NEOSPE012306    0.26%    failed      0.00%
  14  CREFRA005223    2.58%    passed     12.45%
  15  MALJAK007001    7.47%    passed     61.43%
  16  ACAPLA018609    3.61%    passed     43.52%
  17  MORVER004688    3.87%    passed     31.58%
  18  BASMER004397    3.35%    passed     12.81%
  19  VERVER014506    0.77%    passed     73.34%
  20  SYNPLU000324    1.55%    passed     68.30%
  21  DIPROT034944    2.06%    passed     72.89%
  22  SPIPUN009105    3.09%    passed     17.01%
  23  ROZALL001523    3.09%    failed      0.00%
  24  GLOWIT021617    1.29%    passed     37.53%
  25  CRAGIG020269    2.84%    failed      2.62%
  26  BASMER003196    6.19%    passed     70.05%
  27  UMBRAM005141    2.58%    passed      5.29%
  28  TRIADH009425    2.06%    passed     38.50%
  29  ACACAS007434    3.61%    passed     72.68%
  30  PYGBIF004714    3.09%    passed     24.62%
  31  COLSPE008083    1.29%    passed     56.77%
  32  COEREV005343    0.26%    passed     83.47%
  33  SPISPE008355    2.84%    passed     70.23%
  34  NEODAM009965    8.76%    failed      0.43%
  35  THETRA008854    6.44%    passed      9.51%
  36  GEFOKE021951   12.11%    passed     16.87%
  37  DICDIS004468    1.80%    failed      0.00%
  38  RIGRAM007754    2.84%    failed      0.19%
  39  CHABRA019535    1.03%    passed     88.49%
  40  MARPOL003524    1.80%    passed     70.69%
  41  CHLATM006836    6.44%    passed     51.29%
  42  ARATHA027201    2.58%    failed      4.98%
  43  JAKBAH009323    3.09%    failed      0.46%
  44  RHOMAR012456   11.60%    passed     23.05%
  45  CLAOKA021172    3.35%    failed      1.79%
  46  KLENIT002368    2.84%    passed      7.93%
  47  NEUCRA004982    1.29%    passed     43.17%
  48  MATSPE021252    4.38%    passed     61.00%
  49  RUSMAR001864    5.93%    passed     67.82%
  50  AURLIM008734    7.73%    passed     92.82%
  51  PLAFUN008033    6.19%    passed     61.57%
  52  CYAPAR013408    5.15%    failed      0.00%
  53  SORBIC026893    1.29%    passed     32.91%
  54  CYCPAN023277    6.44%    failed      4.39%
  55  AGABIS005603    3.61%    failed      3.83%
  56  OSTTAU000163    5.93%    passed     74.12%
  57  HOMSAP052218    3.09%    passed     50.62%
  58  GRACHO010760    2.84%    passed     68.70%
  59  ARCINT012047    7.22%    passed     13.30%
  60  CRYNEO004479    3.61%    passed     84.80%
  61  USTMAY000308    0.77%    passed     74.55%
  62  SAPDIC002400    9.02%    passed     20.56%
  63  CHLVAR007734    2.06%    failed      0.59%
  64  MICSPE008291    3.87%    passed     44.84%
  65  ANCTWI018474   33.51%    passed     54.63%
  66  SCHPOM001322    0.52%    passed     21.34%
  67  GEMCRY043481    4.12%    passed     12.00%
  68  PALBIL000173   12.37%    passed     16.48%
  69  HONFER001694    7.99%    passed     82.80%
  70  IXOSCA005102    7.73%    passed     81.00%
  71  CYCPAN001824    5.15%    passed     18.29%
  72  DANRER037321    3.09%    passed     64.78%
  73  ANDGOD001439    9.02%    failed      0.25%
  74  NAEFOW008318    3.61%    passed     25.69%
  75  DAPMAG023216    3.87%    passed     10.37%
  76  GEPOCE052001    2.32%    failed      0.33%
  77  GUITHE020021    9.79%    passed     42.47%
  78  PORPUR002613    2.58%    passed     99.86%
  79  POLPAL000657    1.55%    failed      0.71%
  80  PHATRI000732    5.41%    passed     75.17%
  81  PRACOL002550    4.12%    failed      0.27%
  82  PHAKIR017276    0.52%    passed     34.90%
  83  LEUCOM074124   27.32%    passed     62.44%
  84  ALLMAC000787    1.29%    failed      2.22%
  85  BAFFRI012872   24.48%    passed     20.19%
  86  MNELEI001334    2.84%    passed     77.97%
  87  PLABRA008434    5.93%    passed     28.95%
  88  PHYINF011368   11.60%    passed     59.25%
  89  SACCER000496    5.41%    failed      0.38%
  90  RAMBRE005966    3.09%    passed     28.72%
  91  EUGLON015281    4.90%    passed     87.37%
  92  ALLMAC015842   12.89%    failed      0.07%
  93  GALSUL003838    2.84%    failed      1.77%
  94  COCSUB005126   13.66%    passed     11.62%
  95  DIALUT007371    2.84%    failed      0.00%
  96  NEPPYR016265   30.67%    passed     18.35%
  97  ELPMAR015469    5.93%    passed     26.58%
  98  SCHMAN008057    1.80%    failed      2.77%
  99  PHYPOL012387   51.55%    passed     43.99%
 100  NUCSPE098394   50.00%    passed      5.48%
 101  APISPI042734   12.37%    passed     71.71%
 102  ENCINT000522   23.71%    passed     18.82%
 103  PARATL005663   50.26%    failed      4.53%
 104  CYAMER004545    4.12%    failed      0.25%
 105  CRYCOH050470    3.09%    passed      5.24%
 106  MASBAL014212    3.87%    failed      0.00%
 107  SYMSPE018104    4.90%    failed      0.70%
 108  DIAGRA025280    4.12%    passed     56.91%
 109  NUTLON008521   49.23%    passed     65.23%
 110  CYAPAR013020   10.57%    failed      0.00%
 111  PTESPE003745   20.62%    passed     42.47%
 112  GLOWIT020961    4.64%    passed      7.58%
 113  COLVIE030039   50.77%    passed     58.31%
 114  PAUCHR013891   55.41%    passed     91.41%
 115  BARSPE012307   18.81%    failed      0.01%
 116  CARMEM007797   15.46%    passed     17.00%
 117  CIOINT002270    7.47%    passed     62.66%
 118  BIGNAT018769   61.08%    passed     50.93%
 119  TOXGON007637    3.09%    failed      4.72%
 120  STECOE011258   13.92%    failed      0.05%
 121  ANAIGN007459   42.27%    failed      0.00%
 122  PAPANK017394    8.76%    passed      8.81%
 123  TETTHE015729   10.31%    passed     18.20%
 124  BOMMOR000746    9.54%    passed     38.96%
 125  GEPOCE022409   44.07%    failed      0.86%
 126  BAFFRI003517   47.68%    passed     56.55%
 127  ACASPE008635   25.52%    failed      1.86%
 128  MASSPE003418   11.08%    failed      0.04%
 129  PARTET027549   14.69%    failed      0.00%
 130  PICSPE070699   55.15%    passed     34.30%
 131  STECOE019923   15.72%    failed      0.01%
 132  PARTET006736   13.92%    failed      0.00%
 133  THEPAR000460   28.61%    failed      0.00%
 134  LAPGUS008102   22.68%    passed     46.71%
 135  DROMEL002304    6.70%    passed     38.64%
 136  PHYPOL003906   49.23%    passed     24.08%
 137  OXYTRI012450    8.76%    failed      0.06%
 138  STEHIS005820    8.76%    failed      0.06%
 139  CAULEN007262   16.49%    passed     76.76%
 140  TETTHE004494   14.18%    failed      0.00%
 141  HEMSPE003951   10.05%    passed     96.22%
 142  HYPCAT015130   50.26%    passed     76.26%
 143  HEMSPE004269   10.05%    passed     94.55%
 144  BODSAL012312    3.09%    passed      8.11%
 145  STECOE007906   19.85%    failed      0.01%
 146  MICMAR048068   75.52%    passed     48.10%
 147  PARATL005664   51.03%    passed     12.77%
 148  CHLREI015307    3.35%    failed      0.02%
 149  NUCSPE098400   51.03%    passed     12.77%
 150  STECOE005815   19.85%    failed      0.00%
 151  NUTLON007204   37.89%    failed      3.27%
 152  OXYTRI016069    7.73%    failed      0.13%
 153  STEHIS017739    7.73%    failed      0.13%
 154  PLAFAL004499    7.73%    failed      0.00%
 155  BAFFRI058366   44.07%    passed     20.14%
 156  MONNEG003108   48.71%    failed      0.20%
 157  BAFFRI037173   44.07%    passed     25.58%
 158  PSEPER009692   10.31%    failed      0.00%
 159  HYPCAT015129   76.55%    passed     31.83%
 160  LEPVOR029394   28.09%    passed     82.10%
 161  PERSPE001737    7.99%    passed     35.60%
 162  TRYBRU007268    8.76%    failed      2.77%
 163  PICSPE001361   37.63%    failed      2.74%
 164  PAUCHR004756   24.48%    failed      0.86%
 165  PICSPE043658   38.14%    failed      0.25%
 166  LEIMAJ000603    4.64%    failed      1.64%
 167  TELSUB040118   40.21%    passed     66.00%
 168  PRYPAR004637   54.90%    passed     61.13%
 169  CRYMUR003374    7.99%    failed      0.00%
 170  DYSBRE007082   56.70%    passed     52.63%
 171  GONPAC036514   37.63%    failed      0.00%
 172  SPISAL005110   30.67%    failed      0.05%
 173  ENTHIS007101   18.81%    failed      0.05%
 174  ENTHIS000204   25.52%    failed      0.00%
 175  PERSWS005232    7.73%    passed     35.24%
 176  NEPPYR025847   74.48%    passed     32.40%
 177  PSEPER006014   25.77%    failed      0.00%
 178  LEUCOM001211   70.62%    passed     82.94%
 179  AURLIM001886   68.30%    passed     71.42%
 180  HEMKUK010761   72.16%    passed     44.94%
 181  RHYHUM027297   28.09%    failed      0.00%
 182  MONEXI011310    4.90%    passed     52.71%
 183  TETTHE001973   13.92%    failed      0.01%
 184  MANPLA033803   76.55%    passed     32.07%
 185  GIAINT002915   26.29%    failed      0.39%
 186  PSEPER003536   14.43%    failed      0.00%
 187  COLVIE017585   56.19%    passed     42.42%
 188  OXYTRI023718    8.25%    failed      0.00%
 189  STEHIS021564    8.25%    failed      0.00%
 190  BREMOT000449   60.05%    failed      1.18%
 191  HEMPHA012666   22.94%    failed      0.01%
 192  PICSPE001362   84.02%    failed      2.79%
 193  VAVCUL001657   26.55%    failed      0.49%
 194  TELSUB046914   73.71%    passed     85.34%
 195  TETTHE006700   14.18%    failed      0.00%
 196  MANPLA015573   67.01%    failed      2.78%
 197  DYSBRE006870   32.47%    failed      0.18%
 198  ENTSUL067931   77.84%    passed     32.34%
 199  PHYPOL014935   60.05%    passed     21.31%
 200  RHYHUM023338   28.87%    failed      0.22%
 201  BIGNAT018768   68.04%    passed     17.40%
 202  GONPRO001924   65.72%    passed     93.04%
 203  GONPAC041365   85.57%    passed     61.03%
 204  NEODAM003571   29.64%    failed      0.00%
 205  VERVER009047   55.93%    failed      4.14%
 206  MICMAR028671   85.57%    passed     70.27%
 207  MICMAR152739   89.95%    passed     22.27%
 208  PLATAR009864   70.88%    failed      0.32%
 209  MICMAR037220   50.00%    failed      0.02%
 210  APISPI045043   79.38%    failed      0.66%
 211  ENTSUL035524   82.47%    passed     60.40%
 212  COLVIE010988   53.87%    passed     11.77%
 213  COLSPE018384   48.97%    passed     20.94%
 214  ENTSUL027546   65.98%    failed      0.63%
 215  GONPRO001923   78.35%    passed     10.02%
 216  APISPI045042   81.70%    passed     76.95%
 217  RAMVAR002825   11.34%    passed     22.26%
 218  CHOSPE035681   79.64%    failed      0.77%
 219  TRESPE001437   76.80%    failed      0.31%
 220  ANCTWI030141   76.80%    passed     61.41%
 221  ANCTWI012966   72.16%    passed     28.67%
 222  ANAIGN000192   77.32%    failed      1.48%
 223  DIPROT035654    9.54%    passed     44.59%
 224  KLENIT008553   11.08%    failed      1.26%
 225  PORPUR004766   11.60%    failed      2.34%
 226  HEMSPE002136   14.69%    passed     35.23%
 227  SORBIC013027   17.53%    passed     52.31%
 228  DAPMAG017526   15.46%    passed     18.32%
 229  LEPVOR042497   91.49%    failed      4.76%
 230  HALSEO013316   11.08%    passed     50.12%
 231  ARATHA029265   16.75%    passed      6.89%
 232  DANRER020365   14.69%    passed     54.29%
 233  SORBIC006434   16.24%    passed     35.45%
 234  DIPROT035652   11.86%    passed     19.38%
 235  NUTLON008997   30.41%    passed     92.64%
 236  MONBRE001712   12.89%    passed     94.40%
 237  NANOCE077080   75.26%    passed     78.59%
 238  BAFFRI015302   57.47%    passed     51.05%
 239  LEPVOR001160   78.09%    passed     17.02%
 240  NANOCE112760   45.88%    failed      1.28%
 241  CLAOKA019919    7.47%    failed      3.13%
 242  LEUCOM031715   11.86%    passed     29.46%
 243  NEMVEC010624   24.48%    passed      5.36%
 244  CHABRA004820    9.54%    passed     33.39%
 245  CHASUB005553   66.75%    passed     13.84%
 246  CYCPAN009035   12.63%    passed     96.38%
 247  HYPCAT017021   74.48%    passed     15.51%
 248  NANOCE112761    9.54%    failed      4.64%
 249  ACAPLA010223   11.08%    failed      3.20%
 250  CYCPAN000366   11.60%    passed     33.66%
 251  BRABEL027910   11.08%    passed      5.69%
 252  CRAGIG003938   10.57%    passed     20.21%
 253  GUITHE003084   19.33%    passed     82.35%
 254  MARPOL006160   14.18%    passed      5.94%
 255  PHYINF010966   14.69%    passed     91.06%
 256  GEPOCE051583   12.11%    failed      0.02%
 257  POLPAL009768    9.79%    failed      1.65%
 258  GEFOKE005216   12.11%    passed     32.24%
 259  CIOINT011009   18.56%    passed      5.43%
 260  IXOSCA022795   17.53%    failed      1.76%
 261  DIAGRA025578    8.76%    passed     61.82%
 262  MADERY031460   95.36%    passed     11.26%
 263  MADERY005425   91.49%    passed     13.16%
 264  JAKBAH003798   26.29%    failed      0.00%
 265  PHYPOL004591   13.14%    passed     23.82%
 266  CARMEM003747   22.16%    failed      0.66%
 267  DIALUT010238    6.44%    failed      0.00%
 268  MASBAL005482   12.89%    failed      0.22%
 269  MALJAK013480   15.21%    passed     61.34%
 270  SALKVE020559   13.40%    passed     49.37%
 271  BARSPE002268   19.59%    passed      5.32%
 272  CAPOWC002118   10.82%    passed     99.52%
 273  VERVER003677   12.11%    passed     29.34%
 274  RAMVAR009369   17.01%    passed     53.64%
 275  PYGBIF004295   10.82%    passed     11.18%
 276  ANCTWI019560   70.88%    passed     83.56%
 277  PLAMIC004585   13.40%    failed      1.87%
 278  THETRA002881    9.02%    passed     27.99%
 279  PAUCHR001918   11.60%    passed     77.65%
 280  MICMAR162075   60.05%    passed     12.19%
 281  RHOMAR009581   14.43%    failed      1.46%
 282  HOMSAP009860   13.14%    failed      0.09%
 283  ENTSUL022454   21.65%    failed      0.03%
 284  CHRPER011861   12.37%    passed     71.87%
 285  PRACOL005237   11.08%    failed      0.07%
 286  PRIPAC008750    3.35%    failed      0.00%
 287  MICMAR106702   34.79%    failed      2.65%
 288  CRYCOH046344   44.59%    failed      0.71%
 289  PHATRI007162   11.86%    passed     41.48%
 290  PERMAR019942   61.34%    passed     28.30%
 291  GRACHO005473   15.72%    passed     62.60%
 292  NEPPYR026877    9.54%    passed     23.38%
 293  AURLIM001967   12.63%    failed      1.85%
 294  TRIADH011014   11.08%    passed     30.37%
 295  MANPLA020228   78.61%    passed      7.85%
 296  CYAPAR002722   12.63%    failed      0.00%
 297  PRIPAC025820   13.92%    failed      0.72%
 298  DYSBRE006943   60.05%    passed     65.33%
 299  EUGLON029629   20.62%    passed     12.44%
 300  MALCAL011798   16.75%    passed     81.04%
 301  COLSPE013710   18.30%    passed     93.56%
 302  RAMVAR001794   16.49%    passed     65.16%
 303  MNELEI010373   16.24%    passed     27.41%
 304  CHOSPE000461   28.09%    passed     60.92%
 305  RIGRAM024198   19.07%    failed      1.77%
 306  GIAINT004731   22.68%    passed     22.10%
 307  PARATL007803   69.33%    passed     66.48%
 308  MADERY011756   83.51%    passed     36.35%
 309  NUCSPE114123   69.33%    passed     66.48%
 310  MONEXI003923    8.76%    failed      0.02%
 311  PLAFAL000350   18.56%    failed      0.00%
 312  TOXGON003526    7.47%    failed      0.00%
 313  ANDGOD003210   21.13%    passed     50.36%
 314  PALBIL018929   71.13%    passed     23.78%
 315  TRIVAG019276   16.49%    failed      0.42%
 316  SPISAL005849   30.15%    failed      0.00%
 317  TRESPE003101   34.28%    failed      0.00%
 318  STRRAT004298   12.89%    failed      1.08%
 319  DROMEL012708   21.13%    failed      1.54%
 320  DROMEL012705   21.13%    failed      3.35%
 321  ANAIGN022335   63.92%    failed      2.59%
 322  ANAIGN011011   47.94%    failed      0.25%
 323  CRYCOH042722   54.38%    passed     48.38%
 324  CRYMUR000495   18.30%    failed      0.00%
 325  PERMAR019461   18.04%    passed     25.53%
 326  PERMAR001061   50.00%    passed     63.72%
 327  VITBRA016935   23.45%    failed      0.50%
 328  RHYHUM040740   22.68%    passed     70.39%
 329  HEMPHA010843   20.10%    passed     25.60%
 330  CYAMER003534   20.10%    failed      0.02%
 331  DYSBRE001734   58.51%    failed      0.01%
 332  NEPPYR005175   84.54%    passed      6.72%
 333  NUTLON009910   52.06%    failed      3.33%
 334  NEODAM010762   17.27%    failed      1.51%
 335  ACASPE014868   12.89%    passed     47.58%
 336  RAPHET011323   83.51%    passed     92.66%
 337  MANPLA026640   75.77%    passed     62.94%
 338  MANPLA026641   81.96%    passed     79.36%
 339  GONPRO012105   13.14%    passed     52.61%
 340  PARATL002873   63.92%    passed     50.06%
 341  NUCSPE081405   63.66%    passed     47.38%
 342  NUTLON000017   71.65%    passed     84.61%
 343  LENLIM012018   82.73%    passed     89.73%
 344  MANPLA026488   76.80%    passed     98.52%
 345  DIPROT035655   57.22%    failed      1.76%
 346  ARCINT001635   72.42%    failed      0.00%
 347  LEPVOR001156   63.40%    failed      3.78%
 348  MANPLA026489   79.38%    passed     68.28%
 349  PLAFUN014489   15.98%    passed     55.54%
 350  DICDIS004383    8.51%    failed      0.00%
 351  HYPCAT017022   69.33%    passed     52.24%
 352  LAPGUS056009   50.26%    passed     12.38%
 353  LAPGUS056008   56.96%    passed     23.41%
 354  LAPGUS034051   83.76%    passed     70.35%
 355  BREMOT003614   81.70%    failed      0.00%
 356  LEPVOR001157   80.93%    passed      9.74%
 357  MALJAK022642   34.54%    passed     28.03%
 358  BAFFRI059126   51.29%    failed      4.66%
 359  GEMCRY039927   71.39%    passed     14.50%
 360  ANCTWI037692   91.49%    failed      0.08%
 361  GONPAC024511   70.62%    passed     62.24%
 362  JAKBAH012631   67.53%    passed      9.57%
 363  BOMMOR008669   41.24%    failed      0.14%
 364  BIGNAT009806    9.79%    passed     27.33%
 365  MATSPE011289   12.89%    passed     18.60%
 366  MONNEG014359   86.08%    passed      8.29%
 367  COCSUB007492   35.82%    failed      1.82%
 368  CHLREI010502    7.99%    failed      0.00%
 369  MONNEG014360   28.09%    passed      7.62%
 370  TELSPE011690   76.80%    passed     14.91%
 371  ANAIGN011012   61.86%    passed     16.06%
 372  NUCSPE081415   86.08%    failed      0.06%
 373  PARATL002874   86.08%    failed      0.06%
 374  COLVIE018808   56.70%    failed      0.13%
 375  SECSPE002390    9.02%    failed      0.00%
 376  MICMAR178198   82.22%    failed      1.97%
 377  MICMAR168677   81.70%    passed     15.05%
 378  PICSPE008377   25.77%    passed     12.78%
 379  PICSPE116430   78.61%    passed     44.57%
 380  HONFER007602   10.82%    failed      2.70%
 381  ANCTWI022349   82.73%    passed     66.93%
 382  PLATAR016579   73.71%    passed     14.95%
 383  CHASUB017991   34.02%    passed     71.57%
 384  HYPCAT017023   76.03%    passed     67.35%
 385  PALBIL021513   88.66%    passed     78.45%
 386  SAPDIC000501   15.98%    passed      5.56%
WARNING: 101 sequences contain more than 50% gaps/ambiguity
****  TOTAL          28.91%  147 sequences failed composition chi2 test (p-value<5%; df=19)
NOTE: STEHIS005820 is identical to OXYTRI012450 but kept for subsequent analysis
NOTE: NUCSPE098400 is identical to PARATL005664 but kept for subsequent analysis
NOTE: STEHIS017739 is identical to OXYTRI016069 but kept for subsequent analysis
NOTE: STEHIS021564 is identical to OXYTRI023718 but kept for subsequent analysis
NOTE: NUCSPE114123 is identical to PARATL007803 but kept for subsequent analysis
NOTE: PARATL002874 is identical to NUCSPE081415 but kept for subsequent analysis

CHECKPOINT: Initial tree restored
Generating 1000 samples for ultrafast bootstrap (seed: 46364)...
CHECKPOINT: 1000 UFBoot trees and 0 UFBootSplits restored

NOTE: 171 MB RAM (0 GB) is required!
CHECKPOINT: Model parameters restored, LogL: -188983.816
--------------------------------------------------------------------
|             INITIALIZING CANDIDATE TREE SET                      |
--------------------------------------------------------------------
CHECKPOINT: Candidate tree set restored, best LogL: -188983.816
Finish initializing candidate tree set (20)
Current best tree score: -188983.816 / CPU time: 0.000
Number of iterations: 27
--------------------------------------------------------------------
|               OPTIMIZING CANDIDATE TREE SET                      |
--------------------------------------------------------------------
Estimate model parameters (epsilon = 0.100)
BETTER TREE FOUND at iteration 28: -188912.201
Iteration 30 / LogL: -188956.203 / Time: 0h:1m:22s (0h:4m:39s left)
Estimate model parameters (epsilon = 0.100)
BETTER TREE FOUND at iteration 31: -188900.111
Estimate model parameters (epsilon = 0.100)
BETTER TREE FOUND at iteration 37: -188892.482
Estimate model parameters (epsilon = 0.100)
BETTER TREE FOUND at iteration 39: -188890.613
Estimate model parameters (epsilon = 0.100)
BETTER TREE FOUND at iteration 40: -188866.905
Iteration 40 / LogL: -188866.905 / Time: 0h:4m:49s (0h:12m:22s left)
Estimate model parameters (epsilon = 0.100)
BETTER TREE FOUND at iteration 41: -188851.728
Estimate model parameters (epsilon = 0.100)
BETTER TREE FOUND at iteration 45: -188834.703
Estimate model parameters (epsilon = 0.100)
BETTER TREE FOUND at iteration 50: -188782.110
Iteration 50 / LogL: -188782.110 / Time: 0h:8m:15s (0h:16m:50s left)
Log-likelihood cutoff on original alignment: -189332.104
Estimate model parameters (epsilon = 0.100)
BETTER TREE FOUND at iteration 55: -188750.321
Estimate model parameters (epsilon = 0.100)
BETTER TREE FOUND at iteration 60: -188737.114
Iteration 60 / LogL: -188737.114 / Time: 0h:12m:27s (0h:21m:7s left)
Estimate model parameters (epsilon = 0.100)
BETTER TREE FOUND at iteration 61: -188726.416
Estimate model parameters (epsilon = 0.100)
BETTER TREE FOUND at iteration 63: -188717.209
Estimate model parameters (epsilon = 0.100)
BETTER TREE FOUND at iteration 65: -188714.111
Iteration 70 / LogL: -188739.059 / Time: 0h:16m:31s (0h:22m:45s left)
Estimate model parameters (epsilon = 0.100)
BETTER TREE FOUND at iteration 78: -188697.029
Iteration 80 / LogL: -188723.263 / Time: 0h:19m:39s (0h:24m:22s left)
Estimate model parameters (epsilon = 0.100)
BETTER TREE FOUND at iteration 83: -188696.821
Estimate model parameters (epsilon = 0.100)
BETTER TREE FOUND at iteration 85: -188672.674
Estimate model parameters (epsilon = 0.100)
BETTER TREE FOUND at iteration 87: -188666.826
Iteration 90 / LogL: -188745.905 / Time: 0h:22m:43s (0h:24m:46s left)
Iteration 100 / LogL: -188674.084 / Time: 0h:26m:2s (0h:22m:53s left)
Log-likelihood cutoff on original alignment: -189332.104
NOTE: Bootstrap correlation coefficient of split occurrence frequencies: 0.887
NOTE: UFBoot does not converge, continue at least 100 more iterations
Estimate model parameters (epsilon = 0.100)
BETTER TREE FOUND at iteration 107: -188661.567
Iteration 110 / LogL: -188689.176 / Time: 0h:29m:29s (0h:26m:14s left)
Estimate model parameters (epsilon = 0.100)
BETTER TREE FOUND at iteration 114: -188653.648
Estimate model parameters (epsilon = 0.100)
BETTER TREE FOUND at iteration 118: -188643.998
Iteration 120 / LogL: -188669.913 / Time: 0h:32m:54s (0h:27m:5s left)
Iteration 130 / LogL: -188655.508 / Time: 0h:36m:29s (0h:24m:53s left)
Iteration 140 / LogL: -188653.255 / Time: 0h:39m:41s (0h:22m:16s left)
Estimate model parameters (epsilon = 0.100)
BETTER TREE FOUND at iteration 142: -188640.009
Iteration 150 / LogL: -188646.755 / Time: 0h:42m:53s (0h:26m:28s left)
Log-likelihood cutoff on original alignment: -189332.104
Estimate model parameters (epsilon = 0.100)
BETTER TREE FOUND at iteration 151: -188627.649
Iteration 160 / LogL: -188640.036 / Time: 0h:46m:8s (0h:26m:24s left)
Iteration 170 / LogL: -188636.970 / Time: 0h:49m:16s (0h:23m:37s left)
Estimate model parameters (epsilon = 0.100)
BETTER TREE FOUND at iteration 171: -188623.621
Iteration 180 / LogL: -188647.956 / Time: 0h:52m:50s (0h:26m:51s left)
Estimate model parameters (epsilon = 0.100)
BETTER TREE FOUND at iteration 181: -188617.541
Estimate model parameters (epsilon = 0.100)
BETTER TREE FOUND at iteration 183: -188615.217
Iteration 190 / LogL: -188622.380 / Time: 0h:56m:13s (0h:27m:39s left)
Estimate model parameters (epsilon = 0.100)
BETTER TREE FOUND at iteration 191: -188614.548
Estimate model parameters (epsilon = 0.100)
BETTER TREE FOUND at iteration 195: -188601.981
Iteration 200 / LogL: -188649.850 / Time: 0h:59m:48s (0h:28m:33s left)
Log-likelihood cutoff on original alignment: -189332.104
NOTE: Bootstrap correlation coefficient of split occurrence frequencies: 0.955
NOTE: UFBoot does not converge, continue at least 100 more iterations
Iteration 210 / LogL: -188629.247 / Time: 1h:2m:58s (0h:27m:7s left)
Estimate model parameters (epsilon = 0.100)
BETTER TREE FOUND at iteration 218: -188599.964
Iteration 220 / LogL: -188613.278 / Time: 1h:6m:18s (0h:29m:40s left)
Estimate model parameters (epsilon = 0.100)
BETTER TREE FOUND at iteration 222: -188597.517
Estimate model parameters (epsilon = 0.100)
BETTER TREE FOUND at iteration 227: -188596.523
Iteration 230 / LogL: -188610.857 / Time: 1h:9m:47s (0h:29m:33s left)
Estimate model parameters (epsilon = 0.100)
BETTER TREE FOUND at iteration 232: -188594.787
Estimate model parameters (epsilon = 0.100)
BETTER TREE FOUND at iteration 236: -188592.485
Iteration 240 / LogL: -188607.166 / Time: 1h:13m:7s (0h:29m:22s left)
Estimate model parameters (epsilon = 0.100)
BETTER TREE FOUND at iteration 245: -188589.426
Iteration 250 / LogL: -188617.769 / Time: 1h:16m:11s (0h:29m:4s left)
Log-likelihood cutoff on original alignment: -189332.104
Estimate model parameters (epsilon = 0.100)
BETTER TREE FOUND at iteration 252: -188589.073
Iteration 260 / LogL: -188615.583 / Time: 1h:19m:20s (0h:28m:11s left)
Iteration 270 / LogL: -188594.331 / Time: 1h:22m:24s (0h:25m:7s left)
Estimate model parameters (epsilon = 0.100)
BETTER TREE FOUND at iteration 274: -188588.254
Estimate model parameters (epsilon = 0.100)
BETTER TREE FOUND at iteration 280: -188583.407
Iteration 280 / LogL: -188583.407 / Time: 1h:25m:56s (0h:30m:48s left)
Iteration 290 / LogL: -188617.604 / Time: 1h:28m:48s (0h:27m:39s left)
Estimate model parameters (epsilon = 0.100)
BETTER TREE FOUND at iteration 294: -188578.823
Iteration 300 / LogL: -188603.748 / Time: 1h:31m:6s (0h:28m:38s left)
Log-likelihood cutoff on original alignment: -189332.104
NOTE: Bootstrap correlation coefficient of split occurrence frequencies: 0.961
NOTE: UFBoot does not converge, continue at least 100 more iterations
Iteration 310 / LogL: -188603.061 / Time: 1h:33m:10s (0h:27m:8s left)
Iteration 320 / LogL: -188598.176 / Time: 1h:35m:18s (0h:23m:54s left)
Estimate model parameters (epsilon = 0.100)
BETTER TREE FOUND at iteration 325: -188578.565
Iteration 330 / LogL: -188592.222 / Time: 1h:37m:27s (0h:28m:8s left)
Estimate model parameters (epsilon = 0.100)
BETTER TREE FOUND at iteration 338: -188576.952
Iteration 340 / LogL: -188598.088 / Time: 1h:39m:22s (0h:28m:43s left)
Estimate model parameters (epsilon = 0.100)
BETTER TREE FOUND at iteration 348: -188575.817
Iteration 350 / LogL: -188584.981 / Time: 1h:41m:32s (0h:28m:30s left)
Log-likelihood cutoff on original alignment: -189332.104
Estimate model parameters (epsilon = 0.100)
BETTER TREE FOUND at iteration 360: -188575.331
Iteration 360 / LogL: -188575.331 / Time: 1h:43m:30s (0h:28m:50s left)
Estimate model parameters (epsilon = 0.100)
BETTER TREE FOUND at iteration 365: -188562.872
Estimate model parameters (epsilon = 0.100)
BETTER TREE FOUND at iteration 369: -188558.857
Iteration 370 / LogL: -188587.564 / Time: 1h:46m:1s (0h:28m:26s left)
Iteration 380 / LogL: -188560.509 / Time: 1h:48m:2s (0h:25m:22s left)
Iteration 390 / LogL: -188580.741 / Time: 1h:50m:28s (0h:22m:26s left)
Iteration 400 / LogL: -188593.014 / Time: 1h:52m:21s (0h:19m:25s left)
Log-likelihood cutoff on original alignment: -189332.104
NOTE: Bootstrap correlation coefficient of split occurrence frequencies: 0.963
NOTE: UFBoot does not converge, continue at least 100 more iterations
Iteration 410 / LogL: -188577.923 / Time: 1h:54m:21s (0h:25m:9s left)
Iteration 420 / LogL: -188583.424 / Time: 1h:56m:12s (0h:22m:11s left)
Estimate model parameters (epsilon = 0.100)
BETTER TREE FOUND at iteration 422: -188551.588
Iteration 430 / LogL: -188572.230 / Time: 1h:58m:20s (0h:25m:22s left)
Iteration 440 / LogL: -188585.348 / Time: 2h:0m:27s (0h:22m:30s left)
Iteration 450 / LogL: -188568.451 / Time: 2h:2m:23s (0h:19m:37s left)
Log-likelihood cutoff on original alignment: -189332.104
Iteration 460 / LogL: -188565.539 / Time: 2h:4m:34s (0h:16m:49s left)
Iteration 470 / LogL: -188557.136 / Time: 2h:6m:46s (0h:14m:3s left)
Estimate model parameters (epsilon = 0.100)
BETTER TREE FOUND at iteration 477: -188550.606
Iteration 480 / LogL: -188565.810 / Time: 2h:9m:8s (0h:26m:9s left)
Iteration 490 / LogL: -188582.806 / Time: 2h:11m:15s (0h:23m:21s left)
Estimate model parameters (epsilon = 0.100)
BETTER TREE FOUND at iteration 499: -188548.793
Iteration 500 / LogL: -188615.963 / Time: 2h:13m:35s (0h:26m:30s left)
Log-likelihood cutoff on original alignment: -189332.104
NOTE: Bootstrap correlation coefficient of split occurrence frequencies: 0.967
NOTE: UFBoot does not converge, continue at least 100 more iterations
Iteration 510 / LogL: -188565.091 / Time: 2h:15m:34s (0h:23m:58s left)
Estimate model parameters (epsilon = 0.100)
BETTER TREE FOUND at iteration 520: -188547.661
Iteration 520 / LogL: -188547.661 / Time: 2h:17m:48s (0h:26m:33s left)
Iteration 530 / LogL: -188557.257 / Time: 2h:19m:44s (0h:23m:46s left)
Iteration 540 / LogL: -188558.272 / Time: 2h:21m:45s (0h:21m:2s left)
Estimate model parameters (epsilon = 0.100)
BETTER TREE FOUND at iteration 546: -188544.686
Iteration 550 / LogL: -188545.531 / Time: 2h:23m:52s (0h:25m:9s left)
Log-likelihood cutoff on original alignment: -189332.104
Iteration 560 / LogL: -188557.786 / Time: 2h:26m:15s (0h:22m:30s left)
Iteration 570 / LogL: -188564.908 / Time: 2h:28m:13s (0h:19m:47s left)
Estimate model parameters (epsilon = 0.100)
BETTER TREE FOUND at iteration 572: -188539.716
Iteration 580 / LogL: -188548.033 / Time: 2h:30m:22s (0h:23m:53s left)
Iteration 590 / LogL: -188559.046 / Time: 2h:32m:22s (0h:21m:12s left)
Iteration 600 / LogL: -188566.742 / Time: 2h:34m:22s (0h:18m:33s left)
Log-likelihood cutoff on original alignment: -189332.104
NOTE: Bootstrap correlation coefficient of split occurrence frequencies: 0.966
NOTE: UFBoot does not converge, continue at least 100 more iterations
Iteration 610 / LogL: -188578.744 / Time: 2h:36m:17s (0h:23m:5s left)
Iteration 620 / LogL: -188543.084 / Time: 2h:38m:27s (0h:20m:28s left)
Iteration 630 / LogL: -188542.992 / Time: 2h:40m:26s (0h:17m:51s left)
Estimate model parameters (epsilon = 0.100)
BETTER TREE FOUND at iteration 631: -188539.174
Iteration 640 / LogL: -188560.960 / Time: 2h:42m:30s (0h:23m:8s left)
Iteration 650 / LogL: -188556.954 / Time: 2h:44m:33s (0h:20m:32s left)
Log-likelihood cutoff on original alignment: -189332.104
Iteration 660 / LogL: -188551.333 / Time: 2h:47m:7s (0h:18m:0s left)
Iteration 670 / LogL: -188549.484 / Time: 2h:50m:24s (0h:15m:32s left)
Iteration 680 / LogL: -188590.925 / Time: 2h:53m:54s (0h:13m:3s left)
Iteration 690 / LogL: -188559.303 / Time: 2h:57m:31s (0h:10m:33s left)
Estimate model parameters (epsilon = 0.100)
BETTER TREE FOUND at iteration 691: -188537.789
Iteration 700 / LogL: -188551.788 / Time: 3h:1m:37s (0h:23m:38s left)
Log-likelihood cutoff on original alignment: -189332.104
NOTE: Bootstrap correlation coefficient of split occurrence frequencies: 0.969
NOTE: UFBoot does not converge, continue at least 100 more iterations
Iteration 710 / LogL: -188555.064 / Time: 3h:5m:7s (0h:23m:29s left)
Iteration 720 / LogL: -188548.932 / Time: 3h:7m:28s (0h:20m:51s left)
Iteration 730 / LogL: -188544.398 / Time: 3h:9m:28s (0h:18m:11s left)
Iteration 740 / LogL: -188552.275 / Time: 3h:11m:32s (0h:15m:33s left)
Iteration 750 / LogL: -188565.602 / Time: 3h:13m:32s (0h:12m:55s left)
Log-likelihood cutoff on original alignment: -189332.104
Iteration 760 / LogL: -188546.167 / Time: 3h:15m:30s (0h:10m:18s left)
Iteration 770 / LogL: -188569.410 / Time: 3h:17m:23s (0h:7m:42s left)
Iteration 780 / LogL: -188550.298 / Time: 3h:19m:21s (0h:5m:7s left)
Iteration 790 / LogL: -188573.771 / Time: 3h:21m:17s (0h:2m:33s left)
Estimate model parameters (epsilon = 0.100)
BETTER TREE FOUND at iteration 797: -188534.915
Iteration 800 / LogL: -188585.540 / Time: 3h:23m:19s (0h:24m:40s left)
Log-likelihood cutoff on original alignment: -189332.104
NOTE: Bootstrap correlation coefficient of split occurrence frequencies: 0.978
NOTE: UFBoot does not converge, continue at least 100 more iterations
Iteration 810 / LogL: -188551.112 / Time: 3h:25m:19s (0h:22m:50s left)
Iteration 820 / LogL: -188577.573 / Time: 3h:27m:18s (0h:20m:15s left)
Iteration 830 / LogL: -188550.414 / Time: 3h:29m:13s (0h:17m:40s left)
Estimate model parameters (epsilon = 0.100)
BETTER TREE FOUND at iteration 838: -188532.306
Iteration 840 / LogL: -188566.220 / Time: 3h:31m:20s (0h:24m:41s left)
Iteration 850 / LogL: -188549.136 / Time: 3h:33m:16s (0h:22m:6s left)
Log-likelihood cutoff on original alignment: -189332.104
Iteration 860 / LogL: -188549.893 / Time: 3h:35m:12s (0h:19m:32s left)
Iteration 870 / LogL: -188551.368 / Time: 3h:37m:13s (0h:16m:59s left)
Iteration 880 / LogL: -188535.633 / Time: 3h:39m:10s (0h:14m:27s left)
Iteration 890 / LogL: -188549.907 / Time: 3h:41m:4s (0h:11m:56s left)
Iteration 900 / LogL: -188543.385 / Time: 3h:42m:55s (0h:9m:25s left)
Log-likelihood cutoff on original alignment: -189332.104
NOTE: Bootstrap correlation coefficient of split occurrence frequencies: 0.981
NOTE: UFBoot does not converge, continue at least 100 more iterations
Iteration 910 / LogL: -188535.011 / Time: 3h:44m:53s (0h:22m:15s left)
Iteration 920 / LogL: -188547.948 / Time: 3h:46m:54s (0h:19m:45s left)
Iteration 930 / LogL: -188555.892 / Time: 3h:48m:54s (0h:17m:14s left)
Estimate model parameters (epsilon = 0.100)
BETTER TREE FOUND at iteration 940: -188531.499
Iteration 940 / LogL: -188531.499 / Time: 3h:50m:55s (0h:24m:35s left)
Estimate model parameters (epsilon = 0.100)
BETTER TREE FOUND at iteration 945: -188530.863
Estimate model parameters (epsilon = 0.100)
BETTER TREE FOUND at iteration 949: -188530.778
Iteration 950 / LogL: -188573.390 / Time: 3h:52m:59s (0h:24m:18s left)
Log-likelihood cutoff on original alignment: -189332.104
Estimate model parameters (epsilon = 0.100)
BETTER TREE FOUND at iteration 960: -188526.374
Iteration 960 / LogL: -188526.374 / Time: 3h:55m:3s (0h:24m:30s left)
Iteration 970 / LogL: -188529.390 / Time: 3h:57m:9s (0h:22m:1s left)
Iteration 980 / LogL: -188571.905 / Time: 3h:59m:8s (0h:19m:32s left)
Iteration 990 / LogL: -188543.376 / Time: 4h:1m:12s (0h:17m:4s left)
Iteration 1000 / LogL: -188540.557 / Time: 4h:3m:10s (0h:14m:36s left)
Log-likelihood cutoff on original alignment: -189332.104
NOTE: Bootstrap correlation coefficient of split occurrence frequencies: 0.978
NOTE: UFBoot does not converge, continue at least 100 more iterations
WARNING: bootstrap analysis did not converge. You should rerun with higher number of iterations (-nm option)
TREE SEARCH COMPLETED AFTER 1001 ITERATIONS / Time: 4h:3m:23s

--------------------------------------------------------------------
|                    FINALIZING TREE SEARCH                        |
--------------------------------------------------------------------
Performs final model parameters optimization
Estimate model parameters (epsilon = 0.010)
1. Initial log-likelihood: -188526.374
2. Current log-likelihood: -188526.363
Optimal log-likelihood: -188526.349
Site proportion and rates:  (0.042,0.103) (0.116,0.241) (0.165,0.436) (0.218,0.672) (0.144,1.066) (0.184,1.468) (0.131,2.491)
Parameters optimization took 2 rounds (4.049 sec)
BEST SCORE FOUND : -188526.349
Creating bootstrap support values...
Split supports printed to NEXUS file euk5_homs3.CAPH.linsi.gappyout.iqtree.splits.nex
Total tree length: 372.085

Total number of iterations: 1001
CPU time used for tree search: 43229.223 sec (12h:0m:29s)
Wall-clock time used for tree search: 14603.095 sec (4h:3m:23s)
Total CPU time used: 43243.207 sec (12h:0m:43s)
Total wall-clock time used: 14608.684 sec (4h:3m:28s)

Computing bootstrap consensus tree...
Reading input file euk5_homs3.CAPH.linsi.gappyout.iqtree.splits.nex...
386 taxa and 4965 splits.
Consensus tree written to euk5_homs3.CAPH.linsi.gappyout.iqtree.contree
Reading input trees file euk5_homs3.CAPH.linsi.gappyout.iqtree.contree
Log-likelihood of consensus tree: -188673.718

Analysis results written to: 
  IQ-TREE report:                euk5_homs3.CAPH.linsi.gappyout.iqtree.iqtree
  Maximum-likelihood tree:       euk5_homs3.CAPH.linsi.gappyout.iqtree.treefile
  Likelihood distances:          euk5_homs3.CAPH.linsi.gappyout.iqtree.mldist

Ultrafast bootstrap approximation results written to:
  Split support values:          euk5_homs3.CAPH.linsi.gappyout.iqtree.splits.nex
  Consensus tree:                euk5_homs3.CAPH.linsi.gappyout.iqtree.contree
  Screen log file:               euk5_homs3.CAPH.linsi.gappyout.iqtree.log

Date and Time: Wed May 25 17:31:30 2022
