IQ-TREE multicore version 2.0.3 for Linux 64-bit built Apr 26 2020
Developed by Bui Quang Minh, Nguyen Lam Tung, Olga Chernomor,
Heiko Schmidt, Dominik Schrempf, Michael Woodhams.

Host:    jolien-Precision-5820-Tower (AVX512, FMA3, 31 GB RAM)
Command: iqtree -s euk5_homs2.Nse1.linsi.fa -B 1000 -T 2 -m LG+R5 -pre euk5_homs2.Nse1.linsi.iqtree
Seed:    890434 (Using SPRNG - Scalable Parallel Random Number Generator)
Time:    Mon Sep  5 13:01:27 2022
Kernel:  AVX+FMA - 2 threads (16 CPU cores detected)

Reading alignment file euk5_homs2.Nse1.linsi.fa ... Fasta format detected
Alignment most likely contains protein sequences
WARNING: 1 sites contain only gaps or ambiguous characters.
Alignment has 157 sequences with 1637 columns, 1368 distinct patterns
540 parsimony-informative, 593 singleton sites, 504 constant sites
              Gap/Ambiguity  Composition  p-value
   1  NEMVEC023022   83.81%    passed     96.49%
   2  BRABEL025610   83.63%    passed     62.10%
   3  CRAGIG003358   83.75%    failed      2.59%
   4  CRAGIG034812   82.77%    passed     12.11%
   5  UMBRAM005647   84.12%    passed     49.35%
   6  ACAPLA013037   84.36%    failed      0.55%
   7  LEUCOM063361   82.10%    failed      4.14%
   8  SPIPUN005799   80.39%    failed      2.41%
   9  HOMSAP059561   83.75%    passed     89.58%
  10  MORVER009059   82.83%    passed     58.10%
  11  RHIIRR021665   82.83%    passed      5.06%
  12  MNELEI011266   86.07%    passed     22.06%
  13  GONPRO009627   81.98%    passed     31.97%
  14  ARATHA044428   80.94%    passed     53.58%
  15  KLENIT012346   84.18%    passed      7.67%
  16  MICSPE007586   86.26%    failed      0.17%
  17  CAPOWC004958   85.46%    passed     43.87%
  18  DIAGRA013787   81.19%    passed     56.10%
  19  CYCPAN026058   78.44%    passed     29.95%
  20  ALLMAC014467   80.51%    failed      0.11%
  21  OSTTAU005692   85.28%    failed      0.48%
  22  ALLMAC002855   80.70%    failed      0.00%
  23  CHABRA011075   59.50%    failed      0.00%
  24  MARPOL015258   76.18%    passed     13.48%
  25  ACACAS000922   81.92%    failed      4.21%
  26  COLSPE008977   85.77%    passed     33.09%
  27  GLOWIT023976   86.32%    passed     21.81%
  28  USTMAY005479   77.21%    failed      0.91%
  29  MASBAL001121   84.85%    passed     25.40%
  30  CIOINT017011   84.30%    passed      5.02%
  31  PLAFUN005951   84.61%    passed     84.50%
  32  RAMBRE004614   83.32%    passed     36.46%
  33  CHLATM006970   83.02%    passed     28.70%
  34  ARCINT023071   88.52%    failed      0.02%
  35  NANOCE111872   88.27%    passed     43.29%
  36  BASMER010092   88.03%    passed     31.23%
  37  DAPMAG005330   83.81%    failed      2.18%
  38  MALCAL005477   88.94%    passed      9.94%
  39  DIPROT036560   85.16%    passed     17.06%
  40  CREFRA004737   83.81%    passed     16.95%
  41  IXOSCA012581   84.42%    passed     90.36%
  42  PLABRA008393   86.74%    passed     23.61%
  43  SAPDIC017907   86.68%    passed     89.78%
  44  CYAGLO000738   83.38%    passed     57.60%
  45  PHYINF008484   86.38%    passed     65.78%
  46  NUCSPE059158   81.19%    failed      0.07%
  47  PARATL021220   81.19%    failed      0.07%
  48  NEODAM001755   89.86%    failed      0.44%
  49  SALKVE019346   85.89%    passed     60.23%
  50  GEFOKE003270   78.50%    failed      0.00%
  51  HYPCAT012357   85.09%    passed     84.70%
  52  CHLVAR004751   85.58%    failed      0.00%
  53  BREMOT000205   84.67%    passed      8.22%
  54  CHASUB016626   88.21%    passed     12.03%
  55  NAEFOW000768   87.54%    failed      0.17%
  56  SORBIC033447   78.25%    passed     17.01%
  57  NANOCE017721   86.99%    passed     30.89%
  58  PARTRI000769   82.22%    failed      0.22%
  59  NUTLON011783   78.86%    failed      0.12%
  60  MONBRE000056   72.94%    failed      0.01%
  61  LAPGUS026962   84.06%    failed      3.13%
  62  PHYPOL015612   87.23%    failed      0.02%
  63  DANRER034865   85.40%    passed     62.52%
  64  CRYNEO005058   78.50%    failed      2.36%
  65  COEREV006609   83.87%    passed     34.98%
  66  RUSMAR005113   85.64%    failed      2.06%
  67  HONFER007328   82.22%    failed      0.00%
  68  PRACOL000430   86.32%    passed     28.10%
  69  ANCTWI012118   91.26%    passed     96.16%
  70  CLAOKA018615   88.45%    passed     28.87%
  71  NEOSPE016000   90.10%    failed      0.00%
  72  RIGRAM012211   80.70%    failed      0.00%
  73  COLVIE008290   82.90%    failed      0.11%
  74  NEUCRA010607   79.11%    failed      1.71%
  75  GEPOCE016350   87.66%    failed      2.29%
  76  LEPVOR038208   84.12%    passed     31.44%
  77  HEMKUK001857   83.51%    failed      0.00%
  78  NANOCE159400   89.68%    passed     88.87%
  79  SCHPOM002040   85.83%    passed     59.23%
  80  PYGBIF005178   85.22%    passed     41.85%
  81  DIALUT010363   88.21%    failed      1.59%
  82  THETRA007659   85.09%    passed     10.40%
  83  PHAKIR011066   86.99%    failed      0.00%
  84  POLPAL010116   85.16%    failed      3.67%
  85  CYAPAR016895   82.53%    failed      0.00%
  86  GUITHE005727   86.56%    passed     12.17%
  87  PRYPAR005317   88.52%    passed     16.84%
  88  EUGLON045103   90.29%    failed      0.41%
  89  PLAMIC008855   83.87%    passed     58.63%
  90  RHOMAR002874   83.93%    passed     19.38%
  91  MATSPE007546   79.23%    failed      0.58%
  92  TRIADH009696   86.99%    passed      5.31%
  93  MADERY009806   85.28%    failed      0.26%
  94  SECSPE004100   85.34%    failed      0.47%
  95  DICDIS009393   83.69%    failed      2.21%
  96  RAMVAR017085   79.17%    passed      7.87%
  97  CHOSPE006502   86.93%    passed     19.61%
  98  CHLREI003464   89.43%    passed     44.19%
  99  PORPUR000178   85.46%    passed     12.39%
 100  PTESPE016401   86.56%    passed     26.61%
 101  GALSUL003802   87.72%    failed      0.17%
 102  GRACHO006968   84.06%    passed     49.95%
 103  RAPHET011820   86.87%    passed     14.33%
 104  AURLIM000313   83.32%    failed      0.03%
 105  PAUCHR007956   78.25%    failed      0.00%
 106  DROMEL016919   85.64%    passed     50.68%
 107  PHATRI004874   86.19%    passed      6.00%
 108  NEPPYR028620   92.91%    passed     21.10%
 109  GONPAC048301   82.04%    passed      9.28%
 110  ANDGOD003085   85.64%    passed     17.54%
 111  PALBIL012956   82.83%    failed      0.01%
 112  LENLIM002253   89.31%    passed      7.03%
 113  JAKBAH002879   87.05%    failed      0.03%
 114  SECSPE004099   84.36%    failed      0.34%
 115  MALJAK011264   89.49%    passed     16.51%
 116  BIGNAT014598   79.78%    failed      0.39%
 117  COCSUB005269   90.96%    passed     10.85%
 118  PLATAR010623   85.77%    passed     17.11%
 119  BICSPE009256   89.80%    failed      0.05%
 120  GEMCRY019031   81.67%    failed      0.07%
 121  SACCER002127   79.47%    failed      0.44%
 122  RIGRAM012212   89.55%    failed      0.65%
 123  BAFFRI009725   79.41%    passed     19.88%
 124  BOMMOR005683   85.89%    failed      1.64%
 125  ENTHIS001858   86.13%    failed      0.00%
 126  CHOSPE006505   89.98%    passed     40.52%
 127  NANOCE159401   91.94%    passed     91.51%
 128  ROZALL004763   87.05%    failed      3.59%
 129  GLOWIT018538   95.24%    passed     54.80%
 130  SYNPLU000174   93.34%    passed     90.00%
 131  TRIVAG055303   86.19%    failed      0.02%
 132  ANAIGN016437   93.65%    failed      0.00%
 133  MICMAR063288   88.52%    passed      8.10%
 134  TRIMAR002709   63.90%    failed      0.00%
 135  PRIPAC020404   72.33%    failed      0.00%
 136  HALSEO004537   79.60%    failed      0.00%
 137  VITBRA000268   82.90%    failed      0.31%
 138  ACASPE022199   91.94%    passed      9.80%
 139  THEPAR001831   82.71%    failed      0.00%
 140  PLAFAL004205   85.95%    failed      0.00%
 141  CHRPER010456   87.35%    failed      1.28%
 142  PHYPOL024100   92.49%    passed     21.20%
 143  ELPMAR006872   81.98%    passed     43.58%
 144  PAUCHR027212   93.10%    failed      3.89%
 145  NANOCE159407   91.57%    passed     21.71%
 146  MONNEG011880   92.61%    failed      0.23%
 147  NANOCE058917   92.97%    passed     19.43%
 148  ANAIGN014118   93.71%    failed      0.01%
 149  MONEXI001980   81.43%    failed      0.04%
 150  PRIPAC006178   78.50%    passed     18.46%
 151  PRYPAR019755   80.64%    failed      0.01%
 152  TOXGON004390   84.36%    failed      0.05%
 153  SALKVE014232   81.49%    failed      3.77%
 154  PALBIL014165   85.77%    failed      0.00%
 155  CARMEM004435   84.79%    passed     44.88%
 156  PALBIL009586   79.11%    failed      0.00%
 157  LEUCOM058006   83.02%    passed      7.83%
WARNING: 157 sequences contain more than 50% gaps/ambiguity
****  TOTAL          84.64%  74 sequences failed composition chi2 test (p-value<5%; df=19)
NOTE: PARATL021220 is identical to NUCSPE059158 but kept for subsequent analysis

Create initial parsimony tree by phylogenetic likelihood library (PLL)... 0.101 seconds
Generating 1000 samples for ultrafast bootstrap (seed: 890434)...

NOTE: 173 MB RAM (0 GB) is required!
Estimate model parameters (epsilon = 0.100)
1. Initial log-likelihood: -103710.617
2. Current log-likelihood: -86404.898
3. Current log-likelihood: -86182.358
4. Current log-likelihood: -86180.518
Optimal log-likelihood: -86180.374
Site proportion and rates:  (0.036,0.086) (0.071,0.290) (0.190,0.542) (0.324,0.960) (0.379,1.485)
Parameters optimization took 4 rounds (22.251 sec)
Computing ML distances based on estimated model parameters... 3.078 sec
WARNING: Some pairwise ML distances are too long (saturated)
Computing BIONJ tree...
0.012 seconds
Log-likelihood of BIONJ tree: -85626.996
--------------------------------------------------------------------
|             INITIALIZING CANDIDATE TREE SET                      |
--------------------------------------------------------------------
Generating 98 parsimony trees... 10.082 second
Computing log-likelihood of 98 initial trees ... 49.962 seconds
Current best score: -85626.996

Do NNI search on 20 best initial trees
Estimate model parameters (epsilon = 0.100)
BETTER TREE FOUND at iteration 1: -85531.340
Iteration 10 / LogL: -85667.006 / Time: 0h:6m:20s
Iteration 20 / LogL: -85829.995 / Time: 0h:11m:49s
Finish initializing candidate tree set (20)
Current best tree score: -85531.340 / CPU time: 678.747
Number of iterations: 20
--------------------------------------------------------------------
|               OPTIMIZING CANDIDATE TREE SET                      |
--------------------------------------------------------------------
Estimate model parameters (epsilon = 0.100)
BETTER TREE FOUND at iteration 28: -85522.713
Estimate model parameters (epsilon = 0.100)
BETTER TREE FOUND at iteration 29: -85503.808
Iteration 30 / LogL: -85512.875 / Time: 0h:15m:24s (0h:52m:35s left)
Estimate model parameters (epsilon = 0.100)
BETTER TREE FOUND at iteration 39: -85497.974
Iteration 40 / LogL: -85506.553 / Time: 0h:18m:24s (0h:46m:43s left)
Estimate model parameters (epsilon = 0.100)
BETTER TREE FOUND at iteration 49: -85494.091
Iteration 50 / LogL: -85495.216 / Time: 0h:21m:23s (0h:43m:12s left)
Log-likelihood cutoff on original alignment: -85689.912
Estimate model parameters (epsilon = 0.100)
BETTER TREE FOUND at iteration 53: -85494.029
Estimate model parameters (epsilon = 0.100)
BETTER TREE FOUND at iteration 54: -85483.777
Estimate model parameters (epsilon = 0.100)
BETTER TREE FOUND at iteration 57: -85475.488
Iteration 60 / LogL: -85507.064 / Time: 0h:24m:56s (0h:40m:59s left)
Estimate model parameters (epsilon = 0.100)
BETTER TREE FOUND at iteration 67: -85473.757
Estimate model parameters (epsilon = 0.100)
BETTER TREE FOUND at iteration 68: -85466.001
Iteration 70 / LogL: -85468.187 / Time: 0h:28m:46s (0h:40m:52s left)
Estimate model parameters (epsilon = 0.100)
BETTER TREE FOUND at iteration 72: -85465.399
Estimate model parameters (epsilon = 0.100)
BETTER TREE FOUND at iteration 77: -85462.206
Iteration 80 / LogL: -85483.945 / Time: 0h:33m:33s (0h:41m:12s left)
Estimate model parameters (epsilon = 0.100)
BETTER TREE FOUND at iteration 88: -85460.641
Iteration 90 / LogL: -85466.683 / Time: 0h:37m:40s (0h:41m:29s left)
Estimate model parameters (epsilon = 0.100)
BETTER TREE FOUND at iteration 91: -85453.935
Iteration 100 / LogL: -85469.168 / Time: 0h:41m:49s (0h:38m:26s left)
Log-likelihood cutoff on original alignment: -85643.821
NOTE: Bootstrap correlation coefficient of split occurrence frequencies: 0.811
NOTE: UFBoot does not converge, continue at least 100 more iterations
Estimate model parameters (epsilon = 0.100)
BETTER TREE FOUND at iteration 103: -85450.007
Estimate model parameters (epsilon = 0.100)
BETTER TREE FOUND at iteration 106: -85449.654
Iteration 110 / LogL: -85457.217 / Time: 0h:46m:16s (0h:40m:44s left)
Iteration 120 / LogL: -85455.095 / Time: 0h:50m:40s (0h:36m:37s left)
Estimate model parameters (epsilon = 0.100)
BETTER TREE FOUND at iteration 121: -85448.563
Estimate model parameters (epsilon = 0.100)
BETTER TREE FOUND at iteration 123: -85444.345
Estimate model parameters (epsilon = 0.100)
BETTER TREE FOUND at iteration 126: -85437.317
Iteration 130 / LogL: -85440.528 / Time: 0h:54m:15s (0h:40m:22s left)
Estimate model parameters (epsilon = 0.100)
BETTER TREE FOUND at iteration 136: -85435.928
Estimate model parameters (epsilon = 0.100)
BETTER TREE FOUND at iteration 139: -85433.192
Iteration 140 / LogL: -85437.601 / Time: 0h:58m:36s (0h:41m:44s left)
Estimate model parameters (epsilon = 0.100)
BETTER TREE FOUND at iteration 145: -85432.938
Iteration 150 / LogL: -85439.575 / Time: 1h:1m:55s (0h:39m:29s left)
Log-likelihood cutoff on original alignment: -85643.821
Iteration 160 / LogL: -85437.580 / Time: 1h:5m:54s (0h:35m:14s left)
Iteration 170 / LogL: -85450.743 / Time: 1h:10m:5s (0h:31m:6s left)
Estimate model parameters (epsilon = 0.100)
BETTER TREE FOUND at iteration 177: -85432.881
Iteration 180 / LogL: -85436.552 / Time: 1h:14m:5s (0h:40m:8s left)
Estimate model parameters (epsilon = 0.100)
BETTER TREE FOUND at iteration 183: -85429.971
Iteration 190 / LogL: -85435.514 / Time: 1h:18m:34s (0h:38m:39s left)
Estimate model parameters (epsilon = 0.100)
BETTER TREE FOUND at iteration 191: -85429.544
Estimate model parameters (epsilon = 0.100)
BETTER TREE FOUND at iteration 198: -85429.300
Iteration 200 / LogL: -85433.665 / Time: 1h:22m:49s (0h:40m:47s left)
Log-likelihood cutoff on original alignment: -85643.821
NOTE: Bootstrap correlation coefficient of split occurrence frequencies: 0.886
NOTE: UFBoot does not converge, continue at least 100 more iterations
Iteration 210 / LogL: -85435.736 / Time: 1h:26m:27s (0h:37m:13s left)
Estimate model parameters (epsilon = 0.100)
BETTER TREE FOUND at iteration 218: -85427.793
Iteration 220 / LogL: -85435.578 / Time: 1h:30m:15s (0h:40m:23s left)
Estimate model parameters (epsilon = 0.100)
BETTER TREE FOUND at iteration 227: -85425.499
Iteration 230 / LogL: -85434.779 / Time: 1h:34m:0s (0h:39m:49s left)
Iteration 240 / LogL: -85434.597 / Time: 1h:37m:50s (0h:35m:37s left)
Iteration 250 / LogL: -85438.043 / Time: 1h:41m:26s (0h:31m:22s left)
Log-likelihood cutoff on original alignment: -85643.821
Estimate model parameters (epsilon = 0.100)
BETTER TREE FOUND at iteration 252: -85424.732
Iteration 260 / LogL: -85428.397 / Time: 1h:44m:52s (0h:37m:15s left)
Iteration 270 / LogL: -85434.451 / Time: 1h:47m:35s (0h:32m:47s left)
Iteration 280 / LogL: -85432.264 / Time: 1h:50m:9s (0h:28m:25s left)
Iteration 290 / LogL: -85425.787 / Time: 1h:52m:43s (0h:24m:11s left)
Iteration 300 / LogL: -85434.601 / Time: 1h:55m:46s (0h:20m:8s left)
Log-likelihood cutoff on original alignment: -85643.821
NOTE: Bootstrap correlation coefficient of split occurrence frequencies: 0.937
NOTE: UFBoot does not converge, continue at least 100 more iterations
Iteration 310 / LogL: -85425.904 / Time: 1h:58m:59s (0h:34m:39s left)
Iteration 320 / LogL: -85431.295 / Time: 2h:2m:49s (0h:30m:48s left)
Iteration 330 / LogL: -85432.938 / Time: 2h:5m:34s (0h:26m:43s left)
Iteration 340 / LogL: -85425.632 / Time: 2h:9m:20s (0h:22m:53s left)
Iteration 350 / LogL: -85428.039 / Time: 2h:12m:52s (0h:19m:2s left)
Log-likelihood cutoff on original alignment: -85643.821
Iteration 360 / LogL: -85442.848 / Time: 2h:16m:44s (0h:15m:14s left)
Iteration 370 / LogL: -85429.985 / Time: 2h:20m:15s (0h:11m:24s left)
Iteration 380 / LogL: -85431.191 / Time: 2h:23m:46s (0h:7m:35s left)
Iteration 390 / LogL: -85432.491 / Time: 2h:27m:4s (0h:3m:46s left)
Iteration 400 / LogL: -85428.899 / Time: 2h:30m:14s (0h:0m:0s left)
Log-likelihood cutoff on original alignment: -85643.821
NOTE: Bootstrap correlation coefficient of split occurrence frequencies: 0.957
NOTE: UFBoot does not converge, continue at least 100 more iterations
Iteration 410 / LogL: -85428.490 / Time: 2h:33m:47s (0h:33m:50s left)
Estimate model parameters (epsilon = 0.100)
BETTER TREE FOUND at iteration 415: -85424.563
Iteration 420 / LogL: -85431.852 / Time: 2h:37m:44s (0h:35m:45s left)
Estimate model parameters (epsilon = 0.100)
BETTER TREE FOUND at iteration 427: -85423.800
Iteration 430 / LogL: -85431.148 / Time: 2h:41m:50s (0h:36m:35s left)
Iteration 440 / LogL: -85433.680 / Time: 2h:45m:43s (0h:32m:50s left)
Iteration 450 / LogL: -85429.202 / Time: 2h:49m:51s (0h:29m:7s left)
Log-likelihood cutoff on original alignment: -85643.821
Estimate model parameters (epsilon = 0.100)
BETTER TREE FOUND at iteration 452: -85417.590
Iteration 460 / LogL: -85418.372 / Time: 2h:54m:14s (0h:34m:55s left)
Estimate model parameters (epsilon = 0.100)
BETTER TREE FOUND at iteration 461: -85417.192
Estimate model parameters (epsilon = 0.100)
BETTER TREE FOUND at iteration 462: -85416.634
Iteration 470 / LogL: -85427.055 / Time: 2h:58m:11s (0h:34m:57s left)
Iteration 480 / LogL: -85421.456 / Time: 3h:2m:21s (0h:31m:13s left)
Estimate model parameters (epsilon = 0.100)
BETTER TREE FOUND at iteration 490: -85414.911
Iteration 490 / LogL: -85414.911 / Time: 3h:6m:29s (0h:38m:8s left)
Estimate model parameters (epsilon = 0.100)
BETTER TREE FOUND at iteration 497: -85413.093
Iteration 500 / LogL: -85425.712 / Time: 3h:10m:45s (0h:37m:4s left)
Log-likelihood cutoff on original alignment: -85643.821
NOTE: Bootstrap correlation coefficient of split occurrence frequencies: 0.964
NOTE: UFBoot does not converge, continue at least 100 more iterations
Iteration 510 / LogL: -85427.744 / Time: 3h:14m:42s (0h:34m:25s left)
Estimate model parameters (epsilon = 0.100)
BETTER TREE FOUND at iteration 515: -85411.899
Iteration 520 / LogL: -85415.072 / Time: 3h:18m:59s (0h:36m:25s left)
Iteration 530 / LogL: -85414.974 / Time: 3h:22m:40s (0h:32m:33s left)
Estimate model parameters (epsilon = 0.100)
BETTER TREE FOUND at iteration 536: -85411.593
Iteration 540 / LogL: -85412.489 / Time: 3h:26m:56s (0h:36m:51s left)
Iteration 550 / LogL: -85418.036 / Time: 3h:31m:22s (0h:33m:6s left)
Log-likelihood cutoff on original alignment: -85522.722
Estimate model parameters (epsilon = 0.100)
BETTER TREE FOUND at iteration 558: -85410.741
Iteration 560 / LogL: -85418.247 / Time: 3h:36m:50s (0h:38m:0s left)
Iteration 570 / LogL: -85420.171 / Time: 3h:42m:5s (0h:34m:20s left)
Iteration 580 / LogL: -85426.171 / Time: 3h:46m:53s (0h:30m:33s left)
Iteration 590 / LogL: -85423.158 / Time: 3h:51m:31s (0h:26m:43s left)
Iteration 600 / LogL: -85411.327 / Time: 3h:56m:15s (0h:22m:52s left)
Log-likelihood cutoff on original alignment: -85522.722
NOTE: Bootstrap correlation coefficient of split occurrence frequencies: 0.957
NOTE: UFBoot does not converge, continue at least 100 more iterations
Iteration 610 / LogL: -85429.796 / Time: 4h:1m:6s (0h:35m:37s left)
Estimate model parameters (epsilon = 0.100)
BETTER TREE FOUND at iteration 612: -85410.484
Iteration 620 / LogL: -85419.470 / Time: 4h:6m:23s (0h:36m:37s left)
Iteration 630 / LogL: -85419.428 / Time: 4h:11m:15s (0h:32m:45s left)
Iteration 640 / LogL: -85414.901 / Time: 4h:16m:10s (0h:28m:51s left)
Iteration 650 / LogL: -85420.795 / Time: 4h:20m:55s (0h:24m:55s left)
Log-likelihood cutoff on original alignment: -85522.722
Iteration 660 / LogL: -85426.295 / Time: 4h:24m:58s (0h:20m:54s left)
Iteration 670 / LogL: -85421.185 / Time: 4h:29m:37s (0h:16m:55s left)
Iteration 680 / LogL: -85421.200 / Time: 4h:33m:55s (0h:12m:54s left)
Iteration 690 / LogL: -85412.911 / Time: 4h:38m:0s (0h:8m:52s left)
Iteration 700 / LogL: -85413.364 / Time: 4h:42m:5s (0h:4m:50s left)
Log-likelihood cutoff on original alignment: -85522.722
NOTE: Bootstrap correlation coefficient of split occurrence frequencies: 0.954
NOTE: UFBoot does not converge, continue at least 100 more iterations
Iteration 710 / LogL: -85416.996 / Time: 4h:46m:21s (0h:36m:21s left)
Iteration 720 / LogL: -85415.262 / Time: 4h:50m:36s (0h:32m:20s left)
Iteration 730 / LogL: -85415.128 / Time: 4h:54m:56s (0h:28m:19s left)
Iteration 740 / LogL: -85465.367 / Time: 4h:59m:1s (0h:24m:16s left)
Iteration 750 / LogL: -85420.447 / Time: 5h:3m:10s (0h:20m:14s left)
Log-likelihood cutoff on original alignment: -85522.722
Iteration 760 / LogL: -85421.868 / Time: 5h:7m:15s (0h:16m:11s left)
Iteration 770 / LogL: -85445.715 / Time: 5h:11m:32s (0h:12m:9s left)
Iteration 780 / LogL: -85426.870 / Time: 5h:15m:47s (0h:8m:6s left)
Iteration 790 / LogL: -85416.321 / Time: 5h:20m:8s (0h:4m:3s left)
Iteration 800 / LogL: -85419.174 / Time: 5h:24m:9s (0h:0m:0s left)
Log-likelihood cutoff on original alignment: -85522.722
NOTE: Bootstrap correlation coefficient of split occurrence frequencies: 0.951
NOTE: UFBoot does not converge, continue at least 100 more iterations
Iteration 810 / LogL: -85423.388 / Time: 5h:28m:33s (0h:36m:33s left)
Iteration 820 / LogL: -85422.603 / Time: 5h:32m:48s (0h:32m:30s left)
Estimate model parameters (epsilon = 0.100)
BETTER TREE FOUND at iteration 827: -85409.726
Iteration 830 / LogL: -85421.458 / Time: 5h:36m:56s (0h:39m:25s left)
Iteration 840 / LogL: -85416.444 / Time: 5h:40m:46s (0h:35m:20s left)
Iteration 850 / LogL: -85425.745 / Time: 5h:44m:58s (0h:31m:17s left)
Log-likelihood cutoff on original alignment: -85522.722
Iteration 860 / LogL: -85421.029 / Time: 5h:49m:4s (0h:27m:13s left)
Iteration 870 / LogL: -85417.164 / Time: 5h:53m:25s (0h:23m:10s left)
Iteration 880 / LogL: -85415.396 / Time: 5h:57m:39s (0h:19m:7s left)
Iteration 890 / LogL: -85420.159 / Time: 6h:1m:56s (0h:15m:3s left)
Iteration 900 / LogL: -85412.925 / Time: 6h:6m:20s (0h:11m:0s left)
Log-likelihood cutoff on original alignment: -85522.722
NOTE: Bootstrap correlation coefficient of split occurrence frequencies: 0.949
NOTE: UFBoot does not converge, continue at least 100 more iterations
Iteration 910 / LogL: -85420.539 / Time: 6h:10m:22s (0h:36m:40s left)
Iteration 920 / LogL: -85424.293 / Time: 6h:14m:59s (0h:32m:38s left)
Iteration 930 / LogL: -85425.957 / Time: 6h:19m:14s (0h:28m:34s left)
Iteration 940 / LogL: -85422.861 / Time: 6h:23m:24s (0h:24m:29s left)
Iteration 950 / LogL: -85411.058 / Time: 6h:27m:38s (0h:20m:25s left)
Log-likelihood cutoff on original alignment: -85522.722
Estimate model parameters (epsilon = 0.100)
BETTER TREE FOUND at iteration 955: -85407.229
Iteration 960 / LogL: -85415.429 / Time: 6h:32m:9s (0h:38m:50s left)
Iteration 970 / LogL: -85415.687 / Time: 6h:36m:33s (0h:34m:47s left)
Iteration 980 / LogL: -85418.602 / Time: 6h:40m:46s (0h:30m:42s left)
Iteration 990 / LogL: -85418.121 / Time: 6h:45m:16s (0h:26m:38s left)
Iteration 1000 / LogL: -85417.454 / Time: 6h:49m:40s (0h:22m:33s left)
Log-likelihood cutoff on original alignment: -85522.722
NOTE: Bootstrap correlation coefficient of split occurrence frequencies: 0.979
NOTE: UFBoot does not converge, continue at least 100 more iterations
Estimate model parameters (epsilon = 0.100)
BETTER TREE FOUND at iteration 1001: -85404.338
WARNING: bootstrap analysis did not converge. You should rerun with higher number of iterations (-nm option)
TREE SEARCH COMPLETED AFTER 1001 ITERATIONS / Time: 6h:50m:18s

--------------------------------------------------------------------
|                    FINALIZING TREE SEARCH                        |
--------------------------------------------------------------------
Performs final model parameters optimization
Estimate model parameters (epsilon = 0.010)
1. Initial log-likelihood: -85404.338
Optimal log-likelihood: -85404.337
Site proportion and rates:  (0.039,0.092) (0.062,0.299) (0.174,0.528) (0.293,0.889) (0.431,1.451)
Parameters optimization took 1 rounds (3.159 sec)
BEST SCORE FOUND : -85404.337
Creating bootstrap support values...
Split supports printed to NEXUS file euk5_homs2.Nse1.linsi.iqtree.splits.nex
Total tree length: 212.282

Total number of iterations: 1001
CPU time used for tree search: 48185.122 sec (13h:23m:5s)
Wall-clock time used for tree search: 24587.803 sec (6h:49m:47s)
Total CPU time used: 48254.032 sec (13h:24m:14s)
Total wall-clock time used: 24622.929 sec (6h:50m:22s)

Computing bootstrap consensus tree...
Reading input file euk5_homs2.Nse1.linsi.iqtree.splits.nex...
157 taxa and 2619 splits.
Consensus tree written to euk5_homs2.Nse1.linsi.iqtree.contree
Reading input trees file euk5_homs2.Nse1.linsi.iqtree.contree
Log-likelihood of consensus tree: -85410.784

Analysis results written to: 
  IQ-TREE report:                euk5_homs2.Nse1.linsi.iqtree.iqtree
  Maximum-likelihood tree:       euk5_homs2.Nse1.linsi.iqtree.treefile
  Likelihood distances:          euk5_homs2.Nse1.linsi.iqtree.mldist

Ultrafast bootstrap approximation results written to:
  Split support values:          euk5_homs2.Nse1.linsi.iqtree.splits.nex
  Consensus tree:                euk5_homs2.Nse1.linsi.iqtree.contree
  Screen log file:               euk5_homs2.Nse1.linsi.iqtree.log

Date and Time: Mon Sep  5 19:52:02 2022
