IQ-TREE multicore version 2.0.3 for Linux 64-bit built Apr 26 2020
Developed by Bui Quang Minh, Nguyen Lam Tung, Olga Chernomor,
Heiko Schmidt, Dominik Schrempf, Michael Woodhams.

Host:    jolien-Precision-5820-Tower (AVX512, FMA3, 31 GB RAM)
Command: iqtree -s euk5_homs5.MAU2.linsi.bmge.fa -T 2 -B 1000 -m LG+R7 -pre euk5_homs5.MAU2.linsi.bmge.iqtree -nm 3000
Seed:    64644 (Using SPRNG - Scalable Parallel Random Number Generator)
Time:    Thu Sep  1 13:14:42 2022
Kernel:  AVX+FMA - 2 threads (16 CPU cores detected)

Reading alignment file euk5_homs5.MAU2.linsi.bmge.fa ... Fasta format detected
Alignment most likely contains protein sequences
Alignment has 407 sequences with 117 columns, 117 distinct patterns
117 parsimony-informative, 0 singleton sites, 0 constant sites
              Gap/Ambiguity  Composition  p-value
   1  SACCER005845   36.75%    passed     35.08%
   2  NEUCRA007040   26.50%    passed     94.62%
   3  SCHPOM000391   43.59%    passed     36.81%
   4  RHIIRR023939   20.51%    passed     61.92%
   5  SPIPUN003127   25.64%    passed     20.39%
   6  ACAPLA016442   25.64%    passed     28.87%
   7  DAPMAG026085   25.64%    passed     55.67%
   8  DANRER020799   41.88%    failed      2.05%
   9  MORVER010935   35.04%    passed      5.94%
  10  HOMSAP070437   37.61%    failed      0.23%
  11  HOMSAP052209   25.64%    passed      7.76%
  12  BASMER008362   30.77%    passed     57.84%
  13  DROMEL016122   25.64%    passed     46.24%
  14  BRABEL013389   25.64%    passed     46.68%
  15  IXOSCA002076   25.64%    passed     56.62%
  16  GONPRO008428   25.64%    passed     35.86%
  17  BOMMOR011060   30.77%    passed     21.20%
  18  CRAGIG020233   24.79%    passed     52.27%
  19  CHABRA029623   21.37%    passed     42.32%
  20  KLENIT008769   20.51%    passed     97.46%
  21  MARPOL013227   23.08%    passed     50.26%
  22  PTESPE016028   22.22%    passed     18.97%
  23  CYCPAN008231   23.08%    passed     90.20%
  24  NEPPYR008631   41.03%    passed     31.31%
  25  SCHMAN007464   17.95%    passed     86.74%
  26  NEMVEC005206   26.50%    passed     10.64%
  27  PHYPOL003667   25.64%    passed     39.77%
  28  CAPOWC004881   23.08%    passed     32.47%
  29  ARATHA037814   23.08%    passed      5.57%
  30  GEFOKE006819   24.79%    passed     57.16%
  31  ARCINT011276   23.08%    failed      1.18%
  32  GLOWIT022592   36.75%    passed     90.51%
  33  MICSPE000749   21.37%    passed     96.78%
  34  CHLATM003742   26.50%    passed      9.00%
  35  UMBRAM007353   60.68%    passed     58.33%
  36  RAPHET002016   29.91%    passed      8.96%
  37  PYGBIF007498   72.65%    passed     73.37%
  38  COEREV000755   40.17%    passed      6.34%
  39  DANRER020800   78.63%    passed     39.23%
  40  VERVER001457   36.75%    passed     14.57%
  41  POLPAL003937   73.50%    passed     76.77%
  42  CHOSPE005383   27.35%    passed      8.29%
  43  RAMBRE003432   38.46%    passed     15.94%
  44  TRIADH004539   46.15%    passed     39.87%
  45  MNELEI001912   83.76%    passed     87.05%
  46  RAMVAR013623   21.37%    passed     18.84%
  47  RIGRAM026835   29.06%    passed      5.17%
  48  CHLREI014418   24.79%    failed      0.79%
  49  OSTTAU003156   20.51%    passed     76.65%
  50  ALLMAC001818   35.90%    failed      0.00%
  51  LEUCOM061029   23.08%    passed     70.43%
  52  CHLVAR008306   30.77%    passed     20.28%
  53  MONNEG014568   36.75%    passed     16.87%
  54  PHAKIR014275   84.62%    passed     77.94%
  55  DIPROT033198   41.03%    failed      2.88%
  56  NEODAM000076   23.08%    failed      0.00%
  57  PAPANK015749   22.22%    passed     52.64%
  58  DIPROT033196   29.06%    passed     12.51%
  59  CREFRA000381   33.33%    passed     41.04%
  60  PERSPE003344   40.17%    passed     64.71%
  61  THETRA000263   41.88%    passed     64.09%
  62  ROZALL003331   56.41%    passed     52.21%
  63  GUITHE021507   12.82%    passed     25.45%
  64  APISPI050270   29.06%    passed     25.50%
  65  SORBIC037599   20.51%    passed     30.21%
  66  DANRER020802   44.44%    passed     43.74%
  67  DANRER020801   44.44%    passed     42.63%
  68  STRRAT003930   26.50%    passed     77.17%
  69  COLSPE010142   30.77%    passed     53.41%
  70  NEOSPE011022   21.37%    failed      4.15%
  71  PHAKIR005312   47.86%    failed      2.76%
  72  DICDIS011087   24.79%    failed      0.11%
  73  PERSWS005144   27.35%    passed     30.46%
  74  COCSUB000233   47.01%    passed     19.01%
  75  RAPHET002017   35.90%    passed     14.48%
  76  PRIPAC004834   36.75%    failed      4.20%
  77  CHRPER004040   24.79%    passed     29.20%
  78  BODSAL003418   29.06%    passed     36.30%
  79  AGABIS000049   35.04%    passed     77.54%
  80  MALJAK000727   52.14%    passed     66.81%
  81  ALLMAC009244   47.01%    passed      7.49%
  82  NEMVEC019838   19.66%    failed      3.00%
  83  PICSPE031778   47.86%    passed     52.93%
  84  BREMOT005972   64.96%    passed     26.33%
  85  RHOMAR011053   35.90%    passed     35.63%
  86  NUCSPE120529   52.99%    failed      0.40%
  87  PARATL008488   52.99%    failed      0.40%
  88  NAEFOW009246   67.52%    failed      0.00%
  89  ACACAS007633   46.15%    passed     29.33%
  90  CYAPAR016899   42.74%    passed     11.58%
  91  NEOSPE002848   62.39%    passed      6.21%
  92  GRACHO004105   31.62%    passed     56.52%
  93  BAFFRI056128   13.68%    passed     28.56%
  94  PLABRA009629   42.74%    passed     26.46%
  95  NEMVEC022313   40.17%    passed     14.29%
  96  NEMVEC022346   25.64%    failed      0.00%
  97  GEMCRY030195   62.39%    passed     52.88%
  98  BAFFRI027334   72.65%    passed     68.16%
  99  PARATL008485   74.36%    passed     21.76%
 100  MICMAR027924   72.65%    passed     31.82%
 101  MALJAK012612   79.49%    passed     76.24%
 102  NUCSPE120523   59.83%    failed      0.10%
 103  AURLIM010785   17.95%    failed      4.65%
 104  NEPPYR013497   82.91%    passed     84.07%
 105  PHYPOL000737   18.80%    passed     42.07%
 106  BAFFRI041633   71.79%    passed     39.32%
 107  HONFER001931   18.80%    passed     67.61%
 108  SYNPLU005170   76.07%    passed      7.96%
 109  UMBRAM007354   78.63%    passed     27.23%
 110  NEMVEC013927   44.44%    failed      0.38%
 111  MASBAL000545    2.56%    passed     29.16%
 112  NEMVEC018187   25.64%    failed      0.02%
 113  RHYHUM016820   67.52%    passed     42.19%
 114  CHRVEL008005   17.09%    failed      0.22%
 115  BAFFRI054845   29.91%    passed     90.83%
 116  NEMVEC011464   23.93%    failed      0.00%
 117  NEOSPE002847   68.38%    passed      7.45%
 118  NUTLON024305   82.91%    passed     21.80%
 119  TRIADH011479   12.82%    failed      0.80%
 120  CLAOKA019200   18.80%    failed      0.08%
 121  ROZALL004263   45.30%    failed      0.11%
 122  NEMVEC012831   33.33%    failed      0.00%
 123  GEMCRY009700   42.74%    passed     18.50%
 124  BRABEL004162   11.97%    passed     30.32%
 125  ENTSUL004322   66.67%    passed     39.22%
 126  EUGLON004314   24.79%    passed     53.21%
 127  ENTSUL040171   44.44%    passed     24.21%
 128  ENTSUL035281   54.70%    passed     87.04%
 129  NAEFOW009244   59.83%    passed     45.40%
 130  CRYNEO004943   28.21%    passed     94.65%
 131  POLPAL003938   70.94%    failed      3.77%
 132  VERVER013011   31.62%    passed     51.40%
 133  BAFFRI058775   54.70%    passed     62.53%
 134  CRYCOH035005   29.06%    passed     13.76%
 135  BRABEL014314   12.82%    passed     38.46%
 136  ACASPE022753   76.07%    failed      1.70%
 137  CLAOKA000496   33.33%    passed      5.62%
 138  DAPMAG007794   16.24%    failed      0.74%
 139  STECOE000552   28.21%    failed      0.69%
 140  PICSPE014209   18.80%    failed      0.07%
 141  CRAGIG001320   23.08%    passed     18.03%
 142  NEMVEC010525   28.21%    failed      1.57%
 143  PHATRI000750   17.95%    passed     41.18%
 144  CYAPAR015007   23.08%    passed     44.02%
 145  HONFER008647   17.95%    failed      0.49%
 146  ENTSUL028886   23.08%    passed     73.63%
 147  HONFER002174   18.80%    passed     32.38%
 148  RAMVAR000126   31.62%    failed      4.30%
 149  CRYCOH052019   37.61%    passed     65.84%
 150  SYMSPE016900   35.04%    passed     65.19%
 151  ANCTWI008751   27.35%    passed     19.54%
 152  CYAPAR020990   18.80%    failed      0.11%
 153  CRYCOH036948   31.62%    failed      0.00%
 154  ENTSUL006180   52.14%    passed     97.78%
 155  HONFER009061   18.80%    passed     40.92%
 156  TRIADH006133   43.59%    passed     76.25%
 157  HONFER002353   18.80%    passed     40.35%
 158  BRABEL007386   19.66%    passed     80.78%
 159  HONFER003300   29.91%    passed     92.31%
 160  CLAOKA008614   20.51%    failed      0.08%
 161  CRAGIG018268   36.75%    passed     49.71%
 162  COLVIE011843   35.90%    passed     62.25%
 163  RIGRAM024639   19.66%    passed     84.34%
 164  CARMEM006297   45.30%    passed     70.93%
 165  CYCPAN008300   76.92%    passed     77.69%
 166  ENTSUL012703   59.83%    failed      1.01%
 167  SALKVE002254   41.03%    passed     36.40%
 168  BRABEL034175   11.97%    passed     15.36%
 169  DIPROT015295   13.68%    passed     41.03%
 170  TETTHE018395   40.17%    failed      2.06%
 171  CLAOKA014580   11.97%    passed     26.78%
 172  MANPLA006687   43.59%    passed     33.32%
 173  MASBAL009549   36.75%    passed     21.46%
 174  PLAMIC005739   25.64%    passed     85.90%
 175  CRYCOH020472   32.48%    passed     20.72%
 176  GEFOKE014442   26.50%    passed     40.41%
 177  DIPROT036567   17.95%    passed     76.90%
 178  GEMCRY004818   32.48%    passed     45.08%
 179  CAULEN003646   15.38%    passed     97.78%
 180  PARPYR002233   38.46%    passed      6.59%
 181  BRABEL014516   16.24%    passed     74.34%
 182  HONFER004441   30.77%    passed     40.33%
 183  CHRPER000153   38.46%    failed      3.33%
 184  CLAOKA020865   28.21%    passed      9.63%
 185  GUITHE015264   11.11%    failed      0.78%
 186  HALSEO000157   11.11%    failed      0.64%
 187  PTESPE016031   82.91%    passed     18.25%
 188  SAPDIC010597   31.62%    passed     12.81%
 189  SYMSPE021411   29.06%    failed      2.07%
 190  ACAPLA032128   44.44%    passed     22.99%
 191  JAKBAH012916   47.86%    passed      8.66%
 192  ACAPLA019271   36.75%    passed     56.93%
 193  PLAMIC007630   82.91%    passed     34.85%
 194  PERSWS002014   41.88%    passed     71.10%
 195  NEPPYR023412   13.68%    failed      0.42%
 196  BODSAL010485   54.70%    passed     42.07%
 197  ACAPLA032118   44.44%    passed     10.43%
 198  RAMVAR014985   57.26%    passed     15.61%
 199  NEPPYR025177   47.01%    passed      8.16%
 200  ENTSUL050145   37.61%    failed      1.91%
 201  NEMVEC011459   75.21%    passed     71.23%
 202  ACASPE004769   41.88%    passed     65.35%
 203  TETTHE004382   43.59%    passed      6.23%
 204  MNELEI001911   92.31%    passed     70.24%
 205  MONBRE004647   46.15%    passed     45.78%
 206  ARCINT037002   31.62%    passed     11.58%
 207  RAMVAR012630   47.86%    passed     86.98%
 208  SALKVE013431   52.14%    passed     66.51%
 209  APISPI005788   21.37%    passed     60.57%
 210  TETTHE012274   17.09%    failed      0.04%
 211  HONFER004972   34.19%    passed     83.96%
 212  MICMAR135817   30.77%    passed     85.65%
 213  MICMAR035589   84.62%    passed     87.28%
 214  MALJAK022522   41.03%    passed     13.81%
 215  PHYPOL008115   39.32%    passed      9.10%
 216  BRABEL004684   44.44%    passed     20.70%
 217  HEMKUK003242   32.48%    passed     15.78%
 218  STECOE025369   30.77%    failed      0.00%
 219  PARTET022034   43.59%    passed      6.57%
 220  NUCSPE120525   48.72%    failed      0.00%
 221  MORVER005817   30.77%    passed     72.73%
 222  HALSEO004794   41.03%    passed      8.55%
 223  PARTET001541   43.59%    passed      6.57%
 224  BRABEL007656   50.43%    passed     20.08%
 225  GEFOKE017043   41.88%    passed     45.76%
 226  MALJAK007336   16.24%    passed     25.28%
 227  MARPOL004799   20.51%    passed     77.13%
 228  CHOSPE009398   29.91%    passed     26.36%
 229  MALJAK005345   16.24%    passed     12.71%
 230  PLAFUN006522   35.90%    passed     65.73%
 231  EUGLON015870   39.32%    passed     24.60%
 232  CLAOKA005168   37.61%    failed      2.61%
 233  PHYPOL000890   21.37%    passed     79.89%
 234  SALKVE018333   20.51%    passed     86.29%
 235  TRIADH010717   44.44%    passed     33.71%
 236  ENTSUL035279   62.39%    passed     38.80%
 237  DIPROT001717   24.79%    passed     25.65%
 238  ENTSUL009422   67.52%    passed     19.83%
 239  PHYINF006732   46.15%    passed     21.97%
 240  BAFFRI003661   50.43%    passed     84.75%
 241  CRAGIG023889   42.74%    passed      7.78%
 242  PRYPAR016253   39.32%    passed     36.51%
 243  VERVER000065   17.09%    passed     26.42%
 244  COLVIE011079   70.94%    passed     99.60%
 245  CRAGIG023898   42.74%    passed      7.78%
 246  NUTLON022909   50.43%    passed     89.19%
 247  CHOSPE002518    5.13%    passed     93.79%
 248  COCSUB008541   42.74%    passed      9.99%
 249  CYCPAN007082   47.86%    passed     99.53%
 250  PHAKIR004953   52.14%    passed     86.15%
 251  BRABEL005915   46.15%    failed      1.91%
 252  MICMAR064608   27.35%    passed     86.79%
 253  CHOSPE012176   44.44%    passed     15.32%
 254  MALJAK022740   48.72%    passed     79.30%
 255  MANPLA021323   46.15%    passed     32.78%
 256  MALJAK024179   37.61%    passed     43.93%
 257  CAULEN001703   47.86%    passed     31.64%
 258  AURLIM010285   23.08%    passed     19.37%
 259  PAUCHR005363   41.88%    passed     45.11%
 260  BRABEL007587   36.75%    passed     96.53%
 261  GUITHE020417   42.74%    passed     87.81%
 262  PLAFUN004639   15.38%    passed     32.53%
 263  GEFOKE025357   12.82%    passed     62.33%
 264  BIGNAT014179   88.89%    passed     15.10%
 265  CRAGIG014601   40.17%    passed      9.80%
 266  ENTSUL041337   81.20%    passed     77.32%
 267  ENTSUL040489   58.12%    passed     19.25%
 268  LEUCOM077335   40.17%    passed     54.43%
 269  EUGLON043652   78.63%    passed     30.73%
 270  SALKVE008510   32.48%    passed     95.69%
 271  ENTSUL046469   74.36%    passed     49.36%
 272  RHOMAR012063   21.37%    passed     53.68%
 273  CRYCOH034396   47.01%    passed     12.87%
 274  VERVER002207   59.83%    passed     83.76%
 275  NEODAM008907   35.04%    failed      1.49%
 276  GLOWIT011498   20.51%    passed     10.08%
 277  ENTSUL009721   67.52%    passed     31.18%
 278  EUGLON029764   41.88%    passed     50.12%
 279  CHRPER005243   30.77%    passed     41.41%
 280  OXYTRI003847   32.48%    failed      1.93%
 281  STEHIS011628   32.48%    failed      1.93%
 282  CHRVEL005106   23.93%    passed     54.82%
 283  CYAPAR024542   38.46%    passed     39.36%
 284  CIOINT007426   44.44%    passed      9.36%
 285  TETTHE005677   25.64%    passed      9.73%
 286  CLAOKA008920   46.15%    passed     96.30%
 287  COCSUB004682   77.78%    passed     65.96%
 288  MALJAK021849   76.92%    passed     15.03%
 289  EUGLON038688   49.57%    passed     64.50%
 290  MALJAK009395   12.82%    passed     94.66%
 291  GEMCRY020526   24.79%    passed     91.85%
 292  PARTET028708   46.15%    failed      3.66%
 293  MALJAK005420   44.44%    passed     53.63%
 294  PERSPE002751   25.64%    passed     93.83%
 295  MASSPE011548    9.40%    passed      5.60%
 296  GEMCRY016608   47.01%    failed      0.00%
 297  VITBRA011335   47.86%    passed     42.90%
 298  MATSPE024391   62.39%    passed     32.94%
 299  PTESPE016209   33.33%    failed      0.62%
 300  HEMPHA045980   47.01%    passed     50.82%
 301  ENTSUL013390   37.61%    passed      9.93%
 302  MALJAK001046   12.82%    passed     93.63%
 303  ENTSUL035273   67.52%    passed     52.02%
 304  HONFER005426   22.22%    passed     91.56%
 305  KLENIT003982   30.77%    passed     32.08%
 306  CHASUB000559   38.46%    passed     79.32%
 307  PICSPE053357   29.06%    passed     10.26%
 308  COLVIE017456   46.15%    failed      1.01%
 309  CRAGIG013707   18.80%    passed     40.99%
 310  ENTSUL025005   78.63%    passed     65.50%
 311  PERMAR008035   38.46%    failed      1.06%
 312  NEMVEC016458   58.97%    failed      3.92%
 313  CRYCOH031149   65.81%    passed     21.01%
 314  ENTSUL004710   54.70%    passed     17.75%
 315  CLAOKA000688   49.57%    passed     47.75%
 316  HOMSAP074594   47.86%    passed     41.49%
 317  RHOMAR004513   48.72%    passed     36.80%
 318  PARPYR004760   64.10%    passed     55.25%
 319  PYGBIF000376   60.68%    failed      3.72%
 320  PARTET036197   48.72%    passed     84.31%
 321  LENLIM011070   77.78%    passed     77.83%
 322  CHOSPE039666   41.88%    passed     74.87%
 323  MICSPE003913   43.59%    failed      3.99%
 324  PAUCHR008092   53.85%    failed      1.91%
 325  HONFER004370   42.74%    passed      7.64%
 326  HALSEO003879   55.56%    failed      1.85%
 327  CHOSPE011130   55.56%    passed     21.38%
 328  HOMSAP033061   30.77%    passed     29.34%
 329  PTESPE000399   35.90%    passed     13.78%
 330  MALJAK007173   76.92%    passed     15.03%
 331  MASSPE005852   61.54%    passed      5.22%
 332  CRYCOH025203   47.01%    passed     25.10%
 333  NEODAM012151   64.10%    passed     44.34%
 334  PARTET025210   46.15%    failed      0.54%
 335  AGABIS005130   45.30%    passed     14.65%
 336  CHASUB004179   82.05%    passed     33.73%
 337  SYMSPE040081   27.35%    passed     77.98%
 338  GUITHE011058   28.21%    passed     74.44%
 339  ACAPLA015508   36.75%    passed     55.80%
 340  NEMVEC020621   47.01%    passed     37.44%
 341  EUGLON033358   27.35%    passed      6.11%
 342  RHOMAR000278    1.71%    passed     78.06%
 343  ANCTWI033270   78.63%    passed     38.07%
 344  PTESPE009908   54.70%    passed     37.66%
 345  GONPAC023971   47.86%    passed     69.11%
 346  HALSPE014244   44.44%    passed     31.26%
 347  GEMCRY018038   75.21%    passed     52.89%
 348  COLVIE002704   58.12%    passed     52.26%
 349  CHRVEL020482   23.93%    passed     63.88%
 350  LENLIM003752   80.34%    passed     71.76%
 351  SYMSPE059002   42.74%    passed      6.81%
 352  PHATRI002370   38.46%    passed     37.85%
 353  JAKBAH003180   33.33%    passed     13.88%
 354  ENTSUL034664   65.81%    failed      4.89%
 355  TELSUB036524   47.01%    passed     68.80%
 356  ACAPLA013767   36.75%    passed      6.31%
 357  SYMSPE002243   47.86%    passed     91.14%
 358  CRAGIG001218   46.15%    passed     47.86%
 359  HONFER006059   29.91%    passed     97.76%
 360  BAFFRI058641   47.86%    passed     65.13%
 361  HYPCAT017413   79.49%    passed     60.66%
 362  ANAIGN006797   41.03%    passed     19.90%
 363  GALSUL006984   42.74%    passed     54.02%
 364  PLABRA004905   47.86%    passed     98.70%
 365  LEUCOM060295   62.39%    passed     54.70%
 366  ENTSUL041701   73.50%    passed     40.64%
 367  GEPOCE033558   46.15%    passed     62.04%
 368  NEPPYR010140   21.37%    passed     82.32%
 369  ENTSUL009830   34.19%    passed     75.29%
 370  PLAFUN011485   49.57%    passed     66.43%
 371  OXYTRI017238   45.30%    passed     21.07%
 372  STEHIS008214   45.30%    passed     21.07%
 373  CYAPAR010518   53.85%    passed     93.25%
 374  PLABRA002474   46.15%    failed      1.92%
 375  SORBIC030743   62.39%    passed     49.45%
 376  COLSPE015125   48.72%    failed      0.83%
 377  SYMSPE003647   75.21%    passed     61.02%
 378  CARMEM000745   47.86%    passed     47.92%
 379  COLSPE021521   83.76%    passed     93.42%
 380  NUTLON006426   47.01%    passed     31.52%
 381  MICSPE002965   42.74%    passed     23.54%
 382  SPIPUN005389   40.17%    passed     31.49%
 383  CHOSPE018803   76.92%    passed     16.19%
 384  LEPVOR035812   73.50%    passed     23.96%
 385  GLOWIT014919   55.56%    passed     38.89%
 386  PAPANK036661   51.28%    passed     39.14%
 387  ACASPE024863   78.63%    passed     59.51%
 388  HEMSPE025712   38.46%    passed     61.43%
 389  GALSUL005998   55.56%    passed     23.90%
 390  CHASUB007933   52.99%    passed     53.89%
 391  HEMPHA061558   53.85%    passed     24.35%
 392  GEFOKE012445   49.57%    passed     14.37%
 393  HYPCAT016301   29.06%    passed     40.83%
 394  LEPVOR013084   37.61%    passed     18.99%
 395  SALKVE010131   51.28%    passed     56.80%
 396  ACASPE003224   41.88%    passed     92.86%
 397  CRYCOH035098   48.72%    passed     63.01%
 398  RUSMAR010073   68.38%    passed     41.87%
 399  MORVER010946   92.31%    passed     82.67%
 400  RIGRAM028592   54.70%    passed     10.65%
 401  COLVIE017642   73.50%    failed      3.11%
 402  GONPAC015232   52.99%    passed     34.02%
 403  RUSMAR003508   58.97%    passed     54.71%
 404  RIGRAM024291   80.34%    passed     43.53%
 405  HONFER011107   57.26%    passed     94.26%
 406  MANPLA014683   94.87%    passed     69.79%
 407  PLATAR016453   44.44%    passed     75.73%
WARNING: 106 sequences contain more than 50% gaps/ambiguity
****  TOTAL          41.76%  68 sequences failed composition chi2 test (p-value<5%; df=19)
NOTE: PARATL008488 is identical to NUCSPE120529 but kept for subsequent analysis
NOTE: PARTET001541 is identical to PARTET022034 but kept for subsequent analysis
NOTE: CRAGIG023898 is identical to CRAGIG023889 but kept for subsequent analysis
NOTE: STEHIS011628 is identical to OXYTRI003847 but kept for subsequent analysis
NOTE: MALJAK007173 is identical to MALJAK021849 but kept for subsequent analysis
NOTE: STEHIS008214 is identical to OXYTRI017238 but kept for subsequent analysis

Create initial parsimony tree by phylogenetic likelihood library (PLL)... 0.076 seconds
Generating 1000 samples for ultrafast bootstrap (seed: 64644)...

NOTE: 62 MB RAM (0 GB) is required!
Estimate model parameters (epsilon = 0.100)
1. Initial log-likelihood: -55624.590
2. Current log-likelihood: -53628.255
3. Current log-likelihood: -53560.385
4. Current log-likelihood: -53556.401
5. Current log-likelihood: -53551.421
6. Current log-likelihood: -53547.770
7. Current log-likelihood: -53539.524
8. Current log-likelihood: -53465.158
9. Current log-likelihood: -53461.078
Optimal log-likelihood: -53460.927
Site proportion and rates:  (0.000,0.206) (0.038,0.207) (0.090,0.411) (0.160,0.633) (0.403,0.923) (0.181,1.304) (0.127,1.927)
Parameters optimization took 9 rounds (9.703 sec)
Computing ML distances based on estimated model parameters... 24.844 sec
WARNING: Some pairwise ML distances are too long (saturated)
Computing BIONJ tree...
0.104 seconds
Log-likelihood of BIONJ tree: -52908.087
--------------------------------------------------------------------
|             INITIALIZING CANDIDATE TREE SET                      |
--------------------------------------------------------------------
Generating 98 parsimony trees... 10.160 second
Computing log-likelihood of 98 initial trees ... 18.362 seconds
Current best score: -52908.087

Do NNI search on 20 best initial trees
Estimate model parameters (epsilon = 0.100)
BETTER TREE FOUND at iteration 1: -52584.762
Iteration 10 / LogL: -52759.113 / Time: 0h:4m:5s
Iteration 20 / LogL: -52738.519 / Time: 0h:7m:12s
Finish initializing candidate tree set (20)
Current best tree score: -52584.762 / CPU time: 407.734
Number of iterations: 20
--------------------------------------------------------------------
|               OPTIMIZING CANDIDATE TREE SET                      |
--------------------------------------------------------------------
Estimate model parameters (epsilon = 0.100)
BETTER TREE FOUND at iteration 22: -52510.678
Estimate model parameters (epsilon = 0.100)
BETTER TREE FOUND at iteration 27: -52504.039
Estimate model parameters (epsilon = 0.100)
BETTER TREE FOUND at iteration 28: -52489.650
Estimate model parameters (epsilon = 0.100)
BETTER TREE FOUND at iteration 29: -52442.327
Iteration 30 / LogL: -52445.077 / Time: 0h:9m:19s (0h:31m:50s left)
Estimate model parameters (epsilon = 0.100)
BETTER TREE FOUND at iteration 32: -52394.402
Estimate model parameters (epsilon = 0.100)
BETTER TREE FOUND at iteration 35: -52384.936
Estimate model parameters (epsilon = 0.100)
BETTER TREE FOUND at iteration 36: -52362.787
Iteration 40 / LogL: -52369.184 / Time: 0h:11m:7s (0h:27m:21s left)
Estimate model parameters (epsilon = 0.100)
BETTER TREE FOUND at iteration 43: -52344.470
Estimate model parameters (epsilon = 0.100)
BETTER TREE FOUND at iteration 44: -52340.524
Estimate model parameters (epsilon = 0.100)
BETTER TREE FOUND at iteration 46: -52339.128
Estimate model parameters (epsilon = 0.100)
BETTER TREE FOUND at iteration 49: -52328.099
Estimate model parameters (epsilon = 0.100)
BETTER TREE FOUND at iteration 50: -52326.850
Iteration 50 / LogL: -52326.850 / Time: 0h:12m:48s (0h:26m:8s left)
Log-likelihood cutoff on original alignment: -52525.960
Estimate model parameters (epsilon = 0.100)
BETTER TREE FOUND at iteration 52: -52310.932
Estimate model parameters (epsilon = 0.100)
BETTER TREE FOUND at iteration 54: -52310.061
Estimate model parameters (epsilon = 0.100)
BETTER TREE FOUND at iteration 57: -52305.663
Iteration 60 / LogL: -52317.220 / Time: 0h:14m:23s (0h:23m:39s left)
Estimate model parameters (epsilon = 0.100)
BETTER TREE FOUND at iteration 62: -52302.263
Estimate model parameters (epsilon = 0.100)
BETTER TREE FOUND at iteration 65: -52295.210
Estimate model parameters (epsilon = 0.100)
BETTER TREE FOUND at iteration 70: -52288.535
Iteration 70 / LogL: -52288.535 / Time: 0h:16m:6s (0h:23m:19s left)
Estimate model parameters (epsilon = 0.100)
BETTER TREE FOUND at iteration 74: -52287.071
Estimate model parameters (epsilon = 0.100)
BETTER TREE FOUND at iteration 80: -52286.774
Iteration 80 / LogL: -52286.774 / Time: 0h:17m:42s (0h:22m:24s left)
Estimate model parameters (epsilon = 0.100)
BETTER TREE FOUND at iteration 84: -52283.059
Estimate model parameters (epsilon = 0.100)
BETTER TREE FOUND at iteration 85: -52281.245
Iteration 90 / LogL: -52281.500 / Time: 0h:19m:19s (0h:20m:37s left)
Estimate model parameters (epsilon = 0.100)
BETTER TREE FOUND at iteration 93: -52271.233
Estimate model parameters (epsilon = 0.100)
BETTER TREE FOUND at iteration 94: -52265.889
Estimate model parameters (epsilon = 0.100)
BETTER TREE FOUND at iteration 100: -52258.156
Iteration 100 / LogL: -52258.156 / Time: 0h:20m:59s (0h:21m:12s left)
Log-likelihood cutoff on original alignment: -52519.651
NOTE: Bootstrap correlation coefficient of split occurrence frequencies: 0.703
NOTE: UFBoot does not converge, continue at least 100 more iterations
Estimate model parameters (epsilon = 0.100)
BETTER TREE FOUND at iteration 102: -52255.888
Estimate model parameters (epsilon = 0.100)
BETTER TREE FOUND at iteration 108: -52245.914
Iteration 110 / LogL: -52280.027 / Time: 0h:22m:28s (0h:20m:12s left)
Estimate model parameters (epsilon = 0.100)
BETTER TREE FOUND at iteration 113: -52245.368
Estimate model parameters (epsilon = 0.100)
BETTER TREE FOUND at iteration 120: -52235.872
Iteration 120 / LogL: -52235.872 / Time: 0h:23m:58s (0h:20m:8s left)
Estimate model parameters (epsilon = 0.100)
BETTER TREE FOUND at iteration 125: -52233.632
Estimate model parameters (epsilon = 0.100)
BETTER TREE FOUND at iteration 128: -52228.285
Iteration 130 / LogL: -52243.980 / Time: 0h:25m:28s (0h:19m:21s left)
Estimate model parameters (epsilon = 0.100)
BETTER TREE FOUND at iteration 136: -52228.072
Iteration 140 / LogL: -52236.589 / Time: 0h:26m:50s (0h:18m:32s left)
Estimate model parameters (epsilon = 0.100)
BETTER TREE FOUND at iteration 144: -52224.466
Estimate model parameters (epsilon = 0.100)
BETTER TREE FOUND at iteration 148: -52223.388
Iteration 150 / LogL: -52237.982 / Time: 0h:28m:13s (0h:18m:33s left)
Log-likelihood cutoff on original alignment: -52352.061
Estimate model parameters (epsilon = 0.100)
BETTER TREE FOUND at iteration 159: -52213.088
Estimate model parameters (epsilon = 0.100)
BETTER TREE FOUND at iteration 160: -52211.861
Iteration 160 / LogL: -52211.861 / Time: 0h:29m:37s (0h:18m:37s left)
Estimate model parameters (epsilon = 0.100)
BETTER TREE FOUND at iteration 165: -52209.115
Iteration 170 / LogL: -52216.355 / Time: 0h:30m:57s (0h:17m:24s left)
Estimate model parameters (epsilon = 0.100)
BETTER TREE FOUND at iteration 172: -52206.127
Estimate model parameters (epsilon = 0.100)
BETTER TREE FOUND at iteration 174: -52203.020
Estimate model parameters (epsilon = 0.100)
BETTER TREE FOUND at iteration 177: -52197.959
Iteration 180 / LogL: -52214.979 / Time: 0h:32m:30s (0h:17m:36s left)
Estimate model parameters (epsilon = 0.100)
BETTER TREE FOUND at iteration 183: -52195.362
Estimate model parameters (epsilon = 0.100)
BETTER TREE FOUND at iteration 189: -52192.109
Estimate model parameters (epsilon = 0.100)
BETTER TREE FOUND at iteration 190: -52188.309
Iteration 190 / LogL: -52188.309 / Time: 0h:34m:1s (0h:18m:0s left)
Estimate model parameters (epsilon = 0.100)
BETTER TREE FOUND at iteration 192: -52185.200
Estimate model parameters (epsilon = 0.100)
BETTER TREE FOUND at iteration 196: -52184.996
Iteration 200 / LogL: -52185.447 / Time: 0h:35m:27s (0h:17m:6s left)
Log-likelihood cutoff on original alignment: -52317.186
NOTE: Bootstrap correlation coefficient of split occurrence frequencies: 0.634
NOTE: UFBoot does not converge, continue at least 100 more iterations
Estimate model parameters (epsilon = 0.100)
BETTER TREE FOUND at iteration 203: -52167.365
Estimate model parameters (epsilon = 0.100)
BETTER TREE FOUND at iteration 205: -52160.978
Iteration 210 / LogL: -52199.447 / Time: 0h:37m:5s (0h:16m:51s left)
Estimate model parameters (epsilon = 0.100)
BETTER TREE FOUND at iteration 211: -52157.696
Estimate model parameters (epsilon = 0.100)
BETTER TREE FOUND at iteration 220: -52153.162
Iteration 220 / LogL: -52153.162 / Time: 0h:38m:31s (0h:17m:35s left)
Estimate model parameters (epsilon = 0.100)
BETTER TREE FOUND at iteration 225: -52149.718
Estimate model parameters (epsilon = 0.100)
BETTER TREE FOUND at iteration 230: -52149.131
Iteration 230 / LogL: -52149.131 / Time: 0h:40m:3s (0h:17m:29s left)
Estimate model parameters (epsilon = 0.100)
BETTER TREE FOUND at iteration 238: -52146.994
Iteration 240 / LogL: -52155.462 / Time: 0h:41m:28s (0h:17m:0s left)
Iteration 250 / LogL: -52152.723 / Time: 0h:42m:52s (0h:15m:9s left)
Log-likelihood cutoff on original alignment: -52309.059
Estimate model parameters (epsilon = 0.100)
BETTER TREE FOUND at iteration 260: -52143.839
Iteration 260 / LogL: -52143.839 / Time: 0h:44m:30s (0h:17m:11s left)
Estimate model parameters (epsilon = 0.100)
BETTER TREE FOUND at iteration 267: -52141.254
Iteration 270 / LogL: -52154.253 / Time: 0h:45m:57s (0h:16m:34s left)
Estimate model parameters (epsilon = 0.100)
BETTER TREE FOUND at iteration 278: -52139.895
Iteration 280 / LogL: -52152.456 / Time: 0h:47m:24s (0h:16m:39s left)
Estimate model parameters (epsilon = 0.100)
BETTER TREE FOUND at iteration 288: -52131.503
Iteration 290 / LogL: -52152.568 / Time: 0h:48m:51s (0h:16m:34s left)
Estimate model parameters (epsilon = 0.100)
BETTER TREE FOUND at iteration 292: -52131.065
Estimate model parameters (epsilon = 0.100)
BETTER TREE FOUND at iteration 294: -52130.279
Iteration 300 / LogL: -52132.011 / Time: 0h:50m:12s (0h:15m:46s left)
Log-likelihood cutoff on original alignment: -52276.632
NOTE: Bootstrap correlation coefficient of split occurrence frequencies: 0.672
NOTE: UFBoot does not converge, continue at least 100 more iterations
Estimate model parameters (epsilon = 0.100)
BETTER TREE FOUND at iteration 307: -52126.542
Iteration 310 / LogL: -52159.651 / Time: 0h:51m:30s (0h:16m:10s left)
Iteration 320 / LogL: -52129.334 / Time: 0h:52m:48s (0h:14m:23s left)
Iteration 330 / LogL: -52137.003 / Time: 0h:53m:58s (0h:12m:37s left)
Estimate model parameters (epsilon = 0.100)
BETTER TREE FOUND at iteration 332: -52125.205
Estimate model parameters (epsilon = 0.100)
BETTER TREE FOUND at iteration 335: -52123.625
Iteration 340 / LogL: -52128.397 / Time: 0h:55m:17s (0h:15m:29s left)
Iteration 350 / LogL: -52135.407 / Time: 0h:56m:29s (0h:13m:45s left)
Log-likelihood cutoff on original alignment: -52276.632
Iteration 360 / LogL: -52132.823 / Time: 0h:57m:46s (0h:12m:4s left)
Estimate model parameters (epsilon = 0.100)
BETTER TREE FOUND at iteration 364: -52122.117
Estimate model parameters (epsilon = 0.100)
BETTER TREE FOUND at iteration 369: -52116.693
Iteration 370 / LogL: -52120.592 / Time: 0h:59m:5s (0h:15m:51s left)
Iteration 380 / LogL: -52127.014 / Time: 1h:0m:25s (0h:14m:11s left)
Iteration 390 / LogL: -52123.572 / Time: 1h:1m:39s (0h:12m:31s left)
Iteration 400 / LogL: -52126.447 / Time: 1h:2m:56s (0h:10m:53s left)
Log-likelihood cutoff on original alignment: -52263.715
NOTE: Bootstrap correlation coefficient of split occurrence frequencies: 0.728
NOTE: UFBoot does not converge, continue at least 100 more iterations
Estimate model parameters (epsilon = 0.100)
BETTER TREE FOUND at iteration 405: -52115.746
Iteration 410 / LogL: -52124.641 / Time: 1h:4m:27s (0h:14m:58s left)
Estimate model parameters (epsilon = 0.100)
BETTER TREE FOUND at iteration 413: -52109.856
Iteration 420 / LogL: -52114.725 / Time: 1h:5m:49s (0h:14m:36s left)
Estimate model parameters (epsilon = 0.100)
BETTER TREE FOUND at iteration 424: -52109.509
Estimate model parameters (epsilon = 0.100)
BETTER TREE FOUND at iteration 427: -52105.784
Iteration 430 / LogL: -52118.733 / Time: 1h:7m:18s (0h:15m:13s left)
Estimate model parameters (epsilon = 0.100)
BETTER TREE FOUND at iteration 438: -52105.607
Iteration 440 / LogL: -52113.284 / Time: 1h:8m:40s (0h:15m:19s left)
Iteration 450 / LogL: -52110.021 / Time: 1h:10m:1s (0h:13m:43s left)
Log-likelihood cutoff on original alignment: -52263.715
Iteration 460 / LogL: -52113.356 / Time: 1h:11m:16s (0h:12m:6s left)
Iteration 470 / LogL: -52115.081 / Time: 1h:12m:34s (0h:10m:31s left)
Estimate model parameters (epsilon = 0.100)
BETTER TREE FOUND at iteration 479: -52105.370
Iteration 480 / LogL: -52120.912 / Time: 1h:13m:56s (0h:15m:16s left)
Estimate model parameters (epsilon = 0.100)
BETTER TREE FOUND at iteration 487: -52105.117
Iteration 490 / LogL: -52110.359 / Time: 1h:15m:18s (0h:14m:56s left)
Estimate model parameters (epsilon = 0.100)
BETTER TREE FOUND at iteration 498: -52098.468
Iteration 500 / LogL: -52115.869 / Time: 1h:16m:41s (0h:15m:3s left)
Log-likelihood cutoff on original alignment: -52263.715
NOTE: Bootstrap correlation coefficient of split occurrence frequencies: 0.794
NOTE: UFBoot does not converge, continue at least 100 more iterations
Estimate model parameters (epsilon = 0.100)
BETTER TREE FOUND at iteration 502: -52097.207
Estimate model parameters (epsilon = 0.100)
BETTER TREE FOUND at iteration 507: -52095.795
Estimate model parameters (epsilon = 0.100)
BETTER TREE FOUND at iteration 509: -52095.519
Iteration 510 / LogL: -52097.116 / Time: 1h:18m:9s (0h:15m:12s left)
Estimate model parameters (epsilon = 0.100)
BETTER TREE FOUND at iteration 514: -52090.358
Iteration 520 / LogL: -52099.137 / Time: 1h:19m:24s (0h:14m:22s left)
Estimate model parameters (epsilon = 0.100)
BETTER TREE FOUND at iteration 528: -52087.941
Iteration 530 / LogL: -52098.650 / Time: 1h:20m:45s (0h:14m:57s left)
Estimate model parameters (epsilon = 0.100)
BETTER TREE FOUND at iteration 536: -52087.183
Estimate model parameters (epsilon = 0.100)
BETTER TREE FOUND at iteration 539: -52083.602
Iteration 540 / LogL: -52101.608 / Time: 1h:22m:12s (0h:15m:6s left)
Estimate model parameters (epsilon = 0.100)
BETTER TREE FOUND at iteration 550: -52076.253
Iteration 550 / LogL: -52076.253 / Time: 1h:23m:29s (0h:15m:12s left)
Log-likelihood cutoff on original alignment: -52204.379
Iteration 560 / LogL: -52086.944 / Time: 1h:24m:54s (0h:13m:40s left)
Iteration 570 / LogL: -52110.862 / Time: 1h:26m:14s (0h:12m:7s left)
Iteration 580 / LogL: -52080.430 / Time: 1h:27m:46s (0h:10m:36s left)
Estimate model parameters (epsilon = 0.100)
BETTER TREE FOUND at iteration 582: -52074.973
Iteration 590 / LogL: -52093.010 / Time: 1h:29m:9s (0h:13m:55s left)
Estimate model parameters (epsilon = 0.100)
BETTER TREE FOUND at iteration 595: -52072.370
Iteration 600 / LogL: -52082.208 / Time: 1h:30m:36s (0h:14m:22s left)
Log-likelihood cutoff on original alignment: -52204.379
NOTE: Bootstrap correlation coefficient of split occurrence frequencies: 0.765
NOTE: UFBoot does not converge, continue at least 100 more iterations
Iteration 610 / LogL: -52090.317 / Time: 1h:31m:56s (0h:13m:35s left)
Iteration 620 / LogL: -52082.510 / Time: 1h:33m:18s (0h:12m:3s left)
Iteration 630 / LogL: -52073.078 / Time: 1h:34m:36s (0h:10m:31s left)
Iteration 640 / LogL: -52084.550 / Time: 1h:35m:51s (0h:8m:59s left)
Iteration 650 / LogL: -52078.432 / Time: 1h:37m:9s (0h:7m:29s left)
Log-likelihood cutoff on original alignment: -52204.379
Iteration 660 / LogL: -52085.926 / Time: 1h:38m:27s (0h:5m:58s left)
Iteration 670 / LogL: -52080.797 / Time: 1h:39m:50s (0h:4m:28s left)
Estimate model parameters (epsilon = 0.100)
BETTER TREE FOUND at iteration 672: -52070.523
Estimate model parameters (epsilon = 0.100)
BETTER TREE FOUND at iteration 678: -52070.318
Iteration 680 / LogL: -52070.733 / Time: 1h:41m:12s (0h:14m:36s left)
Estimate model parameters (epsilon = 0.100)
BETTER TREE FOUND at iteration 689: -52069.393
Iteration 690 / LogL: -52071.537 / Time: 1h:42m:34s (0h:14m:44s left)
Estimate model parameters (epsilon = 0.100)
BETTER TREE FOUND at iteration 696: -52069.309
Iteration 700 / LogL: -52074.717 / Time: 1h:43m:57s (0h:14m:16s left)
Log-likelihood cutoff on original alignment: -52204.379
NOTE: Bootstrap correlation coefficient of split occurrence frequencies: 0.759
NOTE: UFBoot does not converge, continue at least 100 more iterations
Iteration 710 / LogL: -52081.625 / Time: 1h:45m:24s (0h:13m:22s left)
Estimate model parameters (epsilon = 0.100)
BETTER TREE FOUND at iteration 719: -52066.727
Iteration 720 / LogL: -52071.177 / Time: 1h:46m:46s (0h:14m:42s left)
Estimate model parameters (epsilon = 0.100)
BETTER TREE FOUND at iteration 724: -52065.532
Iteration 730 / LogL: -52073.829 / Time: 1h:48m:8s (0h:13m:56s left)
Iteration 740 / LogL: -52108.393 / Time: 1h:49m:32s (0h:12m:27s left)
Iteration 750 / LogL: -52085.310 / Time: 1h:50m:54s (0h:10m:57s left)
Log-likelihood cutoff on original alignment: -52204.379
Estimate model parameters (epsilon = 0.100)
BETTER TREE FOUND at iteration 755: -52064.174
Iteration 760 / LogL: -52073.000 / Time: 1h:52m:21s (0h:14m:3s left)
Iteration 770 / LogL: -52080.820 / Time: 1h:53m:42s (0h:12m:34s left)
Iteration 780 / LogL: -52073.393 / Time: 1h:55m:9s (0h:11m:5s left)
Iteration 790 / LogL: -52073.268 / Time: 1h:56m:34s (0h:9m:36s left)
Iteration 800 / LogL: -52068.846 / Time: 1h:57m:53s (0h:8m:6s left)
Log-likelihood cutoff on original alignment: -52204.379
NOTE: Bootstrap correlation coefficient of split occurrence frequencies: 0.789
NOTE: UFBoot does not converge, continue at least 100 more iterations
Estimate model parameters (epsilon = 0.100)
BETTER TREE FOUND at iteration 807: -52061.569
Iteration 810 / LogL: -52074.061 / Time: 1h:59m:21s (0h:14m:18s left)
Iteration 820 / LogL: -52068.230 / Time: 2h:0m:43s (0h:12m:49s left)
Iteration 830 / LogL: -52075.346 / Time: 2h:2m:7s (0h:11m:20s left)
Iteration 840 / LogL: -52066.622 / Time: 2h:3m:28s (0h:9m:51s left)
Iteration 850 / LogL: -52076.381 / Time: 2h:4m:52s (0h:8m:23s left)
Log-likelihood cutoff on original alignment: -52200.325
Iteration 860 / LogL: -52082.953 / Time: 2h:6m:15s (0h:6m:54s left)
Iteration 870 / LogL: -52067.933 / Time: 2h:7m:37s (0h:5m:26s left)
Iteration 880 / LogL: -52068.277 / Time: 2h:8m:57s (0h:3m:57s left)
Iteration 890 / LogL: -52075.149 / Time: 2h:10m:18s (0h:2m:29s left)
Iteration 900 / LogL: -52073.682 / Time: 2h:11m:37s (0h:1m:1s left)
Log-likelihood cutoff on original alignment: -52200.325
NOTE: Bootstrap correlation coefficient of split occurrence frequencies: 0.828
NOTE: UFBoot does not converge, continue at least 100 more iterations
Iteration 910 / LogL: -52066.640 / Time: 2h:13m:3s (0h:13m:10s left)
Iteration 920 / LogL: -52066.241 / Time: 2h:14m:28s (0h:11m:42s left)
Iteration 930 / LogL: -52071.230 / Time: 2h:15m:49s (0h:10m:14s left)
Iteration 940 / LogL: -52072.763 / Time: 2h:17m:11s (0h:8m:45s left)
Estimate model parameters (epsilon = 0.100)
BETTER TREE FOUND at iteration 941: -52061.250
Iteration 950 / LogL: -52069.620 / Time: 2h:18m:33s (0h:13m:17s left)
Log-likelihood cutoff on original alignment: -52200.325
Iteration 960 / LogL: -52066.423 / Time: 2h:19m:53s (0h:11m:48s left)
Iteration 970 / LogL: -52067.725 / Time: 2h:21m:16s (0h:10m:21s left)
Estimate model parameters (epsilon = 0.100)
BETTER TREE FOUND at iteration 974: -52060.098
Iteration 980 / LogL: -52071.320 / Time: 2h:22m:39s (0h:13m:41s left)
Iteration 990 / LogL: -52069.685 / Time: 2h:24m:3s (0h:12m:14s left)
Iteration 1000 / LogL: -52080.487 / Time: 2h:25m:30s (0h:10m:46s left)
Log-likelihood cutoff on original alignment: -52200.325
NOTE: Bootstrap correlation coefficient of split occurrence frequencies: 0.835
NOTE: UFBoot does not converge, continue at least 100 more iterations
Iteration 1010 / LogL: -52092.369 / Time: 2h:26m:54s (0h:13m:6s left)
Iteration 1020 / LogL: -52064.785 / Time: 2h:28m:15s (0h:11m:38s left)
Iteration 1030 / LogL: -52068.919 / Time: 2h:29m:38s (0h:10m:10s left)
Estimate model parameters (epsilon = 0.100)
BETTER TREE FOUND at iteration 1034: -52058.283
Iteration 1040 / LogL: -52066.171 / Time: 2h:31m:3s (0h:13m:39s left)
Iteration 1050 / LogL: -52063.527 / Time: 2h:32m:28s (0h:12m:12s left)
Log-likelihood cutoff on original alignment: -52200.325
Iteration 1060 / LogL: -52060.859 / Time: 2h:33m:53s (0h:10m:45s left)
Iteration 1070 / LogL: -52075.865 / Time: 2h:35m:20s (0h:9m:18s left)
Iteration 1080 / LogL: -52081.022 / Time: 2h:36m:39s (0h:7m:50s left)
Iteration 1090 / LogL: -52067.864 / Time: 2h:38m:11s (0h:6m:23s left)
Iteration 1100 / LogL: -52072.985 / Time: 2h:39m:32s (0h:4m:56s left)
Log-likelihood cutoff on original alignment: -52200.325
NOTE: Bootstrap correlation coefficient of split occurrence frequencies: 0.906
NOTE: UFBoot does not converge, continue at least 100 more iterations
Estimate model parameters (epsilon = 0.100)
BETTER TREE FOUND at iteration 1110: -52057.436
Iteration 1110 / LogL: -52057.436 / Time: 2h:41m:0s (0h:14m:31s left)
Iteration 1120 / LogL: -52083.994 / Time: 2h:42m:25s (0h:13m:3s left)
Iteration 1130 / LogL: -52074.124 / Time: 2h:43m:52s (0h:11m:36s left)
Iteration 1140 / LogL: -52072.720 / Time: 2h:45m:17s (0h:10m:9s left)
Iteration 1150 / LogL: -52074.636 / Time: 2h:46m:38s (0h:8m:42s left)
Log-likelihood cutoff on original alignment: -52200.325
Iteration 1160 / LogL: -52084.702 / Time: 2h:48m:3s (0h:7m:15s left)
Iteration 1170 / LogL: -52083.743 / Time: 2h:49m:26s (0h:5m:47s left)
Iteration 1180 / LogL: -52080.157 / Time: 2h:50m:47s (0h:4m:20s left)
Iteration 1190 / LogL: -52077.542 / Time: 2h:52m:11s (0h:2m:53s left)
Estimate model parameters (epsilon = 0.100)
BETTER TREE FOUND at iteration 1195: -52055.999
Iteration 1200 / LogL: -52070.549 / Time: 2h:53m:36s (0h:13m:45s left)
Log-likelihood cutoff on original alignment: -52200.325
NOTE: Bootstrap correlation coefficient of split occurrence frequencies: 0.926
NOTE: UFBoot does not converge, continue at least 100 more iterations
Iteration 1210 / LogL: -52062.398 / Time: 2h:55m:0s (0h:13m:1s left)
Iteration 1220 / LogL: -52068.818 / Time: 2h:56m:23s (0h:11m:34s left)
Iteration 1230 / LogL: -52065.111 / Time: 2h:57m:50s (0h:10m:7s left)
Iteration 1240 / LogL: -52067.468 / Time: 2h:59m:13s (0h:8m:40s left)
Iteration 1250 / LogL: -52057.014 / Time: 3h:0m:39s (0h:7m:13s left)
Log-likelihood cutoff on original alignment: -52200.325
Estimate model parameters (epsilon = 0.100)
BETTER TREE FOUND at iteration 1254: -52053.296
Iteration 1260 / LogL: -52063.507 / Time: 3h:2m:6s (0h:13m:35s left)
Iteration 1270 / LogL: -52064.169 / Time: 3h:3m:30s (0h:12m:8s left)
Iteration 1280 / LogL: -52061.958 / Time: 3h:4m:57s (0h:10m:42s left)
Iteration 1290 / LogL: -52066.412 / Time: 3h:6m:25s (0h:9m:15s left)
Iteration 1300 / LogL: -52065.233 / Time: 3h:7m:48s (0h:7m:48s left)
Log-likelihood cutoff on original alignment: -52190.365
NOTE: Bootstrap correlation coefficient of split occurrence frequencies: 0.934
NOTE: UFBoot does not converge, continue at least 100 more iterations
Iteration 1310 / LogL: -52062.884 / Time: 3h:9m:16s (0h:13m:0s left)
Iteration 1320 / LogL: -52071.331 / Time: 3h:10m:41s (0h:11m:33s left)
Iteration 1330 / LogL: -52066.225 / Time: 3h:12m:3s (0h:10m:6s left)
Iteration 1340 / LogL: -52062.810 / Time: 3h:13m:31s (0h:8m:40s left)
Iteration 1350 / LogL: -52059.500 / Time: 3h:14m:56s (0h:7m:13s left)
Log-likelihood cutoff on original alignment: -52190.365
Estimate model parameters (epsilon = 0.100)
BETTER TREE FOUND at iteration 1351: -52052.902
Iteration 1360 / LogL: -52060.287 / Time: 3h:16m:26s (0h:13m:9s left)
Iteration 1370 / LogL: -52056.011 / Time: 3h:17m:49s (0h:11m:42s left)
Iteration 1380 / LogL: -52056.985 / Time: 3h:19m:12s (0h:10m:15s left)
Iteration 1390 / LogL: -52056.140 / Time: 3h:20m:37s (0h:8m:48s left)
Iteration 1400 / LogL: -52062.660 / Time: 3h:22m:5s (0h:7m:22s left)
Log-likelihood cutoff on original alignment: -52190.365
NOTE: Bootstrap correlation coefficient of split occurrence frequencies: 0.944
NOTE: UFBoot does not converge, continue at least 100 more iterations
Estimate model parameters (epsilon = 0.100)
BETTER TREE FOUND at iteration 1402: -52052.574
Iteration 1410 / LogL: -52067.137 / Time: 3h:23m:33s (0h:13m:17s left)
Iteration 1420 / LogL: -52064.932 / Time: 3h:24m:58s (0h:11m:50s left)
Iteration 1430 / LogL: -52065.817 / Time: 3h:26m:23s (0h:10m:23s left)
Iteration 1440 / LogL: -52064.058 / Time: 3h:27m:47s (0h:8m:57s left)
Estimate model parameters (epsilon = 0.100)
BETTER TREE FOUND at iteration 1441: -52052.283
Iteration 1450 / LogL: -52061.971 / Time: 3h:29m:13s (0h:13m:8s left)
Log-likelihood cutoff on original alignment: -52190.365
Estimate model parameters (epsilon = 0.100)
BETTER TREE FOUND at iteration 1454: -52051.620
Iteration 1460 / LogL: -52080.260 / Time: 3h:30m:41s (0h:13m:34s left)
Iteration 1470 / LogL: -52063.253 / Time: 3h:32m:6s (0h:12m:7s left)
Iteration 1480 / LogL: -52062.882 / Time: 3h:33m:28s (0h:10m:40s left)
Iteration 1490 / LogL: -52055.986 / Time: 3h:34m:55s (0h:9m:14s left)
Iteration 1500 / LogL: -52061.943 / Time: 3h:36m:19s (0h:7m:47s left)
Log-likelihood cutoff on original alignment: -52190.365
NOTE: Bootstrap correlation coefficient of split occurrence frequencies: 0.943
NOTE: UFBoot does not converge, continue at least 100 more iterations
Iteration 1510 / LogL: -52071.384 / Time: 3h:37m:49s (0h:12m:59s left)
Iteration 1520 / LogL: -52052.836 / Time: 3h:39m:16s (0h:11m:32s left)
Iteration 1530 / LogL: -52054.402 / Time: 3h:40m:43s (0h:10m:6s left)
Iteration 1540 / LogL: -52063.870 / Time: 3h:42m:12s (0h:8m:39s left)
Estimate model parameters (epsilon = 0.100)
BETTER TREE FOUND at iteration 1545: -52051.532
Iteration 1550 / LogL: -52053.011 / Time: 3h:43m:40s (0h:13m:43s left)
Log-likelihood cutoff on original alignment: -52190.365
Iteration 1560 / LogL: -52069.883 / Time: 3h:45m:9s (0h:12m:16s left)
Iteration 1570 / LogL: -52061.002 / Time: 3h:46m:36s (0h:10m:49s left)
Estimate model parameters (epsilon = 0.100)
BETTER TREE FOUND at iteration 1580: -52049.666
Iteration 1580 / LogL: -52049.666 / Time: 3h:48m:8s (0h:14m:26s left)
Iteration 1590 / LogL: -52064.929 / Time: 3h:49m:31s (0h:13m:0s left)
Iteration 1600 / LogL: -52054.666 / Time: 3h:50m:57s (0h:11m:33s left)
Log-likelihood cutoff on original alignment: -52190.365
NOTE: Bootstrap correlation coefficient of split occurrence frequencies: 0.936
NOTE: UFBoot does not converge, continue at least 100 more iterations
Iteration 1610 / LogL: -52062.345 / Time: 3h:52m:30s (0h:13m:0s left)
Iteration 1620 / LogL: -52052.378 / Time: 3h:53m:58s (0h:11m:33s left)
Iteration 1630 / LogL: -52054.103 / Time: 3h:55m:30s (0h:10m:7s left)
Iteration 1640 / LogL: -52058.266 / Time: 3h:56m:58s (0h:8m:40s left)
Iteration 1650 / LogL: -52052.972 / Time: 3h:58m:19s (0h:7m:13s left)
Log-likelihood cutoff on original alignment: -52190.365
Iteration 1660 / LogL: -52057.259 / Time: 3h:59m:47s (0h:5m:46s left)
Iteration 1670 / LogL: -52074.707 / Time: 4h:1m:17s (0h:4m:20s left)
Iteration 1680 / LogL: -52074.969 / Time: 4h:2m:44s (0h:2m:53s left)
Iteration 1690 / LogL: -52064.784 / Time: 4h:4m:6s (0h:1m:26s left)
Iteration 1700 / LogL: -52060.908 / Time: 4h:5m:34s (0h:0m:0s left)
Log-likelihood cutoff on original alignment: -52190.365
NOTE: Bootstrap correlation coefficient of split occurrence frequencies: 0.931
NOTE: UFBoot does not converge, continue at least 100 more iterations
Iteration 1710 / LogL: -52059.128 / Time: 4h:7m:5s (0h:13m:0s left)
Iteration 1720 / LogL: -52055.254 / Time: 4h:8m:32s (0h:11m:33s left)
Estimate model parameters (epsilon = 0.100)
BETTER TREE FOUND at iteration 1725: -52049.341
Iteration 1730 / LogL: -52065.278 / Time: 4h:9m:57s (0h:13m:44s left)
Iteration 1740 / LogL: -52057.197 / Time: 4h:11m:23s (0h:12m:17s left)
Iteration 1750 / LogL: -52067.056 / Time: 4h:12m:50s (0h:10m:50s left)
Log-likelihood cutoff on original alignment: -52190.365
Iteration 1760 / LogL: -52065.084 / Time: 4h:14m:20s (0h:9m:23s left)
Iteration 1770 / LogL: -52089.226 / Time: 4h:15m:47s (0h:7m:57s left)
Iteration 1780 / LogL: -52070.248 / Time: 4h:17m:13s (0h:6m:30s left)
Iteration 1790 / LogL: -52056.142 / Time: 4h:18m:43s (0h:5m:3s left)
Iteration 1800 / LogL: -52051.038 / Time: 4h:20m:9s (0h:3m:36s left)
Log-likelihood cutoff on original alignment: -52190.365
NOTE: Bootstrap correlation coefficient of split occurrence frequencies: 0.935
NOTE: UFBoot does not converge, continue at least 100 more iterations
Iteration 1810 / LogL: -52054.723 / Time: 4h:21m:35s (0h:13m:0s left)
Iteration 1820 / LogL: -52063.431 / Time: 4h:23m:1s (0h:11m:34s left)
Iteration 1830 / LogL: -52068.144 / Time: 4h:24m:26s (0h:10m:7s left)
Iteration 1840 / LogL: -52059.405 / Time: 4h:25m:56s (0h:8m:40s left)
Iteration 1850 / LogL: -52055.903 / Time: 4h:27m:21s (0h:7m:13s left)
Log-likelihood cutoff on original alignment: -52190.365
Iteration 1860 / LogL: -52052.675 / Time: 4h:28m:46s (0h:5m:46s left)
Iteration 1870 / LogL: -52058.043 / Time: 4h:30m:10s (0h:4m:20s left)
Iteration 1880 / LogL: -52079.103 / Time: 4h:31m:38s (0h:2m:53s left)
Iteration 1890 / LogL: -52053.067 / Time: 4h:33m:10s (0h:1m:26s left)
Iteration 1900 / LogL: -52052.628 / Time: 4h:34m:34s (0h:0m:0s left)
Log-likelihood cutoff on original alignment: -52190.365
NOTE: Bootstrap correlation coefficient of split occurrence frequencies: 0.940
NOTE: UFBoot does not converge, continue at least 100 more iterations
Iteration 1910 / LogL: -52109.846 / Time: 4h:36m:1s (0h:13m:0s left)
Iteration 1920 / LogL: -52051.611 / Time: 4h:37m:26s (0h:11m:33s left)
Iteration 1930 / LogL: -52062.878 / Time: 4h:38m:55s (0h:10m:7s left)
Iteration 1940 / LogL: -52065.339 / Time: 4h:40m:23s (0h:8m:40s left)
Iteration 1950 / LogL: -52074.282 / Time: 4h:41m:50s (0h:7m:13s left)
Log-likelihood cutoff on original alignment: -52190.365
Iteration 1960 / LogL: -52056.091 / Time: 4h:43m:19s (0h:5m:47s left)
Iteration 1970 / LogL: -52063.434 / Time: 4h:44m:48s (0h:4m:20s left)
Iteration 1980 / LogL: -52059.195 / Time: 4h:46m:18s (0h:2m:53s left)
Iteration 1990 / LogL: -52058.714 / Time: 4h:47m:48s (0h:1m:26s left)
Iteration 2000 / LogL: -52072.258 / Time: 4h:49m:17s (0h:0m:0s left)
Log-likelihood cutoff on original alignment: -52190.365
NOTE: Bootstrap correlation coefficient of split occurrence frequencies: 0.946
NOTE: UFBoot does not converge, continue at least 100 more iterations
Iteration 2010 / LogL: -52061.656 / Time: 4h:50m:53s (0h:13m:1s left)
Estimate model parameters (epsilon = 0.100)
BETTER TREE FOUND at iteration 2018: -52048.940
Iteration 2020 / LogL: -52056.115 / Time: 4h:52m:27s (0h:14m:11s left)
Iteration 2030 / LogL: -52094.924 / Time: 4h:53m:54s (0h:12m:44s left)
Iteration 2040 / LogL: -52049.682 / Time: 4h:55m:26s (0h:11m:18s left)
Iteration 2050 / LogL: -52050.154 / Time: 4h:56m:54s (0h:9m:51s left)
Log-likelihood cutoff on original alignment: -52190.365
Iteration 2060 / LogL: -52067.815 / Time: 4h:58m:27s (0h:8m:24s left)
Iteration 2070 / LogL: -52075.488 / Time: 5h:0m:0s (0h:6m:57s left)
Iteration 2080 / LogL: -52056.408 / Time: 5h:1m:29s (0h:5m:30s left)
Iteration 2090 / LogL: -52060.771 / Time: 5h:2m:53s (0h:4m:3s left)
Iteration 2100 / LogL: -52063.145 / Time: 5h:4m:20s (0h:2m:36s left)
Log-likelihood cutoff on original alignment: -52190.365
NOTE: Bootstrap correlation coefficient of split occurrence frequencies: 0.950
NOTE: UFBoot does not converge, continue at least 100 more iterations
Iteration 2110 / LogL: -52050.327 / Time: 5h:5m:53s (0h:13m:3s left)
Iteration 2120 / LogL: -52058.852 / Time: 5h:7m:19s (0h:11m:36s left)
Iteration 2130 / LogL: -52049.577 / Time: 5h:8m:51s (0h:10m:9s left)
Iteration 2140 / LogL: -52054.835 / Time: 5h:10m:22s (0h:8m:42s left)
Iteration 2150 / LogL: -52062.223 / Time: 5h:11m:44s (0h:7m:15s left)
Log-likelihood cutoff on original alignment: -52190.365
Iteration 2160 / LogL: -52063.190 / Time: 5h:13m:16s (0h:5m:48s left)
Iteration 2170 / LogL: -52061.918 / Time: 5h:14m:46s (0h:4m:21s left)
Iteration 2180 / LogL: -52062.744 / Time: 5h:16m:14s (0h:2m:54s left)
Iteration 2190 / LogL: -52051.850 / Time: 5h:17m:41s (0h:1m:27s left)
Iteration 2200 / LogL: -52065.699 / Time: 5h:19m:9s (0h:0m:0s left)
Log-likelihood cutoff on original alignment: -52190.365
NOTE: Bootstrap correlation coefficient of split occurrence frequencies: 0.958
NOTE: UFBoot does not converge, continue at least 100 more iterations
Iteration 2210 / LogL: -52052.531 / Time: 5h:20m:36s (0h:13m:3s left)
Iteration 2220 / LogL: -52090.355 / Time: 5h:22m:2s (0h:11m:36s left)
Iteration 2230 / LogL: -52061.161 / Time: 5h:23m:32s (0h:10m:9s left)
Iteration 2240 / LogL: -52077.767 / Time: 5h:24m:57s (0h:8m:42s left)
Iteration 2250 / LogL: -52064.807 / Time: 5h:26m:25s (0h:7m:15s left)
Log-likelihood cutoff on original alignment: -52190.365
Iteration 2260 / LogL: -52055.623 / Time: 5h:27m:55s (0h:5m:48s left)
Iteration 2270 / LogL: -52053.366 / Time: 5h:29m:25s (0h:4m:21s left)
Iteration 2280 / LogL: -52054.389 / Time: 5h:30m:56s (0h:2m:54s left)
Iteration 2290 / LogL: -52065.165 / Time: 5h:32m:25s (0h:1m:27s left)
Iteration 2300 / LogL: -52057.908 / Time: 5h:33m:52s (0h:0m:0s left)
Log-likelihood cutoff on original alignment: -52190.365
NOTE: Bootstrap correlation coefficient of split occurrence frequencies: 0.963
NOTE: UFBoot does not converge, continue at least 100 more iterations
Iteration 2310 / LogL: -52055.934 / Time: 5h:35m:23s (0h:13m:4s left)
Iteration 2320 / LogL: -52065.073 / Time: 5h:36m:53s (0h:11m:37s left)
Iteration 2330 / LogL: -52060.642 / Time: 5h:38m:27s (0h:10m:10s left)
Estimate model parameters (epsilon = 0.100)
BETTER TREE FOUND at iteration 2337: -52047.429
Iteration 2340 / LogL: -52051.592 / Time: 5h:40m:0s (0h:14m:6s left)
Iteration 2350 / LogL: -52057.670 / Time: 5h:41m:30s (0h:12m:38s left)
Log-likelihood cutoff on original alignment: -52190.365
Iteration 2360 / LogL: -52051.363 / Time: 5h:43m:5s (0h:11m:11s left)
Iteration 2370 / LogL: -52054.074 / Time: 5h:44m:38s (0h:9m:44s left)
Iteration 2380 / LogL: -52052.666 / Time: 5h:46m:8s (0h:8m:17s left)
Iteration 2390 / LogL: -52063.582 / Time: 5h:47m:40s (0h:6m:50s left)
Iteration 2400 / LogL: -52057.875 / Time: 5h:49m:5s (0h:5m:23s left)
Log-likelihood cutoff on original alignment: -52190.365
NOTE: Bootstrap correlation coefficient of split occurrence frequencies: 0.965
NOTE: UFBoot does not converge, continue at least 100 more iterations
Iteration 2410 / LogL: -52057.267 / Time: 5h:50m:40s (0h:13m:6s left)
Iteration 2420 / LogL: -52056.989 / Time: 5h:52m:9s (0h:11m:38s left)
Iteration 2430 / LogL: -52060.956 / Time: 5h:53m:38s (0h:10m:11s left)
Iteration 2440 / LogL: -52062.415 / Time: 5h:55m:12s (0h:8m:44s left)
Iteration 2450 / LogL: -52061.883 / Time: 5h:56m:42s (0h:7m:16s left)
Log-likelihood cutoff on original alignment: -52190.365
Iteration 2460 / LogL: -52068.368 / Time: 5h:58m:9s (0h:5m:49s left)
Iteration 2470 / LogL: -52058.525 / Time: 5h:59m:40s (0h:4m:22s left)
Iteration 2480 / LogL: -52072.481 / Time: 6h:1m:12s (0h:2m:54s left)
Iteration 2490 / LogL: -52054.875 / Time: 6h:2m:44s (0h:1m:27s left)
Iteration 2500 / LogL: -52062.209 / Time: 6h:4m:13s (0h:0m:0s left)
Log-likelihood cutoff on original alignment: -52190.365
NOTE: Bootstrap correlation coefficient of split occurrence frequencies: 0.967
NOTE: UFBoot does not converge, continue at least 100 more iterations
Iteration 2510 / LogL: -52048.411 / Time: 6h:5m:45s (0h:13m:7s left)
Iteration 2520 / LogL: -52050.241 / Time: 6h:7m:22s (0h:11m:40s left)
Estimate model parameters (epsilon = 0.100)
BETTER TREE FOUND at iteration 2521: -52045.801
Iteration 2530 / LogL: -52060.041 / Time: 6h:8m:53s (0h:13m:16s left)
Iteration 2540 / LogL: -52057.020 / Time: 6h:10m:23s (0h:11m:48s left)
Iteration 2550 / LogL: -52055.940 / Time: 6h:11m:55s (0h:10m:21s left)
Log-likelihood cutoff on original alignment: -52190.365
Iteration 2560 / LogL: -52055.819 / Time: 6h:13m:26s (0h:8m:54s left)
Iteration 2570 / LogL: -52059.323 / Time: 6h:15m:2s (0h:7m:26s left)
Iteration 2580 / LogL: -52052.700 / Time: 6h:16m:34s (0h:5m:59s left)
Estimate model parameters (epsilon = 0.100)
BETTER TREE FOUND at iteration 2582: -52045.374
Iteration 2590 / LogL: -52057.200 / Time: 6h:18m:9s (0h:13m:26s left)
Iteration 2600 / LogL: -52079.265 / Time: 6h:19m:41s (0h:11m:58s left)
Log-likelihood cutoff on original alignment: -52190.365
NOTE: Bootstrap correlation coefficient of split occurrence frequencies: 0.972
NOTE: UFBoot does not converge, continue at least 100 more iterations
Iteration 2610 / LogL: -52065.913 / Time: 6h:21m:16s (0h:13m:9s left)
Iteration 2620 / LogL: -52052.328 / Time: 6h:22m:49s (0h:11m:41s left)
Iteration 2630 / LogL: -52047.609 / Time: 6h:24m:22s (0h:10m:14s left)
Iteration 2640 / LogL: -52052.134 / Time: 6h:25m:53s (0h:8m:46s left)
Iteration 2650 / LogL: -52069.503 / Time: 6h:27m:26s (0h:7m:18s left)
Log-likelihood cutoff on original alignment: -52190.365
Iteration 2660 / LogL: -52068.384 / Time: 6h:29m:1s (0h:5m:51s left)
Iteration 2670 / LogL: -52046.091 / Time: 6h:30m:37s (0h:4m:23s left)
Iteration 2680 / LogL: -52045.869 / Time: 6h:32m:9s (0h:2m:55s left)
Iteration 2690 / LogL: -52050.427 / Time: 6h:33m:47s (0h:1m:27s left)
Iteration 2700 / LogL: -52050.898 / Time: 6h:35m:23s (0h:0m:0s left)
Log-likelihood cutoff on original alignment: -52190.365
NOTE: Bootstrap correlation coefficient of split occurrence frequencies: 0.973
NOTE: UFBoot does not converge, continue at least 100 more iterations
Iteration 2710 / LogL: -52050.095 / Time: 6h:36m:57s (0h:13m:11s left)
Iteration 2720 / LogL: -52048.028 / Time: 6h:38m:28s (0h:11m:43s left)
Iteration 2730 / LogL: -52057.951 / Time: 6h:40m:0s (0h:10m:15s left)
Iteration 2740 / LogL: -52052.790 / Time: 6h:41m:28s (0h:8m:47s left)
Iteration 2750 / LogL: -52056.086 / Time: 6h:43m:3s (0h:7m:19s left)
Log-likelihood cutoff on original alignment: -52190.365
Iteration 2760 / LogL: -52050.760 / Time: 6h:44m:37s (0h:5m:51s left)
Iteration 2770 / LogL: -52046.519 / Time: 6h:46m:8s (0h:4m:24s left)
Iteration 2780 / LogL: -52061.952 / Time: 6h:47m:42s (0h:2m:56s left)
Iteration 2790 / LogL: -52112.732 / Time: 6h:49m:14s (0h:1m:28s left)
Iteration 2800 / LogL: -52052.062 / Time: 6h:50m:47s (0h:0m:0s left)
Log-likelihood cutoff on original alignment: -52190.365
NOTE: Bootstrap correlation coefficient of split occurrence frequencies: 0.974
NOTE: UFBoot does not converge, continue at least 100 more iterations
Iteration 2810 / LogL: -52071.027 / Time: 6h:52m:31s (0h:13m:13s left)
Iteration 2820 / LogL: -52053.640 / Time: 6h:54m:5s (0h:11m:45s left)
Iteration 2830 / LogL: -52052.013 / Time: 6h:55m:38s (0h:10m:17s left)
Iteration 2840 / LogL: -52047.134 / Time: 6h:57m:13s (0h:8m:49s left)
Iteration 2850 / LogL: -52063.438 / Time: 6h:58m:46s (0h:7m:20s left)
Log-likelihood cutoff on original alignment: -52190.365
Iteration 2860 / LogL: -52053.121 / Time: 7h:0m:20s (0h:5m:52s left)
Iteration 2870 / LogL: -52050.061 / Time: 7h:1m:56s (0h:4m:24s left)
Iteration 2880 / LogL: -52063.009 / Time: 7h:3m:30s (0h:2m:56s left)
Iteration 2890 / LogL: -52052.299 / Time: 7h:5m:4s (0h:1m:28s left)
Iteration 2900 / LogL: -52076.182 / Time: 7h:6m:36s (0h:0m:0s left)
Log-likelihood cutoff on original alignment: -52190.365
NOTE: Bootstrap correlation coefficient of split occurrence frequencies: 0.975
NOTE: UFBoot does not converge, continue at least 100 more iterations
Iteration 2910 / LogL: -52055.256 / Time: 7h:8m:11s (0h:13m:14s left)
Iteration 2920 / LogL: -52054.192 / Time: 7h:9m:46s (0h:11m:46s left)
Iteration 2930 / LogL: -52064.898 / Time: 7h:11m:24s (0h:10m:18s left)
Iteration 2940 / LogL: -52061.101 / Time: 7h:13m:1s (0h:8m:50s left)
Iteration 2950 / LogL: -52048.846 / Time: 7h:14m:34s (0h:7m:22s left)
Log-likelihood cutoff on original alignment: -52190.365
Estimate model parameters (epsilon = 0.100)
BETTER TREE FOUND at iteration 2960: -52045.318
Iteration 2960 / LogL: -52045.318 / Time: 7h:16m:12s (0h:14m:44s left)
Iteration 2970 / LogL: -52058.743 / Time: 7h:17m:47s (0h:13m:16s left)
Iteration 2980 / LogL: -52058.387 / Time: 7h:19m:25s (0h:11m:48s left)
Iteration 2990 / LogL: -52054.708 / Time: 7h:21m:2s (0h:10m:19s left)
Iteration 3000 / LogL: -52060.964 / Time: 7h:22m:36s (0h:8m:51s left)
Log-likelihood cutoff on original alignment: -52190.365
NOTE: Bootstrap correlation coefficient of split occurrence frequencies: 0.978
NOTE: UFBoot does not converge, continue at least 100 more iterations
WARNING: bootstrap analysis did not converge. You should rerun with higher number of iterations (-nm option)
TREE SEARCH COMPLETED AFTER 3001 ITERATIONS / Time: 7h:22m:48s

--------------------------------------------------------------------
|                    FINALIZING TREE SEARCH                        |
--------------------------------------------------------------------
Performs final model parameters optimization
Estimate model parameters (epsilon = 0.010)
1. Initial log-likelihood: -52045.318
Optimal log-likelihood: -52045.318
Site proportion and rates:  (0.037,0.222) (0.000,0.222) (0.126,0.451) (0.200,0.748) (0.332,0.974) (0.247,1.412) (0.058,1.942)
Parameters optimization took 1 rounds (0.949 sec)
BEST SCORE FOUND : -52045.318
Creating bootstrap support values...
Split supports printed to NEXUS file euk5_homs5.MAU2.linsi.bmge.iqtree.splits.nex
Total tree length: 371.761

Total number of iterations: 3001
CPU time used for tree search: 50960.092 sec (14h:9m:20s)
Wall-clock time used for tree search: 26543.336 sec (7h:22m:23s)
Total CPU time used: 51013.308 sec (14h:10m:13s)
Total wall-clock time used: 26571.466 sec (7h:22m:51s)

Computing bootstrap consensus tree...
Reading input file euk5_homs5.MAU2.linsi.bmge.iqtree.splits.nex...
407 taxa and 5445 splits.
Consensus tree written to euk5_homs5.MAU2.linsi.bmge.iqtree.contree
Reading input trees file euk5_homs5.MAU2.linsi.bmge.iqtree.contree
Log-likelihood of consensus tree: -52048.524

Analysis results written to: 
  IQ-TREE report:                euk5_homs5.MAU2.linsi.bmge.iqtree.iqtree
  Maximum-likelihood tree:       euk5_homs5.MAU2.linsi.bmge.iqtree.treefile
  Likelihood distances:          euk5_homs5.MAU2.linsi.bmge.iqtree.mldist

Ultrafast bootstrap approximation results written to:
  Split support values:          euk5_homs5.MAU2.linsi.bmge.iqtree.splits.nex
  Consensus tree:                euk5_homs5.MAU2.linsi.bmge.iqtree.contree
  Screen log file:               euk5_homs5.MAU2.linsi.bmge.iqtree.log

Date and Time: Thu Sep  1 20:37:38 2022
