IQ-TREE multicore version 2.0.3 for Linux 64-bit built Apr 26 2020
Developed by Bui Quang Minh, Nguyen Lam Tung, Olga Chernomor,
Heiko Schmidt, Dominik Schrempf, Michael Woodhams.

Host:    jolien-Precision-5820-Tower (AVX512, FMA3, 31 GB RAM)
Command: iqtree -s euk5_homs9.CAPG2.linsi.fa -m LG+F+R5 -T 2 -B 1000 -pre euk5_homs9.CAPG2.linsi.iqtree
Seed:    829048 (Using SPRNG - Scalable Parallel Random Number Generator)
Time:    Mon Jun 13 15:13:18 2022
Kernel:  AVX+FMA - 2 threads (16 CPU cores detected)

Reading alignment file euk5_homs9.CAPG2.linsi.fa ... Fasta format detected
Alignment most likely contains protein sequences
WARNING: 24 sites contain only gaps or ambiguous characters.
Alignment has 292 sequences with 9268 columns, 6922 distinct patterns
3798 parsimony-informative, 2251 singleton sites, 3219 constant sites
              Gap/Ambiguity  Composition  p-value
   1  NEMVEC006855   86.05%    failed      0.00%
   2  ACAPLA002691   86.91%    failed      0.00%
   3  ACACAS002161   86.25%    failed      0.00%
   4  LEUCOM017360   85.67%    failed      0.00%
   5  CRAGIG058262   87.81%    failed      0.00%
   6  TRIADH005156   87.27%    failed      0.00%
   7  MATSPE018077   87.29%    failed      0.00%
   8  BRABEL008840   88.24%    failed      0.00%
   9  HOMSAP015413   87.53%    failed      0.00%
  10  COLSPE012407   86.51%    failed      0.00%
  11  SALKVE016293   87.67%    failed      0.00%
  12  PLAMIC008511   86.30%    failed      0.00%
  13  CHRPER006883   86.39%    failed      0.00%
  14  CLAOKA009387   83.72%    failed      0.00%
  15  PLAFUN002944   87.12%    failed      0.00%
  16  DANRER033910   87.70%    failed      0.00%
  17  PHYPOL001187   88.72%    failed      0.00%
  18  NANOCE078078   84.94%    failed      0.00%
  19  GUITHE019586   87.22%    failed      0.00%
  20  DIPROT023150   87.56%    failed      0.00%
  21  CAPOWC003618   85.00%    failed      0.00%
  22  DIAGRA021620   85.79%    failed      0.00%
  23  KLENIT005130   85.49%    failed      0.00%
  24  NEODAM009381   87.66%    failed      0.00%
  25  THETRA005850   86.92%    failed      0.00%
  26  CYCPAN026205   84.92%    failed      0.00%
  27  NEPPYR015184   90.54%    failed      0.00%
  28  MARPOL018829   85.61%    failed      0.00%
  29  RIGRAM027830   88.25%    failed      0.00%
  30  MALCAL003234   89.03%    failed      0.00%
  31  VERVER009848   87.89%    failed      0.00%
  32  DICDIS000947   84.50%    failed      0.00%
  33  PHYINF007775   88.63%    failed      0.00%
  34  SECSPE009985   86.55%    failed      0.00%
  35  HALSEO005941   87.59%    failed      0.01%
  36  HONFER005229   88.55%    failed      0.00%
  37  GEFOKE022194   88.66%    failed      0.00%
  38  PHATRI009921   85.40%    failed      0.00%
  39  AURLIM011952   88.28%    failed      0.00%
  40  RHOMAR005732   86.30%    failed      0.00%
  41  GONPRO011904   87.83%    failed      0.00%
  42  COCSUB009678   86.63%    failed      0.00%
  43  MASBAL000617   87.81%    failed      0.00%
  44  NUCSPE096321   90.91%    failed      0.00%
  45  PARATL005352   90.96%    failed      0.00%
  46  ARATHA010458   86.71%    failed      0.00%
  47  SAPDIC013618   89.22%    failed      0.00%
  48  GRACHO002700   86.37%    failed      0.00%
  49  PRACOL001080   89.39%    failed      0.00%
  50  BAFFRI012505   93.32%    failed      0.00%
  51  GEPOCE026561   92.98%    failed      0.00%
  52  BIGNAT005846   87.13%    failed      0.00%
  53  MONBRE005529   87.29%    failed      0.00%
  54  DAPMAG025944   87.38%    failed      0.00%
  55  PORPUR008488   86.61%    failed      0.00%
  56  SORBIC004782   87.17%    failed      0.00%
  57  CHLREI007066   81.72%    failed      0.00%
  58  CHABRA020663   78.85%    failed      0.00%
  59  PAUCHR007024   94.30%    failed      0.00%
  60  DIALUT009310   85.73%    failed      0.00%
  61  RIGRAM027829   94.62%    failed      0.01%
  62  JAKBAH012715   83.68%    failed      0.00%
  63  MNELEI001212   89.15%    failed      0.00%
  64  IXOSCA032422   89.52%    failed      0.00%
  65  BAFFRI042390   94.38%    failed      0.00%
  66  EUGLON042682   89.52%    failed      0.00%
  67  HEMSPE003231   86.67%    failed      0.01%
  68  MADERY029474   92.45%    failed      0.00%
  69  VITBRA014972   86.67%    failed      0.00%
  70  HYPCAT000560   94.90%    failed      0.24%
  71  CYAMER003436   84.88%    failed      0.00%
  72  MALJAK014683   90.89%    failed      0.00%
  73  CIOINT012461   93.76%    failed      0.05%
  74  MALJAK024489   90.84%    failed      0.00%
  75  TRIVAG020586   90.24%    failed      0.00%
  76  POLPAL001623   89.36%    failed      0.00%
  77  PERMAR003854   85.09%    failed      0.04%
  78  CRYCOH048408   91.40%    failed      0.00%
  79  PLAFAL005303   86.99%    failed      0.00%
  80  CRYMUR000671   90.73%    failed      0.00%
  81  HEMPHA011357   83.62%    failed      0.00%
  82  GEMCRY032845   90.63%    failed      0.00%
  83  PERMAR014826   93.82%    failed      3.22%
  84  ANAIGN017744   90.25%    failed      0.00%
  85  PRIPAC025309   86.59%    failed      0.00%
  86  RAMVAR007311   89.04%    failed      0.00%
  87  CYAPAR010117   86.90%    failed      0.00%
  88  BARSPE004953   89.66%    failed      0.00%
  89  ENTSUL016217   95.69%    failed      0.00%
  90  HYPCAT000559   92.80%    failed      0.00%
  91  BARSPE012370   93.01%    failed      0.00%
  92  MONNEG011036   95.93%    failed      0.00%
  93  MONEXI005022   91.14%    failed      0.00%
  94  MANPLA005167   96.21%    passed      9.04%
  95  ANDGOD002993   92.53%    failed      0.00%
  96  PYGBIF009344   97.40%    passed      5.41%
  97  RHYHUM020754   91.82%    failed      0.00%
  98  ARCINT012146   97.46%    passed     15.14%
  99  LEPVOR011042   93.12%    failed      0.00%
 100  NUTLON020239   97.72%    passed      6.21%
 101  CARMEM001633   92.25%    failed      0.00%
 102  ANAIGN019119   97.19%    failed      0.12%
 103  NUTLON020684   97.33%    failed      0.02%
 104  CHRVEL027124   86.01%    failed      0.00%
 105  MONNEG004130   88.78%    failed      0.00%
 106  STRRAT001640   90.61%    failed      0.00%
 107  MICMAR051849   96.19%    failed      0.00%
 108  MALJAK014669   97.26%    passed     31.44%
 109  CRYCOH012754   93.28%    failed      0.00%
 110  CHABRA020662   82.88%    failed      0.00%
 111  MICMAR035989   98.39%    passed     22.15%
 112  PLATAR002691   98.67%    failed      0.01%
 113  PLATAR022175   98.76%    passed     27.62%
 114  MALJAK024480   97.99%    passed     19.32%
 115  LEUCOM081165   98.86%    failed      1.14%
 116  PRIPAC027454   71.60%    failed      0.00%
 117  LENLIM005156   97.60%    failed      2.42%
 118  BIGNAT014333   87.66%    failed      0.00%
 119  RAPHET019932   88.29%    failed      0.00%
 120  ANCTWI037428   98.75%    passed     25.49%
 121  TELSUB044783   98.71%    passed     25.84%
 122  ACASPE026534   97.55%    failed      0.00%
 123  BIGNAT001151   93.59%    failed      0.00%
 124  BREMOT004769   94.29%    failed      0.00%
 125  CHASUB004551   77.81%    failed      0.00%
 126  BASMER012733   71.31%    failed      0.00%
 127  GIAINT004303   86.61%    failed      0.00%
 128  POLPAL001624   97.72%    failed      0.60%
 129  CIOINT012463   97.55%    failed      0.12%
 130  CYCPAN016127   71.44%    failed      0.00%
 131  PLATAR007411   97.13%    failed      0.00%
 132  NEPPYR015819   89.97%    failed      0.00%
 133  TRESPE001068   94.20%    failed      0.00%
 134  COCSUB003182   87.10%    failed      0.00%
 135  HEMPHA005739   93.41%    failed      0.00%
 136  LENLIM010891   98.64%    failed      4.14%
 137  BODSAL007392   87.30%    failed      0.00%
 138  SPISAL004040   94.31%    failed      0.00%
 139  ROZALL005128   93.72%    failed      0.00%
 140  CHOSPE006601   87.13%    failed      0.00%
 141  CRYCOH057758   98.34%    passed     43.54%
 142  ANAIGN021659   97.73%    failed      0.00%
 143  NEMVEC011063   94.54%    failed      0.01%
 144  ANCTWI004606   93.68%    failed      0.05%
 145  SPIPUN003372   69.87%    failed      0.00%
 146  BAFFRI059395   98.42%    failed      0.01%
 147  ARCINT003481   98.22%    passed      5.32%
 148  STECOE001862   93.55%    failed      0.00%
 149  PLAMIC009026   71.85%    failed      0.00%
 150  NEODAM006345   93.75%    failed      0.00%
 151  POLPAL009440   93.22%    failed      0.00%
 152  HALSPE005897   91.55%    failed      0.00%
 153  DROMEL010292   71.62%    failed      0.00%
 154  DIPROT038935   93.81%    failed      0.03%
 155  PLAMIC000764   93.75%    failed      0.03%
 156  NEOSPE013425   93.66%    failed      0.00%
 157  RAMVAR001592   93.48%    failed      0.00%
 158  MORVER004268   93.71%    failed      0.00%
 159  PLATAR005743   86.15%    failed      0.00%
 160  STRRAT002921   71.85%    failed      0.00%
 161  COLVIE003663   93.70%    failed      0.00%
 162  AURLIM000709   85.67%    failed      0.00%
 163  LAPGUS045789   85.25%    failed      0.00%
 164  LEPVOR011040   98.92%    passed     10.16%
 165  LEPVOR021186   89.67%    failed      0.00%
 166  BASMER008827   93.68%    failed      0.00%
 167  TETTHE004227   93.77%    failed      0.00%
 168  DIALUT008786   93.44%    failed      0.00%
 169  SORBIC044925   93.67%    failed      0.02%
 170  ARATHA000384   94.21%    failed      1.19%
 171  CHRPER008587   93.68%    failed      0.01%
 172  DIPROT038936   94.96%    passed      7.74%
 173  ARATHA022716   93.66%    failed      0.04%
 174  MICSPE003459   86.74%    failed      0.00%
 175  CHLVAR001084   93.75%    failed      0.00%
 176  RAPHET025307   88.33%    failed      0.00%
 177  MONNEG005736   94.11%    failed      0.00%
 178  ARATHA000145   94.13%    failed      1.33%
 179  UMBRAM006262   93.66%    failed      0.00%
 180  NEOSPE006461   69.90%    failed      0.00%
 181  PHAKIR004675   95.65%    failed      0.20%
 182  NEMVEC001580   85.65%    failed      0.00%
 183  DICDIS011522   93.70%    failed      0.00%
 184  MANPLA026551   95.02%    failed      0.22%
 185  MICSPE000266   93.61%    failed      0.00%
 186  BAFFRI043978   96.17%    failed      0.00%
 187  AGABIS000601   93.60%    failed      0.00%
 188  DAPMAG011024   93.63%    failed      0.00%
 189  VITBRA006457   69.48%    failed      0.00%
 190  NUTLON005206   95.24%    failed      0.23%
 191  SPISPE005019   83.26%    failed      0.00%
 192  RIGRAM001626   93.71%    failed      0.00%
 193  SPIPUN006122   93.68%    failed      0.00%
 194  CYCPAN007620   90.18%    failed      0.34%
 195  RHIIRR014848   70.89%    failed      0.00%
 196  CHLREI012711   93.69%    failed      0.00%
 197  PAUCHR022627   98.07%    failed      0.01%
 198  IXOSCA005957   93.64%    failed      0.01%
 199  SECSPE009736   90.70%    failed      0.00%
 200  GLOWIT005263   93.73%    failed      0.00%
 201  DIPROT005612   93.72%    failed      0.10%
 202  KLENIT013890   93.64%    failed      0.08%
 203  PLATAR017732   93.70%    failed      0.00%
 204  NUCSPE055140   95.35%    failed      0.00%
 205  PARATL020458   95.36%    failed      0.00%
 206  GLOWIT000899   82.19%    failed      0.00%
 207  SPISPE000619   93.62%    failed      0.00%
 208  CHABRA020196   71.30%    failed      0.00%
 209  CAPOWC001346   93.63%    failed      0.00%
 210  COLSPE001497   93.77%    failed      0.00%
 211  NUTLON023618   98.55%    passed     15.13%
 212  EUGLON011604   93.74%    failed      0.01%
 213  COLSPE002393   93.63%    failed      0.02%
 214  ANAIGN012181   97.42%    failed      0.00%
 215  COLVIE004530   93.55%    failed      0.00%
 216  DIPROT033723   71.69%    failed      0.00%
 217  RAMBRE007495   88.37%    failed      0.00%
 218  CRYCOH012416   85.39%    failed      0.00%
 219  NEMVEC005172   96.94%    failed      0.00%
 220  BAFFRI048053   93.58%    failed      0.01%
 221  MICMAR109153   91.91%    failed      0.00%
 222  MALCAL003147   93.73%    failed      0.00%
 223  PTESPE015576   88.22%    failed      0.00%
 224  MASSPE001412   93.34%    failed      0.00%
 225  TOXGON004636   70.88%    failed      0.00%
 226  TELSUB019228   93.55%    failed      0.00%
 227  ARCINT003480   95.80%    failed      0.00%
 228  MARPOL003728   93.68%    failed      0.09%
 229  NAEFOW003080   93.72%    failed      0.00%
 230  HALSEO002055   93.38%    failed      0.00%
 231  TELSUB014304   95.82%    failed      0.00%
 232  BICSPE003161   93.63%    failed      0.00%
 233  PLABRA002860   93.32%    failed      0.00%
 234  PRYPAR008183   93.71%    failed      0.00%
 235  GLOWIT013660   93.70%    failed      0.00%
 236  PERSWS009507   93.70%    failed      0.00%
 237  PARPYR002179   93.58%    failed      0.00%
 238  SCHMAN005951   67.25%    failed      0.00%
 239  NEODAM010097   72.04%    failed      0.00%
 240  TRIMAR003837   93.47%    failed      0.00%
 241  CYAPAR010600   93.74%    failed      0.00%
 242  GEPOCE018042   94.14%    failed      0.00%
 243  PARTET006895   93.81%    failed      0.00%
 244  GALSUL002763   88.02%    failed      0.00%
 245  PARTET000946   93.81%    failed      0.00%
 246  THETRA000137   93.72%    failed      0.00%
 247  VERVER011832   93.66%    failed      0.03%
 248  CHLATM001885   94.03%    failed      0.01%
 249  HEMKUK008150   93.74%    failed      0.00%
 250  LAPGUS026341   93.68%    failed      0.00%
 251  CYCPAN004351   93.68%    failed      0.23%
 252  MATSPE020255   96.59%    failed      0.01%
 253  MALJAK019956   93.74%    failed      0.00%
 254  GEPOCE007815   92.93%    failed      0.00%
 255  PYGBIF000988   93.74%    failed      0.00%
 256  ELPMAR002882   93.39%    failed      0.00%
 257  NUTLON022286   97.91%    failed      1.53%
 258  RHYHUM045688   93.53%    failed      0.03%
 259  AURLIM004296   93.52%    failed      0.00%
 260  PALBIL007589   94.67%    failed      0.00%
 261  COLVIE000793   93.69%    failed      0.00%
 262  GIAINT000093   92.97%    failed      0.00%
 263  CHOSPE022023   88.04%    failed      0.00%
 264  BREMOT008941   91.91%    failed      0.00%
 265  VERVER006888   69.71%    failed      0.00%
 266  NEODAM002593   88.13%    failed      0.00%
 267  ROZALL004605   73.91%    failed      0.00%
 268  TETTHE010307   93.39%    failed      0.00%
 269  GEFOKE024428   93.85%    failed      0.00%
 270  CYCPAN015198   87.13%    failed      0.00%
 271  PLATAR006400   98.27%    failed      0.59%
 272  HYPCAT003881   96.92%    failed      4.75%
 273  PLATAR007412   97.60%    failed      0.00%
 274  BASMER015173   88.14%    failed      0.00%
 275  NAEFOW006455   67.17%    failed      0.00%
 276  MONNEG001642   96.94%    failed      0.00%
 277  ANCTWI021894   98.89%    passed     52.91%
 278  STECOE025103   75.66%    failed      0.00%
 279  SCHPOM002283   88.19%    failed      0.00%
 280  CYCPAN004069   87.97%    failed      0.00%
 281  LEUCOM024640   96.39%    failed      0.56%
 282  SORBIC016243   87.84%    failed      0.00%
 283  CAULEN001229   87.88%    failed      0.00%
 284  OSTTAU006803   87.96%    failed      0.00%
 285  CYAMER001400   86.75%    failed      0.00%
 286  CHABRA021987   84.59%    failed      0.00%
 287  STECOE006730   75.66%    failed      0.00%
 288  ACASPE014614   88.28%    failed      0.00%
 289  MARPOL008107   87.92%    failed      0.00%
 290  PICSPE009517   72.31%    failed      0.00%
 291  ANAIGN006570   94.48%    failed      0.00%
 292  SYMSPE083086   82.34%    failed      0.00%
WARNING: 292 sequences contain more than 50% gaps/ambiguity
****  TOTAL          89.97%  276 sequences failed composition chi2 test (p-value<5%; df=19)

Create initial parsimony tree by phylogenetic likelihood library (PLL)... 1.527 seconds
Generating 1000 samples for ultrafast bootstrap (seed: 829048)...

NOTE: 1592 MB RAM (1 GB) is required!
Estimate model parameters (epsilon = 0.100)
1. Initial log-likelihood: -667235.973
2. Current log-likelihood: -545354.737
3. Current log-likelihood: -543862.650
4. Current log-likelihood: -543834.440
5. Current log-likelihood: -543828.738
6. Current log-likelihood: -543826.821
7. Current log-likelihood: -543826.051
8. Current log-likelihood: -543825.684
Optimal log-likelihood: -543825.522
Site proportion and rates:  (0.021,0.110) (0.089,0.286) (0.181,0.518) (0.314,0.859) (0.395,1.542)
Parameters optimization took 8 rounds (449.906 sec)
Computing ML distances based on estimated model parameters... 14.949 sec
WARNING: Some pairwise ML distances are too long (saturated)
Computing BIONJ tree...
0.037 seconds
Log-likelihood of BIONJ tree: -546420.722
--------------------------------------------------------------------
|             INITIALIZING CANDIDATE TREE SET                      |
--------------------------------------------------------------------
Generating 98 parsimony trees... 149.566 second
Computing log-likelihood of 98 initial trees ... 576.307 seconds
Current best score: -543825.522

Do NNI search on 20 best initial trees
Estimate model parameters (epsilon = 0.100)
BETTER TREE FOUND at iteration 1: -542725.968
Estimate model parameters (epsilon = 0.100)
******************************************************
CHECKPOINT: Resuming analysis from euk5_homs9.CAPG2.linsi.iqtree.ckp.gz

IQ-TREE multicore version 2.0.3 for Linux 64-bit built Apr 26 2020
Developed by Bui Quang Minh, Nguyen Lam Tung, Olga Chernomor,
Heiko Schmidt, Dominik Schrempf, Michael Woodhams.

Host:    jolien-Precision-5820-Tower (AVX512, FMA3, 31 GB RAM)
Command: iqtree -s euk5_homs9.CAPG2.linsi.fa -m LG+F+R5 -T 2 -B 1000 -pre euk5_homs9.CAPG2.linsi.iqtree
Seed:    16321 (Using SPRNG - Scalable Parallel Random Number Generator)
Time:    Mon Jun 13 16:06:56 2022
Kernel:  AVX+FMA - 2 threads (16 CPU cores detected)

Reading alignment file euk5_homs9.CAPG2.linsi.fa ... Fasta format detected
Alignment most likely contains protein sequences
WARNING: 24 sites contain only gaps or ambiguous characters.
Alignment has 292 sequences with 9268 columns, 6922 distinct patterns
3798 parsimony-informative, 2251 singleton sites, 3219 constant sites
              Gap/Ambiguity  Composition  p-value
   1  NEMVEC006855   86.05%    failed      0.00%
   2  ACAPLA002691   86.91%    failed      0.00%
   3  ACACAS002161   86.25%    failed      0.00%
   4  LEUCOM017360   85.67%    failed      0.00%
   5  CRAGIG058262   87.81%    failed      0.00%
   6  TRIADH005156   87.27%    failed      0.00%
   7  MATSPE018077   87.29%    failed      0.00%
   8  BRABEL008840   88.24%    failed      0.00%
   9  HOMSAP015413   87.53%    failed      0.00%
  10  COLSPE012407   86.51%    failed      0.00%
  11  SALKVE016293   87.67%    failed      0.00%
  12  PLAMIC008511   86.30%    failed      0.00%
  13  CHRPER006883   86.39%    failed      0.00%
  14  CLAOKA009387   83.72%    failed      0.00%
  15  PLAFUN002944   87.12%    failed      0.00%
  16  DANRER033910   87.70%    failed      0.00%
  17  PHYPOL001187   88.72%    failed      0.00%
  18  NANOCE078078   84.94%    failed      0.00%
  19  GUITHE019586   87.22%    failed      0.00%
  20  DIPROT023150   87.56%    failed      0.00%
  21  CAPOWC003618   85.00%    failed      0.00%
  22  DIAGRA021620   85.79%    failed      0.00%
  23  KLENIT005130   85.49%    failed      0.00%
  24  NEODAM009381   87.66%    failed      0.00%
  25  THETRA005850   86.92%    failed      0.00%
  26  CYCPAN026205   84.92%    failed      0.00%
  27  NEPPYR015184   90.54%    failed      0.00%
  28  MARPOL018829   85.61%    failed      0.00%
  29  RIGRAM027830   88.25%    failed      0.00%
  30  MALCAL003234   89.03%    failed      0.00%
  31  VERVER009848   87.89%    failed      0.00%
  32  DICDIS000947   84.50%    failed      0.00%
  33  PHYINF007775   88.63%    failed      0.00%
  34  SECSPE009985   86.55%    failed      0.00%
  35  HALSEO005941   87.59%    failed      0.01%
  36  HONFER005229   88.55%    failed      0.00%
  37  GEFOKE022194   88.66%    failed      0.00%
  38  PHATRI009921   85.40%    failed      0.00%
  39  AURLIM011952   88.28%    failed      0.00%
  40  RHOMAR005732   86.30%    failed      0.00%
  41  GONPRO011904   87.83%    failed      0.00%
  42  COCSUB009678   86.63%    failed      0.00%
  43  MASBAL000617   87.81%    failed      0.00%
  44  NUCSPE096321   90.91%    failed      0.00%
  45  PARATL005352   90.96%    failed      0.00%
  46  ARATHA010458   86.71%    failed      0.00%
  47  SAPDIC013618   89.22%    failed      0.00%
  48  GRACHO002700   86.37%    failed      0.00%
  49  PRACOL001080   89.39%    failed      0.00%
  50  BAFFRI012505   93.32%    failed      0.00%
  51  GEPOCE026561   92.98%    failed      0.00%
  52  BIGNAT005846   87.13%    failed      0.00%
  53  MONBRE005529   87.29%    failed      0.00%
  54  DAPMAG025944   87.38%    failed      0.00%
  55  PORPUR008488   86.61%    failed      0.00%
  56  SORBIC004782   87.17%    failed      0.00%
  57  CHLREI007066   81.72%    failed      0.00%
  58  CHABRA020663   78.85%    failed      0.00%
  59  PAUCHR007024   94.30%    failed      0.00%
  60  DIALUT009310   85.73%    failed      0.00%
  61  RIGRAM027829   94.62%    failed      0.01%
  62  JAKBAH012715   83.68%    failed      0.00%
  63  MNELEI001212   89.15%    failed      0.00%
  64  IXOSCA032422   89.52%    failed      0.00%
  65  BAFFRI042390   94.38%    failed      0.00%
  66  EUGLON042682   89.52%    failed      0.00%
  67  HEMSPE003231   86.67%    failed      0.01%
  68  MADERY029474   92.45%    failed      0.00%
  69  VITBRA014972   86.67%    failed      0.00%
  70  HYPCAT000560   94.90%    failed      0.24%
  71  CYAMER003436   84.88%    failed      0.00%
  72  MALJAK014683   90.89%    failed      0.00%
  73  CIOINT012461   93.76%    failed      0.05%
  74  MALJAK024489   90.84%    failed      0.00%
  75  TRIVAG020586   90.24%    failed      0.00%
  76  POLPAL001623   89.36%    failed      0.00%
  77  PERMAR003854   85.09%    failed      0.04%
  78  CRYCOH048408   91.40%    failed      0.00%
  79  PLAFAL005303   86.99%    failed      0.00%
  80  CRYMUR000671   90.73%    failed      0.00%
  81  HEMPHA011357   83.62%    failed      0.00%
  82  GEMCRY032845   90.63%    failed      0.00%
  83  PERMAR014826   93.82%    failed      3.22%
  84  ANAIGN017744   90.25%    failed      0.00%
  85  PRIPAC025309   86.59%    failed      0.00%
  86  RAMVAR007311   89.04%    failed      0.00%
  87  CYAPAR010117   86.90%    failed      0.00%
  88  BARSPE004953   89.66%    failed      0.00%
  89  ENTSUL016217   95.69%    failed      0.00%
  90  HYPCAT000559   92.80%    failed      0.00%
  91  BARSPE012370   93.01%    failed      0.00%
  92  MONNEG011036   95.93%    failed      0.00%
  93  MONEXI005022   91.14%    failed      0.00%
  94  MANPLA005167   96.21%    passed      9.04%
  95  ANDGOD002993   92.53%    failed      0.00%
  96  PYGBIF009344   97.40%    passed      5.41%
  97  RHYHUM020754   91.82%    failed      0.00%
  98  ARCINT012146   97.46%    passed     15.14%
  99  LEPVOR011042   93.12%    failed      0.00%
 100  NUTLON020239   97.72%    passed      6.21%
 101  CARMEM001633   92.25%    failed      0.00%
 102  ANAIGN019119   97.19%    failed      0.12%
 103  NUTLON020684   97.33%    failed      0.02%
 104  CHRVEL027124   86.01%    failed      0.00%
 105  MONNEG004130   88.78%    failed      0.00%
 106  STRRAT001640   90.61%    failed      0.00%
 107  MICMAR051849   96.19%    failed      0.00%
 108  MALJAK014669   97.26%    passed     31.44%
 109  CRYCOH012754   93.28%    failed      0.00%
 110  CHABRA020662   82.88%    failed      0.00%
 111  MICMAR035989   98.39%    passed     22.15%
 112  PLATAR002691   98.67%    failed      0.01%
 113  PLATAR022175   98.76%    passed     27.62%
 114  MALJAK024480   97.99%    passed     19.32%
 115  LEUCOM081165   98.86%    failed      1.14%
 116  PRIPAC027454   71.60%    failed      0.00%
 117  LENLIM005156   97.60%    failed      2.42%
 118  BIGNAT014333   87.66%    failed      0.00%
 119  RAPHET019932   88.29%    failed      0.00%
 120  ANCTWI037428   98.75%    passed     25.49%
 121  TELSUB044783   98.71%    passed     25.84%
 122  ACASPE026534   97.55%    failed      0.00%
 123  BIGNAT001151   93.59%    failed      0.00%
 124  BREMOT004769   94.29%    failed      0.00%
 125  CHASUB004551   77.81%    failed      0.00%
 126  BASMER012733   71.31%    failed      0.00%
 127  GIAINT004303   86.61%    failed      0.00%
 128  POLPAL001624   97.72%    failed      0.60%
 129  CIOINT012463   97.55%    failed      0.12%
 130  CYCPAN016127   71.44%    failed      0.00%
 131  PLATAR007411   97.13%    failed      0.00%
 132  NEPPYR015819   89.97%    failed      0.00%
 133  TRESPE001068   94.20%    failed      0.00%
 134  COCSUB003182   87.10%    failed      0.00%
 135  HEMPHA005739   93.41%    failed      0.00%
 136  LENLIM010891   98.64%    failed      4.14%
 137  BODSAL007392   87.30%    failed      0.00%
 138  SPISAL004040   94.31%    failed      0.00%
 139  ROZALL005128   93.72%    failed      0.00%
 140  CHOSPE006601   87.13%    failed      0.00%
 141  CRYCOH057758   98.34%    passed     43.54%
 142  ANAIGN021659   97.73%    failed      0.00%
 143  NEMVEC011063   94.54%    failed      0.01%
 144  ANCTWI004606   93.68%    failed      0.05%
 145  SPIPUN003372   69.87%    failed      0.00%
 146  BAFFRI059395   98.42%    failed      0.01%
 147  ARCINT003481   98.22%    passed      5.32%
 148  STECOE001862   93.55%    failed      0.00%
 149  PLAMIC009026   71.85%    failed      0.00%
 150  NEODAM006345   93.75%    failed      0.00%
 151  POLPAL009440   93.22%    failed      0.00%
 152  HALSPE005897   91.55%    failed      0.00%
 153  DROMEL010292   71.62%    failed      0.00%
 154  DIPROT038935   93.81%    failed      0.03%
 155  PLAMIC000764   93.75%    failed      0.03%
 156  NEOSPE013425   93.66%    failed      0.00%
 157  RAMVAR001592   93.48%    failed      0.00%
 158  MORVER004268   93.71%    failed      0.00%
 159  PLATAR005743   86.15%    failed      0.00%
 160  STRRAT002921   71.85%    failed      0.00%
 161  COLVIE003663   93.70%    failed      0.00%
 162  AURLIM000709   85.67%    failed      0.00%
 163  LAPGUS045789   85.25%    failed      0.00%
 164  LEPVOR011040   98.92%    passed     10.16%
 165  LEPVOR021186   89.67%    failed      0.00%
 166  BASMER008827   93.68%    failed      0.00%
 167  TETTHE004227   93.77%    failed      0.00%
 168  DIALUT008786   93.44%    failed      0.00%
 169  SORBIC044925   93.67%    failed      0.02%
 170  ARATHA000384   94.21%    failed      1.19%
 171  CHRPER008587   93.68%    failed      0.01%
 172  DIPROT038936   94.96%    passed      7.74%
 173  ARATHA022716   93.66%    failed      0.04%
 174  MICSPE003459   86.74%    failed      0.00%
 175  CHLVAR001084   93.75%    failed      0.00%
 176  RAPHET025307   88.33%    failed      0.00%
 177  MONNEG005736   94.11%    failed      0.00%
 178  ARATHA000145   94.13%    failed      1.33%
 179  UMBRAM006262   93.66%    failed      0.00%
 180  NEOSPE006461   69.90%    failed      0.00%
 181  PHAKIR004675   95.65%    failed      0.20%
 182  NEMVEC001580   85.65%    failed      0.00%
 183  DICDIS011522   93.70%    failed      0.00%
 184  MANPLA026551   95.02%    failed      0.22%
 185  MICSPE000266   93.61%    failed      0.00%
 186  BAFFRI043978   96.17%    failed      0.00%
 187  AGABIS000601   93.60%    failed      0.00%
 188  DAPMAG011024   93.63%    failed      0.00%
 189  VITBRA006457   69.48%    failed      0.00%
 190  NUTLON005206   95.24%    failed      0.23%
 191  SPISPE005019   83.26%    failed      0.00%
 192  RIGRAM001626   93.71%    failed      0.00%
 193  SPIPUN006122   93.68%    failed      0.00%
 194  CYCPAN007620   90.18%    failed      0.34%
 195  RHIIRR014848   70.89%    failed      0.00%
 196  CHLREI012711   93.69%    failed      0.00%
 197  PAUCHR022627   98.07%    failed      0.01%
 198  IXOSCA005957   93.64%    failed      0.01%
 199  SECSPE009736   90.70%    failed      0.00%
 200  GLOWIT005263   93.73%    failed      0.00%
 201  DIPROT005612   93.72%    failed      0.10%
 202  KLENIT013890   93.64%    failed      0.08%
 203  PLATAR017732   93.70%    failed      0.00%
 204  NUCSPE055140   95.35%    failed      0.00%
 205  PARATL020458   95.36%    failed      0.00%
 206  GLOWIT000899   82.19%    failed      0.00%
 207  SPISPE000619   93.62%    failed      0.00%
 208  CHABRA020196   71.30%    failed      0.00%
 209  CAPOWC001346   93.63%    failed      0.00%
 210  COLSPE001497   93.77%    failed      0.00%
 211  NUTLON023618   98.55%    passed     15.13%
 212  EUGLON011604   93.74%    failed      0.01%
 213  COLSPE002393   93.63%    failed      0.02%
 214  ANAIGN012181   97.42%    failed      0.00%
 215  COLVIE004530   93.55%    failed      0.00%
 216  DIPROT033723   71.69%    failed      0.00%
 217  RAMBRE007495   88.37%    failed      0.00%
 218  CRYCOH012416   85.39%    failed      0.00%
 219  NEMVEC005172   96.94%    failed      0.00%
 220  BAFFRI048053   93.58%    failed      0.01%
 221  MICMAR109153   91.91%    failed      0.00%
 222  MALCAL003147   93.73%    failed      0.00%
 223  PTESPE015576   88.22%    failed      0.00%
 224  MASSPE001412   93.34%    failed      0.00%
 225  TOXGON004636   70.88%    failed      0.00%
 226  TELSUB019228   93.55%    failed      0.00%
 227  ARCINT003480   95.80%    failed      0.00%
 228  MARPOL003728   93.68%    failed      0.09%
 229  NAEFOW003080   93.72%    failed      0.00%
 230  HALSEO002055   93.38%    failed      0.00%
 231  TELSUB014304   95.82%    failed      0.00%
 232  BICSPE003161   93.63%    failed      0.00%
 233  PLABRA002860   93.32%    failed      0.00%
 234  PRYPAR008183   93.71%    failed      0.00%
 235  GLOWIT013660   93.70%    failed      0.00%
 236  PERSWS009507   93.70%    failed      0.00%
 237  PARPYR002179   93.58%    failed      0.00%
 238  SCHMAN005951   67.25%    failed      0.00%
 239  NEODAM010097   72.04%    failed      0.00%
 240  TRIMAR003837   93.47%    failed      0.00%
 241  CYAPAR010600   93.74%    failed      0.00%
 242  GEPOCE018042   94.14%    failed      0.00%
 243  PARTET006895   93.81%    failed      0.00%
 244  GALSUL002763   88.02%    failed      0.00%
 245  PARTET000946   93.81%    failed      0.00%
 246  THETRA000137   93.72%    failed      0.00%
 247  VERVER011832   93.66%    failed      0.03%
 248  CHLATM001885   94.03%    failed      0.01%
 249  HEMKUK008150   93.74%    failed      0.00%
 250  LAPGUS026341   93.68%    failed      0.00%
 251  CYCPAN004351   93.68%    failed      0.23%
 252  MATSPE020255   96.59%    failed      0.01%
 253  MALJAK019956   93.74%    failed      0.00%
 254  GEPOCE007815   92.93%    failed      0.00%
 255  PYGBIF000988   93.74%    failed      0.00%
 256  ELPMAR002882   93.39%    failed      0.00%
 257  NUTLON022286   97.91%    failed      1.53%
 258  RHYHUM045688   93.53%    failed      0.03%
 259  AURLIM004296   93.52%    failed      0.00%
 260  PALBIL007589   94.67%    failed      0.00%
 261  COLVIE000793   93.69%    failed      0.00%
 262  GIAINT000093   92.97%    failed      0.00%
 263  CHOSPE022023   88.04%    failed      0.00%
 264  BREMOT008941   91.91%    failed      0.00%
 265  VERVER006888   69.71%    failed      0.00%
 266  NEODAM002593   88.13%    failed      0.00%
 267  ROZALL004605   73.91%    failed      0.00%
 268  TETTHE010307   93.39%    failed      0.00%
 269  GEFOKE024428   93.85%    failed      0.00%
 270  CYCPAN015198   87.13%    failed      0.00%
 271  PLATAR006400   98.27%    failed      0.59%
 272  HYPCAT003881   96.92%    failed      4.75%
 273  PLATAR007412   97.60%    failed      0.00%
 274  BASMER015173   88.14%    failed      0.00%
 275  NAEFOW006455   67.17%    failed      0.00%
 276  MONNEG001642   96.94%    failed      0.00%
 277  ANCTWI021894   98.89%    passed     52.91%
 278  STECOE025103   75.66%    failed      0.00%
 279  SCHPOM002283   88.19%    failed      0.00%
 280  CYCPAN004069   87.97%    failed      0.00%
 281  LEUCOM024640   96.39%    failed      0.56%
 282  SORBIC016243   87.84%    failed      0.00%
 283  CAULEN001229   87.88%    failed      0.00%
 284  OSTTAU006803   87.96%    failed      0.00%
 285  CYAMER001400   86.75%    failed      0.00%
 286  CHABRA021987   84.59%    failed      0.00%
 287  STECOE006730   75.66%    failed      0.00%
 288  ACASPE014614   88.28%    failed      0.00%
 289  MARPOL008107   87.92%    failed      0.00%
 290  PICSPE009517   72.31%    failed      0.00%
 291  ANAIGN006570   94.48%    failed      0.00%
 292  SYMSPE083086   82.34%    failed      0.00%
WARNING: 292 sequences contain more than 50% gaps/ambiguity
****  TOTAL          89.97%  276 sequences failed composition chi2 test (p-value<5%; df=19)

CHECKPOINT: Initial tree restored
Generating 1000 samples for ultrafast bootstrap (seed: 16321)...

NOTE: 1592 MB RAM (1 GB) is required!
CHECKPOINT: Model parameters restored, LogL: -543825.522
Computing ML distances based on estimated model parameters... 17.462 sec
WARNING: Some pairwise ML distances are too long (saturated)
Computing BIONJ tree...
0.038 seconds
Log-likelihood of BIONJ tree: -546420.722
--------------------------------------------------------------------
|             INITIALIZING CANDIDATE TREE SET                      |
--------------------------------------------------------------------
Generating 98 parsimony trees... 200.642 second
Computing log-likelihood of 98 initial trees ... 752.825 seconds
Current best score: -543825.522

Do NNI search on 20 best initial trees
Estimate model parameters (epsilon = 0.100)
BETTER TREE FOUND at iteration 1: -542725.968
Estimate model parameters (epsilon = 0.100)
BETTER TREE FOUND at iteration 3: -542527.563
Iteration 10 / LogL: -542762.180 / Time: 1h:20m:24s
Iteration 20 / LogL: -542572.817 / Time: 1h:58m:9s
Finish initializing candidate tree set (20)
Current best tree score: -542527.563 / CPU time: 6696.706
Number of iterations: 20
--------------------------------------------------------------------
|               OPTIMIZING CANDIDATE TREE SET                      |
--------------------------------------------------------------------
Estimate model parameters (epsilon = 0.100)
BETTER TREE FOUND at iteration 21: -542510.559
Estimate model parameters (epsilon = 0.100)
BETTER TREE FOUND at iteration 23: -542454.653
Estimate model parameters (epsilon = 0.100)
BETTER TREE FOUND at iteration 27: -542442.555
Estimate model parameters (epsilon = 0.100)
BETTER TREE FOUND at iteration 28: -542439.012
Iteration 30 / LogL: -542453.188 / Time: 2h:32m:51s (8h:36m:33s left)
Estimate model parameters (epsilon = 0.100)
BETTER TREE FOUND at iteration 35: -542383.986
Iteration 40 / LogL: -542443.143 / Time: 2h:57m:26s (7h:12m:12s left)
Estimate model parameters (epsilon = 0.100)
BETTER TREE FOUND at iteration 42: -542368.901
Estimate model parameters (epsilon = 0.100)
BETTER TREE FOUND at iteration 46: -542349.929
Iteration 50 / LogL: -542390.202 / Time: 3h:22m:56s (6h:37m:36s left)
Log-likelihood cutoff on original alignment: -542681.282
Estimate model parameters (epsilon = 0.100)
BETTER TREE FOUND at iteration 52: -542335.327
Estimate model parameters (epsilon = 0.100)
BETTER TREE FOUND at iteration 55: -542331.989
Iteration 60 / LogL: -542345.846 / Time: 3h:47m:6s (6h:5m:40s left)
Estimate model parameters (epsilon = 0.100)
BETTER TREE FOUND at iteration 63: -542329.747
Iteration 70 / LogL: -542351.468 / Time: 4h:8m:18s (5h:34m:41s left)
Estimate model parameters (epsilon = 0.100)
BETTER TREE FOUND at iteration 79: -542328.240
Iteration 80 / LogL: -542331.177 / Time: 4h:28m:57s (5h:37m:3s left)
Iteration 90 / LogL: -542331.519 / Time: 4h:49m:5s (4h:49m:5s left)
Estimate model parameters (epsilon = 0.100)
BETTER TREE FOUND at iteration 95: -542308.503
Iteration 100 / LogL: -542339.710 / Time: 5h:13m:56s (5h:1m:15s left)
Log-likelihood cutoff on original alignment: -542531.615
NOTE: Bootstrap correlation coefficient of split occurrence frequencies: 0.896
NOTE: UFBoot does not converge, continue at least 100 more iterations
Iteration 110 / LogL: -542351.456 / Time: 5h:36m:39s (4h:37m:58s left)
Estimate model parameters (epsilon = 0.100)
BETTER TREE FOUND at iteration 113: -542295.054
Iteration 120 / LogL: -542319.693 / Time: 6h:1m:41s (4h:42m:39s left)
Estimate model parameters (epsilon = 0.100)
BETTER TREE FOUND at iteration 125: -542294.141
Iteration 130 / LogL: -542342.206 / Time: 6h:28m:35s (4h:46m:10s left)
Estimate model parameters (epsilon = 0.100)
BETTER TREE FOUND at iteration 138: -542287.541
Iteration 140 / LogL: -542302.638 / Time: 6h:51m:53s (4h:50m:24s left)
Estimate model parameters (epsilon = 0.100)
BETTER TREE FOUND at iteration 144: -542283.965
Iteration 150 / LogL: -542297.947 / Time: 7h:19m:2s (4h:36m:58s left)
Log-likelihood cutoff on original alignment: -542519.688
Estimate model parameters (epsilon = 0.100)
BETTER TREE FOUND at iteration 155: -542271.207
Estimate model parameters (epsilon = 0.100)
BETTER TREE FOUND at iteration 157: -542265.192
Iteration 160 / LogL: -542295.516 / Time: 7h:45m:8s (4h:43m:45s left)
Iteration 170 / LogL: -542276.149 / Time: 8h:8m:26s (4h:11m:26s left)
Estimate model parameters (epsilon = 0.100)
BETTER TREE FOUND at iteration 176: -542254.225
Iteration 180 / LogL: -542277.748 / Time: 8h:32m:54s (4h:35m:4s left)
Iteration 190 / LogL: -542288.033 / Time: 8h:57m:23s (4h:4m:31s left)
Iteration 200 / LogL: -542270.864 / Time: 9h:20m:45s (3h:34m:9s left)
Log-likelihood cutoff on original alignment: -542381.560
NOTE: Bootstrap correlation coefficient of split occurrence frequencies: 0.886
NOTE: UFBoot does not converge, continue at least 100 more iterations
Iteration 210 / LogL: -542263.117 / Time: 9h:43m:58s (4h:11m:28s left)
Iteration 220 / LogL: -542285.194 / Time: 10h:6m:33s (3h:41m:34s left)
Iteration 230 / LogL: -542280.404 / Time: 10h:27m:3s (3h:11m:40s left)
Iteration 240 / LogL: -542256.182 / Time: 10h:52m:6s (2h:43m:42s left)
Estimate model parameters (epsilon = 0.100)
BETTER TREE FOUND at iteration 242: -542252.928
Iteration 250 / LogL: -542269.471 / Time: 11h:16m:29s (4h:9m:56s left)
Log-likelihood cutoff on original alignment: -542381.235
Iteration 260 / LogL: -542263.120 / Time: 11h:39m:24s (3h:41m:26s left)
Estimate model parameters (epsilon = 0.100)
BETTER TREE FOUND at iteration 267: -542245.776
Iteration 270 / LogL: -542257.183 / Time: 12h:3m:27s (4h:20m:52s left)
Iteration 280 / LogL: -542284.785 / Time: 12h:27m:37s (3h:53m:7s left)
Iteration 290 / LogL: -542283.633 / Time: 12h:50m:39s (3h:25m:19s left)
Iteration 300 / LogL: -542283.101 / Time: 13h:14m:27s (2h:58m:1s left)
Log-likelihood cutoff on original alignment: -542381.235
NOTE: Bootstrap correlation coefficient of split occurrence frequencies: 0.910
NOTE: UFBoot does not converge, continue at least 100 more iterations
Estimate model parameters (epsilon = 0.100)
BETTER TREE FOUND at iteration 309: -542234.826
Iteration 310 / LogL: -542290.904 / Time: 13h:39m:21s (4h:22m:30s left)
Iteration 320 / LogL: -542263.503 / Time: 14h:2m:56s (3h:55m:10s left)
Iteration 330 / LogL: -542263.464 / Time: 14h:28m:2s (3h:28m:26s left)
Iteration 340 / LogL: -542243.761 / Time: 14h:52m:8s (3h:1m:35s left)
Iteration 350 / LogL: -542266.233 / Time: 15h:16m:51s (2h:35m:0s left)
Log-likelihood cutoff on original alignment: -542381.235
Iteration 360 / LogL: -542250.306 / Time: 15h:43m:40s (2h:8m:48s left)
Iteration 370 / LogL: -542262.778 / Time: 16h:13m:9s (1h:42m:51s left)
Iteration 380 / LogL: -542255.444 / Time: 16h:41m:14s (1h:16m:36s left)
Iteration 390 / LogL: -542288.259 / Time: 17h:9m:9s (0h:50m:16s left)
Iteration 400 / LogL: -542275.760 / Time: 17h:35m:38s (0h:23m:48s left)
Log-likelihood cutoff on original alignment: -542381.235
NOTE: Bootstrap correlation coefficient of split occurrence frequencies: 0.956
NOTE: UFBoot does not converge, continue at least 100 more iterations
Iteration 410 / LogL: -542262.286 / Time: 18h:1m:21s (3h:57m:57s left)
Iteration 420 / LogL: -542251.839 / Time: 18h:28m:23s (3h:31m:37s left)
Iteration 430 / LogL: -542247.185 / Time: 18h:54m:33s (3h:5m:7s left)
Iteration 440 / LogL: -542265.524 / Time: 19h:20m:43s (2h:38m:38s left)
Iteration 450 / LogL: -542236.285 / Time: 19h:46m:57s (2h:12m:10s left)
Log-likelihood cutoff on original alignment: -542381.235
Iteration 460 / LogL: -542243.595 / Time: 20h:12m:41s (1h:45m:40s left)
Iteration 470 / LogL: -542245.477 / Time: 20h:38m:43s (1h:19m:14s left)
Iteration 480 / LogL: -542310.711 / Time: 21h:4m:29s (0h:52m:47s left)
Iteration 490 / LogL: -542269.994 / Time: 21h:30m:24s (0h:26m:23s left)
Iteration 500 / LogL: -542247.323 / Time: 21h:56m:31s (0h:0m:0s left)
Log-likelihood cutoff on original alignment: -542381.235
NOTE: Bootstrap correlation coefficient of split occurrence frequencies: 0.965
NOTE: UFBoot does not converge, continue at least 100 more iterations
Estimate model parameters (epsilon = 0.100)
BETTER TREE FOUND at iteration 502: -542234.048
Iteration 510 / LogL: -542241.647 / Time: 22h:22m:28s (4h:2m:38s left)
Iteration 520 / LogL: -542267.786 / Time: 22h:50m:38s (3h:36m:33s left)
Iteration 530 / LogL: -542312.997 / Time: 23h:18m:58s (3h:10m:24s left)
Iteration 540 / LogL: -542255.384 / Time: 23h:47m:20s (2h:44m:11s left)
Estimate model parameters (epsilon = 0.100)
BETTER TREE FOUND at iteration 541: -542228.497
Iteration 550 / LogL: -542281.066 / Time: 24h:14m:53s (4h:1m:9s left)
Log-likelihood cutoff on original alignment: -542381.235
Iteration 560 / LogL: -542234.325 / Time: 24h:41m:36s (3h:34m:41s left)
Iteration 570 / LogL: -542248.912 / Time: 25h:7m:3s (3h:8m:3s left)
Iteration 580 / LogL: -542258.799 / Time: 25h:33m:9s (2h:41m:31s left)
Iteration 590 / LogL: -542291.007 / Time: 26h:2m:49s (2h:15m:19s left)
Iteration 600 / LogL: -542250.989 / Time: 26h:27m:30s (1h:48m:39s left)
Log-likelihood cutoff on original alignment: -542381.235
NOTE: Bootstrap correlation coefficient of split occurrence frequencies: 0.971
NOTE: UFBoot does not converge, continue at least 100 more iterations
Estimate model parameters (epsilon = 0.100)
BETTER TREE FOUND at iteration 606: -542228.472
Iteration 610 / LogL: -542254.226 / Time: 26h:53m:40s (4h:14m:22s left)
Iteration 620 / LogL: -542228.917 / Time: 27h:19m:49s (3h:47m:49s left)
Iteration 630 / LogL: -542282.390 / Time: 27h:46m:41s (3h:21m:22s left)
Estimate model parameters (epsilon = 0.100)
BETTER TREE FOUND at iteration 633: -542224.777
Iteration 640 / LogL: -542236.522 / Time: 28h:11m:51s (4h:6m:13s left)
Estimate model parameters (epsilon = 0.100)
BETTER TREE FOUND at iteration 642: -542221.555
Iteration 650 / LogL: -542240.092 / Time: 28h:39m:27s (4h:3m:44s left)
Log-likelihood cutoff on original alignment: -542381.235
Iteration 660 / LogL: -542240.885 / Time: 29h:6m:18s (3h:37m:17s left)
Iteration 670 / LogL: -542234.185 / Time: 29h:31m:45s (3h:10m:40s left)
Iteration 680 / LogL: -542236.017 / Time: 29h:55m:56s (2h:43m:59s left)
Iteration 690 / LogL: -542242.874 / Time: 30h:21m:1s (2h:17m:26s left)
Iteration 700 / LogL: -542244.042 / Time: 30h:47m:13s (1h:50m:59s left)
Log-likelihood cutoff on original alignment: -542381.235
NOTE: Bootstrap correlation coefficient of split occurrence frequencies: 0.975
NOTE: UFBoot does not converge, continue at least 100 more iterations
Iteration 710 / LogL: -542303.985 / Time: 31h:10m:48s (3h:57m:28s left)
Estimate model parameters (epsilon = 0.100)
BETTER TREE FOUND at iteration 720: -542218.722
Iteration 720 / LogL: -542218.722 / Time: 31h:35m:36s (4h:23m:38s left)
Estimate model parameters (epsilon = 0.100)
BETTER TREE FOUND at iteration 723: -542218.409
Iteration 730 / LogL: -542234.862 / Time: 32h:0m:28s (4h:4m:59s left)
Iteration 740 / LogL: -542241.297 / Time: 32h:24m:47s (3h:38m:25s left)
Iteration 750 / LogL: -542222.769 / Time: 32h:48m:22s (3h:11m:50s left)
Log-likelihood cutoff on original alignment: -542381.235
Estimate model parameters (epsilon = 0.100)
BETTER TREE FOUND at iteration 754: -542216.102
Iteration 760 / LogL: -542296.541 / Time: 33h:14m:3s (4h:6m:57s left)
Iteration 770 / LogL: -542221.239 / Time: 33h:38m:53s (3h:40m:31s left)
Iteration 780 / LogL: -542224.904 / Time: 34h:3m:7s (3h:14m:5s left)
Iteration 790 / LogL: -542253.768 / Time: 34h:30m:44s (2h:47m:58s left)
Iteration 800 / LogL: -542236.217 / Time: 34h:55m:59s (2h:21m:39s left)
Log-likelihood cutoff on original alignment: -542381.235
NOTE: Bootstrap correlation coefficient of split occurrence frequencies: 0.975
NOTE: UFBoot does not converge, continue at least 100 more iterations
Iteration 810 / LogL: -542249.870 / Time: 35h:20m:41s (3h:55m:55s left)
Iteration 820 / LogL: -542221.517 / Time: 35h:44m:40s (3h:29m:29s left)
Iteration 830 / LogL: -542228.994 / Time: 36h:8m:9s (3h:3m:4s left)
Iteration 840 / LogL: -542259.665 / Time: 36h:33m:47s (2h:36m:53s left)
Iteration 850 / LogL: -542226.945 / Time: 36h:57m:15s (2h:10m:34s left)
Log-likelihood cutoff on original alignment: -542381.235
Iteration 860 / LogL: -542233.570 / Time: 37h:21m:11s (1h:44m:21s left)
Iteration 870 / LogL: -542228.948 / Time: 37h:46m:18s (1h:18m:14s left)
Iteration 880 / LogL: -542245.703 / Time: 38h:10m:0s (0h:52m:6s left)
Iteration 890 / LogL: -542235.862 / Time: 38h:35m:45s (0h:26m:2s left)
Iteration 900 / LogL: -542220.157 / Time: 39h:1m:20s (0h:0m:0s left)
Log-likelihood cutoff on original alignment: -542381.235
NOTE: Bootstrap correlation coefficient of split occurrence frequencies: 0.970
NOTE: UFBoot does not converge, continue at least 100 more iterations
Iteration 910 / LogL: -542234.624 / Time: 39h:27m:43s (3h:54m:25s left)
Iteration 920 / LogL: -542223.900 / Time: 39h:53m:41s (3h:28m:22s left)
Iteration 930 / LogL: -542218.542 / Time: 40h:18m:16s (3h:2m:12s left)
Iteration 940 / LogL: -542264.756 / Time: 40h:43m:29s (2h:36m:8s left)
Iteration 950 / LogL: -542234.284 / Time: 41h:7m:12s (2h:9m:59s left)
Log-likelihood cutoff on original alignment: -542381.235
Iteration 960 / LogL: -542219.216 / Time: 41h:31m:16s (1h:43m:54s left)
Iteration 970 / LogL: -542242.317 / Time: 41h:54m:34s (1h:17m:51s left)
Iteration 980 / LogL: -542233.599 / Time: 42h:18m:10s (0h:51m:51s left)
Iteration 990 / LogL: -542251.998 / Time: 42h:41m:55s (0h:25m:54s left)
Iteration 1000 / LogL: -542332.249 / Time: 43h:7m:10s (0h:0m:0s left)
Log-likelihood cutoff on original alignment: -542381.235
NOTE: Bootstrap correlation coefficient of split occurrence frequencies: 0.968
NOTE: UFBoot does not converge, continue at least 100 more iterations
WARNING: bootstrap analysis did not converge. You should rerun with higher number of iterations (-nm option)
TREE SEARCH COMPLETED AFTER 1001 ITERATIONS / Time: 43h:10m:20s

--------------------------------------------------------------------
|                    FINALIZING TREE SEARCH                        |
--------------------------------------------------------------------
Performs final model parameters optimization
Estimate model parameters (epsilon = 0.010)
1. Initial log-likelihood: -542216.102
Optimal log-likelihood: -542216.101
Site proportion and rates:  (0.020,0.108) (0.084,0.283) (0.172,0.511) (0.294,0.836) (0.430,1.489)
Parameters optimization took 1 rounds (16.032 sec)
BEST SCORE FOUND : -542216.101
Creating bootstrap support values...
Split supports printed to NEXUS file euk5_homs9.CAPG2.linsi.iqtree.splits.nex
Total tree length: 377.665

Total number of iterations: 1001
CPU time used for tree search: 309336.728 sec (85h:55m:36s)
Wall-clock time used for tree search: 155027.511 sec (43h:3m:47s)
Total CPU time used: 310151.236 sec (86h:9m:11s)
Total wall-clock time used: 155437.817 sec (43h:10m:37s)

Computing bootstrap consensus tree...
Reading input file euk5_homs9.CAPG2.linsi.iqtree.splits.nex...
292 taxa and 2665 splits.
Consensus tree written to euk5_homs9.CAPG2.linsi.iqtree.contree
Reading input trees file euk5_homs9.CAPG2.linsi.iqtree.contree
Log-likelihood of consensus tree: -542216.933

Analysis results written to: 
  IQ-TREE report:                euk5_homs9.CAPG2.linsi.iqtree.iqtree
  Maximum-likelihood tree:       euk5_homs9.CAPG2.linsi.iqtree.treefile
  Likelihood distances:          euk5_homs9.CAPG2.linsi.iqtree.mldist

Ultrafast bootstrap approximation results written to:
  Split support values:          euk5_homs9.CAPG2.linsi.iqtree.splits.nex
  Consensus tree:                euk5_homs9.CAPG2.linsi.iqtree.contree
  Screen log file:               euk5_homs9.CAPG2.linsi.iqtree.log

Date and Time: Wed Jun 15 11:19:04 2022
