IQ-TREE multicore version 2.0.3 for Linux 64-bit built Apr 26 2020
Developed by Bui Quang Minh, Nguyen Lam Tung, Olga Chernomor,
Heiko Schmidt, Dominik Schrempf, Michael Woodhams.

Host:    jolien-Precision-5820-Tower (AVX512, FMA3, 31 GB RAM)
Command: iqtree -s euk5_homs3.SMC3.linsi.bmge.fa -m LG+R10 -B 1000 -T 2 -nm 2000 -pre euk5_homs3.SMC3.linsi.bmge.iqtree.nm2000
Seed:    997403 (Using SPRNG - Scalable Parallel Random Number Generator)
Time:    Mon Sep 26 12:57:37 2022
Kernel:  AVX+FMA - 2 threads (16 CPU cores detected)

Reading alignment file euk5_homs3.SMC3.linsi.bmge.fa ... Fasta format detected
Alignment most likely contains protein sequences
Alignment has 630 sequences with 399 columns, 399 distinct patterns
392 parsimony-informative, 6 singleton sites, 1 constant sites
              Gap/Ambiguity  Composition  p-value
   1  CYCPAN004724    1.75%    passed     45.57%
   2  MARPOL014475    1.75%    passed     22.53%
   3  CHRPER000613    1.75%    passed     92.00%
   4  NEPPYR020859    1.75%    passed     85.75%
   5  BRABEL032851    1.75%    passed     56.80%
   6  CRAGIG003045    1.75%    passed     84.92%
   7  IXOSCA026611    1.75%    passed     56.65%
   8  ACAPLA015379    1.75%    passed     58.77%
   9  MICMAR133532    1.75%    passed     93.62%
  10  HOMSAP048835    1.75%    passed     83.57%
  11  KLENIT013767    1.75%    passed     73.24%
  12  DANRER037066    1.75%    passed     81.46%
  13  MALJAK004250    1.75%    passed     65.23%
  14  ARATHA001945    1.75%    passed     66.36%
  15  LEUCOM082219    1.75%    passed     22.36%
  16  DAPMAG013128    1.75%    passed     38.72%
  17  SORBIC020648    1.75%    passed     76.21%
  18  HYPCAT016322    1.75%    passed     54.53%
  19  BASMER005663    1.75%    passed     78.03%
  20  RAPHET004522    1.75%    passed     84.71%
  21  GLOWIT000464    5.01%    passed     96.35%
  22  COLSPE007154    2.51%    passed     98.39%
  23  PLAFUN015584    1.75%    passed     99.09%
  24  VERVER008043    1.50%    passed     99.70%
  25  GEFOKE001833    1.75%    passed     89.99%
  26  CAPOWC007189    1.75%    passed     95.30%
  27  TRIMAR001020    1.75%    failed      3.59%
  28  MATSPE019817    1.75%    passed     81.96%
  29  DROMEL029691    1.75%    passed     77.16%
  30  MNELEI006197    2.26%    passed     24.75%
  31  SPIPUN003636    1.75%    passed     38.11%
  32  DIAGRA033645    1.75%    passed     88.22%
  33  PRACOL000925    1.75%    failed      0.01%
  34  MORVER000929    1.75%    passed     96.02%
  35  UMBRAM004078    1.75%    passed     70.56%
  36  MICSPE002052    1.75%    passed     96.45%
  37  NAEFOW007263    1.75%    passed     90.11%
  38  CREFRA007285    1.75%    passed     90.12%
  39  THETRA001906    1.75%    passed     37.02%
  40  CIOINT011297    2.01%    passed     96.26%
  41  OSTTAU005875    1.75%    passed     96.52%
  42  NEODAM003454    1.75%    passed     31.68%
  43  CYAPAR018309    1.75%    passed     78.55%
  44  DIPROT011248    5.01%    passed     68.60%
  45  CHLATM004172    4.76%    passed     28.66%
  46  AGABIS005856    1.75%    passed     40.82%
  47  NANOCE139573    1.75%    passed     63.28%
  48  NANOCE077179    2.26%    passed     63.72%
  49  NANOCE114163    1.75%    passed     63.28%
  50  PHYINF010035    1.75%    passed     43.79%
  51  RUSMAR000852    1.75%    passed     79.28%
  52  SAPDIC009202    1.75%    passed     23.69%
  53  USTMAY000698    1.75%    passed     31.98%
  54  CRYNEO005803    1.75%    passed     35.61%
  55  GRACHO001880    1.75%    passed     66.40%
  56  PLABRA006919    1.75%    passed     62.44%
  57  CLAOKA013011    1.75%    passed     98.78%
  58  SALKVE015220    1.75%    passed     91.42%
  59  HONFER004290    1.50%    passed     81.63%
  60  PRYPAR015398    5.26%    passed     66.20%
  61  ARCINT008967    1.75%    passed     87.71%
  62  SYNPLU000363    1.75%    passed     51.13%
  63  RAMVAR017815    1.75%    passed     91.70%
  64  COCSUB000673    4.01%    passed     45.93%
  65  GONPRO009554    1.75%    passed     46.27%
  66  COEREV002514    1.75%    passed     64.70%
  67  HALSEO013927    5.01%    passed     61.11%
  68  CHLREI011027    1.75%    passed     21.72%
  69  ALLMAC002923    1.75%    passed     57.90%
  70  GEPOCE045632    4.01%    passed     76.33%
  71  SCHPOM003558    1.75%    passed     90.78%
  72  AURLIM012177    1.50%    passed     69.13%
  73  PHATRI006299    1.75%    passed     90.78%
  74  DIALUT004898    1.75%    failed      0.25%
  75  PRIPAC027800    1.75%    passed     94.82%
  76  NEUCRA009596    1.75%    passed     94.61%
  77  ALLMAC014839    1.75%    passed     38.03%
  78  CAULEN003089    1.75%    passed     94.39%
  79  GALSUL000531    1.75%    passed     60.78%
  80  PAPANK006970    1.75%    passed     84.33%
  81  NEMVEC003785   21.80%    passed     99.92%
  82  APISPI058635    1.75%    passed     55.94%
  83  TRIADH002443    7.77%    passed     40.66%
  84  MASBAL010304    2.26%    failed      1.08%
  85  PORPUR005404    1.75%    passed     20.47%
  86  STRRAT006623    1.75%    passed     85.31%
  87  PARTRI009701    1.75%    passed     96.26%
  88  PYGBIF003483   19.30%    passed     76.98%
  89  PERSWS004621    1.75%    passed     53.04%
  90  NUCSPE057523    1.75%    passed     41.60%
  91  PARATL020918    1.75%    passed     41.60%
  92  BAFFRI019675    1.75%    passed     70.10%
  93  RAMBRE001855    1.75%    passed     86.99%
  94  CYAMER002737    1.75%    failed      0.86%
  95  NUTLON015031   12.03%    passed     97.54%
  96  MASSPE012496    1.50%    passed     96.09%
  97  LEIMAJ000893    1.75%    passed     54.74%
  98  RHOMAR006834   16.29%    passed     68.98%
  99  MALCAL006653   28.32%    passed     53.14%
 100  PAUCHR001028   19.05%    passed     82.02%
 101  DICDIS007845    2.76%    passed     99.12%
 102  ENTSUL036669    1.75%    passed     98.65%
 103  CRYCOH011649    1.75%    passed     69.08%
 104  HEMPHA013934    1.75%    passed     34.80%
 105  TRYBRU004529    1.75%    passed     75.58%
 106  SYMSPE049675    1.75%    failed      1.09%
 107  CRYCOH022611    1.75%    failed      1.35%
 108  JAKBAH008102   12.53%    passed     21.87%
 109  ANAIGN013838    2.01%    passed     16.52%
 110  GEMCRY000292    7.02%    passed     89.46%
 111  BOMMOR008446   32.08%    passed     56.34%
 112  HEMSPE002134    1.75%    passed     90.53%
 113  PERSPE002508    1.75%    passed     87.63%
 114  RIGRAM023938   23.81%    passed     90.01%
 115  SPISPE008745   36.09%    passed     85.44%
 116  ELPMAR001061    1.75%    passed     37.67%
 117  ENTHIS006583    3.01%    passed      8.21%
 118  SACCER004354    1.75%    passed     93.72%
 119  POLPAL004369    1.75%    passed     49.84%
 120  MONEXI008068    1.75%    passed     72.15%
 121  RHYHUM036829    1.75%    passed     84.61%
 122  VITBRA011122    1.50%    passed     71.66%
 123  PRYPAR014715   32.58%    passed     45.67%
 124  TRIVAG035034    3.26%    passed     59.01%
 125  STECOE018354    1.75%    passed     94.33%
 126  SCHMAN005950   35.59%    passed     99.11%
 127  ANDGOD007434    1.75%    passed     12.01%
 128  CHASUB000206   40.35%    passed     95.88%
 129  CRYMUR002397    2.26%    passed     15.68%
 130  CHRVEL030176    1.75%    passed      9.96%
 131  GEMCRY018681   30.58%    passed     69.34%
 132  PLAMIC007676   42.61%    passed     87.44%
 133  EUGLON031599   36.34%    passed     87.25%
 134  MANPLA022695   38.85%    passed     99.51%
 135  CHABRA026644   38.35%    passed     46.36%
 136  TRIVAG021614    2.76%    failed      0.35%
 137  GEMCRY023749   33.83%    passed     73.76%
 138  MONNEG010743   44.86%    passed      9.36%
 139  BODSAL006228   37.59%    passed     19.22%
 140  COLSPE014135   36.34%    passed     64.50%
 141  PERMAR023381    2.51%    failed      0.10%
 142  PHYPOL000796   36.84%    passed     95.55%
 143  TELSUB010034   51.88%    passed     62.87%
 144  HALSPE000036   45.36%    passed     18.46%
 145  ACASPE009801   52.63%    passed     79.24%
 146  BARSPE006546    3.01%    failed      3.51%
 147  CARMEM008251    2.01%    passed     33.13%
 148  NEOSPE017698   47.37%    passed     83.92%
 149  MONBRE000108   42.86%    passed     45.35%
 150  PHAKIR009357   54.14%    passed     60.53%
 151  ANAIGN023403   28.32%    failed      0.00%
 152  GONPAC026942   36.84%    passed     28.63%
 153  DAPMAG013541   20.30%    passed      5.48%
 154  GEMCRY034863   38.35%    passed     24.81%
 155  PLAFAL000645    3.01%    failed      0.00%
 156  SECSPE011640   37.34%    passed     45.68%
 157  OXYTRI022188    2.76%    passed     22.67%
 158  STEHIS020799    2.76%    passed     22.67%
 159  COLVIE011981   44.86%    passed     84.81%
 160  TELSUB024590   52.38%    passed     41.02%
 161  TRIVAG052252    6.77%    failed      1.97%
 162  LENLIM012780   52.38%    passed     72.43%
 163  ACACAS004168   54.64%    passed     85.59%
 164  TELSUB006503   48.37%    passed     95.25%
 165  TOXGON005257    1.75%    failed      0.01%
 166  ENCINT001210    5.26%    passed      5.75%
 167  CHASUB017373   59.15%    passed     75.43%
 168  RHIIRR011517   59.15%    passed     79.34%
 169  MALJAK007236    2.51%    passed     91.14%
 170  CHOSPE027934   58.65%    passed     81.28%
 171  SALKVE022038    2.51%    passed     58.77%
 172  MASSPE011617    4.01%    passed     15.81%
 173  PHAKIR001141   59.15%    passed     52.51%
 174  DAPMAG014451    2.51%    passed     22.85%
 175  DIAGRA027226    2.51%    passed     55.17%
 176  SECSPE007335    2.51%    passed     74.05%
 177  MALCAL011320    2.51%    passed     89.78%
 178  JAKBAH001684    2.51%    passed     95.06%
 179  BRABEL028776    2.51%    passed     42.65%
 180  CAPOWC003022    2.51%    passed     18.46%
 181  PHAKIR003294    2.51%    passed     48.62%
 182  GRACHO007505    2.51%    passed     91.10%
 183  CIOINT015915    2.51%    passed     49.31%
 184  MARPOL000564    2.51%    passed     49.71%
 185  ARATHA038694    2.51%    passed     32.58%
 186  NEPPYR026579    2.51%    passed     80.28%
 187  EUGLON001329    2.51%    passed     85.01%
 188  SORBIC025487    2.51%    passed     65.41%
 189  MONBRE008367    3.01%    passed     90.21%
 190  CYCPAN008163    2.51%    passed     63.85%
 191  CLAOKA020312    2.51%    passed     24.63%
 192  LEPVOR016353   59.15%    passed     91.99%
 193  SAPDIC013855    2.51%    passed     21.17%
 194  ACAPLA022570    2.51%    passed     45.23%
 195  CYAPAR017367    2.51%    passed     76.60%
 196  PLAMIC007298    2.51%    failed      4.08%
 197  IXOSCA018882    2.51%    passed     72.19%
 198  AURLIM013315    2.51%    passed     48.07%
 199  CHABRA026632   65.41%    passed     27.13%
 200  PHYINF000464    2.51%    passed     24.37%
 201  THETRA006741    2.76%    passed     18.02%
 202  NEODAM003009    2.51%    passed      6.65%
 203  CRAGIG005085    2.51%    passed     47.08%
 204  DANRER012792    2.51%    passed     11.67%
 205  PLAFUN015765    2.51%    passed     19.35%
 206  RHOMAR000369    2.51%    passed     92.99%
 207  GEPOCE030532    2.76%    passed     66.88%
 208  PSEPER001326    4.51%    failed      0.00%
 209  CHLREI002709    2.51%    passed     87.26%
 210  NAEFOW000571    2.26%    passed     87.01%
 211  GUITHE012177    2.51%    passed     72.29%
 212  ANDGOD008439    3.26%    passed     68.39%
 213  PERSWS008668    2.51%    passed     57.78%
 214  GEMCRY046306    2.51%    passed     46.40%
 215  HEMPHA018276    2.76%    passed     63.45%
 216  HOMSAP003614    2.51%    passed     16.85%
 217  GEFOKE012326    2.51%    passed     56.66%
 218  HALSEO008016    2.51%    passed     27.77%
 219  NUCSPE050593    2.51%    passed     89.67%
 220  BAFFRI006389    2.51%    passed     85.16%
 221  HEMSPE001225    3.01%    passed     11.22%
 222  GONPRO009185    2.51%    passed     65.12%
 223  MASBAL014838    2.26%    passed     72.27%
 224  KLENIT000067    2.51%    passed     30.29%
 225  PARATL019656    2.51%    passed     89.67%
 226  ENTSUL031690    2.76%    passed     51.41%
 227  HONFER009637    2.51%    passed     31.43%
 228  NANOCE097135    2.51%    passed      7.36%
 229  CHLATM005912    3.51%    passed     44.09%
 230  BASMER013058    2.51%    passed     75.90%
 231  COEREV001234    2.51%    passed     30.60%
 232  GLOWIT024501    2.76%    passed     69.49%
 233  BIGNAT000119    2.51%    passed     35.55%
 234  MATSPE021239    2.51%    passed      7.14%
 235  USTMAY003635    2.51%    passed     95.99%
 236  NEUCRA007078    2.51%    passed     94.33%
 237  DIPROT004444    2.51%    passed     24.85%
 238  SPIPUN008928    2.51%    passed     97.30%
 239  DICDIS011927    2.51%    passed     14.66%
 240  ANAIGN002024    6.02%    passed     52.22%
 241  ELPMAR009230    2.51%    passed     25.23%
 242  GALSUL001537    3.26%    passed     41.73%
 243  SCHPOM001484    2.51%    passed     83.49%
 244  OSTTAU004942    2.51%    passed     57.56%
 245  CYAMER003109    4.01%    passed     47.80%
 246  RAMVAR017076    3.01%    passed     94.20%
 247  ROZALL006033   65.16%    failed      0.81%
 248  CRYCOH013216    2.51%    passed     78.90%
 249  LEUCOM025452    2.51%    passed     68.01%
 250  PHATRI005904    2.76%    passed     25.65%
 251  TRIVAG045617    2.51%    passed     60.14%
 252  CHRPER010662    2.51%    passed     37.27%
 253  RUSMAR000878    2.51%    passed     71.25%
 254  CREFRA000493    2.51%    passed     96.61%
 255  SCHMAN006938   62.66%    passed     41.48%
 256  RHIIRR011519   63.16%    passed     33.01%
 257  HEMSPE003698    2.51%    passed     49.24%
 258  POLPAL007931    2.51%    passed      7.40%
 259  EUGLON045559   65.41%    passed     65.90%
 260  SACCER001542    2.51%    passed     80.33%
 261  PORPUR006811    3.26%    passed     80.35%
 262  COCSUB000214    2.51%    passed     78.99%
 263  PLAFAL004020    2.51%    failed      2.50%
 264  RHYHUM045505    2.76%    passed     97.36%
 265  PARTET022067    2.51%    failed      0.38%
 266  MORVER003160    2.51%    passed     96.95%
 267  BOMMOR007082    3.26%    passed     79.39%
 268  PLATAR014930   68.67%    passed     20.63%
 269  CRYMUR001271    2.76%    passed     46.66%
 270  STRRAT004454    2.51%    passed     10.55%
 271  OXYTRI009776    2.51%    passed     19.10%
 272  STEHIS004483    2.51%    passed     19.10%
 273  RHIIRR023193    2.51%    passed     50.14%
 274  TRYBRU005166    3.51%    passed     97.53%
 275  ALLMAC018666    2.51%    passed     91.08%
 276  BARSPE008576    3.26%    passed      6.06%
 277  PARTRI008250    2.76%    passed     80.66%
 278  PRACOL006942    2.51%    passed     61.89%
 279  BODSAL006227   59.40%    passed     83.89%
 280  MONEXI003635    2.01%    passed     60.06%
 281  PSEPER005560    2.51%    passed     10.18%
 282  DYSBRE006159    2.51%    passed     21.33%
 283  CRYNEO000755    2.51%    passed     90.29%
 284  ROZALL002573    2.51%    passed     46.72%
 285  DIALUT007953    2.51%    passed     48.97%
 286  TOXGON007141    2.51%    passed     97.97%
 287  TETTHE020649    2.51%    passed     32.97%
 288  PERMAR008282    5.26%    passed     96.84%
 289  PAPANK005677    3.01%    passed     89.83%
 290  TELSUB024589   61.90%    passed     53.96%
 291  PARTET018086    2.26%    failed      0.00%
 292  PLABRA002127    2.51%    passed     66.92%
 293  LAPGUS034833   60.90%    passed     49.01%
 294  PLAMIC009792   62.91%    passed     79.85%
 295  ENTHIS002011    5.26%    passed     55.61%
 296  AGABIS009290    2.51%    passed     32.85%
 297  DROMEL019690    2.51%    passed     87.80%
 298  CARMEM006925    2.76%    passed     69.87%
 299  HALSPE013191   61.40%    passed     60.80%
 300  PARTET001725    2.76%    failed      0.03%
 301  CHLVAR008305    4.76%    failed      2.76%
 302  CYAGLO006032   63.91%    passed     98.39%
 303  ALLMAC016593    4.51%    passed     92.28%
 304  ACACAS004167   65.16%    passed     75.31%
 305  IXOSCA029050   39.35%    failed      0.23%
 306  PERSPE003335    3.01%    passed     54.38%
 307  MADERY024430   65.16%    failed      2.27%
 308  THEPAR001372    5.01%    passed     45.30%
 309  PRIPAC009017    2.51%    passed     64.91%
 310  VITBRA003781    2.51%    passed     60.61%
 311  LEIMAJ000497    3.26%    passed     20.07%
 312  SYNPLU005850   66.67%    passed     58.19%
 313  TETTHE011227    2.51%    failed      0.00%
 314  GIAINT003873    2.01%    passed     61.52%
 315  PHAKIR002382    1.25%    passed     90.36%
 316  SCHMAN009414    8.52%    passed     22.11%
 317  PLATAR008095   77.19%    failed      1.84%
 318  COLSPE007686   11.53%    failed      4.92%
 319  NAEFOW001121    2.76%    failed      0.47%
 320  VERVER007024    1.75%    passed     76.68%
 321  NUCSPE063703    1.75%    passed     98.93%
 322  PARATL022014    1.75%    passed     98.93%
 323  GUITHE010914   65.41%    passed      8.35%
 324  TRIVAG010936    2.01%    passed     88.07%
 325  ANCTWI031186   70.18%    passed     83.11%
 326  NEUCRA011157    1.75%    passed     94.85%
 327  THETRA008619    1.75%    passed     72.10%
 328  ACACAS001602    1.75%    passed     77.10%
 329  TRESPE000873    4.76%    failed      0.78%
 330  CAULEN005751   21.80%    passed     74.06%
 331  ACAPLA027977    1.75%    passed     69.17%
 332  OXYTRI015642   14.79%    passed     24.98%
 333  STEHIS007416   14.79%    passed     24.98%
 334  NEODAM009786    2.76%    passed      7.93%
 335  PRYPAR006325   22.81%    passed     69.01%
 336  SCHPOM000800    1.75%    passed     32.56%
 337  BIGNAT009824    2.76%    passed     24.17%
 338  DIPROT027572    1.75%    passed     95.09%
 339  SYMSPE065715   70.43%    passed     20.15%
 340  MASBAL004554    3.51%    passed     40.16%
 341  CLAOKA003937    4.26%    passed      8.32%
 342  HONFER005427    1.50%    passed     92.01%
 343  SAPDIC000472    1.50%    passed     86.74%
 344  SPIPUN009390    1.75%    passed     97.18%
 345  GEFOKE000037    1.75%    passed     98.86%
 346  LEPVOR006963   68.92%    passed     10.92%
 347  PICSPE012666   65.66%    passed     56.89%
 348  BODSAL001711   11.28%    passed     92.48%
 349  NAEFOW000010    1.75%    passed     59.53%
 350  TRIVAG040110    2.26%    passed     77.61%
 351  AURLIM012090    1.50%    passed     69.16%
 352  POLPAL000162    1.75%    passed     77.04%
 353  SALKVE023172    1.75%    passed     88.44%
 354  PHYPOL001133   25.06%    passed      5.35%
 355  PLAFUN015353    1.75%    passed     29.07%
 356  MALJAK000381    1.75%    passed     97.33%
 357  GLOWIT007943    1.75%    passed     98.76%
 358  CHLVAR003177   72.93%    passed     87.68%
 359  SORBIC020073    1.50%    passed     96.46%
 360  MATSPE022294    1.75%    passed     98.91%
 361  CHRPER000901    2.76%    passed     42.02%
 362  COEREV001757    1.75%    passed     98.72%
 363  ARATHA007906    2.76%    passed     99.83%
 364  VERVER009147   23.81%    passed     10.08%
 365  SACCER004216    2.76%    passed      6.93%
 366  LEPVOR016351   76.94%    passed      5.25%
 367  COCSUB002858    3.26%    passed     37.51%
 368  PLAMIC006035    1.50%    passed     96.86%
 369  DICDIS012867    1.50%    passed     62.18%
 370  DANRER012548    1.75%    passed     72.64%
 371  SYNPLU004481    3.76%    passed     95.72%
 372  RHIIRR011518   76.69%    passed     26.37%
 373  COLSPE009053    2.51%    passed     82.02%
 374  GRACHO001432    1.50%    passed     79.82%
 375  PARTRI008722    1.50%    passed     85.70%
 376  DANRER006852    2.76%    passed     20.62%
 377  PLABRA001391    1.50%    passed     38.39%
 378  MASBAL006668    3.26%    passed     40.66%
 379  NEMVEC020706    1.75%    passed     96.68%
 380  MASSPE004300    1.50%    passed     71.16%
 381  COCSUB001552    1.75%    passed     66.88%
 382  RHOMAR007090    1.75%    passed     81.65%
 383  RUSMAR000817    2.26%    passed     43.34%
 384  PLABRA005021    2.76%    passed     32.79%
 385  MORVER007664    1.75%    passed     98.23%
 386  SACCER005571    1.75%    passed     96.97%
 387  ELPMAR008353    1.75%    passed     42.25%
 388  USTMAY000920    1.75%    passed     66.04%
 389  JAKBAH000518    1.50%    passed     84.14%
 390  MICMAR136216    2.76%    passed     75.53%
 391  SECSPE009713    1.75%    passed     99.31%
 392  PHYINF010456    1.75%    passed     97.11%
 393  HYPCAT004189    2.76%    passed     87.09%
 394  CHRPER000185    1.75%    passed     64.96%
 395  RIGRAM016281    2.76%    passed     54.19%
 396  CYAMER002063    1.75%    passed     45.08%
 397  HOMSAP049619    2.76%    passed     20.22%
 398  HOMSAP001172    1.75%    passed     24.15%
 399  PSEPER004459    1.50%    passed     23.96%
 400  NEOSPE019197    2.76%    passed     35.45%
 401  ACASPE017228    2.76%    passed     50.28%
 402  CRYCOH043558    1.75%    passed     79.61%
 403  PHATRI008366    1.75%    passed     97.38%
 404  PORPUR009771    1.75%    passed     45.80%
 405  MARPOL003724    2.76%    passed     98.36%
 406  GEFOKE022100    2.76%    passed     71.15%
 407  GUITHE006275    1.75%    passed     93.31%
 408  ARCINT009206   27.07%    passed      8.73%
 409  CYCPAN027555    2.76%    passed     99.58%
 410  HEMPHA003657    1.75%    passed     97.33%
 411  PLAFUN010394    3.26%    passed     41.83%
 412  GLOWIT023884    2.76%    passed     98.72%
 413  PARTET027660    1.25%    passed     45.78%
 414  PICSPE012667   69.17%    passed     43.92%
 415  GEPOCE027936    1.75%    passed     93.17%
 416  CAPOWC006949    1.75%    passed     92.71%
 417  LEUCOM064998   71.18%    passed     54.85%
 418  HEMKUK003044   69.67%    passed     27.18%
 419  MICMAR117320    1.75%    passed     87.37%
 420  CYCPAN007843    1.75%    passed     68.97%
 421  ENCINT000273    2.26%    passed      9.65%
 422  SORBIC042655    2.76%    passed     99.97%
 423  OSTTAU005437    1.75%    passed     77.03%
 424  CRAGIG051612    1.75%    passed     97.73%
 425  DAPMAG007532    1.75%    passed     89.96%
 426  DROMEL015325    1.75%    passed     74.55%
 427  CIOINT002342    1.75%    passed     90.80%
 428  TETTHE007573    1.50%    passed     10.19%
 429  MATSPE000492    2.26%    passed     24.03%
 430  ACAPLA003455    2.76%    passed     40.85%
 431  STECOE023049    1.75%    passed     43.88%
 432  THEPAR002011    1.75%    failed      5.00%
 433  RHYHUM048315    1.75%    passed     87.68%
 434  CLAOKA010466    1.50%    passed     84.98%
 435  CRYNEO001122    2.01%    failed      4.99%
 436  CAULEN005542    7.02%    passed     11.08%
 437  CHOSPE009147    1.75%    passed     79.27%
 438  PARTRI009152    2.76%    passed     28.16%
 439  EUGLON000887    1.75%    passed     99.98%
 440  CRYNEO006574    1.75%    passed     98.75%
 441  RAMVAR019544    1.75%    passed     81.33%
 442  ENTHIS008045    1.75%    passed      8.96%
 443  CYAPAR018303    1.75%    passed     41.96%
 444  ALLMAC015059    2.76%    passed     29.97%
 445  MALCAL006526    2.76%    passed     77.40%
 446  LEUCOM088618    1.75%    passed     77.00%
 447  HEMPHA020163    2.26%    failed      3.80%
 448  GALSUL006107    2.01%    passed     61.70%
 449  ROZALL005537    2.76%    passed     24.58%
 450  CAULEN000965    1.75%    passed     96.79%
 451  BRABEL021280    1.75%    passed     99.81%
 452  LEUCOM001475    2.76%    passed     97.47%
 453  ALLMAC003355    2.76%    passed     20.66%
 454  NEODAM000698    1.50%    passed     24.25%
 455  PAPANK007401    1.75%    passed     54.41%
 456  PERSPE000228    1.50%    passed     58.53%
 457  PERMAR000555   36.34%    passed     70.78%
 458  PERMAR000553   64.16%    failed      0.86%
 459  MARPOL014084    1.75%    passed     86.74%
 460  CRAGIG030406    2.76%    passed     19.24%
 461  ANDGOD007471    1.75%    passed     91.04%
 462  PHYPOL000832    2.76%    passed     97.78%
 463  OXYTRI015040    1.75%    passed     13.18%
 464  STEHIS007115    1.75%    passed     13.18%
 465  RAMBRE001038    2.01%    passed     91.19%
 466  PYGBIF004360   42.61%    passed     71.11%
 467  KLENIT011193    1.75%    passed     98.85%
 468  APISPI004586   35.84%    passed     71.49%
 469  PERSWS008589    3.01%    passed     47.63%
 470  PRYPAR015288    3.51%    passed     98.98%
 471  AURLIM012058    2.76%    passed     81.78%
 472  PAUCHR001467   37.09%    passed     31.04%
 473  PLAMIC006636    2.76%    passed     29.35%
 474  TELSUB047693   43.11%    passed     89.50%
 475  GEMCRY048285    1.75%    passed     93.47%
 476  AGABIS000157    1.75%    passed     92.95%
 477  MALCAL000048    1.75%    passed     93.26%
 478  CHLREI013625    1.75%    passed     94.21%
 479  GALSUL002458    2.76%    passed     58.36%
 480  MONBRE000206   68.17%    passed     94.25%
 481  KLENIT012966    2.76%    passed     92.16%
 482  PAUCHR000376    1.75%    passed     97.84%
 483  UMBRAM002926    3.01%    passed     99.33%
 484  VERVER005939    2.51%    passed     55.52%
 485  GEFOKE004306    4.51%    failed      1.04%
 486  ARATHA005870    1.75%    passed     89.71%
 487  RHIIRR022454    2.76%    passed     44.91%
 488  DIAGRA035198    2.76%    passed     96.20%
 489  PERSWS008544    2.76%    passed     77.45%
 490  PYGBIF002257    2.76%    passed     97.37%
 491  SYNPLU000474   73.68%    passed     49.05%
 492  PARTRI009153    2.76%    passed     39.65%
 493  IXOSCA008515    2.76%    passed     59.63%
 494  ACACAS005974    2.76%    passed     99.63%
 495  APISPI005943    2.26%    passed     38.47%
 496  CHABRA015621    5.01%    passed     99.85%
 497  NUTLON014893   36.34%    passed     19.37%
 498  CYAPAR001112    4.26%    passed     98.84%
 499  LEPVOR007687   39.85%    passed     41.29%
 500  MICSPE004675    1.75%    passed     65.97%
 501  GEPOCE047951    1.75%    passed     93.17%
 502  ARCINT001873    2.76%    passed     82.13%
 503  DAPMAG017754    2.76%    passed     89.57%
 504  RAPHET004774    2.76%    passed     72.72%
 505  BICSPE011658    2.76%    passed     30.51%
 506  UMBRAM009095    2.76%    failed      4.37%
 507  DYSBRE004155    1.50%    passed     11.07%
 508  STRRAT004032    5.01%    failed      0.00%
 509  COEREV005070    2.76%    failed      0.02%
 510  PHAKIR014182    2.76%    passed     43.00%
 511  ELPMAR016941    2.76%    failed      0.69%
 512  BAFFRI008351    1.75%    passed     82.13%
 513  HEMSPE001677    2.51%    passed     97.82%
 514  CREFRA003876    2.76%    passed     35.91%
 515  STRRAT009397    1.50%    failed      3.66%
 516  MORVER006433    2.76%    passed     89.79%
 517  STECOE026436    1.75%    passed     19.05%
 518  PRACOL000453    2.51%    passed     12.39%
 519  BRABEL020769    2.76%    passed     43.13%
 520  PRIPAC027676    2.76%    passed     61.48%
 521  CHLATM006531    3.01%    passed     90.12%
 522  STRRAT012100    2.76%    passed     32.68%
 523  TOXGON005810    1.25%    passed     73.68%
 524  RHYHUM037927    2.76%    passed      7.02%
 525  RAMVAR004467    2.26%    passed     96.50%
 526  LAPGUS005427   69.67%    passed     89.98%
 527  IXOSCA013396    1.75%    passed     95.92%
 528  PHYINF013215    2.76%    passed     98.62%
 529  SALKVE018186    2.26%    passed     95.26%
 530  GUITHE008248    2.76%    passed     71.09%
 531  APISPI026410    1.50%    passed     97.85%
 532  DANRER023398    2.76%    passed     30.35%
 533  PAPANK006999    2.26%    passed     52.62%
 534  BOMMOR004302    2.76%    passed     62.34%
 535  GRACHO005435    2.76%    passed     56.88%
 536  DIPROT023069    2.76%    passed     60.06%
 537  DROMEL019339    2.76%    passed     29.05%
 538  PHATRI007954    2.26%    passed      8.34%
 539  TELSUB047692   37.34%    passed     30.38%
 540  DANRER022539    2.76%    passed     73.63%
 541  SCHMAN009592    1.75%    passed     98.94%
 542  CHLVAR001723    5.51%    passed     89.83%
 543  CREFRA001134    1.75%    passed     97.25%
 544  PERMAR008285   36.59%    passed     81.11%
 545  CHLATM007674    1.75%    passed     96.09%
 546  USTMAY001032    2.26%    passed     55.85%
 547  CLAOKA000126   14.29%    passed     70.78%
 548  SAPDIC009791    2.76%    passed     82.76%
 549  PICSPE012669   84.71%    failed      0.04%
 550  CRYMUR002308    1.75%    passed     65.71%
 551  MALJAK004362    8.52%    passed     71.55%
 552  JAKBAH010497    2.26%    passed     15.47%
 553  NEPPYR025014    2.76%    passed     99.25%
 554  VITBRA005598    1.75%    passed     38.19%
 555  PRIPAC025512    1.50%    passed     89.12%
 556  ENTHIS002093    3.01%    failed      3.13%
 557  CRYCOH039325    2.76%    passed     21.77%
 558  BOMMOR007396   11.53%    passed     97.82%
 559  PRACOL002752   14.79%    passed     67.63%
 560  COLSPE009579   28.82%    passed      8.72%
 561  HOMSAP059864    2.76%    passed     33.02%
 562  LAPGUS054754   42.61%    passed     73.97%
 563  RUSMAR000838    2.76%    passed     69.48%
 564  PLATAR012991   74.44%    passed     10.29%
 565  STECOE019798    1.75%    passed     10.47%
 566  PHYPOL000920   36.84%    passed     92.82%
 567  LEPVOR031063   78.70%    passed     46.44%
 568  OSTTAU000916    2.76%    passed     82.67%
 569  NANOCE020570    6.27%    passed     55.65%
 570  ALLMAC001441   13.03%    failed      0.00%
 571  BOMMOR002753   77.94%    passed     23.01%
 572  BARSPE004269    2.51%    passed      8.25%
 573  BAFFRI057181    2.76%    passed     63.89%
 574  COLVIE009249   47.62%    passed     53.89%
 575  DIPROT011246   83.21%    passed     17.55%
 576  BARSPE005851   39.35%    passed     41.74%
 577  ENCINT001515    3.51%    passed     10.86%
 578  ANCTWI033236   85.71%    passed     70.44%
 579  ENTSUL003545   37.84%    passed     57.93%
 580  NANOCE045389   70.43%    passed     35.35%
 581  NANOCE077184   70.43%    passed     35.35%
 582  CYCPAN028236    5.51%    passed     23.20%
 583  ANCTWI031542   76.94%    passed     76.31%
 584  VAVCUL000297    2.26%    failed      2.36%
 585  LAPGUS008719   37.34%    passed     72.76%
 586  PLATAR012989   84.21%    passed     61.20%
 587  RIGRAM018065   50.13%    passed     31.69%
 588  EUGLON014080   37.84%    passed     35.03%
 589  PERMAR020029   38.10%    passed     70.29%
 590  ACASPE024703   78.20%    passed     35.32%
 591  MADERY024087   73.43%    passed     48.40%
 592  RHOMAR005293   34.09%    passed     65.62%
 593  CHOSPE024385   77.94%    passed     48.88%
 594  PARPYR005869   85.46%    passed     41.72%
 595  BIGNAT007280   31.33%    passed     91.37%
 596  MNELEI011563   34.84%    passed     60.35%
 597  IXOSCA029049   64.91%    passed     19.41%
 598  CARMEM004170    2.51%    passed     70.22%
 599  PARTRI003335   73.43%    passed     35.25%
 600  NUTLON006809   36.59%    passed     94.63%
 601  CHASUB010490   78.70%    passed     69.52%
 602  MANPLA021661   81.95%    passed     12.57%
 603  CHABRA027401   49.37%    passed     45.32%
 604  RHOMAR006835   83.46%    passed     56.72%
 605  NAEFOW000931    2.01%    failed      0.00%
 606  PARTRI009147   39.85%    passed     63.93%
 607  NEPPYR028825   42.11%    passed     45.37%
 608  ANAIGN023063   36.59%    passed     77.72%
 609  PYGBIF006425   78.20%    passed     31.63%
 610  MNELEI006636   36.84%    passed     11.81%
 611  PAUCHR001374   32.33%    passed     51.68%
 612  DIAGRA013154   34.59%    passed     36.46%
 613  NEMVEC003789   80.20%    passed     82.75%
 614  PAUCHR025095   78.20%    passed     50.70%
 615  MANPLA021663   78.20%    passed     92.81%
 616  RIGRAM018068   62.16%    passed     29.36%
 617  ROZALL003120   74.44%    passed     42.42%
 618  TELSPE004417   78.95%    passed     99.94%
 619  COLVIE010436   50.88%    passed     76.55%
 620  SAPDIC011292    7.02%    failed      0.00%
 621  HYPCAT011749   42.11%    passed     58.59%
 622  LEUCOM032579   80.20%    passed     43.02%
 623  ACASPE026429   86.97%    passed     62.78%
 624  MANPLA031053   65.16%    passed     75.29%
 625  RAMVAR011212   38.10%    passed     69.68%
 626  LENLIM001202   37.84%    passed     60.17%
 627  LAPGUS027788   78.45%    passed     82.48%
 628  PARPYR006570   80.20%    passed     36.92%
 629  BICSPE009343   87.97%    passed     93.90%
 630  THEPAR000659   22.06%    passed     11.29%
WARNING: 76 sequences contain more than 50% gaps/ambiguity
****  TOTAL          14.37%  45 sequences failed composition chi2 test (p-value<5%; df=19)
NOTE: NANOCE114163 is identical to NANOCE139573 but kept for subsequent analysis
NOTE: PARATL020918 is identical to NUCSPE057523 but kept for subsequent analysis
NOTE: STEHIS020799 is identical to OXYTRI022188 but kept for subsequent analysis
NOTE: PARATL019656 is identical to NUCSPE050593 but kept for subsequent analysis
NOTE: STEHIS004483 is identical to OXYTRI009776 but kept for subsequent analysis
NOTE: PARATL022014 is identical to NUCSPE063703 but kept for subsequent analysis
NOTE: STEHIS007416 is identical to OXYTRI015642 but kept for subsequent analysis
NOTE: GEPOCE047951 is identical to GEPOCE027936 but kept for subsequent analysis
NOTE: STEHIS007115 is identical to OXYTRI015040 but kept for subsequent analysis
NOTE: NANOCE077184 is identical to NANOCE045389 but kept for subsequent analysis

Create initial parsimony tree by phylogenetic likelihood library (PLL)... 0.857 seconds
Generating 1000 samples for ultrafast bootstrap (seed: 997403)...

NOTE: 410 MB RAM (0 GB) is required!
Estimate model parameters (epsilon = 0.100)
1. Initial log-likelihood: -226545.817
2. Current log-likelihood: -222801.833
3. Current log-likelihood: -222727.516
4. Current log-likelihood: -222715.922
5. Current log-likelihood: -222713.701
6. Current log-likelihood: -222712.519
7. Current log-likelihood: -222711.493
8. Current log-likelihood: -222710.627
9. Current log-likelihood: -222709.927
10. Current log-likelihood: -222709.478
11. Current log-likelihood: -222709.050
12. Current log-likelihood: -222708.646
13. Current log-likelihood: -222708.255
14. Current log-likelihood: -222707.879
15. Current log-likelihood: -222707.520
16. Current log-likelihood: -222707.174
17. Current log-likelihood: -222706.841
18. Current log-likelihood: -222706.515
19. Current log-likelihood: -222706.198
20. Current log-likelihood: -222705.897
21. Current log-likelihood: -222705.619
22. Current log-likelihood: -222705.467
23. Current log-likelihood: -222705.312
24. Current log-likelihood: -222705.044
25. Current log-likelihood: -222704.903
26. Current log-likelihood: -222704.755
27. Current log-likelihood: -222704.612
28. Current log-likelihood: -222704.472
29. Current log-likelihood: -222704.338
30. Current log-likelihood: -222704.205
31. Current log-likelihood: -222704.076
32. Current log-likelihood: -222703.952
33. Current log-likelihood: -222703.829
34. Current log-likelihood: -222703.721
35. Current log-likelihood: -222703.606
36. Current log-likelihood: -222703.502
37. Current log-likelihood: -222703.396
38. Current log-likelihood: -222703.292
39. Current log-likelihood: -222703.190
Optimal log-likelihood: -222703.036
Site proportion and rates:  (0.052,0.040) (0.055,0.125) (0.130,0.240) (0.113,0.411) (0.095,0.610) (0.127,0.804) (0.146,1.136) (0.146,1.579) (0.076,2.228) (0.060,3.161)
Parameters optimization took 39 rounds (1183.551 sec)
Computing ML distances based on estimated model parameters... 103.507 sec
WARNING: Some pairwise ML distances are too long (saturated)
Computing BIONJ tree...
0.332 seconds
Log-likelihood of BIONJ tree: -225849.883
--------------------------------------------------------------------
|             INITIALIZING CANDIDATE TREE SET                      |
--------------------------------------------------------------------
Generating 98 parsimony trees... 81.612 second
Computing log-likelihood of 98 initial trees ... 222.996 seconds
Current best score: -222622.069

Do NNI search on 20 best initial trees
Estimate model parameters (epsilon = 0.100)
BETTER TREE FOUND at iteration 1: -221530.580
Iteration 10 / LogL: -221621.146 / Time: 0h:40m:6s
Iteration 20 / LogL: -221720.275 / Time: 0h:52m:2s
Finish initializing candidate tree set (20)
Current best tree score: -221530.580 / CPU time: 1828.265
Number of iterations: 20
--------------------------------------------------------------------
|               OPTIMIZING CANDIDATE TREE SET                      |
--------------------------------------------------------------------
Estimate model parameters (epsilon = 0.100)
BETTER TREE FOUND at iteration 21: -221433.241
Estimate model parameters (epsilon = 0.100)
BETTER TREE FOUND at iteration 22: -221426.993
Estimate model parameters (epsilon = 0.100)
BETTER TREE FOUND at iteration 25: -221414.359
Estimate model parameters (epsilon = 0.100)
BETTER TREE FOUND at iteration 26: -221385.229
Estimate model parameters (epsilon = 0.100)
BETTER TREE FOUND at iteration 27: -221313.335
Iteration 30 / LogL: -221383.391 / Time: 1h:6m:6s (3h:41m:5s left)
Estimate model parameters (epsilon = 0.100)
BETTER TREE FOUND at iteration 32: -221264.477
Estimate model parameters (epsilon = 0.100)
BETTER TREE FOUND at iteration 33: -221261.404
Estimate model parameters (epsilon = 0.100)
BETTER TREE FOUND at iteration 34: -221242.716
Estimate model parameters (epsilon = 0.100)
BETTER TREE FOUND at iteration 36: -221233.613
Estimate model parameters (epsilon = 0.100)
BETTER TREE FOUND at iteration 40: -221223.346
Iteration 40 / LogL: -221223.346 / Time: 1h:21m:12s (3h:28m:12s left)
Estimate model parameters (epsilon = 0.100)
BETTER TREE FOUND at iteration 42: -221201.611
Estimate model parameters (epsilon = 0.100)
BETTER TREE FOUND at iteration 49: -221133.451
Iteration 50 / LogL: -221166.928 / Time: 1h:32m:44s (3h:7m:20s left)
Log-likelihood cutoff on original alignment: -221546.324
Iteration 60 / LogL: -221152.189 / Time: 1h:42m:33s (2h:34m:41s left)
Estimate model parameters (epsilon = 0.100)
BETTER TREE FOUND at iteration 70: -221128.314
Iteration 70 / LogL: -221128.314 / Time: 1h:52m:22s (2h:42m:49s left)
Estimate model parameters (epsilon = 0.100)
BETTER TREE FOUND at iteration 79: -221080.003
Iteration 80 / LogL: -221154.471 / Time: 2h:3m:9s (2h:34m:19s left)
Estimate model parameters (epsilon = 0.100)
BETTER TREE FOUND at iteration 81: -221049.328
Iteration 90 / LogL: -221169.131 / Time: 2h:13m:4s (2h:16m:2s left)
Estimate model parameters (epsilon = 0.100)
BETTER TREE FOUND at iteration 93: -221041.842
Estimate model parameters (epsilon = 0.100)
BETTER TREE FOUND at iteration 98: -221039.905
Estimate model parameters (epsilon = 0.100)
BETTER TREE FOUND at iteration 99: -221023.531
Iteration 100 / LogL: -221044.181 / Time: 2h:24m:38s (2h:24m:37s left)
Log-likelihood cutoff on original alignment: -221276.028
NOTE: Bootstrap correlation coefficient of split occurrence frequencies: 0.817
NOTE: UFBoot does not converge, continue at least 100 more iterations
Estimate model parameters (epsilon = 0.100)
BETTER TREE FOUND at iteration 102: -221022.853
Estimate model parameters (epsilon = 0.100)
BETTER TREE FOUND at iteration 105: -220988.331
Iteration 110 / LogL: -221023.796 / Time: 2h:35m:17s (2h:15m:19s left)
Iteration 120 / LogL: -221012.924 / Time: 2h:43m:59s (1h:57m:7s left)
Estimate model parameters (epsilon = 0.100)
BETTER TREE FOUND at iteration 126: -220967.963
Estimate model parameters (epsilon = 0.100)
BETTER TREE FOUND at iteration 129: -220938.926
Iteration 130 / LogL: -221053.428 / Time: 2h:54m:57s (2h:14m:15s left)
Estimate model parameters (epsilon = 0.100)
BETTER TREE FOUND at iteration 131: -220923.905
Estimate model parameters (epsilon = 0.100)
BETTER TREE FOUND at iteration 132: -220916.825
Estimate model parameters (epsilon = 0.100)
BETTER TREE FOUND at iteration 138: -220893.413
Estimate model parameters (epsilon = 0.100)
BETTER TREE FOUND at iteration 140: -220834.517
Iteration 140 / LogL: -220834.517 / Time: 3h:7m:17s (2h:14m:43s left)
Estimate model parameters (epsilon = 0.100)
BETTER TREE FOUND at iteration 143: -220815.412
Iteration 150 / LogL: -220870.830 / Time: 3h:17m:24s (2h:3m:12s left)
Log-likelihood cutoff on original alignment: -221096.840
Estimate model parameters (epsilon = 0.100)
BETTER TREE FOUND at iteration 155: -220814.701
Iteration 160 / LogL: -220860.743 / Time: 3h:26m:39s (2h:3m:28s left)
Estimate model parameters (epsilon = 0.100)
BETTER TREE FOUND at iteration 162: -220811.274
Iteration 170 / LogL: -220883.540 / Time: 3h:36m:26s (1h:57m:49s left)
Estimate model parameters (epsilon = 0.100)
BETTER TREE FOUND at iteration 171: -220798.259
Estimate model parameters (epsilon = 0.100)
BETTER TREE FOUND at iteration 172: -220792.747
Iteration 180 / LogL: -220803.318 / Time: 3h:47m:23s (1h:56m:51s left)
Iteration 190 / LogL: -220869.137 / Time: 3h:57m:3s (1h:42m:50s left)
Iteration 200 / LogL: -220792.751 / Time: 4h:6m:12s (1h:29m:4s left)
Log-likelihood cutoff on original alignment: -221035.377
NOTE: Bootstrap correlation coefficient of split occurrence frequencies: 0.735
NOTE: UFBoot does not converge, continue at least 100 more iterations
Estimate model parameters (epsilon = 0.100)
BETTER TREE FOUND at iteration 203: -220783.341
Iteration 210 / LogL: -220792.117 / Time: 4h:16m:34s (1h:54m:9s left)
Estimate model parameters (epsilon = 0.100)
BETTER TREE FOUND at iteration 215: -220782.685
Iteration 220 / LogL: -220881.885 / Time: 4h:27m:6s (1h:55m:51s left)
Iteration 230 / LogL: -220807.298 / Time: 4h:35m:37s (1h:42m:18s left)
Iteration 240 / LogL: -220786.105 / Time: 4h:44m:59s (1h:29m:25s left)
Iteration 250 / LogL: -220826.184 / Time: 4h:54m:16s (1h:16m:48s left)
Log-likelihood cutoff on original alignment: -221024.828
Estimate model parameters (epsilon = 0.100)
BETTER TREE FOUND at iteration 252: -220770.461
Estimate model parameters (epsilon = 0.100)
BETTER TREE FOUND at iteration 258: -220766.781
Iteration 260 / LogL: -220811.568 / Time: 5h:4m:53s (1h:55m:21s left)
Iteration 270 / LogL: -220767.226 / Time: 5h:13m:46s (1h:42m:38s left)
Iteration 280 / LogL: -220817.995 / Time: 5h:22m:56s (1h:30m:16s left)
Estimate model parameters (epsilon = 0.100)
BETTER TREE FOUND at iteration 289: -220748.739
Iteration 290 / LogL: -220761.837 / Time: 5h:33m:10s (1h:54m:7s left)
Iteration 300 / LogL: -220777.012 / Time: 5h:42m:12s (1h:41m:51s left)
Log-likelihood cutoff on original alignment: -220927.629
NOTE: Bootstrap correlation coefficient of split occurrence frequencies: 0.877
NOTE: UFBoot does not converge, continue at least 100 more iterations
Estimate model parameters (epsilon = 0.100)
BETTER TREE FOUND at iteration 301: -220734.455
Iteration 310 / LogL: -220762.887 / Time: 5h:52m:12s (1h:43m:43s left)
Estimate model parameters (epsilon = 0.100)
BETTER TREE FOUND at iteration 319: -220722.298
Iteration 320 / LogL: -220743.530 / Time: 6h:2m:26s (1h:52m:28s left)
Estimate model parameters (epsilon = 0.100)
BETTER TREE FOUND at iteration 328: -220719.003
Iteration 330 / LogL: -220778.099 / Time: 6h:11m:39s (1h:50m:42s left)
Iteration 340 / LogL: -220757.845 / Time: 6h:20m:33s (1h:38m:47s left)
Iteration 350 / LogL: -220769.120 / Time: 6h:30m:4s (1h:27m:10s left)
Log-likelihood cutoff on original alignment: -220927.629
Iteration 360 / LogL: -220829.984 / Time: 6h:38m:40s (1h:15m:30s left)
Iteration 370 / LogL: -220834.906 / Time: 6h:47m:2s (1h:3m:58s left)
Iteration 380 / LogL: -220764.254 / Time: 6h:56m:4s (0h:52m:41s left)
Iteration 390 / LogL: -220739.791 / Time: 7h:4m:48s (0h:41m:29s left)
Estimate model parameters (epsilon = 0.100)
BETTER TREE FOUND at iteration 392: -220712.392
Iteration 400 / LogL: -220771.410 / Time: 7h:14m:23s (1h:40m:9s left)
Log-likelihood cutoff on original alignment: -220927.629
NOTE: Bootstrap correlation coefficient of split occurrence frequencies: 0.879
NOTE: UFBoot does not converge, continue at least 100 more iterations
Iteration 410 / LogL: -220797.393 / Time: 7h:23m:13s (1h:37m:31s left)
Iteration 420 / LogL: -220782.177 / Time: 7h:32m:1s (1h:26m:18s left)
Iteration 430 / LogL: -220733.331 / Time: 7h:40m:50s (1h:15m:11s left)
Iteration 440 / LogL: -220750.506 / Time: 7h:49m:27s (1h:4m:9s left)
Iteration 450 / LogL: -220811.652 / Time: 7h:57m:2s (0h:53m:7s left)
Log-likelihood cutoff on original alignment: -220927.629
Iteration 460 / LogL: -220812.158 / Time: 8h:4m:9s (0h:42m:11s left)
Iteration 470 / LogL: -220741.738 / Time: 8h:12m:5s (0h:31m:28s left)
Iteration 480 / LogL: -220713.655 / Time: 8h:19m:35s (0h:20m:51s left)
Iteration 490 / LogL: -220757.994 / Time: 8h:27m:54s (0h:10m:23s left)
Estimate model parameters (epsilon = 0.100)
BETTER TREE FOUND at iteration 494: -220710.420
Iteration 500 / LogL: -220756.913 / Time: 8h:35m:43s (1h:37m:8s left)
Log-likelihood cutoff on original alignment: -220895.502
NOTE: Bootstrap correlation coefficient of split occurrence frequencies: 0.891
NOTE: UFBoot does not converge, continue at least 100 more iterations
Iteration 510 / LogL: -220736.990 / Time: 8h:43m:56s (1h:32m:38s left)
Iteration 520 / LogL: -220748.384 / Time: 8h:52m:28s (1h:22m:4s left)
Iteration 530 / LogL: -220715.842 / Time: 9h:0m:14s (1h:11m:29s left)
Iteration 540 / LogL: -220767.164 / Time: 9h:7m:47s (1h:0m:58s left)
Estimate model parameters (epsilon = 0.100)
BETTER TREE FOUND at iteration 544: -220689.963
Iteration 550 / LogL: -220753.958 / Time: 9h:16m:35s (1h:35m:17s left)
Log-likelihood cutoff on original alignment: -220895.502
Iteration 560 / LogL: -220838.916 / Time: 9h:24m:3s (1h:24m:45s left)
Iteration 570 / LogL: -220724.770 / Time: 9h:32m:3s (1h:14m:23s left)
Iteration 580 / LogL: -220734.454 / Time: 9h:39m:44s (1h:4m:4s left)
Iteration 590 / LogL: -220730.063 / Time: 9h:47m:16s (0h:53m:50s left)
Iteration 600 / LogL: -220724.005 / Time: 9h:54m:32s (0h:43m:40s left)
Log-likelihood cutoff on original alignment: -220895.502
NOTE: Bootstrap correlation coefficient of split occurrence frequencies: 0.937
NOTE: UFBoot does not converge, continue at least 100 more iterations
Iteration 610 / LogL: -220773.111 / Time: 10h:1m:33s (1h:28m:53s left)
Iteration 620 / LogL: -220771.251 / Time: 10h:8m:44s (1h:18m:40s left)
Iteration 630 / LogL: -220703.435 / Time: 10h:16m:18s (1h:8m:35s left)
Iteration 640 / LogL: -220729.916 / Time: 10h:24m:51s (0h:58m:40s left)
Iteration 650 / LogL: -220790.796 / Time: 10h:32m:54s (0h:48m:45s left)
Log-likelihood cutoff on original alignment: -220895.502
Iteration 660 / LogL: -220740.871 / Time: 10h:41m:2s (0h:38m:54s left)
Iteration 670 / LogL: -220712.582 / Time: 10h:49m:3s (0h:29m:6s left)
Iteration 680 / LogL: -220727.251 / Time: 10h:57m:29s (0h:19m:21s left)
Iteration 690 / LogL: -220697.730 / Time: 11h:4m:57s (0h:9m:39s left)
Iteration 700 / LogL: -220742.776 / Time: 11h:13m:27s (0h:0m:0s left)
Log-likelihood cutoff on original alignment: -220895.502
NOTE: Bootstrap correlation coefficient of split occurrence frequencies: 0.964
NOTE: UFBoot does not converge, continue at least 100 more iterations
Iteration 710 / LogL: -220736.172 / Time: 11h:21m:40s (1h:26m:31s left)
Iteration 720 / LogL: -220809.771 / Time: 11h:29m:13s (1h:16m:41s left)
Iteration 730 / LogL: -220769.627 / Time: 11h:37m:39s (1h:6m:59s left)
Iteration 740 / LogL: -220811.744 / Time: 11h:46m:2s (0h:57m:19s left)
Iteration 750 / LogL: -220757.476 / Time: 11h:53m:36s (0h:47m:38s left)
Log-likelihood cutoff on original alignment: -220854.947
Iteration 760 / LogL: -220888.611 / Time: 12h:1m:26s (0h:38m:1s left)
Iteration 770 / LogL: -220706.413 / Time: 12h:9m:40s (0h:28m:27s left)
Iteration 780 / LogL: -220764.376 / Time: 12h:17m:30s (0h:18m:56s left)
Iteration 790 / LogL: -220743.159 / Time: 12h:25m:52s (0h:9m:27s left)
Iteration 800 / LogL: -220738.330 / Time: 12h:33m:28s (0h:0m:0s left)
Log-likelihood cutoff on original alignment: -220854.947
NOTE: Bootstrap correlation coefficient of split occurrence frequencies: 0.968
NOTE: UFBoot does not converge, continue at least 100 more iterations
Iteration 810 / LogL: -220703.079 / Time: 12h:41m:36s (1h:24m:43s left)
Iteration 820 / LogL: -220700.357 / Time: 12h:49m:38s (1h:15m:10s left)
Estimate model parameters (epsilon = 0.100)
BETTER TREE FOUND at iteration 822: -220685.635
Iteration 830 / LogL: -220771.883 / Time: 12h:58m:14s (1h:26m:21s left)
Iteration 840 / LogL: -220806.171 / Time: 13h:6m:23s (1h:16m:51s left)
Estimate model parameters (epsilon = 0.100)
BETTER TREE FOUND at iteration 850: -220684.368
Iteration 850 / LogL: -220684.368 / Time: 13h:13m:58s (1h:33m:31s left)
Log-likelihood cutoff on original alignment: -220854.947
Iteration 860 / LogL: -220703.656 / Time: 13h:21m:30s (1h:23m:58s left)
Iteration 870 / LogL: -220748.805 / Time: 13h:29m:48s (1h:14m:32s left)
Iteration 880 / LogL: -220717.946 / Time: 13h:38m:6s (1h:5m:9s left)
Iteration 890 / LogL: -220712.354 / Time: 13h:45m:42s (0h:55m:43s left)
Estimate model parameters (epsilon = 0.100)
BETTER TREE FOUND at iteration 897: -220682.273
Iteration 900 / LogL: -220710.129 / Time: 13h:54m:5s (1h:29m:59s left)
Log-likelihood cutoff on original alignment: -220854.947
NOTE: Bootstrap correlation coefficient of split occurrence frequencies: 0.965
NOTE: UFBoot does not converge, continue at least 100 more iterations
Estimate model parameters (epsilon = 0.100)
BETTER TREE FOUND at iteration 908: -220672.464
Iteration 910 / LogL: -220750.489 / Time: 14h:1m:31s (1h:30m:43s left)
Estimate model parameters (epsilon = 0.100)
BETTER TREE FOUND at iteration 911: -220668.934
Iteration 920 / LogL: -220718.698 / Time: 14h:9m:39s (1h:24m:7s left)
Estimate model parameters (epsilon = 0.100)
BETTER TREE FOUND at iteration 927: -220659.584
Estimate model parameters (epsilon = 0.100)
BETTER TREE FOUND at iteration 929: -220654.941
Iteration 930 / LogL: -220742.871 / Time: 14h:18m:12s (1h:31m:27s left)
Iteration 940 / LogL: -220719.837 / Time: 14h:25m:42s (1h:22m:3s left)
Iteration 950 / LogL: -220667.620 / Time: 14h:33m:34s (1h:12m:43s left)
Log-likelihood cutoff on original alignment: -220854.947
Iteration 960 / LogL: -220726.953 / Time: 14h:42m:5s (1h:3m:27s left)
Estimate model parameters (epsilon = 0.100)
BETTER TREE FOUND at iteration 962: -220653.866
Iteration 970 / LogL: -220692.171 / Time: 14h:50m:36s (1h:24m:33s left)
Estimate model parameters (epsilon = 0.100)
BETTER TREE FOUND at iteration 973: -220641.432
Iteration 980 / LogL: -220655.000 / Time: 14h:58m:37s (1h:25m:21s left)
Iteration 990 / LogL: -220659.794 / Time: 15h:6m:12s (1h:16m:3s left)
Iteration 1000 / LogL: -220694.610 / Time: 15h:13m:41s (1h:6m:45s left)
Log-likelihood cutoff on original alignment: -220854.947
NOTE: Bootstrap correlation coefficient of split occurrence frequencies: 0.922
NOTE: UFBoot does not converge, continue at least 100 more iterations
Estimate model parameters (epsilon = 0.100)
BETTER TREE FOUND at iteration 1002: -220630.336
Iteration 1010 / LogL: -220665.277 / Time: 15h:21m:49s (1h:24m:3s left)
Iteration 1020 / LogL: -220661.611 / Time: 15h:30m:26s (1h:14m:52s left)
Iteration 1030 / LogL: -220658.497 / Time: 15h:38m:52s (1h:5m:41s left)
Iteration 1040 / LogL: -220673.024 / Time: 15h:46m:31s (0h:56m:28s left)
Iteration 1050 / LogL: -220647.724 / Time: 15h:54m:33s (0h:47m:19s left)
Log-likelihood cutoff on original alignment: -220854.947
Iteration 1060 / LogL: -220641.518 / Time: 16h:2m:41s (0h:38m:10s left)
Iteration 1070 / LogL: -220712.227 / Time: 16h:10m:50s (0h:29m:3s left)
Iteration 1080 / LogL: -220655.469 / Time: 16h:18m:13s (0h:19m:56s left)
Iteration 1090 / LogL: -220679.710 / Time: 16h:26m:3s (0h:10m:51s left)
Iteration 1100 / LogL: -220654.154 / Time: 16h:33m:28s (0h:1m:48s left)
Log-likelihood cutoff on original alignment: -220854.947
NOTE: Bootstrap correlation coefficient of split occurrence frequencies: 0.905
NOTE: UFBoot does not converge, continue at least 100 more iterations
Iteration 1110 / LogL: -220643.150 / Time: 16h:41m:35s (1h:21m:16s left)
Iteration 1120 / LogL: -220779.094 / Time: 16h:49m:16s (1h:12m:9s left)
Iteration 1130 / LogL: -220645.896 / Time: 16h:57m:34s (1h:3m:5s left)
Iteration 1140 / LogL: -220818.641 / Time: 17h:5m:21s (0h:54m:0s left)
Iteration 1150 / LogL: -220667.684 / Time: 17h:12m:57s (0h:44m:56s left)
Log-likelihood cutoff on original alignment: -220854.947
Iteration 1160 / LogL: -220731.874 / Time: 17h:21m:0s (0h:35m:55s left)
Iteration 1170 / LogL: -220660.513 / Time: 17h:28m:44s (0h:26m:54s left)
Iteration 1180 / LogL: -220697.254 / Time: 17h:36m:55s (0h:17m:55s left)
Iteration 1190 / LogL: -220687.501 / Time: 17h:45m:4s (0h:8m:57s left)
Iteration 1200 / LogL: -220739.647 / Time: 17h:53m:6s (0h:0m:0s left)
Log-likelihood cutoff on original alignment: -220854.947
NOTE: Bootstrap correlation coefficient of split occurrence frequencies: 0.898
NOTE: UFBoot does not converge, continue at least 100 more iterations
Iteration 1210 / LogL: -220685.971 / Time: 18h:0m:54s (1h:20m:27s left)
Iteration 1220 / LogL: -220667.873 / Time: 18h:8m:26s (1h:11m:25s left)
Iteration 1230 / LogL: -220703.862 / Time: 18h:16m:36s (1h:2m:27s left)
Iteration 1240 / LogL: -220680.739 / Time: 18h:24m:39s (0h:53m:29s left)
Iteration 1250 / LogL: -220659.224 / Time: 18h:32m:33s (0h:44m:32s left)
Log-likelihood cutoff on original alignment: -220854.947
Iteration 1260 / LogL: -220662.501 / Time: 18h:40m:13s (0h:35m:35s left)
Iteration 1270 / LogL: -220665.249 / Time: 18h:48m:42s (0h:26m:40s left)
Iteration 1280 / LogL: -220985.804 / Time: 18h:56m:40s (0h:17m:46s left)
Iteration 1290 / LogL: -220646.604 / Time: 19h:4m:40s (0h:8m:52s left)
Iteration 1300 / LogL: -220697.531 / Time: 19h:12m:0s (0h:0m:0s left)
Log-likelihood cutoff on original alignment: -220854.947
NOTE: Bootstrap correlation coefficient of split occurrence frequencies: 0.901
NOTE: UFBoot does not converge, continue at least 100 more iterations
Iteration 1310 / LogL: -220664.104 / Time: 19h:20m:21s (1h:19m:46s left)
Iteration 1320 / LogL: -220672.084 / Time: 19h:28m:10s (1h:10m:51s left)
Iteration 1330 / LogL: -220665.616 / Time: 19h:35m:49s (1h:1m:55s left)
Iteration 1340 / LogL: -220672.743 / Time: 19h:43m:26s (0h:53m:1s left)
Iteration 1350 / LogL: -220646.417 / Time: 19h:50m:47s (0h:44m:8s left)
Log-likelihood cutoff on original alignment: -220854.947
Iteration 1360 / LogL: -220644.172 / Time: 19h:59m:4s (0h:35m:17s left)
Iteration 1370 / LogL: -220666.440 / Time: 20h:7m:6s (0h:26m:27s left)
Iteration 1380 / LogL: -220645.424 / Time: 20h:15m:47s (0h:17m:37s left)
Iteration 1390 / LogL: -220711.307 / Time: 20h:24m:18s (0h:8m:48s left)
Estimate model parameters (epsilon = 0.100)
BETTER TREE FOUND at iteration 1396: -220625.926
Iteration 1400 / LogL: -220663.381 / Time: 20h:33m:31s (1h:24m:38s left)
Log-likelihood cutoff on original alignment: -220854.947
NOTE: Bootstrap correlation coefficient of split occurrence frequencies: 0.903
NOTE: UFBoot does not converge, continue at least 100 more iterations
Iteration 1410 / LogL: -220671.797 / Time: 20h:43m:3s (1h:19m:23s left)
Iteration 1420 / LogL: -220643.864 / Time: 20h:51m:50s (1h:10m:34s left)
Iteration 1430 / LogL: -220721.725 / Time: 21h:1m:26s (1h:1m:47s left)
Iteration 1440 / LogL: -220674.856 / Time: 21h:10m:30s (0h:52m:58s left)
Iteration 1450 / LogL: -220648.845 / Time: 21h:20m:3s (0h:44m:10s left)
Log-likelihood cutoff on original alignment: -220854.947
Iteration 1460 / LogL: -220669.242 / Time: 21h:30m:8s (0h:35m:22s left)
Iteration 1470 / LogL: -220667.021 / Time: 21h:39m:45s (0h:26m:32s left)
Iteration 1480 / LogL: -220629.521 / Time: 21h:49m:1s (0h:17m:42s left)
Iteration 1490 / LogL: -220641.050 / Time: 21h:58m:53s (0h:8m:51s left)
Iteration 1500 / LogL: -220671.167 / Time: 22h:9m:18s (0h:0m:0s left)
Log-likelihood cutoff on original alignment: -220854.947
NOTE: Bootstrap correlation coefficient of split occurrence frequencies: 0.904
NOTE: UFBoot does not converge, continue at least 100 more iterations
Iteration 1510 / LogL: -220660.434 / Time: 22h:18m:58s (1h:19m:51s left)
Iteration 1520 / LogL: -220695.372 / Time: 22h:28m:15s (1h:11m:0s left)
Iteration 1530 / LogL: -220688.732 / Time: 22h:38m:31s (1h:2m:11s left)
Iteration 1540 / LogL: -220730.290 / Time: 22h:48m:24s (0h:53m:20s left)
Iteration 1550 / LogL: -220682.254 / Time: 22h:58m:51s (0h:44m:30s left)
Log-likelihood cutoff on original alignment: -220854.947
Iteration 1560 / LogL: -220690.427 / Time: 23h:9m:8s (0h:35m:38s left)
Iteration 1570 / LogL: -220654.303 / Time: 23h:19m:15s (0h:26m:45s left)
Iteration 1580 / LogL: -220637.098 / Time: 23h:30m:10s (0h:17m:51s left)
Iteration 1590 / LogL: -220682.919 / Time: 23h:40m:9s (0h:8m:56s left)
Iteration 1600 / LogL: -220631.405 / Time: 23h:50m:4s (0h:0m:0s left)
Log-likelihood cutoff on original alignment: -220854.947
NOTE: Bootstrap correlation coefficient of split occurrence frequencies: 0.904
NOTE: UFBoot does not converge, continue at least 100 more iterations
Iteration 1610 / LogL: -220668.528 / Time: 23h:59m:52s (1h:20m:32s left)
Iteration 1620 / LogL: -220651.659 / Time: 24h:8m:6s (1h:11m:33s left)
Iteration 1630 / LogL: -220665.767 / Time: 24h:16m:4s (1h:2m:34s left)
Iteration 1640 / LogL: -220659.602 / Time: 24h:24m:42s (0h:53m:37s left)
Iteration 1650 / LogL: -220675.316 / Time: 24h:33m:17s (0h:44m:40s left)
Log-likelihood cutoff on original alignment: -220854.947
Iteration 1660 / LogL: -220652.997 / Time: 24h:42m:10s (0h:35m:44s left)
Iteration 1670 / LogL: -220638.406 / Time: 24h:50m:43s (0h:26m:47s left)
Iteration 1680 / LogL: -220712.855 / Time: 24h:58m:21s (0h:17m:50s left)
Iteration 1690 / LogL: -220636.347 / Time: 25h:6m:25s (0h:8m:55s left)
Iteration 1700 / LogL: -220645.476 / Time: 25h:14m:16s (0h:0m:0s left)
Log-likelihood cutoff on original alignment: -220854.947
NOTE: Bootstrap correlation coefficient of split occurrence frequencies: 0.906
NOTE: UFBoot does not converge, continue at least 100 more iterations
Iteration 1710 / LogL: -220666.620 / Time: 25h:22m:42s (1h:20m:11s left)
Iteration 1720 / LogL: -220674.131 / Time: 25h:30m:44s (1h:11m:14s left)
Iteration 1730 / LogL: -220650.910 / Time: 25h:37m:23s (1h:2m:14s left)
Iteration 1740 / LogL: -220677.609 / Time: 25h:43m:31s (0h:53m:15s left)
Iteration 1750 / LogL: -220696.296 / Time: 25h:49m:46s (0h:44m:18s left)
Log-likelihood cutoff on original alignment: -220854.947
Iteration 1760 / LogL: -220687.164 / Time: 25h:56m:2s (0h:35m:23s left)
Iteration 1770 / LogL: -220695.971 / Time: 26h:2m:35s (0h:26m:29s left)
Iteration 1780 / LogL: -220648.681 / Time: 26h:8m:47s (0h:17m:38s left)
Iteration 1790 / LogL: -220642.576 / Time: 26h:14m:40s (0h:8m:48s left)
Iteration 1800 / LogL: -220683.033 / Time: 26h:20m:55s (0h:0m:0s left)
Log-likelihood cutoff on original alignment: -220854.947
NOTE: Bootstrap correlation coefficient of split occurrence frequencies: 0.911
NOTE: UFBoot does not converge, continue at least 100 more iterations
Iteration 1810 / LogL: -220669.243 / Time: 26h:27m:57s (1h:19m:0s left)
Iteration 1820 / LogL: -220671.436 / Time: 26h:34m:34s (1h:10m:7s left)
Iteration 1830 / LogL: -220687.486 / Time: 26h:40m:50s (1h:1m:16s left)
Estimate model parameters (epsilon = 0.100)
BETTER TREE FOUND at iteration 1831: -220621.062
Iteration 1840 / LogL: -220689.697 / Time: 26h:48m:6s (1h:19m:34s left)
Iteration 1850 / LogL: -220760.153 / Time: 26h:53m:53s (1h:10m:41s left)
Log-likelihood cutoff on original alignment: -220854.947
Iteration 1860 / LogL: -220652.862 / Time: 26h:59m:46s (1h:1m:51s left)
Iteration 1870 / LogL: -220673.267 / Time: 27h:5m:46s (0h:53m:3s left)
Iteration 1880 / LogL: -220741.098 / Time: 27h:11m:41s (0h:44m:17s left)
Iteration 1890 / LogL: -220642.386 / Time: 27h:18m:23s (0h:35m:33s left)
Iteration 1900 / LogL: -220778.341 / Time: 27h:24m:28s (0h:26m:50s left)
Log-likelihood cutoff on original alignment: -220854.947
NOTE: Bootstrap correlation coefficient of split occurrence frequencies: 0.948
NOTE: UFBoot does not converge, continue at least 100 more iterations
Iteration 1910 / LogL: -220650.914 / Time: 27h:30m:53s (1h:17m:49s left)
Iteration 1920 / LogL: -220682.251 / Time: 27h:37m:2s (1h:9m:4s left)
Iteration 1930 / LogL: -220674.859 / Time: 27h:43m:10s (1h:0m:21s left)
Iteration 1940 / LogL: -220701.221 / Time: 27h:49m:24s (0h:51m:39s left)
Iteration 1950 / LogL: -220697.293 / Time: 27h:55m:25s (0h:42m:58s left)
Log-likelihood cutoff on original alignment: -220854.947
Iteration 1960 / LogL: -220642.165 / Time: 28h:1m:43s (0h:34m:20s left)
Iteration 1970 / LogL: -220795.081 / Time: 28h:7m:55s (0h:25m:43s left)
Iteration 1980 / LogL: -220691.339 / Time: 28h:14m:9s (0h:17m:7s left)
Iteration 1990 / LogL: -220651.925 / Time: 28h:20m:14s (0h:8m:32s left)
Iteration 2000 / LogL: -220706.101 / Time: 28h:26m:21s (0h:0m:0s left)
Log-likelihood cutoff on original alignment: -220854.947
NOTE: Bootstrap correlation coefficient of split occurrence frequencies: 0.974
NOTE: UFBoot does not converge, continue at least 100 more iterations
WARNING: bootstrap analysis did not converge. You should rerun with higher number of iterations (-nm option)
TREE SEARCH COMPLETED AFTER 2001 ITERATIONS / Time: 28h:27m:1s

--------------------------------------------------------------------
|                    FINALIZING TREE SEARCH                        |
--------------------------------------------------------------------
Performs final model parameters optimization
Estimate model parameters (epsilon = 0.010)
1. Initial log-likelihood: -220621.062
Optimal log-likelihood: -220621.058
Site proportion and rates:  (0.049,0.035) (0.055,0.115) (0.133,0.237) (0.111,0.405) (0.106,0.605) (0.126,0.823) (0.149,1.154) (0.133,1.593) (0.081,2.238) (0.057,3.196)
Parameters optimization took 1 rounds (8.571 sec)
BEST SCORE FOUND : -220621.058
Creating bootstrap support values...
Split supports printed to NEXUS file euk5_homs3.SMC3.linsi.bmge.iqtree.nm2000.splits.nex
Total tree length: 209.872

Total number of iterations: 2001
CPU time used for tree search: 199992.460 sec (55h:33m:12s)
Wall-clock time used for tree search: 101127.549 sec (28h:5m:27s)
Total CPU time used: 202569.730 sec (56h:16m:9s)
Total wall-clock time used: 102433.078 sec (28h:27m:13s)

Computing bootstrap consensus tree...
Reading input file euk5_homs3.SMC3.linsi.bmge.iqtree.nm2000.splits.nex...
630 taxa and 5464 splits.
Consensus tree written to euk5_homs3.SMC3.linsi.bmge.iqtree.nm2000.contree
Reading input trees file euk5_homs3.SMC3.linsi.bmge.iqtree.nm2000.contree
Log-likelihood of consensus tree: -220619.905

Analysis results written to: 
  IQ-TREE report:                euk5_homs3.SMC3.linsi.bmge.iqtree.nm2000.iqtree
  Maximum-likelihood tree:       euk5_homs3.SMC3.linsi.bmge.iqtree.nm2000.treefile
  Likelihood distances:          euk5_homs3.SMC3.linsi.bmge.iqtree.nm2000.mldist

Ultrafast bootstrap approximation results written to:
  Split support values:          euk5_homs3.SMC3.linsi.bmge.iqtree.nm2000.splits.nex
  Consensus tree:                euk5_homs3.SMC3.linsi.bmge.iqtree.nm2000.contree
  Screen log file:               euk5_homs3.SMC3.linsi.bmge.iqtree.nm2000.log

Date and Time: Tue Sep 27 17:25:50 2022
