IQ-TREE multicore version 2.0.3 for Linux 64-bit built Apr 26 2020
Developed by Bui Quang Minh, Nguyen Lam Tung, Olga Chernomor,
Heiko Schmidt, Dominik Schrempf, Michael Woodhams.

Host:    jolien-Precision-5820-Tower (AVX512, FMA3, 31 GB RAM)
Command: iqtree -s euk5_homs3.PDS5.linsi.fa -m LG+F+R5 -B 1000 -T 2 -pre euk5_homs3.PDS5.linsi.iqtree
Seed:    49330 (Using SPRNG - Scalable Parallel Random Number Generator)
Time:    Tue Jul  5 18:15:23 2022
Kernel:  AVX+FMA - 2 threads (16 CPU cores detected)

Reading alignment file euk5_homs3.PDS5.linsi.fa ... Fasta format detected
Alignment most likely contains protein sequences
WARNING: 20 sites contain only gaps or ambiguous characters.
Alignment has 422 sequences with 14723 columns, 11557 distinct patterns
5413 parsimony-informative, 5117 singleton sites, 4193 constant sites
              Gap/Ambiguity  Composition  p-value
   1  HOMSAP004713   90.92%    failed      0.00%
   2  HOMSAP066862   90.17%    failed      0.00%
   3  DANRER030331   90.42%    failed      0.00%
   4  DANRER026304   90.44%    failed      0.00%
   5  BRABEL007987   91.01%    failed      0.00%
   6  HOMSAP129910   91.23%    failed      0.00%
   7  CRAGIG025411   90.04%    failed      0.00%
   8  IXOSCA016249   90.74%    failed      0.00%
   9  SPIPUN002628   90.03%    failed      0.00%
  10  MARPOL008821   87.07%    failed      0.00%
  11  ACAPLA000481   88.94%    failed      0.00%
  12  MNELEI001567   86.93%    failed      0.00%
  13  CYCPAN005624   89.12%    failed      0.00%
  14  DAPMAG020736   90.73%    failed      0.00%
  15  BASMER002400   92.32%    failed      0.00%
  16  CHLATM002847   90.27%    failed      0.00%
  17  CYCPAN008971   87.59%    failed      0.00%
  18  LEUCOM047262   89.88%    failed      0.00%
  19  CYCPAN014862   88.66%    failed      0.00%
  20  CHABRA016139   88.79%    failed      0.00%
  21  RHIIRR003815   92.26%    failed      0.00%
  22  KLENIT013180   88.32%    failed      0.00%
  23  GLOWIT000975   91.24%    failed      0.00%
  24  MALJAK019847   91.40%    failed      0.00%
  25  MALJAK007225   91.51%    failed      0.00%
  26  MORVER007775   91.77%    failed      0.00%
  27  GEFOKE002710   90.74%    failed      0.00%
  28  COLSPE010816   82.75%    failed      0.00%
  29  BOMMOR001851   92.43%    failed      0.00%
  30  CHRPER007059   91.46%    failed      0.00%
  31  PLAFUN009652   91.15%    failed      0.00%
  32  SORBIC044274   88.49%    failed      0.00%
  33  DROMEL016103   91.73%    failed      0.00%
  34  VERVER005435   90.47%    failed      0.00%
  35  GONPRO005603   91.41%    failed      0.00%
  36  ARATHA003830   89.09%    failed      0.00%
  37  ARCINT004053   92.05%    failed      0.00%
  38  USTMAY005075   91.51%    failed      0.00%
  39  ACACAS007919   90.23%    failed      0.00%
  40  PHYPOL000488   89.95%    failed      0.00%
  41  NANOCE017998   74.50%    failed      0.00%
  42  SALKVE003043   90.86%    failed      0.00%
  43  NAEFOW001640   90.89%    failed      0.00%
  44  MATSPE006709   90.77%    failed      0.00%
  45  AGABIS007527   91.93%    failed      0.00%
  46  SORBIC023999   90.80%    failed      0.00%
  47  GEPOCE026773   90.42%    failed      0.00%
  48  CREFRA007742   89.02%    failed      0.00%
  49  DIPROT031871   91.39%    failed      0.00%
  50  PAUCHR000461   90.55%    failed      0.00%
  51  SYNPLU003907   92.14%    failed      0.00%
  52  CRYNEO006216   91.31%    failed      0.00%
  53  COEREV000122   91.78%    failed      0.00%
  54  CLAOKA009357   87.45%    failed      0.00%
  55  SCHPOM003712   91.82%    failed      0.00%
  56  NEUCRA006233   89.17%    failed      0.00%
  57  UMBRAM000354   92.64%    failed      0.00%
  58  NEMVEC021130   94.03%    failed      0.00%
  59  RIGRAM012453   90.99%    failed      0.00%
  60  DIAGRA017209   92.05%    failed      0.00%
  61  MONBRE008775   84.87%    failed      0.00%
  62  PHYINF005195   91.34%    failed      0.00%
  63  HALSEO009211   89.88%    failed      0.00%
  64  CHLVAR009452   89.14%    failed      0.00%
  65  CIOINT004037   92.75%    failed      0.00%
  66  MICSPE008108   90.70%    failed      0.00%
  67  PERSWS009202   91.58%    failed      0.00%
  68  ARATHA004953   90.33%    failed      0.00%
  69  CAPOWC003750   89.54%    failed      0.00%
  70  BAFFRI006037   90.00%    failed      0.00%
  71  ALLMAC008564   91.48%    failed      0.00%
  72  PARTRI008963   92.45%    failed      0.00%
  73  MASBAL004641   77.57%    failed      0.00%
  74  OSTTAU000328   91.16%    failed      0.00%
  75  SAPDIC007234   91.67%    failed      0.00%
  76  GALSUL003584   91.22%    failed      0.00%
  77  RUSMAR000770   90.42%    failed      0.00%
  78  NEODAM002637   91.75%    failed      0.00%
  79  PLAMIC000305   91.31%    failed      0.00%
  80  MALCAL011163   91.08%    failed      0.00%
  81  THETRA001824   86.94%    failed      0.00%
  82  PLABRA008686   91.10%    failed      0.00%
  83  RHOMAR002565   90.69%    failed      0.00%
  84  COCSUB002982   89.88%    failed      0.00%
  85  GUITHE000061   85.58%    failed      0.00%
  86  TRIADH004866   91.18%    failed      0.00%
  87  GEMCRY019567   89.61%    failed      0.00%
  88  DICDIS007746   90.15%    failed      0.00%
  89  ANDGOD004285   92.03%    failed      0.00%
  90  PORPUR007086   89.04%    failed      0.00%
  91  NEPPYR007378   94.67%    failed      0.00%
  92  SACCER000505   91.33%    failed      0.00%
  93  MANPLA012863   94.50%    failed      0.00%
  94  CYAPAR016343   93.01%    failed      0.00%
  95  PARATL003461   94.32%    failed      0.00%
  96  NUCSPE084705   94.32%    failed      0.00%
  97  GRACHO010061   88.79%    failed      0.00%
  98  TELSUB018180   91.94%    failed      0.00%
  99  PHAKIR017482   94.04%    failed      0.00%
 100  PHATRI000035   87.88%    failed      0.00%
 101  CHLREI000351   86.37%    failed      0.00%
 102  MASSPE012541   91.11%    failed      0.00%
 103  APISPI047560   91.63%    failed      0.00%
 104  BIGNAT008445   94.29%    failed      0.00%
 105  PRIPAC014109   89.79%    failed      0.00%
 106  JAKBAH004706   90.21%    failed      0.00%
 107  RAMVAR020834   91.19%    failed      0.00%
 108  HONFER008740   89.04%    failed      0.00%
 109  HYPCAT003223   94.30%    failed      0.00%
 110  BODSAL017100   90.44%    failed      0.00%
 111  PAPANK012073   91.24%    failed      0.00%
 112  HEMPHA030287   91.10%    failed      0.00%
 113  DIALUT004184   86.66%    failed      0.00%
 114  ELPMAR019946   87.48%    failed      0.00%
 115  NEOSPE008225   95.13%    failed      0.00%
 116  RUSMAR000884   91.76%    failed      0.00%
 117  RAPHET000868   91.18%    failed      0.00%
 118  CYAMER001165   90.71%    failed      0.00%
 119  RHYHUM044744   90.99%    failed      0.00%
 120  CAULEN000046   93.32%    failed      0.00%
 121  ALLMAC000957   95.63%    failed      0.00%
 122  CYAPAR003142   95.44%    failed      0.00%
 123  TRYBRU001866   91.04%    failed      0.00%
 124  PERSPE001198   91.90%    failed      0.00%
 125  LEIMAJ001287   88.00%    failed      0.00%
 126  BICSPE008866   91.08%    failed      0.00%
 127  STECOE001599   92.83%    failed      0.00%
 128  ROZALL001364   93.24%    failed      0.00%
 129  SYMSPE070901   82.88%    failed      0.00%
 130  CRYCOH008945   90.95%    failed      0.00%
 131  SECSPE008808   88.54%    failed      0.00%
 132  PARTRI008961   96.98%    failed      0.04%
 133  CRYCOH031593   89.41%    failed      0.00%
 134  VITBRA021989   86.52%    failed      0.00%
 135  EUGLON012837   94.80%    failed      0.00%
 136  MONNEG009878   94.10%    failed      0.00%
 137  POLPAL004370   93.05%    failed      0.00%
 138  HEMSPE010372   94.44%    failed      0.00%
 139  HEMSPE009491   93.68%    failed      0.00%
 140  NUTLON010494   97.22%    failed      0.00%
 141  HEMSPE009113   93.75%    failed      0.00%
 142  BICSPE009494   96.90%    failed      0.00%
 143  TRIVAG055318   91.80%    failed      0.00%
 144  RUSMAR010522   94.29%    failed      0.00%
 145  MICMAR134033   95.07%    failed      0.00%
 146  PHAKIR007803   96.35%    failed      0.00%
 147  SCHMAN006229   94.87%    failed      0.00%
 148  LAPGUS042450   95.52%    failed      0.00%
 149  CYAPAR003144   95.01%    failed      0.00%
 150  EUGLON042982   97.00%    failed      0.00%
 151  CHOSPE002431   96.47%    failed      0.00%
 152  GONPAC023965   95.92%    failed      0.00%
 153  HALSPE000457   96.69%    failed      0.00%
 154  MONEXI012146   87.03%    failed      0.00%
 155  CYCPAN009565   92.83%    failed      0.00%
 156  RAPHET012672   98.38%    failed      0.45%
 157  PTESPE003836   97.31%    failed      0.00%
 158  SCHMAN009761   97.11%    failed      0.00%
 159  PICSPE070800   96.58%    failed      0.00%
 160  MONNEG009877   97.73%    failed      0.00%
 161  COLSPE013318   93.66%    failed      0.00%
 162  ANCTWI035612   98.15%    failed      0.13%
 163  AURLIM009534   94.01%    failed      0.00%
 164  ALLMAC001116   96.86%    failed      0.00%
 165  ENTSUL055465   95.92%    failed      0.00%
 166  ARATHA033935   94.07%    failed      0.00%
 167  NEOSPE008226   97.08%    failed      0.00%
 168  SORBIC032013   94.44%    failed      0.00%
 169  NEMVEC021147   98.70%    failed      1.21%
 170  ARATHA022127   93.28%    failed      0.00%
 171  ARATHA009869   95.50%    failed      0.00%
 172  PTESPE006720   98.87%    failed      0.85%
 173  HEMPHA043042   90.68%    failed      0.00%
 174  SORBIC034076   93.74%    failed      0.00%
 175  MARPOL018838   98.47%    failed      0.11%
 176  ACASPE013612   95.03%    failed      0.00%
 177  SORBIC002088   94.32%    failed      0.00%
 178  BIGNAT008446   96.87%    failed      0.00%
 179  ENTSUL025142   98.30%    failed      0.54%
 180  ANCTWI035718   98.72%    failed      1.15%
 181  MONEXI003616   84.02%    failed      0.00%
 182  ENTHIS003013   95.87%    failed      0.00%
 183  SCHMAN006228   97.62%    failed      0.00%
 184  STRRAT004375   89.66%    failed      0.00%
 185  MANPLA006449   97.48%    failed      0.00%
 186  MICMAR060709   98.89%    failed      0.64%
 187  MASBAL014707   96.38%    failed      0.00%
 188  ENTHIS003012   97.28%    failed      0.00%
 189  PLATAR019610   97.22%    failed      0.00%
 190  NUCSPE081970   98.48%    failed      0.00%
 191  PARATL002972   98.48%    failed      0.00%
 192  ACASPE023812   98.05%    failed      0.00%
 193  NUTLON006442   97.34%    failed      0.00%
 194  ANCTWI027641   99.19%    passed     60.94%
 195  ANCTWI038195   99.12%    passed      5.69%
 196  MICMAR099796   99.30%    failed      4.05%
 197  CHOSPE038141   98.82%    failed      0.05%
 198  TELSUB001638   95.44%    failed      0.00%
 199  CHRVEL027851   95.23%    failed      0.00%
 200  COLVIE036118   98.97%    failed      0.19%
 201  NUTLON021499   98.59%    failed      0.41%
 202  COLSPE032911   99.23%    failed      0.26%
 203  ACASPE019584   99.25%    passed     12.49%
 204  NUCSPE081960   97.81%    failed      0.00%
 205  LEPVOR006467   98.85%    failed      2.25%
 206  PARATL002970   98.05%    failed      0.00%
 207  MALCAL000562   99.12%    passed     15.51%
 208  CIOINT004053   98.44%    failed      1.92%
 209  CHOSPE020983   99.14%    passed      8.40%
 210  LEPVOR006468   98.32%    failed      0.00%
 211  COLVIE026059   98.51%    failed      2.19%
 212  GONPAC045682   98.67%    failed      0.42%
 213  SORBIC032928   98.21%    failed      0.22%
 214  MADERY027446   99.12%    failed      0.00%
 215  CRYCOH047655   95.28%    failed      0.00%
 216  CARMEM007778   91.65%    failed      0.00%
 217  TELSUB012768   96.41%    failed      0.00%
 218  CRYCOH039202   97.43%    failed      0.00%
 219  SYMSPE035969   97.03%    failed      0.00%
 220  AURLIM011905   96.63%    failed      0.00%
 221  ARCINT008908   90.70%    failed      0.00%
 222  PHAKIR006659   91.01%    failed      0.00%
 223  NEPPYR006798   99.03%    failed      0.00%
 224  DYSBRE007217   96.72%    failed      0.00%
 225  PLABRA001429   91.22%    failed      0.00%
 226  RUSMAR010911   98.96%    failed      0.72%
 227  NUTLON022581   98.23%    failed      0.00%
 228  GEFOKE007102   82.33%    failed      0.00%
 229  PSEPER009139   95.86%    failed      0.00%
 230  PAUCHR000658   91.14%    failed      0.00%
 231  NEMVEC023925   90.72%    failed      0.00%
 232  TRIADH009735   89.17%    failed      0.00%
 233  POLPAL004371   98.47%    failed      0.00%
 234  PARTET001146   96.11%    failed      0.00%
 235  CYCPAN016127   82.02%    failed      0.00%
 236  RIGRAM012451   98.01%    failed      0.00%
 237  CHLVAR001084   96.07%    failed      0.00%
 238  RUSMAR007639   96.97%    failed      0.00%
 239  PRIPAC019029   91.50%    failed      0.00%
 240  BODSAL004452   96.12%    failed      0.00%
 241  SYMSPE029957   85.95%    failed      0.00%
 242  HEMSPE005931   96.06%    failed      0.00%
 243  KLENIT015529   88.10%    failed      0.00%
 244  SYMSPE002582   92.40%    failed      0.00%
 245  TETTHE004227   96.08%    failed      0.00%
 246  CRYCOH032137   95.67%    failed      0.00%
 247  MICMAR134027   97.47%    failed      0.00%
 248  PLAMIC000764   96.07%    failed      0.00%
 249  HALSPE014409   99.08%    failed      0.00%
 250  PLATAR013970   99.01%    failed      0.00%
 251  HEMSPE058954   99.25%    passed     70.50%
 252  CAULEN001229   92.37%    failed      0.00%
 253  ARATHA000145   96.31%    failed      0.00%
 254  LEPVOR006465   97.36%    failed      0.00%
 255  BREMOT004483   98.97%    failed      0.00%
 256  HALSPE007046   96.12%    failed      0.00%
 257  THETRA002546   90.53%    failed      0.00%
 258  SORBIC015964   87.84%    failed      0.00%
 259  COEREV002049   87.79%    failed      0.00%
 260  PARTET016532   96.16%    failed      0.00%
 261  IXOSCA011725   89.18%    failed      0.00%
 262  PLAMIC002650   87.22%    failed      0.00%
 263  ARCINT011815   89.16%    failed      0.00%
 264  BARSPE008622   91.33%    failed      0.00%
 265  RAMBRE006878   99.37%    passed     11.45%
 266  DIPROT011177   91.61%    failed      0.00%
 267  SYMSPE068335   92.22%    failed      0.00%
 268  STECOE025709   90.69%    failed      0.00%
 269  CHLATM005983   92.37%    failed      0.00%
 270  MALJAK000598   89.64%    failed      0.00%
 271  GEFOKE017174   91.60%    failed      0.00%
 272  GEFOKE017175   90.08%    failed      0.00%
 273  NEODAM007483   92.21%    failed      0.00%
 274  PTESPE020314   91.62%    failed      0.00%
 275  HEMKUK008150   96.06%    failed      0.00%
 276  GEFOKE024428   96.13%    failed      0.00%
 277  HALSPE007336   99.35%    failed      0.47%
 278  TETTHE000860   96.07%    failed      0.00%
 279  POLPAL009275   92.03%    failed      0.00%
 280  PARPYR002081   94.19%    failed      0.00%
 281  LAPGUS049503   98.74%    failed      0.00%
 282  PERMAR018267   95.61%    failed      0.00%
 283  GONPRO010978   90.67%    failed      0.00%
 284  PARTET033215   96.01%    failed      0.00%
 285  RAMVAR001592   95.90%    failed      0.00%
 286  MALJAK007880   89.06%    failed      0.00%
 287  ALLMAC001661   95.80%    failed      0.00%
 288  SORBIC015700   91.33%    failed      0.00%
 289  MASBAL009083   89.36%    failed      0.00%
 290  SALKVE002539   89.32%    failed      0.00%
 291  MICSPE009610   92.41%    failed      0.00%
 292  TETTHE024115   90.06%    failed      0.00%
 293  PALBIL000224   94.11%    failed      0.00%
 294  CRYCOH035102   96.37%    failed      0.00%
 295  PAUCHR001438   93.65%    failed      0.00%
 296  SAPDIC010604   96.05%    failed      0.00%
 297  STECOE009021   90.38%    failed      0.00%
 298  HOMSAP006453   93.91%    failed      0.00%
 299  MICMAR030423   98.97%    failed      0.00%
 300  PRACOL002424   92.24%    failed      0.00%
 301  PHAKIR010200   89.50%    failed      0.00%
 302  LEPVOR024984   95.49%    failed      0.00%
 303  GEPOCE025902   93.23%    failed      0.00%
 304  PRIPAC009006   89.01%    failed      0.00%
 305  LEUCOM029894   92.96%    failed      0.00%
 306  PHYPOL000930   92.43%    failed      0.00%
 307  PYGBIF006345   95.27%    failed      0.00%
 308  GLOWIT010052   98.89%    failed      0.01%
 309  OSTTAU006803   92.42%    failed      0.00%
 310  MANPLA000743   97.33%    failed      0.00%
 311  MICMAR076005   91.74%    failed      0.00%
 312  PICSPE086111   99.13%    passed     58.13%
 313  RIGRAM024991   90.40%    failed      0.00%
 314  RHOMAR009405   95.67%    failed      0.00%
 315  IXOSCA000938   86.24%    failed      0.00%
 316  TRYBRU001676   92.72%    failed      0.00%
 317  CHASUB009336   96.03%    failed      0.00%
 318  SYNPLU002888   90.46%    failed      0.00%
 319  DYSBRE001921   98.17%    failed      0.00%
 320  DIPROT028188   93.93%    failed      0.00%
 321  POLPAL002788   86.45%    failed      0.00%
 322  RHOMAR013909   90.76%    failed      0.00%
 323  DANRER026291   80.43%    failed      0.00%
 324  MALJAK023641   96.03%    failed      0.00%
 325  ACASPE013698   95.86%    failed      0.00%
 326  MATSPE020255   97.85%    failed      0.00%
 327  PERSWS008628   91.84%    failed      0.00%
 328  BRABEL019090   87.37%    failed      0.00%
 329  NAEFOW010541   90.10%    failed      0.00%
 330  ARATHA032801   91.08%    failed      0.00%
 331  DIPROT028184   90.63%    failed      0.00%
 332  VERVER011744   98.18%    passed      7.74%
 333  RIGRAM002296   91.24%    failed      0.00%
 334  LEIMAJ006510   93.85%    failed      0.00%
 335  DIPROT028187   91.05%    failed      0.00%
 336  EUGLON029297   94.46%    failed      0.00%
 337  CHLATM007089   91.28%    failed      0.00%
 338  PLAFUN000706   92.37%    failed      0.00%
 339  NEOSPE004514   92.65%    failed      0.00%
 340  CREFRA003562   86.50%    failed      0.00%
 341  PRIPAC027071   88.98%    failed      0.00%
 342  ARCINT028527   98.46%    failed      0.01%
 343  COLSPE010652   88.91%    failed      0.00%
 344  LEUCOM028490   89.61%    failed      0.00%
 345  ARCINT000692   99.27%    failed      0.01%
 346  SPISPE005957   94.62%    failed      0.00%
 347  PHAKIR001510   97.71%    failed      0.00%
 348  SALKVE015274   88.92%    failed      0.00%
 349  ANAIGN019811   99.21%    failed      0.00%
 350  MICSPE001714   92.61%    failed      0.00%
 351  KLENIT009009   95.45%    failed      0.00%
 352  TRIVAG046901   96.57%    failed      0.00%
 353  COLVIE033132   98.76%    failed      0.05%
 354  PAPANK004819   92.92%    failed      0.00%
 355  APISPI049474   93.17%    failed      0.00%
 356  COLVIE029519   98.95%    failed      1.13%
 357  GEFOKE005796   91.65%    failed      0.00%
 358  TRESPE004869   92.56%    failed      0.00%
 359  ANAIGN005772   96.26%    failed      0.00%
 360  GONPAC024551   97.70%    failed      0.02%
 361  ANCTWI034655   99.21%    passed      6.97%
 362  PRIPAC014415   95.23%    failed      0.00%
 363  BASMER013765   91.60%    failed      0.00%
 364  ANDGOD000996   92.34%    failed      0.00%
 365  EUGLON017226   92.78%    failed      0.00%
 366  CRYCOH059536   96.09%    failed      0.00%
 367  PLAFUN002057   91.91%    failed      0.00%
 368  TRIADH006332   94.09%    failed      0.00%
 369  EUGLON030037   94.74%    failed      0.00%
 370  ARATHA035626   87.46%    failed      0.00%
 371  NEMVEC011848   95.77%    failed      0.00%
 372  RHIIRR014916   93.82%    failed      0.00%
 373  AGABIS007057   93.43%    failed      0.00%
 374  PARATL004605   95.75%    failed      0.00%
 375  NUCSPE091597   95.75%    failed      0.00%
 376  DIALUT005180   89.54%    failed      0.00%
 377  SYMSPE060106   96.30%    failed      0.00%
 378  HALSPE011552   98.06%    failed      0.00%
 379  HEMSPE006922   93.02%    failed      0.00%
 380  PALBIL001942   90.79%    failed      0.00%
 381  JAKBAH010749   98.32%    failed      0.00%
 382  CHRVEL014618   93.73%    failed      0.00%
 383  VAVCUL000064   93.99%    failed      0.00%
 384  NANOCE019101   86.17%    failed      0.00%
 385  SPIPUN002681   91.10%    failed      0.00%
 386  SALKVE019232   90.24%    failed      0.00%
 387  VERVER009497   97.47%    failed      0.00%
 388  PTESPE017169   93.13%    failed      0.00%
 389  PICSPE045217   95.63%    failed      0.00%
 390  DIAGRA033082   92.77%    failed      0.00%
 391  EUGLON029933   96.54%    failed      0.00%
 392  PLAFUN008713   95.91%    failed      0.00%
 393  TRIVAG004982   92.81%    failed      0.00%
 394  DIALUT010350   91.01%    failed      0.00%
 395  AURLIM011150   93.16%    failed      0.00%
 396  HYPCAT000040   93.45%    failed      0.00%
 397  LAPGUS018243   98.34%    failed      0.01%
 398  GEMCRY000627   95.98%    failed      0.00%
 399  SYMSPE058869   96.09%    failed      0.00%
 400  MARPOL007339   91.41%    failed      0.00%
 401  STECOE023633   95.10%    failed      0.00%
 402  SORBIC000901   91.28%    failed      0.00%
 403  PARPYR002088   94.76%    failed      0.00%
 404  PTESPE004749   92.11%    failed      0.00%
 405  SPISPE005972   90.06%    failed      0.00%
 406  PORPUR008974   94.14%    failed      0.00%
 407  LAPGUS033331   99.28%    passed     17.06%
 408  GEPOCE047645   97.88%    failed      0.00%
 409  GEPOCE026065   98.07%    failed      0.00%
 410  PLAFUN007506   93.91%    failed      0.00%
 411  PERSWS008744   92.26%    failed      0.00%
 412  LAPGUS043785   97.36%    failed      0.00%
 413  MNELEI004088   95.81%    failed      0.00%
 414  ELPMAR013318   88.26%    failed      0.00%
 415  NEUCRA005723   86.72%    failed      0.00%
 416  BAFFRI018858   96.30%    failed      0.00%
 417  ARCINT000693   99.31%    failed      0.00%
 418  ENTSUL016420   97.60%    failed      0.00%
 419  CHABRA026016   81.45%    failed      0.00%
 420  ALLMAC004289   88.87%    failed      0.00%
 421  TRIVAG009158   97.07%    failed      0.00%
 422  DIAGRA005079   94.67%    failed      0.00%
WARNING: 422 sequences contain more than 50% gaps/ambiguity
****  TOTAL          93.11%  411 sequences failed composition chi2 test (p-value<5%; df=19)
NOTE: NUCSPE084705 is identical to PARATL003461 but kept for subsequent analysis
NOTE: PARATL002972 is identical to NUCSPE081970 but kept for subsequent analysis

Create initial parsimony tree by phylogenetic likelihood library (PLL)... 7.126 seconds
Generating 1000 samples for ultrafast bootstrap (seed: 49330)...

NOTE: 3819 MB RAM (3 GB) is required!
Estimate model parameters (epsilon = 0.100)
1. Initial log-likelihood: -1231892.078
2. Current log-likelihood: -952708.275
3. Current log-likelihood: -950221.106
4. Current log-likelihood: -950152.818
5. Current log-likelihood: -950140.637
6. Current log-likelihood: -950135.426
7. Current log-likelihood: -950132.521
8. Current log-likelihood: -950130.786
9. Current log-likelihood: -950129.656
10. Current log-likelihood: -950128.863
11. Current log-likelihood: -950128.348
12. Current log-likelihood: -950128.034
13. Current log-likelihood: -950127.720
14. Current log-likelihood: -950127.542
Optimal log-likelihood: -950127.407
Site proportion and rates:  (0.019,0.134) (0.059,0.366) (0.143,0.571) (0.331,0.881) (0.448,1.345)
Parameters optimization took 14 rounds (3222.900 sec)
Computing ML distances based on estimated model parameters... 64.406 sec
WARNING: Some pairwise ML distances are too long (saturated)
Computing BIONJ tree...
0.124 seconds
Log-likelihood of BIONJ tree: -959809.502
--------------------------------------------------------------------
|             INITIALIZING CANDIDATE TREE SET                      |
--------------------------------------------------------------------
Generating 98 parsimony trees... 451.431 second
Computing log-likelihood of 98 initial trees ... 1276.471 seconds
Current best score: -950127.407

Do NNI search on 20 best initial trees
Estimate model parameters (epsilon = 0.100)
BETTER TREE FOUND at iteration 1: -948779.957
Estimate model parameters (epsilon = 0.100)
BETTER TREE FOUND at iteration 3: -948722.334
Iteration 10 / LogL: -948922.370 / Time: 4h:11m:40s
Estimate model parameters (epsilon = 0.100)
BETTER TREE FOUND at iteration 16: -948635.734
Iteration 20 / LogL: -948960.488 / Time: 6h:10m:42s
Finish initializing candidate tree set (20)
Current best tree score: -948635.734 / CPU time: 17720.318
Number of iterations: 20
--------------------------------------------------------------------
|               OPTIMIZING CANDIDATE TREE SET                      |
--------------------------------------------------------------------
Estimate model parameters (epsilon = 0.100)
BETTER TREE FOUND at iteration 22: -948615.628
Estimate model parameters (epsilon = 0.100)
BETTER TREE FOUND at iteration 24: -948551.641
Estimate model parameters (epsilon = 0.100)
BETTER TREE FOUND at iteration 25: -948489.702
Estimate model parameters (epsilon = 0.100)
BETTER TREE FOUND at iteration 29: -948484.101
Iteration 30 / LogL: -948607.493 / Time: 7h:51m:52s (26h:50m:27s left)
Estimate model parameters (epsilon = 0.100)
BETTER TREE FOUND at iteration 32: -948448.169
Estimate model parameters (epsilon = 0.100)
BETTER TREE FOUND at iteration 34: -948438.192
Estimate model parameters (epsilon = 0.100)
BETTER TREE FOUND at iteration 35: -948418.288
Estimate model parameters (epsilon = 0.100)
BETTER TREE FOUND at iteration 37: -948389.620
Estimate model parameters (epsilon = 0.100)
BETTER TREE FOUND at iteration 39: -948357.214
Iteration 40 / LogL: -948432.610 / Time: 9h:16m:40s (23h:32m:48s left)
Estimate model parameters (epsilon = 0.100)
BETTER TREE FOUND at iteration 41: -948305.815
Estimate model parameters (epsilon = 0.100)
BETTER TREE FOUND at iteration 48: -948302.006
Iteration 50 / LogL: -948307.903 / Time: 10h:24m:57s (20h:49m:40s left)
Log-likelihood cutoff on original alignment: -948624.638
Estimate model parameters (epsilon = 0.100)
BETTER TREE FOUND at iteration 52: -948288.742
Estimate model parameters (epsilon = 0.100)
BETTER TREE FOUND at iteration 58: -948270.625
Estimate model parameters (epsilon = 0.100)
BETTER TREE FOUND at iteration 60: -948251.976
Iteration 60 / LogL: -948251.976 / Time: 11h:43m:34s (19h:52m:17s left)
Estimate model parameters (epsilon = 0.100)
BETTER TREE FOUND at iteration 66: -948241.643
Iteration 70 / LogL: -948301.184 / Time: 12h:54m:41s (17h:57m:40s left)
Estimate model parameters (epsilon = 0.100)
BETTER TREE FOUND at iteration 73: -948220.469
Estimate model parameters (epsilon = 0.100)
BETTER TREE FOUND at iteration 80: -948204.519
Iteration 80 / LogL: -948204.519 / Time: 14h:12m:3s (17h:58m:23s left)
Iteration 90 / LogL: -948268.148 / Time: 15h:15m:42s (15h:25m:51s left)
Estimate model parameters (epsilon = 0.100)
BETTER TREE FOUND at iteration 92: -948202.070
Estimate model parameters (epsilon = 0.100)
BETTER TREE FOUND at iteration 93: -948199.855
Estimate model parameters (epsilon = 0.100)
BETTER TREE FOUND at iteration 100: -948180.354
Iteration 100 / LogL: -948180.354 / Time: 16h:32m:12s (16h:42m:6s left)
Log-likelihood cutoff on original alignment: -948361.794
NOTE: Bootstrap correlation coefficient of split occurrence frequencies: 0.847
NOTE: UFBoot does not converge, continue at least 100 more iterations
Estimate model parameters (epsilon = 0.100)
BETTER TREE FOUND at iteration 104: -948160.664
Estimate model parameters (epsilon = 0.100)
BETTER TREE FOUND at iteration 110: -948159.809
Iteration 110 / LogL: -948159.809 / Time: 17h:41m:6s (16h:13m:23s left)
Estimate model parameters (epsilon = 0.100)
BETTER TREE FOUND at iteration 111: -948156.382
Iteration 120 / LogL: -948201.079 / Time: 18h:47m:39s (14h:22m:13s left)
Estimate model parameters (epsilon = 0.100)
BETTER TREE FOUND at iteration 129: -948145.329
Iteration 130 / LogL: -948173.387 / Time: 20h:8m:41s (15h:27m:30s left)
Iteration 140 / LogL: -948158.821 / Time: 21h:17m:56s (13h:38m:10s left)
Estimate model parameters (epsilon = 0.100)
BETTER TREE FOUND at iteration 145: -948143.906
Iteration 150 / LogL: -948176.635 / Time: 22h:41m:8s (14h:27m:45s left)
Log-likelihood cutoff on original alignment: -948282.211
Iteration 160 / LogL: -948156.843 / Time: 23h:52m:24s (12h:45m:41s left)
Estimate model parameters (epsilon = 0.100)
BETTER TREE FOUND at iteration 162: -948139.656
Iteration 170 / LogL: -948180.741 / Time: 25h:0m:55s (13h:37m:0s left)
Iteration 180 / LogL: -948187.872 / Time: 26h:1m:28s (11h:55m:15s left)
Iteration 190 / LogL: -948158.093 / Time: 27h:4m:31s (10h:18m:49s left)
Iteration 200 / LogL: -948173.672 / Time: 28h:22m:1s (8h:50m:14s left)
Log-likelihood cutoff on original alignment: -948282.211
NOTE: Bootstrap correlation coefficient of split occurrence frequencies: 0.911
NOTE: UFBoot does not converge, continue at least 100 more iterations
Iteration 210 / LogL: -948153.982 / Time: 29h:24m:3s (12h:39m:35s left)
Iteration 220 / LogL: -948206.108 / Time: 30h:26m:22s (11h:7m:7s left)
Iteration 230 / LogL: -948205.266 / Time: 31h:26m:43s (9h:36m:41s left)
Iteration 240 / LogL: -948154.650 / Time: 32h:40m:57s (8h:12m:15s left)
Iteration 250 / LogL: -948153.016 / Time: 33h:39m:33s (6h:45m:30s left)
Log-likelihood cutoff on original alignment: -948282.211
Iteration 260 / LogL: -948152.644 / Time: 34h:40m:11s (5h:21m:14s left)
Iteration 270 / LogL: -948169.427 / Time: 35h:47m:4s (3h:59m:26s left)
Estimate model parameters (epsilon = 0.100)
BETTER TREE FOUND at iteration 276: -948127.475
Iteration 280 / LogL: -948129.451 / Time: 36h:52m:33s (12h:41m:15s left)
Iteration 290 / LogL: -948140.965 / Time: 37h:54m:20s (11h:16m:45s left)
Iteration 300 / LogL: -948167.216 / Time: 38h:55m:28s (9h:53m:36s left)
Log-likelihood cutoff on original alignment: -948280.669
NOTE: Bootstrap correlation coefficient of split occurrence frequencies: 0.988
NOTE: UFBoot does not converge, continue at least 100 more iterations
Iteration 310 / LogL: -948128.865 / Time: 39h:53m:51s (11h:37m:12s left)
Iteration 320 / LogL: -948157.626 / Time: 40h:59m:10s (10h:16m:41s left)
Iteration 330 / LogL: -948188.093 / Time: 41h:58m:27s (8h:55m:48s left)
Iteration 340 / LogL: -948134.347 / Time: 42h:59m:40s (7h:36m:33s left)
Estimate model parameters (epsilon = 0.100)
BETTER TREE FOUND at iteration 343: -948123.258
Iteration 350 / LogL: -948167.676 / Time: 44h:4m:11s (11h:44m:34s left)
Log-likelihood cutoff on original alignment: -948279.946
Iteration 360 / LogL: -948141.168 / Time: 45h:2m:36s (10h:24m:48s left)
Iteration 370 / LogL: -948136.328 / Time: 45h:59m:3s (9h:5m:48s left)
Iteration 380 / LogL: -948133.375 / Time: 46h:54m:9s (7h:47m:46s left)
Iteration 390 / LogL: -948128.626 / Time: 47h:54m:15s (6h:31m:35s left)
Iteration 400 / LogL: -948165.897 / Time: 48h:52m:0s (5h:15m:58s left)
Log-likelihood cutoff on original alignment: -948279.946
NOTE: Bootstrap correlation coefficient of split occurrence frequencies: 0.982
NOTE: UFBoot does not converge, continue at least 100 more iterations
Iteration 410 / LogL: -948136.530 / Time: 49h:46m:43s (10h:57m:11s left)
Iteration 420 / LogL: -948175.650 / Time: 50h:44m:24s (9h:41m:14s left)
Iteration 430 / LogL: -948178.623 / Time: 51h:41m:10s (8h:26m:0s left)
Iteration 440 / LogL: -948144.828 / Time: 52h:36m:20s (7h:11m:22s left)
Iteration 450 / LogL: -948154.310 / Time: 53h:33m:12s (5h:57m:48s left)
Log-likelihood cutoff on original alignment: -948255.172
Estimate model parameters (epsilon = 0.100)
BETTER TREE FOUND at iteration 455: -948122.258
Iteration 460 / LogL: -948126.906 / Time: 54h:35m:36s (11h:17m:55s left)
Estimate model parameters (epsilon = 0.100)
BETTER TREE FOUND at iteration 470: -948115.980
Iteration 470 / LogL: -948115.980 / Time: 55h:37m:53s (11h:51m:40s left)
Iteration 480 / LogL: -948135.708 / Time: 56h:39m:20s (10h:38m:41s left)
Iteration 490 / LogL: -948145.502 / Time: 57h:41m:40s (9h:26m:18s left)
Estimate model parameters (epsilon = 0.100)
BETTER TREE FOUND at iteration 500: -948083.057
Iteration 500 / LogL: -948083.057 / Time: 58h:45m:20s (11h:46m:27s left)
Log-likelihood cutoff on original alignment: -948255.172
NOTE: Bootstrap correlation coefficient of split occurrence frequencies: 0.965
NOTE: UFBoot does not converge, continue at least 100 more iterations
Iteration 510 / LogL: -948159.268 / Time: 59h:49m:56s (10h:34m:44s left)
Estimate model parameters (epsilon = 0.100)
BETTER TREE FOUND at iteration 520: -948080.126
Iteration 520 / LogL: -948080.126 / Time: 60h:54m:46s (11h:44m:10s left)
Iteration 530 / LogL: -948138.623 / Time: 61h:56m:11s (10h:32m:13s left)
Iteration 540 / LogL: -948128.054 / Time: 62h:58m:38s (9h:20m:49s left)
Iteration 550 / LogL: -948083.037 / Time: 64h:3m:56s (8h:10m:6s left)
Log-likelihood cutoff on original alignment: -948255.172
Estimate model parameters (epsilon = 0.100)
BETTER TREE FOUND at iteration 554: -948080.101
Estimate model parameters (epsilon = 0.100)
BETTER TREE FOUND at iteration 558: -948072.150
Iteration 560 / LogL: -948098.847 / Time: 65h:15m:11s (11h:26m:21s left)
Iteration 570 / LogL: -948080.301 / Time: 67h:12m:33s (10h:23m:38s left)
Iteration 580 / LogL: -948117.742 / Time: 69h:10m:6s (9h:19m:3s left)
Iteration 590 / LogL: -948099.729 / Time: 71h:3m:30s (8h:12m:12s left)
Estimate model parameters (epsilon = 0.100)
BETTER TREE FOUND at iteration 591: -948069.994
Iteration 600 / LogL: -948129.905 / Time: 73h:11m:7s (11h:7m:4s left)
Log-likelihood cutoff on original alignment: -948203.692
NOTE: Bootstrap correlation coefficient of split occurrence frequencies: 0.919
NOTE: UFBoot does not converge, continue at least 100 more iterations
Iteration 610 / LogL: -948130.953 / Time: 74h:54m:30s (11h:4m:11s left)
Iteration 620 / LogL: -948111.637 / Time: 76h:45m:54s (9h:55m:15s left)
Iteration 630 / LogL: -948092.589 / Time: 78h:33m:52s (8h:44m:35s left)
Iteration 640 / LogL: -948107.279 / Time: 80h:12m:43s (7h:31m:53s left)
Estimate model parameters (epsilon = 0.100)
BETTER TREE FOUND at iteration 648: -948066.286
Iteration 650 / LogL: -948075.515 / Time: 82h:20m:43s (12h:26m:2s left)
Log-likelihood cutoff on original alignment: -948203.692
Iteration 660 / LogL: -948092.356 / Time: 84h:9m:47s (11h:14m:18s left)
Iteration 670 / LogL: -948084.126 / Time: 85h:53m:57s (10h:0m:53s left)
Iteration 680 / LogL: -948076.208 / Time: 87h:47m:6s (8h:47m:28s left)
Estimate model parameters (epsilon = 0.100)
BETTER TREE FOUND at iteration 683: -948058.508
Iteration 690 / LogL: -948079.080 / Time: 89h:38m:1s (12h:5m:53s left)
Iteration 700 / LogL: -948098.344 / Time: 91h:27m:32s (10h:51m:34s left)
Log-likelihood cutoff on original alignment: -948203.692
NOTE: Bootstrap correlation coefficient of split occurrence frequencies: 0.908
NOTE: UFBoot does not converge, continue at least 100 more iterations
Iteration 710 / LogL: -948109.253 / Time: 93h:18m:38s (11h:50m:40s left)
Iteration 720 / LogL: -948093.138 / Time: 95h:1m:1s (10h:34m:18s left)
Iteration 730 / LogL: -948087.865 / Time: 96h:46m:28s (9h:17m:32s left)
Iteration 740 / LogL: -948102.593 / Time: 98h:41m:4s (8h:0m:43s left)
Iteration 750 / LogL: -948084.391 / Time: 100h:23m:32s (6h:42m:5s left)
Log-likelihood cutoff on original alignment: -948202.230
Iteration 760 / LogL: -948060.503 / Time: 102h:10m:10s (5h:23m:3s left)
Iteration 770 / LogL: -948084.398 / Time: 103h:57m:10s (4h:3m:19s left)
Iteration 780 / LogL: -948110.409 / Time: 105h:58m:10s (2h:43m:14s left)
Iteration 790 / LogL: -948074.601 / Time: 107h:47m:46s (1h:21m:58s left)
Iteration 800 / LogL: -948078.723 / Time: 109h:33m:14s (0h:0m:0s left)
Log-likelihood cutoff on original alignment: -948202.230
NOTE: Bootstrap correlation coefficient of split occurrence frequencies: 0.909
NOTE: UFBoot does not converge, continue at least 100 more iterations
Estimate model parameters (epsilon = 0.100)
BETTER TREE FOUND at iteration 807: -948046.164
Iteration 810 / LogL: -948055.136 / Time: 111h:42m:45s (13h:23m:39s left)
Iteration 820 / LogL: -948114.301 / Time: 113h:34m:53s (12h:3m:54s left)
Estimate model parameters (epsilon = 0.100)
BETTER TREE FOUND at iteration 824: -948040.379
Iteration 830 / LogL: -948061.490 / Time: 115h:33m:39s (13h:6m:11s left)
Iteration 840 / LogL: -948073.447 / Time: 117h:27m:10s (11h:45m:32s left)
Iteration 850 / LogL: -948064.618 / Time: 119h:16m:14s (10h:23m:44s left)
Log-likelihood cutoff on original alignment: -948202.230
Iteration 860 / LogL: -948079.097 / Time: 121h:19m:12s (9h:2m:19s left)
Iteration 870 / LogL: -948093.603 / Time: 123h:14m:52s (7h:39m:30s left)
Iteration 880 / LogL: -948062.369 / Time: 125h:13m:38s (6h:16m:6s left)
Iteration 890 / LogL: -948064.892 / Time: 127h:8m:32s (4h:51m:45s left)
Iteration 900 / LogL: -948092.329 / Time: 129h:10m:57s (3h:26m:55s left)
Log-likelihood cutoff on original alignment: -948198.095
NOTE: Bootstrap correlation coefficient of split occurrence frequencies: 0.900
NOTE: UFBoot does not converge, continue at least 100 more iterations
Iteration 910 / LogL: -948070.858 / Time: 131h:8m:29s (12h:59m:2s left)
Iteration 920 / LogL: -948041.871 / Time: 132h:59m:5s (11h:34m:34s left)
Iteration 930 / LogL: -948070.450 / Time: 134h:53m:0s (10h:9m:47s left)
Iteration 940 / LogL: -948056.333 / Time: 137h:0m:31s (8h:45m:15s left)
Iteration 950 / LogL: -948131.251 / Time: 139h:10m:4s (7h:19m:56s left)
Log-likelihood cutoff on original alignment: -948198.095
Iteration 960 / LogL: -948056.279 / Time: 141h:22m:40s (5h:53m:48s left)

******************************************************
CHECKPOINT: Resuming analysis from euk5_homs3.PDS5.linsi.iqtree.ckp.gz

IQ-TREE multicore version 2.0.3 for Linux 64-bit built Apr 26 2020
Developed by Bui Quang Minh, Nguyen Lam Tung, Olga Chernomor,
Heiko Schmidt, Dominik Schrempf, Michael Woodhams.

Host:    jolien-Precision-5820-Tower (AVX512, FMA3, 31 GB RAM)
Command: iqtree -s euk5_homs3.PDS5.linsi.fa -m LG+F+R5 -B 1000 -T 2 -pre euk5_homs3.PDS5.linsi.iqtree
Seed:    579515 (Using SPRNG - Scalable Parallel Random Number Generator)
Time:    Mon Jul 11 16:16:40 2022
Kernel:  AVX+FMA - 2 threads (16 CPU cores detected)

Reading alignment file euk5_homs3.PDS5.linsi.fa ... Fasta format detected
Alignment most likely contains protein sequences
WARNING: 20 sites contain only gaps or ambiguous characters.
Alignment has 422 sequences with 14723 columns, 11557 distinct patterns
5413 parsimony-informative, 5117 singleton sites, 4193 constant sites
              Gap/Ambiguity  Composition  p-value
   1  HOMSAP004713   90.92%    failed      0.00%
   2  HOMSAP066862   90.17%    failed      0.00%
   3  DANRER030331   90.42%    failed      0.00%
   4  DANRER026304   90.44%    failed      0.00%
   5  BRABEL007987   91.01%    failed      0.00%
   6  HOMSAP129910   91.23%    failed      0.00%
   7  CRAGIG025411   90.04%    failed      0.00%
   8  IXOSCA016249   90.74%    failed      0.00%
   9  SPIPUN002628   90.03%    failed      0.00%
  10  MARPOL008821   87.07%    failed      0.00%
  11  ACAPLA000481   88.94%    failed      0.00%
  12  MNELEI001567   86.93%    failed      0.00%
  13  CYCPAN005624   89.12%    failed      0.00%
  14  DAPMAG020736   90.73%    failed      0.00%
  15  BASMER002400   92.32%    failed      0.00%
  16  CHLATM002847   90.27%    failed      0.00%
  17  CYCPAN008971   87.59%    failed      0.00%
  18  LEUCOM047262   89.88%    failed      0.00%
  19  CYCPAN014862   88.66%    failed      0.00%
  20  CHABRA016139   88.79%    failed      0.00%
  21  RHIIRR003815   92.26%    failed      0.00%
  22  KLENIT013180   88.32%    failed      0.00%
  23  GLOWIT000975   91.24%    failed      0.00%
  24  MALJAK019847   91.40%    failed      0.00%
  25  MALJAK007225   91.51%    failed      0.00%
  26  MORVER007775   91.77%    failed      0.00%
  27  GEFOKE002710   90.74%    failed      0.00%
  28  COLSPE010816   82.75%    failed      0.00%
  29  BOMMOR001851   92.43%    failed      0.00%
  30  CHRPER007059   91.46%    failed      0.00%
  31  PLAFUN009652   91.15%    failed      0.00%
  32  SORBIC044274   88.49%    failed      0.00%
  33  DROMEL016103   91.73%    failed      0.00%
  34  VERVER005435   90.47%    failed      0.00%
  35  GONPRO005603   91.41%    failed      0.00%
  36  ARATHA003830   89.09%    failed      0.00%
  37  ARCINT004053   92.05%    failed      0.00%
  38  USTMAY005075   91.51%    failed      0.00%
  39  ACACAS007919   90.23%    failed      0.00%
  40  PHYPOL000488   89.95%    failed      0.00%
  41  NANOCE017998   74.50%    failed      0.00%
  42  SALKVE003043   90.86%    failed      0.00%
  43  NAEFOW001640   90.89%    failed      0.00%
  44  MATSPE006709   90.77%    failed      0.00%
  45  AGABIS007527   91.93%    failed      0.00%
  46  SORBIC023999   90.80%    failed      0.00%
  47  GEPOCE026773   90.42%    failed      0.00%
  48  CREFRA007742   89.02%    failed      0.00%
  49  DIPROT031871   91.39%    failed      0.00%
  50  PAUCHR000461   90.55%    failed      0.00%
  51  SYNPLU003907   92.14%    failed      0.00%
  52  CRYNEO006216   91.31%    failed      0.00%
  53  COEREV000122   91.78%    failed      0.00%
  54  CLAOKA009357   87.45%    failed      0.00%
  55  SCHPOM003712   91.82%    failed      0.00%
  56  NEUCRA006233   89.17%    failed      0.00%
  57  UMBRAM000354   92.64%    failed      0.00%
  58  NEMVEC021130   94.03%    failed      0.00%
  59  RIGRAM012453   90.99%    failed      0.00%
  60  DIAGRA017209   92.05%    failed      0.00%
  61  MONBRE008775   84.87%    failed      0.00%
  62  PHYINF005195   91.34%    failed      0.00%
  63  HALSEO009211   89.88%    failed      0.00%
  64  CHLVAR009452   89.14%    failed      0.00%
  65  CIOINT004037   92.75%    failed      0.00%
  66  MICSPE008108   90.70%    failed      0.00%
  67  PERSWS009202   91.58%    failed      0.00%
  68  ARATHA004953   90.33%    failed      0.00%
  69  CAPOWC003750   89.54%    failed      0.00%
  70  BAFFRI006037   90.00%    failed      0.00%
  71  ALLMAC008564   91.48%    failed      0.00%
  72  PARTRI008963   92.45%    failed      0.00%
  73  MASBAL004641   77.57%    failed      0.00%
  74  OSTTAU000328   91.16%    failed      0.00%
  75  SAPDIC007234   91.67%    failed      0.00%
  76  GALSUL003584   91.22%    failed      0.00%
  77  RUSMAR000770   90.42%    failed      0.00%
  78  NEODAM002637   91.75%    failed      0.00%
  79  PLAMIC000305   91.31%    failed      0.00%
  80  MALCAL011163   91.08%    failed      0.00%
  81  THETRA001824   86.94%    failed      0.00%
  82  PLABRA008686   91.10%    failed      0.00%
  83  RHOMAR002565   90.69%    failed      0.00%
  84  COCSUB002982   89.88%    failed      0.00%
  85  GUITHE000061   85.58%    failed      0.00%
  86  TRIADH004866   91.18%    failed      0.00%
  87  GEMCRY019567   89.61%    failed      0.00%
  88  DICDIS007746   90.15%    failed      0.00%
  89  ANDGOD004285   92.03%    failed      0.00%
  90  PORPUR007086   89.04%    failed      0.00%
  91  NEPPYR007378   94.67%    failed      0.00%
  92  SACCER000505   91.33%    failed      0.00%
  93  MANPLA012863   94.50%    failed      0.00%
  94  CYAPAR016343   93.01%    failed      0.00%
  95  PARATL003461   94.32%    failed      0.00%
  96  NUCSPE084705   94.32%    failed      0.00%
  97  GRACHO010061   88.79%    failed      0.00%
  98  TELSUB018180   91.94%    failed      0.00%
  99  PHAKIR017482   94.04%    failed      0.00%
 100  PHATRI000035   87.88%    failed      0.00%
 101  CHLREI000351   86.37%    failed      0.00%
 102  MASSPE012541   91.11%    failed      0.00%
 103  APISPI047560   91.63%    failed      0.00%
 104  BIGNAT008445   94.29%    failed      0.00%
 105  PRIPAC014109   89.79%    failed      0.00%
 106  JAKBAH004706   90.21%    failed      0.00%
 107  RAMVAR020834   91.19%    failed      0.00%
 108  HONFER008740   89.04%    failed      0.00%
 109  HYPCAT003223   94.30%    failed      0.00%
 110  BODSAL017100   90.44%    failed      0.00%
 111  PAPANK012073   91.24%    failed      0.00%
 112  HEMPHA030287   91.10%    failed      0.00%
 113  DIALUT004184   86.66%    failed      0.00%
 114  ELPMAR019946   87.48%    failed      0.00%
 115  NEOSPE008225   95.13%    failed      0.00%
 116  RUSMAR000884   91.76%    failed      0.00%
 117  RAPHET000868   91.18%    failed      0.00%
 118  CYAMER001165   90.71%    failed      0.00%
 119  RHYHUM044744   90.99%    failed      0.00%
 120  CAULEN000046   93.32%    failed      0.00%
 121  ALLMAC000957   95.63%    failed      0.00%
 122  CYAPAR003142   95.44%    failed      0.00%
 123  TRYBRU001866   91.04%    failed      0.00%
 124  PERSPE001198   91.90%    failed      0.00%
 125  LEIMAJ001287   88.00%    failed      0.00%
 126  BICSPE008866   91.08%    failed      0.00%
 127  STECOE001599   92.83%    failed      0.00%
 128  ROZALL001364   93.24%    failed      0.00%
 129  SYMSPE070901   82.88%    failed      0.00%
 130  CRYCOH008945   90.95%    failed      0.00%
 131  SECSPE008808   88.54%    failed      0.00%
 132  PARTRI008961   96.98%    failed      0.04%
 133  CRYCOH031593   89.41%    failed      0.00%
 134  VITBRA021989   86.52%    failed      0.00%
 135  EUGLON012837   94.80%    failed      0.00%
 136  MONNEG009878   94.10%    failed      0.00%
 137  POLPAL004370   93.05%    failed      0.00%
 138  HEMSPE010372   94.44%    failed      0.00%
 139  HEMSPE009491   93.68%    failed      0.00%
 140  NUTLON010494   97.22%    failed      0.00%
 141  HEMSPE009113   93.75%    failed      0.00%
 142  BICSPE009494   96.90%    failed      0.00%
 143  TRIVAG055318   91.80%    failed      0.00%
 144  RUSMAR010522   94.29%    failed      0.00%
 145  MICMAR134033   95.07%    failed      0.00%
 146  PHAKIR007803   96.35%    failed      0.00%
 147  SCHMAN006229   94.87%    failed      0.00%
 148  LAPGUS042450   95.52%    failed      0.00%
 149  CYAPAR003144   95.01%    failed      0.00%
 150  EUGLON042982   97.00%    failed      0.00%
 151  CHOSPE002431   96.47%    failed      0.00%
 152  GONPAC023965   95.92%    failed      0.00%
 153  HALSPE000457   96.69%    failed      0.00%
 154  MONEXI012146   87.03%    failed      0.00%
 155  CYCPAN009565   92.83%    failed      0.00%
 156  RAPHET012672   98.38%    failed      0.45%
 157  PTESPE003836   97.31%    failed      0.00%
 158  SCHMAN009761   97.11%    failed      0.00%
 159  PICSPE070800   96.58%    failed      0.00%
 160  MONNEG009877   97.73%    failed      0.00%
 161  COLSPE013318   93.66%    failed      0.00%
 162  ANCTWI035612   98.15%    failed      0.13%
 163  AURLIM009534   94.01%    failed      0.00%
 164  ALLMAC001116   96.86%    failed      0.00%
 165  ENTSUL055465   95.92%    failed      0.00%
 166  ARATHA033935   94.07%    failed      0.00%
 167  NEOSPE008226   97.08%    failed      0.00%
 168  SORBIC032013   94.44%    failed      0.00%
 169  NEMVEC021147   98.70%    failed      1.21%
 170  ARATHA022127   93.28%    failed      0.00%
 171  ARATHA009869   95.50%    failed      0.00%
 172  PTESPE006720   98.87%    failed      0.85%
 173  HEMPHA043042   90.68%    failed      0.00%
 174  SORBIC034076   93.74%    failed      0.00%
 175  MARPOL018838   98.47%    failed      0.11%
 176  ACASPE013612   95.03%    failed      0.00%
 177  SORBIC002088   94.32%    failed      0.00%
 178  BIGNAT008446   96.87%    failed      0.00%
 179  ENTSUL025142   98.30%    failed      0.54%
 180  ANCTWI035718   98.72%    failed      1.15%
 181  MONEXI003616   84.02%    failed      0.00%
 182  ENTHIS003013   95.87%    failed      0.00%
 183  SCHMAN006228   97.62%    failed      0.00%
 184  STRRAT004375   89.66%    failed      0.00%
 185  MANPLA006449   97.48%    failed      0.00%
 186  MICMAR060709   98.89%    failed      0.64%
 187  MASBAL014707   96.38%    failed      0.00%
 188  ENTHIS003012   97.28%    failed      0.00%
 189  PLATAR019610   97.22%    failed      0.00%
 190  NUCSPE081970   98.48%    failed      0.00%
 191  PARATL002972   98.48%    failed      0.00%
 192  ACASPE023812   98.05%    failed      0.00%
 193  NUTLON006442   97.34%    failed      0.00%
 194  ANCTWI027641   99.19%    passed     60.94%
 195  ANCTWI038195   99.12%    passed      5.69%
 196  MICMAR099796   99.30%    failed      4.05%
 197  CHOSPE038141   98.82%    failed      0.05%
 198  TELSUB001638   95.44%    failed      0.00%
 199  CHRVEL027851   95.23%    failed      0.00%
 200  COLVIE036118   98.97%    failed      0.19%
 201  NUTLON021499   98.59%    failed      0.41%
 202  COLSPE032911   99.23%    failed      0.26%
 203  ACASPE019584   99.25%    passed     12.49%
 204  NUCSPE081960   97.81%    failed      0.00%
 205  LEPVOR006467   98.85%    failed      2.25%
 206  PARATL002970   98.05%    failed      0.00%
 207  MALCAL000562   99.12%    passed     15.51%
 208  CIOINT004053   98.44%    failed      1.92%
 209  CHOSPE020983   99.14%    passed      8.40%
 210  LEPVOR006468   98.32%    failed      0.00%
 211  COLVIE026059   98.51%    failed      2.19%
 212  GONPAC045682   98.67%    failed      0.42%
 213  SORBIC032928   98.21%    failed      0.22%
 214  MADERY027446   99.12%    failed      0.00%
 215  CRYCOH047655   95.28%    failed      0.00%
 216  CARMEM007778   91.65%    failed      0.00%
 217  TELSUB012768   96.41%    failed      0.00%
 218  CRYCOH039202   97.43%    failed      0.00%
 219  SYMSPE035969   97.03%    failed      0.00%
 220  AURLIM011905   96.63%    failed      0.00%
 221  ARCINT008908   90.70%    failed      0.00%
 222  PHAKIR006659   91.01%    failed      0.00%
 223  NEPPYR006798   99.03%    failed      0.00%
 224  DYSBRE007217   96.72%    failed      0.00%
 225  PLABRA001429   91.22%    failed      0.00%
 226  RUSMAR010911   98.96%    failed      0.72%
 227  NUTLON022581   98.23%    failed      0.00%
 228  GEFOKE007102   82.33%    failed      0.00%
 229  PSEPER009139   95.86%    failed      0.00%
 230  PAUCHR000658   91.14%    failed      0.00%
 231  NEMVEC023925   90.72%    failed      0.00%
 232  TRIADH009735   89.17%    failed      0.00%
 233  POLPAL004371   98.47%    failed      0.00%
 234  PARTET001146   96.11%    failed      0.00%
 235  CYCPAN016127   82.02%    failed      0.00%
 236  RIGRAM012451   98.01%    failed      0.00%
 237  CHLVAR001084   96.07%    failed      0.00%
 238  RUSMAR007639   96.97%    failed      0.00%
 239  PRIPAC019029   91.50%    failed      0.00%
 240  BODSAL004452   96.12%    failed      0.00%
 241  SYMSPE029957   85.95%    failed      0.00%
 242  HEMSPE005931   96.06%    failed      0.00%
 243  KLENIT015529   88.10%    failed      0.00%
 244  SYMSPE002582   92.40%    failed      0.00%
 245  TETTHE004227   96.08%    failed      0.00%
 246  CRYCOH032137   95.67%    failed      0.00%
 247  MICMAR134027   97.47%    failed      0.00%
 248  PLAMIC000764   96.07%    failed      0.00%
 249  HALSPE014409   99.08%    failed      0.00%
 250  PLATAR013970   99.01%    failed      0.00%
 251  HEMSPE058954   99.25%    passed     70.50%
 252  CAULEN001229   92.37%    failed      0.00%
 253  ARATHA000145   96.31%    failed      0.00%
 254  LEPVOR006465   97.36%    failed      0.00%
 255  BREMOT004483   98.97%    failed      0.00%
 256  HALSPE007046   96.12%    failed      0.00%
 257  THETRA002546   90.53%    failed      0.00%
 258  SORBIC015964   87.84%    failed      0.00%
 259  COEREV002049   87.79%    failed      0.00%
 260  PARTET016532   96.16%    failed      0.00%
 261  IXOSCA011725   89.18%    failed      0.00%
 262  PLAMIC002650   87.22%    failed      0.00%
 263  ARCINT011815   89.16%    failed      0.00%
 264  BARSPE008622   91.33%    failed      0.00%
 265  RAMBRE006878   99.37%    passed     11.45%
 266  DIPROT011177   91.61%    failed      0.00%
 267  SYMSPE068335   92.22%    failed      0.00%
 268  STECOE025709   90.69%    failed      0.00%
 269  CHLATM005983   92.37%    failed      0.00%
 270  MALJAK000598   89.64%    failed      0.00%
 271  GEFOKE017174   91.60%    failed      0.00%
 272  GEFOKE017175   90.08%    failed      0.00%
 273  NEODAM007483   92.21%    failed      0.00%
 274  PTESPE020314   91.62%    failed      0.00%
 275  HEMKUK008150   96.06%    failed      0.00%
 276  GEFOKE024428   96.13%    failed      0.00%
 277  HALSPE007336   99.35%    failed      0.47%
 278  TETTHE000860   96.07%    failed      0.00%
 279  POLPAL009275   92.03%    failed      0.00%
 280  PARPYR002081   94.19%    failed      0.00%
 281  LAPGUS049503   98.74%    failed      0.00%
 282  PERMAR018267   95.61%    failed      0.00%
 283  GONPRO010978   90.67%    failed      0.00%
 284  PARTET033215   96.01%    failed      0.00%
 285  RAMVAR001592   95.90%    failed      0.00%
 286  MALJAK007880   89.06%    failed      0.00%
 287  ALLMAC001661   95.80%    failed      0.00%
 288  SORBIC015700   91.33%    failed      0.00%
 289  MASBAL009083   89.36%    failed      0.00%
 290  SALKVE002539   89.32%    failed      0.00%
 291  MICSPE009610   92.41%    failed      0.00%
 292  TETTHE024115   90.06%    failed      0.00%
 293  PALBIL000224   94.11%    failed      0.00%
 294  CRYCOH035102   96.37%    failed      0.00%
 295  PAUCHR001438   93.65%    failed      0.00%
 296  SAPDIC010604   96.05%    failed      0.00%
 297  STECOE009021   90.38%    failed      0.00%
 298  HOMSAP006453   93.91%    failed      0.00%
 299  MICMAR030423   98.97%    failed      0.00%
 300  PRACOL002424   92.24%    failed      0.00%
 301  PHAKIR010200   89.50%    failed      0.00%
 302  LEPVOR024984   95.49%    failed      0.00%
 303  GEPOCE025902   93.23%    failed      0.00%
 304  PRIPAC009006   89.01%    failed      0.00%
 305  LEUCOM029894   92.96%    failed      0.00%
 306  PHYPOL000930   92.43%    failed      0.00%
 307  PYGBIF006345   95.27%    failed      0.00%
 308  GLOWIT010052   98.89%    failed      0.01%
 309  OSTTAU006803   92.42%    failed      0.00%
 310  MANPLA000743   97.33%    failed      0.00%
 311  MICMAR076005   91.74%    failed      0.00%
 312  PICSPE086111   99.13%    passed     58.13%
 313  RIGRAM024991   90.40%    failed      0.00%
 314  RHOMAR009405   95.67%    failed      0.00%
 315  IXOSCA000938   86.24%    failed      0.00%
 316  TRYBRU001676   92.72%    failed      0.00%
 317  CHASUB009336   96.03%    failed      0.00%
 318  SYNPLU002888   90.46%    failed      0.00%
 319  DYSBRE001921   98.17%    failed      0.00%
 320  DIPROT028188   93.93%    failed      0.00%
 321  POLPAL002788   86.45%    failed      0.00%
 322  RHOMAR013909   90.76%    failed      0.00%
 323  DANRER026291   80.43%    failed      0.00%
 324  MALJAK023641   96.03%    failed      0.00%
 325  ACASPE013698   95.86%    failed      0.00%
 326  MATSPE020255   97.85%    failed      0.00%
 327  PERSWS008628   91.84%    failed      0.00%
 328  BRABEL019090   87.37%    failed      0.00%
 329  NAEFOW010541   90.10%    failed      0.00%
 330  ARATHA032801   91.08%    failed      0.00%
 331  DIPROT028184   90.63%    failed      0.00%
 332  VERVER011744   98.18%    passed      7.74%
 333  RIGRAM002296   91.24%    failed      0.00%
 334  LEIMAJ006510   93.85%    failed      0.00%
 335  DIPROT028187   91.05%    failed      0.00%
 336  EUGLON029297   94.46%    failed      0.00%
 337  CHLATM007089   91.28%    failed      0.00%
 338  PLAFUN000706   92.37%    failed      0.00%
 339  NEOSPE004514   92.65%    failed      0.00%
 340  CREFRA003562   86.50%    failed      0.00%
 341  PRIPAC027071   88.98%    failed      0.00%
 342  ARCINT028527   98.46%    failed      0.01%
 343  COLSPE010652   88.91%    failed      0.00%
 344  LEUCOM028490   89.61%    failed      0.00%
 345  ARCINT000692   99.27%    failed      0.01%
 346  SPISPE005957   94.62%    failed      0.00%
 347  PHAKIR001510   97.71%    failed      0.00%
 348  SALKVE015274   88.92%    failed      0.00%
 349  ANAIGN019811   99.21%    failed      0.00%
 350  MICSPE001714   92.61%    failed      0.00%
 351  KLENIT009009   95.45%    failed      0.00%
 352  TRIVAG046901   96.57%    failed      0.00%
 353  COLVIE033132   98.76%    failed      0.05%
 354  PAPANK004819   92.92%    failed      0.00%
 355  APISPI049474   93.17%    failed      0.00%
 356  COLVIE029519   98.95%    failed      1.13%
 357  GEFOKE005796   91.65%    failed      0.00%
 358  TRESPE004869   92.56%    failed      0.00%
 359  ANAIGN005772   96.26%    failed      0.00%
 360  GONPAC024551   97.70%    failed      0.02%
 361  ANCTWI034655   99.21%    passed      6.97%
 362  PRIPAC014415   95.23%    failed      0.00%
 363  BASMER013765   91.60%    failed      0.00%
 364  ANDGOD000996   92.34%    failed      0.00%
 365  EUGLON017226   92.78%    failed      0.00%
 366  CRYCOH059536   96.09%    failed      0.00%
 367  PLAFUN002057   91.91%    failed      0.00%
 368  TRIADH006332   94.09%    failed      0.00%
 369  EUGLON030037   94.74%    failed      0.00%
 370  ARATHA035626   87.46%    failed      0.00%
 371  NEMVEC011848   95.77%    failed      0.00%
 372  RHIIRR014916   93.82%    failed      0.00%
 373  AGABIS007057   93.43%    failed      0.00%
 374  PARATL004605   95.75%    failed      0.00%
 375  NUCSPE091597   95.75%    failed      0.00%
 376  DIALUT005180   89.54%    failed      0.00%
 377  SYMSPE060106   96.30%    failed      0.00%
 378  HALSPE011552   98.06%    failed      0.00%
 379  HEMSPE006922   93.02%    failed      0.00%
 380  PALBIL001942   90.79%    failed      0.00%
 381  JAKBAH010749   98.32%    failed      0.00%
 382  CHRVEL014618   93.73%    failed      0.00%
 383  VAVCUL000064   93.99%    failed      0.00%
 384  NANOCE019101   86.17%    failed      0.00%
 385  SPIPUN002681   91.10%    failed      0.00%
 386  SALKVE019232   90.24%    failed      0.00%
 387  VERVER009497   97.47%    failed      0.00%
 388  PTESPE017169   93.13%    failed      0.00%
 389  PICSPE045217   95.63%    failed      0.00%
 390  DIAGRA033082   92.77%    failed      0.00%
 391  EUGLON029933   96.54%    failed      0.00%
 392  PLAFUN008713   95.91%    failed      0.00%
 393  TRIVAG004982   92.81%    failed      0.00%
 394  DIALUT010350   91.01%    failed      0.00%
 395  AURLIM011150   93.16%    failed      0.00%
 396  HYPCAT000040   93.45%    failed      0.00%
 397  LAPGUS018243   98.34%    failed      0.01%
 398  GEMCRY000627   95.98%    failed      0.00%
 399  SYMSPE058869   96.09%    failed      0.00%
 400  MARPOL007339   91.41%    failed      0.00%
 401  STECOE023633   95.10%    failed      0.00%
 402  SORBIC000901   91.28%    failed      0.00%
 403  PARPYR002088   94.76%    failed      0.00%
 404  PTESPE004749   92.11%    failed      0.00%
 405  SPISPE005972   90.06%    failed      0.00%
 406  PORPUR008974   94.14%    failed      0.00%
 407  LAPGUS033331   99.28%    passed     17.06%
 408  GEPOCE047645   97.88%    failed      0.00%
 409  GEPOCE026065   98.07%    failed      0.00%
 410  PLAFUN007506   93.91%    failed      0.00%
 411  PERSWS008744   92.26%    failed      0.00%
 412  LAPGUS043785   97.36%    failed      0.00%
 413  MNELEI004088   95.81%    failed      0.00%
 414  ELPMAR013318   88.26%    failed      0.00%
 415  NEUCRA005723   86.72%    failed      0.00%
 416  BAFFRI018858   96.30%    failed      0.00%
 417  ARCINT000693   99.31%    failed      0.00%
 418  ENTSUL016420   97.60%    failed      0.00%
 419  CHABRA026016   81.45%    failed      0.00%
 420  ALLMAC004289   88.87%    failed      0.00%
 421  TRIVAG009158   97.07%    failed      0.00%
 422  DIAGRA005079   94.67%    failed      0.00%
WARNING: 422 sequences contain more than 50% gaps/ambiguity
****  TOTAL          93.11%  411 sequences failed composition chi2 test (p-value<5%; df=19)
NOTE: NUCSPE084705 is identical to PARATL003461 but kept for subsequent analysis
NOTE: PARATL002972 is identical to NUCSPE081970 but kept for subsequent analysis

CHECKPOINT: Initial tree restored
Generating 1000 samples for ultrafast bootstrap (seed: 579515)...
CHECKPOINT: 1000 UFBoot trees and 19 UFBootSplits restored

NOTE: 3819 MB RAM (3 GB) is required!
CHECKPOINT: Model parameters restored, LogL: -948040.379
--------------------------------------------------------------------
|             INITIALIZING CANDIDATE TREE SET                      |
--------------------------------------------------------------------
CHECKPOINT: Candidate tree set restored, best LogL: -948040.379
Finish initializing candidate tree set (20)
Current best tree score: -948040.379 / CPU time: 0.000
Number of iterations: 961
--------------------------------------------------------------------
|               OPTIMIZING CANDIDATE TREE SET                      |
--------------------------------------------------------------------
Iteration 970 / LogL: -948059.573 / Time: 1h:46m:8s (0h:3m:17s left)
Iteration 980 / LogL: -948052.075 / Time: 3h:50m:32s (0h:4m:42s left)
Iteration 990 / LogL: -948088.293 / Time: 5h:50m:24s (0h:3m:32s left)
Estimate model parameters (epsilon = 0.100)
BETTER TREE FOUND at iteration 994: -948035.613
Iteration 1000 / LogL: -948056.416 / Time: 7h:48m:30s (0h:44m:5s left)
Log-likelihood cutoff on original alignment: -948181.931
NOTE: Bootstrap correlation coefficient of split occurrence frequencies: 0.910
NOTE: UFBoot does not converge, continue at least 100 more iterations
WARNING: bootstrap analysis did not converge. You should rerun with higher number of iterations (-nm option)
TREE SEARCH COMPLETED AFTER 1001 ITERATIONS / Time: 8h:1m:26s

--------------------------------------------------------------------
|                    FINALIZING TREE SEARCH                        |
--------------------------------------------------------------------
Performs final model parameters optimization
Estimate model parameters (epsilon = 0.010)
1. Initial log-likelihood: -948035.613
2. Current log-likelihood: -948035.544
3. Current log-likelihood: -948035.499
Optimal log-likelihood: -948035.486
Site proportion and rates:  (0.019,0.136) (0.062,0.371) (0.149,0.580) (0.324,0.886) (0.446,1.347)
Parameters optimization took 3 rounds (245.581 sec)
BEST SCORE FOUND : -948035.486
Creating bootstrap support values...
Split supports printed to NEXUS file euk5_homs3.PDS5.linsi.iqtree.splits.nex
Total tree length: 498.749

Total number of iterations: 1001
CPU time used for tree search: 56915.398 sec (15h:48m:35s)
Wall-clock time used for tree search: 28880.921 sec (8h:1m:20s)
Total CPU time used: 57411.801 sec (15h:56m:51s)
Total wall-clock time used: 29138.645 sec (8h:5m:38s)

Computing bootstrap consensus tree...
Reading input file euk5_homs3.PDS5.linsi.iqtree.splits.nex...
422 taxa and 2837 splits.
Consensus tree written to euk5_homs3.PDS5.linsi.iqtree.contree
Reading input trees file euk5_homs3.PDS5.linsi.iqtree.contree
Log-likelihood of consensus tree: -948038.105

Analysis results written to: 
  IQ-TREE report:                euk5_homs3.PDS5.linsi.iqtree.iqtree
  Maximum-likelihood tree:       euk5_homs3.PDS5.linsi.iqtree.treefile
  Likelihood distances:          euk5_homs3.PDS5.linsi.iqtree.mldist

Ultrafast bootstrap approximation results written to:
  Split support values:          euk5_homs3.PDS5.linsi.iqtree.splits.nex
  Consensus tree:                euk5_homs3.PDS5.linsi.iqtree.contree
  Screen log file:               euk5_homs3.PDS5.linsi.iqtree.log

Date and Time: Tue Jul 12 00:33:56 2022
