IQ-TREE multicore version 2.0.3 for Linux 64-bit built Apr 26 2020
Developed by Bui Quang Minh, Nguyen Lam Tung, Olga Chernomor,
Heiko Schmidt, Dominik Schrempf, Michael Woodhams.

Host:    jolien-Precision-5820-Tower (AVX512, FMA3, 31 GB RAM)
Command: iqtree -s euk5_homs1.Haspin.prequal.linsi.bmge.fa -T 2 -alrt 1000 -pre euk5_homs1.Haspin.prequal.linsi.bmge.modelfinder.iqtree
Seed:    157597 (Using SPRNG - Scalable Parallel Random Number Generator)
Time:    Fri Sep 23 12:14:45 2022
Kernel:  AVX+FMA - 2 threads (16 CPU cores detected)

Reading alignment file euk5_homs1.Haspin.prequal.linsi.bmge.fa ... Fasta format detected
Alignment most likely contains protein sequences
Alignment has 171 sequences with 104 columns, 104 distinct patterns
101 parsimony-informative, 1 singleton sites, 2 constant sites
              Gap/Ambiguity  Composition  p-value
   1  DANRER036959    1.92%    passed     94.90%
   2  BRABEL030953    0.96%    passed     99.85%
   3  BRABEL004183    0.96%    passed     98.55%
   4  HOMSAP057015    2.88%    passed     88.77%
   5  ACAPLA019207    0.96%    passed     91.45%
   6  ARATHA021652    0.96%    passed     97.98%
   7  CRAGIG051025    0.96%    passed     92.49%
   8  KLENIT004443    0.96%    passed     92.68%
   9  TRIADH007862   14.42%    passed     88.25%
  10  DROMEL000589   12.50%    passed     95.27%
  11  RHIIRR003273   21.15%    passed     87.82%
  12  LEUCOM047405    1.92%    passed     94.85%
  13  SORBIC014423    2.88%    passed     99.92%
  14  MARPOL012915    0.96%    passed     79.78%
  15  OSTTAU005324    1.92%    passed     92.78%
  16  MONBRE005530   12.50%    passed     92.98%
  17  BOMMOR000007   11.54%    passed     93.82%
  18  CAPOWC008349    4.81%    passed     99.47%
  19  DIAGRA009710    0.96%    passed     99.98%
  20  CREFRA007046   18.27%    passed     99.74%
  21  CHRPER008567    0.96%    passed     85.94%
  22  SALKVE002478    0.96%    passed     96.43%
  23  IXOSCA004301    3.85%    passed     96.97%
  24  COCSUB001924    0.96%    passed     58.55%
  25  NEPPYR012017    3.85%    passed     93.73%
  26  CHLATM005136    0.96%    passed     86.18%
  27  CHABRA029725    0.96%    passed     38.46%
  28  SCHPOM002366   23.08%    passed     72.49%
  29  PRIPAC025035   19.23%    passed     98.00%
  30  SYNPLU003150   19.23%    passed     89.70%
  31  CHLREI002828    7.69%    passed     49.44%
  32  USTMAY002935   29.81%    passed     82.16%
  33  CHLVAR005213    6.73%    passed     19.43%
  34  CAULEN009420    0.96%    passed     94.01%
  35  SCHMAN008217   31.73%    passed     93.60%
  36  MORVER001283   25.96%    passed     99.92%
  37  MICSPE002619   10.58%    passed     30.71%
  38  RHOMAR003310   15.38%    passed     90.82%
  39  VAVCUL001311   16.35%    passed     94.96%
  40  GONPRO002492   14.42%    passed     86.98%
  41  MNELEI004956   19.23%    passed     92.10%
  42  PARATL021519   15.38%    passed     43.92%
  43  NUCSPE060948   15.38%    passed     43.92%
  44  RAMBRE008215   19.23%    passed     99.08%
  45  PARTRI001826   23.08%    passed     82.29%
  46  SPIPUN007195   27.88%    passed     71.17%
  47  CRYNEO005766   24.04%    passed     89.29%
  48  RAMVAR010400   26.92%    passed     85.77%
  49  MONNEG001110   24.04%    passed     55.08%
  50  AGABIS009538   13.46%    passed     94.68%
  51  ENCINT000935   20.19%    passed     93.35%
  52  NEUCRA006215   46.15%    passed     56.49%
  53  COEREV005939   36.54%    passed     82.55%
  54  STRRAT009186    0.96%    passed      8.30%
  55  STRRAT005261    0.96%    passed     25.72%
  56  PRIPAC004161   24.04%    passed     85.41%
  57  CIOINT012907   29.81%    passed     19.70%
  58  BRABEL000792   59.62%    passed     93.62%
  59  CYCPAN030309   28.85%    passed     40.29%
  60  IXOSCA026314   44.23%    passed     90.35%
  61  PRACOL002542   38.46%    passed     45.64%
  62  SACCER002142   25.00%    passed     10.57%
  63  IXOSCA020147   49.04%    passed     87.40%
  64  SACCER005023   26.92%    failed      4.70%
  65  PHYPOL004949   15.38%    passed     57.17%
  66  IXOSCA016287   40.38%    passed     12.05%
  67  ENTHIS004815   65.38%    passed     67.91%
  68  DICDIS012869   16.35%    passed     40.87%
  69  NEMVEC014604   70.19%    passed     67.23%
  70  ALLMAC003979    0.96%    passed     17.66%
  71  NEOSPE003876    6.73%    passed     28.97%
  72  PRACOL002543   71.15%    passed     39.55%
  73  ALLMAC007055    1.92%    failed      3.27%
  74  NEOSPE007509    5.77%    passed      5.75%
  75  POLPAL010386   10.58%    passed     11.00%
  76  VERVER001562   35.58%    passed     10.68%
  77  PLAFUN004393   42.31%    passed     43.66%
  78  IXOSCA022931   53.85%    passed     34.32%
  79  MADERY026984   42.31%    passed     40.00%
  80  ARCINT024054   42.31%    passed     59.05%
  81  PLAFUN001581   63.46%    passed     89.08%
  82  NEODAM009678   33.65%    passed     34.19%
  83  PHAKIR006912   29.81%    passed     66.39%
  84  NAEFOW013772    3.85%    passed     36.30%
  85  ACACAS010065   50.96%    passed     89.77%
  86  NAEFOW013773    3.85%    passed     36.30%
  87  MASBAL012169   52.88%    passed     38.90%
  88  PERSWS000312   34.62%    passed     66.31%
  89  ENTHIS005761   83.65%    passed     45.63%
  90  VERVER011095   11.54%    passed     93.42%
  91  MASBAL012742   75.00%    passed     75.40%
  92  POLPAL002734   80.77%    passed     76.84%
  93  NUCSPE060958   10.58%    failed      0.00%
  94  PARATL021520   10.58%    failed      0.00%
  95  ELPMAR014973   19.23%    passed     76.19%
  96  ACACAS006726   49.04%    passed     79.99%
  97  NANOCE155040   23.08%    passed     45.47%
  98  MASSPE009636   81.73%    passed     34.45%
  99  UMBRAM001643   21.15%    passed     89.86%
 100  ENTSUL007579   11.54%    passed     90.12%
 101  ALLMAC010405   80.77%    passed     70.84%
 102  SECSPE002300   29.81%    passed     93.32%
 103  TETTHE008910   11.54%    passed     98.54%
 104  TETTHE011432   13.46%    passed     99.66%
 105  MANPLA004650   37.50%    passed     76.40%
 106  SORBIC046946   11.54%    passed     30.50%
 107  CHOSPE015596   65.38%    passed     82.20%
 108  BREMOT005569   36.54%    passed     77.98%
 109  ARATHA011860   10.58%    passed     19.27%
 110  ALLMAC010151   76.92%    passed     19.79%
 111  ANCTWI006980   71.15%    passed     80.36%
 112  CLAOKA012679   30.77%    passed     94.04%
 113  CIOINT017185   14.42%    passed     96.41%
 114  SPISAL005388   47.12%    passed     80.45%
 115  COLSPE007306   25.96%    passed     90.99%
 116  PLAFUN008421   27.88%    passed     94.12%
 117  PLAFAL004291   11.54%    passed     99.69%
 118  COLSPE012708   27.88%    passed      5.39%
 119  RHIIRR006320   17.31%    passed      7.36%
 120  PLAFUN005799   32.69%    passed     74.83%
 121  ACASPE011256    9.62%    passed     45.66%
 122  PERMAR022105   22.12%    passed     92.95%
 123  PAUCHR009693   11.54%    passed     92.76%
 124  ANAIGN023159   35.58%    passed     29.49%
 125  SPISAL006835   56.73%    passed     79.97%
 126  PTESPE013808   12.50%    passed     96.65%
 127  CLAOKA008581   11.54%    passed     75.03%
 128  ACASPE011260    9.62%    passed     52.98%
 129  PHYPOL004181   74.04%    passed     28.46%
 130  PALBIL008922   61.54%    failed      1.72%
 131  PERSWS006523   53.85%    passed     42.71%
 132  CIOINT003013   42.31%    passed     94.80%
 133  TRIVAG046369   30.77%    passed     11.88%
 134  PHAKIR012496   54.81%    passed     90.52%
 135  PARTET003962   20.19%    passed     68.08%
 136  DIPROT022485   15.38%    passed     81.62%
 137  LEPVOR008100   37.50%    passed     97.97%
 138  TOXGON000010   13.46%    passed     97.06%
 139  PERSWS007104   16.35%    passed     62.32%
 140  EUGLON011598   11.54%    passed     93.53%
 141  APISPI042530   80.77%    passed     80.10%
 142  HOMSAP047462   22.12%    passed     73.35%
 143  CHASUB008221   14.42%    passed     51.00%
 144  DIPROT022486   50.00%    passed     43.26%
 145  LEUCOM086707   69.23%    passed     87.16%
 146  PARTET023459   38.46%    passed     93.19%
 147  SORBIC027373   10.58%    passed     13.85%
 148  STECOE004397   11.54%    passed     90.36%
 149  CHASUB018582   62.50%    failed      0.07%
 150  ANAIGN023157   59.62%    passed     46.73%
 151  GEMCRY001860   77.88%    passed     59.76%
 152  PTESPE008474   53.85%    passed     58.19%
 153  DICDIS003141   90.38%    passed     15.31%
 154  ENTHIS002584   31.73%    passed     68.93%
 155  RAPHET011544   55.77%    passed     38.58%
 156  ANAIGN007926   26.92%    passed     76.61%
 157  ARCINT037251   74.04%    passed     50.38%
 158  DIAGRA018187   41.35%    passed     23.13%
 159  COEREV006587   12.50%    passed     78.09%
 160  CRYCOH034716   29.81%    passed     25.45%
 161  LEPVOR033356   89.42%    passed     34.32%
 162  RHIIRR018479   15.38%    passed     55.24%
 163  BODSAL002925   43.27%    passed     27.48%
 164  PALBIL000082   72.12%    passed     36.81%
 165  LEUCOM028259   67.31%    passed     18.25%
 166  ANDGOD006715   68.27%    passed     66.41%
 167  SAPDIC000072   46.15%    passed     96.35%
 168  NAEFOW008362   14.42%    passed     13.83%
 169  LEUCOM087901   66.35%    passed     98.15%
 170  COLSPE011454   24.04%    passed     15.21%
 171  CIOINT014350   69.23%    passed     81.10%
WARNING: 36 sequences contain more than 50% gaps/ambiguity
****  TOTAL          29.42%  6 sequences failed composition chi2 test (p-value<5%; df=19)
NOTE: NUCSPE060948 is identical to PARATL021519 but kept for subsequent analysis
NOTE: NAEFOW013773 is identical to NAEFOW013772 but kept for subsequent analysis
NOTE: PARATL021520 is identical to NUCSPE060958 but kept for subsequent analysis


Create initial parsimony tree by phylogenetic likelihood library (PLL)... 0.049 seconds
Perform fast likelihood tree search using LG+I+G model...
Estimate model parameters (epsilon = 5.000)
Perform nearest neighbor interchange...
Estimate model parameters (epsilon = 1.000)
1. Initial log-likelihood: -15648.078
Optimal log-likelihood: -15647.604
Proportion of invariable sites: 0.019
Gamma shape alpha: 1.090
Parameters optimization took 1 rounds (0.343 sec)
Time for fast ML tree search: 4.432 seconds

NOTE: ModelFinder requires 32 MB RAM!
ModelFinder will test up to 546 protein models (sample size: 104) ...
 No. Model         -LnL         df  AIC          AICc         BIC
  1  LG            16381.877    339 33441.754    263961.754   34338.203
  2  LG+I          16281.592    340 33243.185    265123.185   34142.277
  3  LG+G4         15662.655    340 32005.311    263885.311   32904.404
  4  LG+I+G4       15647.526    341 31977.052    265221.052   32878.789
  5  LG+R2         15892.516    341 32467.032    265711.032   33368.769
  6  LG+R3         15718.433    343 32122.865    268106.865   33029.891
  7  LG+R4         15650.305    345 31990.610    270730.610   32902.925
  8  LG+R5         15643.110    347 31980.219    273492.219   32897.823
  9  LG+R6         15635.282    349 31968.564    276268.564   32891.456
 10  LG+R7         15631.792    351 31965.584    279069.584   32893.765
 17  LG+F+I+G4     15676.487    360 32072.973    291992.973   33024.954
 30  WAG+I+G4      15875.859    341 32433.718    265677.718   33335.455
 43  WAG+F+I+G4    15836.660    360 32393.319    292313.319   33345.300
 56  JTT+I+G4      15985.682    341 32653.364    265897.364   33555.101
 69  JTT+F+I+G4    15943.394    360 32606.788    292526.788   33558.768
 82  JTTDCMut+I+G4 15986.647    341 32655.295    265899.295   33557.032
 95  JTTDCMut+F+I+G4 15942.633    360 32605.267    292525.267   33557.248
108  DCMut+I+G4    16158.068    341 32998.137    266242.137   33899.874
121  DCMut+F+I+G4  16056.814    360 32833.628    292753.628   33785.609
134  VT+I+G4       15881.817    341 32445.635    265689.635   33347.372
147  VT+F+I+G4     15843.647    360 32407.294    292327.294   33359.275
160  PMB+I+G4      15888.917    341 32459.833    265703.833   33361.570
173  PMB+F+I+G4    15960.602    360 32641.205    292561.205   33593.185
186  Blosum62+I+G4 15846.442    341 32374.885    265618.885   33276.622
199  Blosum62+F+I+G4 15888.423    360 32496.846    292416.846   33448.827
212  Dayhoff+I+G4  16157.013    341 32996.026    266240.026   33897.763
225  Dayhoff+F+I+G4 16055.773    360 32831.547    292751.547   33783.528
238  mtREV+I+G4    16482.249    341 33646.499    266890.499   34548.236
251  mtREV+F+I+G4  16065.196    360 32850.393    292770.393   33802.373
264  mtART+I+G4    16420.160    341 33522.321    266766.321   34424.058
277  mtART+F+I+G4  16095.782    360 32911.563    292831.563   33863.544
290  mtZOA+I+G4    16060.861    341 32803.722    266047.722   33705.459
303  mtZOA+F+I+G4  15900.182    360 32520.364    292440.364   33472.344
316  mtMet+I+G4    16351.579    341 33385.158    266629.158   34286.895
329  mtMet+F+I+G4  16015.561    360 32751.122    292671.122   33703.103
342  mtVer+I+G4    16654.396    341 33990.792    267234.792   34892.530
355  mtVer+F+I+G4  16349.982    360 33419.965    293339.965   34371.945
368  mtInv+I+G4    16357.860    341 33397.720    266641.720   34299.458
381  mtInv+F+I+G4  15875.731    360 32471.461    292391.461   33423.442
394  mtMAM+I+G4    16814.689    341 34311.377    267555.377   35213.115
407  mtMAM+F+I+G4  16458.949    360 33637.898    293557.898   34589.879
420  HIVb+I+G4     16380.848    341 33443.696    266687.696   34345.433
433  HIVb+F+I+G4   16350.578    360 33421.157    293341.157   34373.138
446  HIVw+I+G4     17284.721    341 35251.441    268495.441   36153.179
459  HIVw+F+I+G4   16912.365    360 34544.730    294464.730   35496.711
472  FLU+I+G4      16390.555    341 33463.111    266707.111   34364.848
485  FLU+F+I+G4    16378.136    360 33476.272    293396.272   34428.253
498  rtREV+I+G4    15827.672    341 32337.344    265581.344   33239.082
511  rtREV+F+I+G4  15716.821    360 32153.641    292073.641   33105.622
524  cpREV+I+G4    15907.361    341 32496.722    265740.722   33398.459
537  cpREV+F+I+G4  15878.637    360 32477.274    292397.274   33429.255
Akaike Information Criterion:           LG+R7
Corrected Akaike Information Criterion: LG+G4
Bayesian Information Criterion:         LG+I+G4
Best-fit model: LG+I+G4 chosen according to BIC

All model information printed to euk5_homs1.Haspin.prequal.linsi.bmge.modelfinder.iqtree.model.gz
CPU time for ModelFinder: 218.709 seconds (0h:3m:38s)
Wall-clock time for ModelFinder: 109.600 seconds (0h:1m:49s)

NOTE: 13 MB RAM (0 GB) is required!
Estimate model parameters (epsilon = 0.100)
Thoroughly optimizing +I+G parameters from 10 start values...
Init pinv, alpha: 0.000, 1.096 / Estimate: 0.019, 1.094 / LogL: -15647.502
Init pinv, alpha: 0.002, 1.096 / Estimate: 0.019, 1.096 / LogL: -15647.503
Init pinv, alpha: 0.004, 1.096 / Estimate: 0.019, 1.096 / LogL: -15647.510
Init pinv, alpha: 0.006, 1.096 / Estimate: 0.019, 1.096 / LogL: -15647.509
Init pinv, alpha: 0.009, 1.096 / Estimate: 0.019, 1.096 / LogL: -15647.509
Init pinv, alpha: 0.011, 1.096 / Estimate: 0.019, 1.096 / LogL: -15647.509
Init pinv, alpha: 0.013, 1.096 / Estimate: 0.019, 1.096 / LogL: -15647.509
Init pinv, alpha: 0.015, 1.096 / Estimate: 0.019, 1.096 / LogL: -15647.515
Init pinv, alpha: 0.017, 1.096 / Estimate: 0.019, 1.096 / LogL: -15647.514
Init pinv, alpha: 0.019, 1.096 / Estimate: 0.019, 1.096 / LogL: -15647.514
Optimal pinv,alpha: 0.019, 1.094 / LogL: -15647.502

Parameters optimization took 3.450 sec
Computing ML distances based on estimated model parameters... 3.803 sec
WARNING: Some pairwise ML distances are too long (saturated)
Computing BIONJ tree...
0.019 seconds
Log-likelihood of BIONJ tree: -15822.788
--------------------------------------------------------------------
|             INITIALIZING CANDIDATE TREE SET                      |
--------------------------------------------------------------------
Generating 98 parsimony trees... 5.239 second
Computing log-likelihood of 98 initial trees ... 6.140 seconds
Current best score: -15647.502

Do NNI search on 20 best initial trees
Estimate model parameters (epsilon = 0.100)
BETTER TREE FOUND at iteration 1: -15643.252
Estimate model parameters (epsilon = 0.100)
BETTER TREE FOUND at iteration 2: -15559.025
Estimate model parameters (epsilon = 0.100)
BETTER TREE FOUND at iteration 3: -15537.205
Estimate model parameters (epsilon = 0.100)
BETTER TREE FOUND at iteration 4: -15527.535
Iteration 10 / LogL: -15560.906 / Time: 0h:0m:42s
Estimate model parameters (epsilon = 0.100)
BETTER TREE FOUND at iteration 12: -15523.443
Iteration 20 / LogL: -15568.832 / Time: 0h:1m:7s
Finish initializing candidate tree set (20)
Current best tree score: -15523.443 / CPU time: 61.228
Number of iterations: 20
--------------------------------------------------------------------
|               OPTIMIZING CANDIDATE TREE SET                      |
--------------------------------------------------------------------
Estimate model parameters (epsilon = 0.100)
BETTER TREE FOUND at iteration 21: -15501.851
Estimate model parameters (epsilon = 0.100)
BETTER TREE FOUND at iteration 23: -15496.595
Estimate model parameters (epsilon = 0.100)
BETTER TREE FOUND at iteration 24: -15481.384
Estimate model parameters (epsilon = 0.100)
BETTER TREE FOUND at iteration 30: -15475.381
Iteration 30 / LogL: -15475.381 / Time: 0h:1m:28s (0h:5m:5s left)
Estimate model parameters (epsilon = 0.100)
BETTER TREE FOUND at iteration 33: -15474.462
Estimate model parameters (epsilon = 0.100)
BETTER TREE FOUND at iteration 35: -15469.432
Iteration 40 / LogL: -15474.849 / Time: 0h:1m:47s (0h:4m:22s left)
Estimate model parameters (epsilon = 0.100)
BETTER TREE FOUND at iteration 43: -15466.720
Estimate model parameters (epsilon = 0.100)
BETTER TREE FOUND at iteration 44: -15465.787
Estimate model parameters (epsilon = 0.100)
BETTER TREE FOUND at iteration 46: -15462.304
Estimate model parameters (epsilon = 0.100)
BETTER TREE FOUND at iteration 49: -15457.204
Estimate model parameters (epsilon = 0.100)
BETTER TREE FOUND at iteration 50: -15452.957
Iteration 50 / LogL: -15452.957 / Time: 0h:2m:7s (0h:4m:20s left)
Estimate model parameters (epsilon = 0.100)
BETTER TREE FOUND at iteration 58: -15452.300
Estimate model parameters (epsilon = 0.100)
BETTER TREE FOUND at iteration 59: -15447.050
Iteration 60 / LogL: -15471.988 / Time: 0h:2m:21s (0h:3m:57s left)
Estimate model parameters (epsilon = 0.100)
BETTER TREE FOUND at iteration 67: -15442.549
Iteration 70 / LogL: -15470.326 / Time: 0h:2m:35s (0h:3m:39s left)
Estimate model parameters (epsilon = 0.100)
BETTER TREE FOUND at iteration 73: -15435.995
Iteration 80 / LogL: -15438.621 / Time: 0h:2m:55s (0h:3m:26s left)
Estimate model parameters (epsilon = 0.100)
BETTER TREE FOUND at iteration 84: -15432.835
Iteration 90 / LogL: -15437.323 / Time: 0h:3m:12s (0h:3m:23s left)
Estimate model parameters (epsilon = 0.100)
BETTER TREE FOUND at iteration 94: -15430.558
Estimate model parameters (epsilon = 0.100)
BETTER TREE FOUND at iteration 97: -15430.041
Iteration 100 / LogL: -15430.707 / Time: 0h:3m:30s (0h:3m:25s left)
Estimate model parameters (epsilon = 0.100)
BETTER TREE FOUND at iteration 107: -15429.670
Iteration 110 / LogL: -15435.074 / Time: 0h:3m:46s (0h:3m:21s left)
Estimate model parameters (epsilon = 0.100)
BETTER TREE FOUND at iteration 112: -15428.938
Estimate model parameters (epsilon = 0.100)
BETTER TREE FOUND at iteration 120: -15427.015
Iteration 120 / LogL: -15427.015 / Time: 0h:4m:4s (0h:3m:25s left)
Estimate model parameters (epsilon = 0.100)
BETTER TREE FOUND at iteration 127: -15426.864
Iteration 130 / LogL: -15432.587 / Time: 0h:4m:21s (0h:3m:16s left)
Iteration 140 / LogL: -15434.017 / Time: 0h:4m:36s (0h:2m:53s left)
Estimate model parameters (epsilon = 0.100)
BETTER TREE FOUND at iteration 141: -15426.699
Iteration 150 / LogL: -15427.487 / Time: 0h:4m:54s (0h:2m:59s left)
Estimate model parameters (epsilon = 0.100)
BETTER TREE FOUND at iteration 153: -15424.379
Estimate model parameters (epsilon = 0.100)
BETTER TREE FOUND at iteration 159: -15424.294
Iteration 160 / LogL: -15436.808 / Time: 0h:5m:12s (0h:3m:14s left)
Estimate model parameters (epsilon = 0.100)
BETTER TREE FOUND at iteration 163: -15423.647
Estimate model parameters (epsilon = 0.100)
BETTER TREE FOUND at iteration 164: -15420.415
Iteration 170 / LogL: -15431.524 / Time: 0h:5m:30s (0h:3m:3s left)
Iteration 180 / LogL: -15421.095 / Time: 0h:5m:49s (0h:2m:43s left)
Estimate model parameters (epsilon = 0.100)
BETTER TREE FOUND at iteration 184: -15420.115
Iteration 190 / LogL: -15420.454 / Time: 0h:6m:8s (0h:3m:3s left)
Estimate model parameters (epsilon = 0.100)
BETTER TREE FOUND at iteration 195: -15419.526
Iteration 200 / LogL: -15424.823 / Time: 0h:6m:25s (0h:3m:4s left)
Estimate model parameters (epsilon = 0.100)
BETTER TREE FOUND at iteration 208: -15419.313
Iteration 210 / LogL: -15425.210 / Time: 0h:6m:46s (0h:3m:10s left)
Estimate model parameters (epsilon = 0.100)
BETTER TREE FOUND at iteration 211: -15418.805
Iteration 220 / LogL: -15428.009 / Time: 0h:7m:5s (0h:2m:56s left)
Estimate model parameters (epsilon = 0.100)
BETTER TREE FOUND at iteration 226: -15418.300
Iteration 230 / LogL: -15419.278 / Time: 0h:7m:24s (0h:3m:6s left)
Iteration 240 / LogL: -15453.210 / Time: 0h:7m:40s (0h:2m:45s left)
Estimate model parameters (epsilon = 0.100)
BETTER TREE FOUND at iteration 248: -15417.481
Iteration 250 / LogL: -15423.583 / Time: 0h:7m:58s (0h:3m:8s left)
Iteration 260 / LogL: -15421.769 / Time: 0h:8m:18s (0h:2m:49s left)
Iteration 270 / LogL: -15428.921 / Time: 0h:8m:37s (0h:2m:29s left)
Iteration 280 / LogL: -15432.798 / Time: 0h:8m:55s (0h:2m:10s left)
Iteration 290 / LogL: -15435.560 / Time: 0h:9m:12s (0h:1m:50s left)
Iteration 300 / LogL: -15422.100 / Time: 0h:9m:28s (0h:1m:31s left)
Iteration 310 / LogL: -15421.252 / Time: 0h:9m:47s (0h:1m:12s left)
Estimate model parameters (epsilon = 0.100)
BETTER TREE FOUND at iteration 319: -15416.967
Iteration 320 / LogL: -15422.633 / Time: 0h:10m:6s (0h:3m:8s left)
Iteration 330 / LogL: -15418.978 / Time: 0h:10m:26s (0h:2m:49s left)
Iteration 340 / LogL: -15419.660 / Time: 0h:10m:44s (0h:2m:30s left)
Iteration 350 / LogL: -15419.453 / Time: 0h:11m:3s (0h:2m:11s left)
Iteration 360 / LogL: -15435.539 / Time: 0h:11m:22s (0h:1m:52s left)
Iteration 370 / LogL: -15421.553 / Time: 0h:11m:40s (0h:1m:33s left)
Iteration 380 / LogL: -15418.774 / Time: 0h:11m:59s (0h:1m:14s left)
Iteration 390 / LogL: -15444.782 / Time: 0h:12m:14s (0h:0m:54s left)
Iteration 400 / LogL: -15422.671 / Time: 0h:12m:30s (0h:0m:35s left)
Estimate model parameters (epsilon = 0.100)
BETTER TREE FOUND at iteration 402: -15416.738
Iteration 410 / LogL: -15421.005 / Time: 0h:12m:47s (0h:2m:52s left)
Iteration 420 / LogL: -15417.335 / Time: 0h:13m:4s (0h:2m:33s left)
Iteration 430 / LogL: -15430.220 / Time: 0h:13m:21s (0h:2m:14s left)
Estimate model parameters (epsilon = 0.100)
BETTER TREE FOUND at iteration 435: -15416.579
Iteration 440 / LogL: -15421.065 / Time: 0h:13m:38s (0h:2m:57s left)
Iteration 450 / LogL: -15417.033 / Time: 0h:13m:55s (0h:2m:38s left)
Iteration 460 / LogL: -15421.075 / Time: 0h:14m:12s (0h:2m:19s left)
Iteration 470 / LogL: -15419.390 / Time: 0h:14m:30s (0h:2m:0s left)
Iteration 480 / LogL: -15428.603 / Time: 0h:14m:48s (0h:1m:41s left)
Iteration 490 / LogL: -15420.024 / Time: 0h:15m:6s (0h:1m:23s left)
Iteration 500 / LogL: -15425.385 / Time: 0h:15m:24s (0h:1m:4s left)
Iteration 510 / LogL: -15420.999 / Time: 0h:15m:42s (0h:0m:46s left)
Iteration 520 / LogL: -15422.999 / Time: 0h:16m:1s (0h:0m:27s left)
Estimate model parameters (epsilon = 0.100)
BETTER TREE FOUND at iteration 522: -15416.420
Iteration 530 / LogL: -15427.462 / Time: 0h:16m:19s (0h:2m:50s left)
Iteration 540 / LogL: -15417.174 / Time: 0h:16m:38s (0h:2m:31s left)
Iteration 550 / LogL: -15418.250 / Time: 0h:16m:55s (0h:2m:13s left)
Iteration 560 / LogL: -15418.601 / Time: 0h:17m:13s (0h:1m:54s left)
Iteration 570 / LogL: -15419.239 / Time: 0h:17m:30s (0h:1m:36s left)
Iteration 580 / LogL: -15425.868 / Time: 0h:17m:46s (0h:1m:17s left)
Iteration 590 / LogL: -15417.393 / Time: 0h:18m:4s (0h:0m:58s left)
Iteration 600 / LogL: -15417.034 / Time: 0h:18m:21s (0h:0m:40s left)
Iteration 610 / LogL: -15436.552 / Time: 0h:18m:40s (0h:0m:22s left)
Iteration 620 / LogL: -15419.480 / Time: 0h:18m:57s (0h:0m:3s left)
TREE SEARCH COMPLETED AFTER 623 ITERATIONS / Time: 0h:19m:3s

--------------------------------------------------------------------
|                    FINALIZING TREE SEARCH                        |
--------------------------------------------------------------------
Performs final model parameters optimization
Estimate model parameters (epsilon = 0.010)
1. Initial log-likelihood: -15416.420
Optimal log-likelihood: -15416.419
Proportion of invariable sites: 0.019
Gamma shape alpha: 1.093
Parameters optimization took 1 rounds (0.202 sec)
BEST SCORE FOUND : -15416.419

Testing tree branches by SH-like aLRT with 1000 replicates...
0.474 sec.
Total tree length: 93.583

Total number of iterations: 623
CPU time used for tree search: 2239.511 sec (0h:37m:19s)
Wall-clock time used for tree search: 1136.600 sec (0h:18m:56s)
Total CPU time used: 2253.107 sec (0h:37m:33s)
Total wall-clock time used: 1143.868 sec (0h:19m:3s)

Analysis results written to: 
  IQ-TREE report:                euk5_homs1.Haspin.prequal.linsi.bmge.modelfinder.iqtree.iqtree
  Maximum-likelihood tree:       euk5_homs1.Haspin.prequal.linsi.bmge.modelfinder.iqtree.treefile
  Likelihood distances:          euk5_homs1.Haspin.prequal.linsi.bmge.modelfinder.iqtree.mldist
  Screen log file:               euk5_homs1.Haspin.prequal.linsi.bmge.modelfinder.iqtree.log

Date and Time: Fri Sep 23 12:35:38 2022
